# stats: dump at 1575625084
stats: users 3 5
stats: {freemem,"tsung_controller@ip-172-31-31-191"} 1 736.26953125 0 736.26953125 736.26953125 0 0
stats: {load,"tsung_controller@ip-172-31-31-191"} 1 0.0 0 0.0 0.0 0 0
stats: {cpu,"tsung_controller@ip-172-31-31-191"} 1 2.3607373195762755 0 2.3607373195762755 2.3607373195762755 0 0
stats: session 17 734.0134705882352 483.9149771851781 1927.955 262.634 0 0
stats: users_count 20 20
stats: finish_users_count 17 17
stats: request 92 82.08733695652172 91.26948228487716 295.594 4.853 0 0
stats: connect 19 16.674157894736847 48.12639244767574 217.365 0.788 0 0
stats: tr_create_post_comment 3 135.75933333333333 41.67293891190728 193.007 95.012 0 0
stats: page 51 148.15529411764706 147.48769565911275 503.5 4.903 0 0
stats: 302 44 44
stats: 200 45 45
stats: size_rcv 743379 743379
stats: 422 3 3
stats: size_sent 50888 50888
stats: connected 3 3
# stats: dump at 1575625094
stats: users 1 6
stats: {freemem,"tsung_controller@ip-172-31-31-191"} 1 734.4765625 0.0 736.26953125 734.4765625 736.26953125 1
stats: {load,"tsung_controller@ip-172-31-31-191"} 1 0.0 0.0 0.0 0.0 0.0 1
stats: {recvpackets,"tsung_controller@ip-172-31-31-191"} 1 832 0 832 832 0 0
stats: {sentpackets,"tsung_controller@ip-172-31-31-191"} 1 555 0 555 555 0 0
stats: {cpu,"tsung_controller@ip-172-31-31-191"} 1 0.8950770760815515 0.0 2.3607373195762755 0.8950770760815515 2.3607373195762755 1
stats: session 13 854.0280000000001 798.9499657986678 2827.335 262.634 734.0134705882352 17
stats: users_count 11 31
stats: finish_users_count 13 30
stats: request 77 54.657974025974 74.51657444426989 295.594 4.617 82.08733695652172 92
stats: page 33 127.66833333333331 128.0903351085562 503.5 4.784 148.15529411764706 51
stats: connect 12 9.593250000000001 14.415502841992714 217.365 0.788 16.674157894736847 19
stats: tr_create_post_comment 5 95.0988 38.78980136788534 193.007 74.407 135.75933333333333 3
stats: 302 41 85
stats: 200 33 78
stats: size_rcv 498482 1241861
stats: 422 3 6
stats: size_sent 45672 96560
stats: connected -1 2
# stats: dump at 1575625104
stats: users 1 6
stats: {freemem,"tsung_controller@ip-172-31-31-191"} 1 734.35546875 0.0 736.26953125 734.35546875 735.373046875 2
stats: {load,"tsung_controller@ip-172-31-31-191"} 1 0.0 0.0 0.0 0.0 0.0 2
stats: {recvpackets,"tsung_controller@ip-172-31-31-191"} 1 355.0 0.0 832 355 832.0 1
stats: {sentpackets,"tsung_controller@ip-172-31-31-191"} 1 236.0 0.0 555 236 555.0 1
stats: {cpu,"tsung_controller@ip-172-31-31-191"} 1 0.4495504495504496 0.0 2.3607373195762755 0.4495504495504496 1.6279071978289135 2
stats: session 20 880.79625 724.3333013621474 2984.06 256.927 786.0197666666667 30
stats: users_count 20 51
stats: finish_users_count 20 50
stats: request 106 59.96798113207545 80.51130590546532 295.594 3.352 69.58993491124258 169
stats: connect 19 1.8911052631578946 2.247523406464075 217.365 0.788 13.933161290322584 31
stats: page 54 117.8041111111111 128.13348199200342 503.5 4.547 140.10684523809522 84
stats: tr_create_post_comment 3 95.18333333333334 44.51942933396859 193.007 45.125 110.34649999999999 8
stats: 302 47 132
stats: 200 53 131
stats: size_rcv 892638 2134499
stats: 422 6 12
stats: size_sent 59493 156053
stats: connected -2 0
# stats: dump at 1575625114
stats: users 0 6
stats: {freemem,"tsung_controller@ip-172-31-31-191"} 1 733.63671875 0.0 736.26953125 733.63671875 735.0338541666666 3
stats: {load,"tsung_controller@ip-172-31-31-191"} 1 0.0 0.0 0.0 0.0 0.0 3
stats: {recvpackets,"tsung_controller@ip-172-31-31-191"} 1 853.0 0.0 853 355 593.5 2
stats: {sentpackets,"tsung_controller@ip-172-31-31-191"} 1 551.0 0.0 555 236 395.5 2
stats: {cpu,"tsung_controller@ip-172-31-31-191"} 1 0.8968609865470852 0.0 2.3607373195762755 0.4495504495504496 1.2351216150694255 3
stats: session 22 676.2420909090907 909.2544192179411 4657.932 247.938 823.93036 50
stats: users_count 21 72
stats: finish_users_count 22 72
stats: request 122 54.34454918032789 79.06428816414727 295.594 3.352 65.88110909090906 275
stats: connect 22 1.4628636363636363 1.3034397602795789 217.365 0.788 9.357180000000001 50
stats: page 56 113.91635714285715 124.9710616769265 503.5 4.547 131.37968840579708 138
stats: 302 55 187
stats: tr_create_post_comment 5 60.822399999999995 5.708262593819594 193.007 45.125 106.2110909090909 11
stats: 200 59 190
stats: size_rcv 917158 3051657
stats: 422 8 20
stats: size_sent 70181 226234
stats: connected 1 1
# stats: dump at 1575625124
stats: users 2 6
stats: {freemem,"tsung_controller@ip-172-31-31-191"} 1 733.7109375 0.0 736.26953125 733.63671875 734.6845703125 4
stats: {load,"tsung_controller@ip-172-31-31-191"} 1 0.0 0.0 0.0 0.0 0.0 4
stats: {recvpackets,"tsung_controller@ip-172-31-31-191"} 1 776.0 0.0 853 355 680.0 3
stats: {sentpackets,"tsung_controller@ip-172-31-31-191"} 1 535.0 0.0 555 236 447.3333333333333 3
stats: {cpu,"tsung_controller@ip-172-31-31-191"} 1 0.7984031936127743 0.0 2.3607373195762755 0.4495504495504496 1.1505564579388405 4
stats: session 17 760.2916470588235 530.3688774622633 4657.932 247.938 778.8033888888888 72
stats: users_count 19 91
stats: finish_users_count 17 89
stats: request 90 57.78148888888889 83.25480890311576 295.594 3.352 62.335869017632234 397
stats: connect 18 2.0855 2.295148948204548 217.365 0.788 6.945027777777779 72
stats: tr_create_post_comment 2 53.7525 2.798499999999999 193.007 45.125 92.02712499999998 16
stats: page 51 107.07701960784317 121.40436516403342 503.5 4.192 126.3387268041237 194
stats: 302 40 227
stats: 200 46 236
stats: size_rcv 967490 4019147
stats: 422 4 24
stats: size_sent 48995 275229
stats: connected 0 1
# stats: dump at 1575625134
stats: users 0 6
stats: {freemem,"tsung_controller@ip-172-31-31-191"} 1 734.69140625 0.0 736.26953125 733.63671875 734.48984375 5
stats: {load,"tsung_controller@ip-172-31-31-191"} 1 0.0 0.0 0.0 0.0 0.0 5
stats: {recvpackets,"tsung_controller@ip-172-31-31-191"} 1 802.0 0.0 853 355 704.0 4
stats: {sentpackets,"tsung_controller@ip-172-31-31-191"} 1 516.0 0.0 555 236 469.25 4
stats: {cpu,"tsung_controller@ip-172-31-31-191"} 1 0.6493506493506493 0.0 2.3607373195762755 0.4495504495504496 1.0801258050736273 5
stats: session 13 649.5233846153844 411.2217289932971 4657.932 247.938 775.2674382022471 89
stats: users_count 11 102
stats: finish_users_count 13 102
stats: page 36 101.91750000000003 110.52127935894917 503.5 4.192 122.3291469387755 245
stats: 302 36 263
stats: request 69 53.12773913043479 78.00819408346683 295.594 3.352 61.49419712525666 487
stats: connect 12 4.395416666666667 11.234421810210007 217.365 0.786 5.973122222222224 90
stats: tr_create_post_comment 3 69.56833333333333 12.42767106992385 193.007 45.125 87.77438888888888 18
stats: 200 32 268
stats: size_rcv 531364 4550511
stats: 422 1 25
stats: size_sent 39541 314770
stats: connected -1 0
# stats: dump at 1575625144
stats: users 7 10
stats: {freemem,"tsung_controller@ip-172-31-31-191"} 1 734.7109375 0.0 736.26953125 733.63671875 734.5234375 6
stats: {load,"tsung_controller@ip-172-31-31-191"} 1 0.0 0.0 0.0 0.0 0.0 6
stats: {recvpackets,"tsung_controller@ip-172-31-31-191"} 1 453.0 0.0 853 355 723.6 5
stats: {sentpackets,"tsung_controller@ip-172-31-31-191"} 1 308.0 0.0 555 236 478.6 5
stats: {cpu,"tsung_controller@ip-172-31-31-191"} 1 0.34965034965034963 0.0 2.3607373195762755 0.34965034965034963 1.0083299457864643 6
stats: session 28 895.3537142857145 670.2367538110725 4657.932 244.441 759.2412352941177 102
stats: users_count 35 137
stats: finish_users_count 28 130
stats: request 159 59.33585534591194 84.09538147167102 295.594 3.352 60.45591366906474 556
stats: connect 33 1.8406060606060604 2.18819863564855 217.365 0.768 5.78750980392157 102
stats: page 90 102.43548888888888 117.57094448225666 503.5 4.192 119.71413167259784 281
stats: tr_create_post_comment 5 55.9114 6.4024655438354365 193.007 45.125 85.1735238095238 21
stats: 302 78 341
stats: 200 78 346
stats: size_rcv 1661501 6212012
stats: 422 3 28
stats: newphase 1 1
stats: size_sent 87381 402151
stats: connected 5 5
# stats: dump at 1575625154
stats: users 3 10
stats: {freemem,"tsung_controller@ip-172-31-31-191"} 1 734.4765625 0.0 736.26953125 733.63671875 734.5502232142857 7
stats: {load,"tsung_controller@ip-172-31-31-191"} 1 0.0 0.0 0.0 0.0 0.0 7
stats: {recvpackets,"tsung_controller@ip-172-31-31-191"} 1 1585.0 0.0 1585 355 678.5 6
stats: {sentpackets,"tsung_controller@ip-172-31-31-191"} 1 1022.0 0.0 1022 236 450.1666666666667 6
stats: {cpu,"tsung_controller@ip-172-31-31-191"} 1 0.7477567298105683 0.0 2.3607373195762755 0.34965034965034963 0.9142328606241623 7
stats: session 42 1063.942261904762 905.5224963656293 4657.932 244.441 788.5577692307693 130
stats: users_count 38 175
stats: finish_users_count 42 172
stats: request 232 53.59068103448278 79.17976490519132 295.594 3.352 60.206837762237754 715
stats: connect 39 22.190307692307695 51.54819279786477 217.365 0.729 4.822711111111112 135
stats: page 113 112.07606194690266 115.93605485106777 503.5 3.572 115.52254716981129 371
stats: tr_create_post_comment 12 63.35483333333335 22.226136584485896 193.007 45.125 79.54619230769231 26
stats: 302 121 462
stats: 200 103 449
stats: size_rcv 1781621 7993633
stats: 422 8 36
stats: newphase 0 1
stats: size_sent 133578 535729
stats: connected -3 2
# stats: dump at 1575625164
stats: users 8 10
stats: {freemem,"tsung_controller@ip-172-31-31-191"} 1 734.41015625 0.0 736.26953125 733.63671875 734.541015625 8
stats: {load,"tsung_controller@ip-172-31-31-191"} 1 0.0 0.0 0.0 0.0 0.0 8
stats: {recvpackets,"tsung_controller@ip-172-31-31-191"} 1 1465.0 0.0 1585 355 808.0 7
stats: {sentpackets,"tsung_controller@ip-172-31-31-191"} 1 1019.0 0.0 1022 236 531.8571428571429 7
stats: {cpu,"tsung_controller@ip-172-31-31-191"} 1 0.6979062811565304 0.0 2.3607373195762755 0.34965034965034963 0.8934233442724631 8
stats: session 42 690.5788095238092 652.3641555600543 4657.932 244.441 855.802819767442 172
stats: users_count 47 222
stats: finish_users_count 42 214
stats: request 203 59.74999014778323 84.53088039640326 295.594 3.352 58.58598416050686 947
stats: connect 46 1.7658695652173915 4.807533958860349 217.365 0.711 8.715448275862071 174
stats: page 113 105.44357522123893 121.68210193792656 503.5 3.572 114.71789256198345 484
stats: tr_create_post_comment 3 54.45033333333333 4.149711984650928 193.007 45.125 74.43313157894738 38
stats: 302 80 542
stats: 200 109 558
stats: size_rcv 1841917 9835550
stats: 422 14 50
stats: newphase 0 1
stats: size_sent 110418 646147
stats: connected 7 9
# stats: dump at 1575625174
stats: users 4 10
stats: {freemem,"tsung_controller@ip-172-31-31-191"} 1 734.41796875 0.0 736.26953125 733.63671875 734.5264756944445 9
stats: {load,"tsung_controller@ip-172-31-31-191"} 1 0.0 0.0 0.0 0.0 0.0 9
stats: {recvpackets,"tsung_controller@ip-172-31-31-191"} 1 1774.0 0.0 1774 355 890.125 8
stats: {sentpackets,"tsung_controller@ip-172-31-31-191"} 1 1158.0 0.0 1158 236 592.75 8
stats: {cpu,"tsung_controller@ip-172-31-31-191"} 1 0.499001996007984 0.0 2.3607373195762755 0.34965034965034963 0.8716992261484706 9
stats: session 43 894.1703720930232 774.6524801576336 4657.932 244.441 823.3756775700936 214
stats: users_count 39 261
stats: finish_users_count 43 257
stats: request 246 52.27640650406507 79.54178602596632 295.594 3.352 58.79145652173912 1150
stats: connect 40 3.4645499999999982 7.4410388150781746 217.365 0.711 7.2623545454545475 220
stats: page 118 110.95837288135596 121.03209871778002 503.5 3.572 112.96245226130651 597
stats: tr_create_post_comment 11 54.06009090909092 6.110933680402773 193.007 45.125 72.97097560975612 41
stats: 302 121 663
stats: 200 114 672
stats: size_rcv 2137882 11973432
stats: 422 11 61
stats: newphase 0 1
stats: size_sent 140463 786610
stats: connected -5 4
# stats: dump at 1575625184
stats: users 3 10
stats: {freemem,"tsung_controller@ip-172-31-31-191"} 1 734.14453125 0.0 736.26953125 733.63671875 734.515625 10
stats: {load,"tsung_controller@ip-172-31-31-191"} 1 0.0 0.0 0.0 0.0 0.0 10
stats: {recvpackets,"tsung_controller@ip-172-31-31-191"} 1 1751.0 0.0 1774 355 988.3333333333334 9
stats: {sentpackets,"tsung_controller@ip-172-31-31-191"} 1 1165.0 0.0 1165 236 655.5555555555555 9
stats: {cpu,"tsung_controller@ip-172-31-31-191"} 1 0.4975124378109453 0.0 2.3607373195762755 0.34965034965034963 0.8344295031344219 10
stats: session 52 735.003903846154 722.3736306522158 4657.932 244.383 835.2207042801557 257
stats: users_count 51 312
stats: finish_users_count 52 309
stats: request 268 53.297037313432845 82.07777152274785 295.594 3.097 57.643388968481375 1396
stats: connect 51 1.845627450980392 5.29161798511787 217.365 0.711 6.678076923076925 260
stats: page 142 100.661528169014 119.76096944122797 503.5 3.572 112.63170909090908 715
stats: tr_create_post_comment 10 51.694900000000004 5.867149332512338 193.007 40.505 68.97059615384617 52
stats: 302 131 794
stats: 200 126 798
stats: size_rcv 2402053 14375485
stats: 422 11 72
stats: newphase 0 1
stats: size_sent 150317 936927
stats: connected -1 3
# stats: dump at 1575625194
stats: users 0 10
stats: {freemem,"tsung_controller@ip-172-31-31-191"} 1 734.1953125 0.0 736.26953125 733.63671875 734.4818892045455 11
stats: {load,"tsung_controller@ip-172-31-31-191"} 1 0.0 0.0 0.0 0.0 0.0 11
stats: {recvpackets,"tsung_controller@ip-172-31-31-191"} 1 1878.0 0.0 1878 355 1064.6 10
stats: {sentpackets,"tsung_controller@ip-172-31-31-191"} 1 1268.0 0.0 1268 236 706.5 10
stats: {cpu,"tsung_controller@ip-172-31-31-191"} 1 0.5988023952095809 0.0 2.3607373195762755 0.34965034965034963 0.8038006790141058 11
stats: session 35 901.3366285714286 782.2738329472281 4657.932 240.201 818.3557411003237 309
stats: users_count 32 344
stats: finish_users_count 35 344
stats: request 186 51.913720430107546 80.22543046649702 295.594 3.097 56.94337560096154 1664
stats: connect 33 1.6869696969696968 3.0012970679342645 217.365 0.687 5.8856173633440525 311
stats: page 94 102.80694680851065 116.98795878376026 503.5 3.572 110.64831855309217 857
stats: tr_create_post_comment 7 48.96114285714286 2.5313460805650125 193.007 40.505 66.18419354838711 62
stats: 302 89 883
stats: 200 88 886
stats: size_rcv 1548730 15924215
stats: 422 9 81
stats: newphase 0 1
stats: size_sent 105374 1042301
stats: connected -3 0
# stats: dump at 1575625204
stats: users 6 11
stats: {freemem,"tsung_controller@ip-172-31-31-191"} 1 733.90234375 0.0 736.26953125 733.63671875 734.4580078125 12
stats: {load,"tsung_controller@ip-172-31-31-191"} 1 0.0 0.0 0.0 0.0 0.0 12
stats: {recvpackets,"tsung_controller@ip-172-31-31-191"} 1 1174.0 0.0 1878 355 1138.5454545454545 11
stats: {sentpackets,"tsung_controller@ip-172-31-31-191"} 1 790.0 0.0 1268 236 757.5454545454545 11
stats: {cpu,"tsung_controller@ip-172-31-31-191"} 1 0.399400898652022 0.0 2.3607373195762755 0.34965034965034963 0.7867174886970622 12
stats: session 45 1005.6018222222223 902.678549640748 4657.932 240.201 826.7985639534884 344
stats: users_count 51 395
stats: finish_users_count 45 389
stats: request 254 63.81728740157478 87.12975765687938 309.846 3.097 56.437691351351354 1850
stats: connect 50 30.94674000000001 65.07265709522241 225.047 0.687 5.482840116279071 344
stats: page 128 119.83642187499996 123.87796914564812 503.5 3.572 109.87325131440588 951
stats: tr_create_post_comment 10 57.2529 13.605843064286756 193.007 38.665 64.4369275362319 69
stats: 302 122 1005
stats: 200 122 1008
stats: size_rcv 2284912 18209127
stats: 422 11 92
stats: newphase 1 2
stats: size_sent 144247 1186548
stats: connected 7 7
# stats: dump at 1575625214
stats: users 8 13
stats: {freemem,"tsung_controller@ip-172-31-31-191"} 1 728.18359375 0.0 736.26953125 728.18359375 734.4152644230769 13
stats: {load,"tsung_controller@ip-172-31-31-191"} 1 0.0 0.0 0.0 0.0 0.0 13
stats: {recvpackets,"tsung_controller@ip-172-31-31-191"} 1 2386.0 0.0 2386 355 1141.5 12
stats: {sentpackets,"tsung_controller@ip-172-31-31-191"} 1 1822.0 0.0 1822 236 760.25 12
stats: {cpu,"tsung_controller@ip-172-31-31-191"} 1 10.833333333333334 0.0 10.833333333333334 0.34965034965034963 0.7569239048474437 13
stats: session 77 993.1259480519483 860.3573468150887 4657.932 240.201 847.4827455012853 389
stats: users_count 79 474
stats: finish_users_count 77 466
stats: request 425 53.25504470588229 80.92248173706156 309.846 3.097 57.328574144486694 2104
stats: connect 78 9.802038461538462 30.231736936809792 225.047 0.687 8.71429949238579 394
stats: page 221 106.48591402714925 115.33995751810247 503.5 3.331 111.0551658943466 1079
stats: tr_create_post_comment 17 52.957941176470584 6.055984511894371 193.007 38.665 63.527556962025336 79
stats: 302 207 1212
stats: 200 201 1209
stats: size_rcv 3803121 22012248
stats: 422 16 108
stats: newphase 0 2
stats: size_sent 237978 1424526
stats: connected 0 7
# stats: dump at 1575625224
stats: users 7 13
stats: {freemem,"tsung_controller@ip-172-31-31-191"} 1 724.33203125 0.0 736.26953125 724.33203125 733.9701450892857 14
stats: {load,"tsung_controller@ip-172-31-31-191"} 1 0.0 0.0 0.0 0.0 0.0 14
stats: {recvpackets,"tsung_controller@ip-172-31-31-191"} 1 3363.0 0.0 3363 355 1237.2307692307693 13
stats: {sentpackets,"tsung_controller@ip-172-31-31-191"} 1 2215.0 0.0 2215 236 841.9230769230769 13
stats: {cpu,"tsung_controller@ip-172-31-31-191"} 1 1.0432190760059614 0.0 10.833333333333334 0.34965034965034963 1.4766674354535785 14
stats: session 79 844.2650506329115 787.5831673023796 4657.932 240.201 871.5482532188842 466
stats: users_count 78 552
stats: finish_users_count 79 545
stats: connect 79 2.3271518987341775 5.481946519970152 225.047 0.645 8.894052966101698 472
stats: tr_create_post_comment 10 50.3822 6.91940549180347 193.007 38.665 61.65585416666668 96
stats: request 397 57.1422292191436 83.72540828875508 309.846 3.097 56.64401502570185 2529
stats: page 215 104.55558604651168 123.26397355360562 514.641 3.331 110.27839307692305 1300
stats: 302 177 1389
stats: 200 198 1407
stats: size_rcv 4134732 26146980
stats: 422 22 130
stats: newphase 0 2
stats: size_sent 219391 1643917
stats: connected -1 6
# stats: dump at 1575625234
stats: users 10 17
stats: {freemem,"tsung_controller@ip-172-31-31-191"} 1 724.21875 0.0 736.26953125 724.21875 733.3276041666667 15
stats: {load,"tsung_controller@ip-172-31-31-191"} 1 0.0 0.0 0.0 0.0 0.0 15
stats: {recvpackets,"tsung_controller@ip-172-31-31-191"} 1 3517.0 0.0 3517 355 1389.0714285714287 14
stats: {sentpackets,"tsung_controller@ip-172-31-31-191"} 1 2235.0 0.0 2235 236 940.0 14
stats: {cpu,"tsung_controller@ip-172-31-31-191"} 1 2.035749751737835 0.0 10.833333333333334 0.34965034965034963 1.4477708781570706 15
stats: session 87 1091.1665747126444 1086.019640848129 5181.63 240.201 867.5934403669726 545
stats: users_count 90 642
stats: finish_users_count 87 632
stats: request 478 52.98841004184103 81.49532246979146 309.846 3.097 56.71161278195489 2926
stats: connect 91 3.0934615384615407 6.846129263815603 225.047 0.645 7.9525190562613455 551
stats: 302 237 1626
stats: page 253 101.06026086956523 114.60405867670242 514.641 3.331 109.46624554455443 1515
stats: tr_create_post_comment 19 52.009473684210526 7.833729718463556 193.007 38.665 60.59230188679247 106
stats: 200 225 1632
stats: size_rcv 4523096 30670076
stats: 422 16 146
stats: newphase 0 2
stats: size_sent 267245 1911162
stats: connected 4 10
# stats: dump at 1575625244
stats: users 5 17
stats: {freemem,"tsung_controller@ip-172-31-31-191"} 1 723.3515625 0.0 736.26953125 723.3515625 732.75830078125 16
stats: {load,"tsung_controller@ip-172-31-31-191"} 1 0.0 0.0 0.0 0.0 0.0 16
stats: {recvpackets,"tsung_controller@ip-172-31-31-191"} 1 3498.0 0.0 3517 355 1530.9333333333334 15
stats: {sentpackets,"tsung_controller@ip-172-31-31-191"} 1 2327.0 0.0 2327 236 1026.3333333333333 15
stats: {cpu,"tsung_controller@ip-172-31-31-191"} 1 1.394422310756972 0.0 10.833333333333334 0.34965034965034963 1.4845195577558685 16
stats: session 86 993.7762441860467 903.9303507109864 5181.63 240.201 898.3701218354432 632
stats: users_count 81 723
stats: finish_users_count 86 718
stats: request 479 49.439584551148236 78.94872318329207 309.846 3.097 56.188789365452415 3404
stats: connect 81 1.9327654320987662 5.54094901010939 225.047 0.645 7.263774143302183 642
stats: page 231 101.65403896103892 114.46360751687715 514.641 3.331 108.26335294117646 1768
stats: tr_create_post_comment 25 51.33148000000001 5.8687925512493635 193.007 38.507 59.28771200000001 125
stats: 302 251 1877
stats: 200 212 1844
stats: size_rcv 3830510 34500586
stats: 422 16 162
stats: newphase 0 2
stats: size_sent 275823 2186985
stats: connected -3 7
# stats: dump at 1575625254
stats: users 6 17
stats: {freemem,"tsung_controller@ip-172-31-31-191"} 1 723.4921875 0.0 736.26953125 723.3515625 732.2049632352941 17
stats: {load,"tsung_controller@ip-172-31-31-191"} 1 0.0 0.0 0.0 0.0 0.0 17
stats: {recvpackets,"tsung_controller@ip-172-31-31-191"} 1 3379.0 0.0 3517 355 1653.875 16
stats: {sentpackets,"tsung_controller@ip-172-31-31-191"} 1 2302.0 0.0 2327 236 1107.625 16
stats: {cpu,"tsung_controller@ip-172-31-31-191"} 1 1.2941762070681933 0.0 10.833333333333334 0.34965034965034963 1.47921971969711 17
stats: session 75 781.1402133333332 713.2739124336138 5181.63 240.201 909.7975961002787 718
stats: users_count 76 799
stats: finish_users_count 75 793
stats: request 422 48.865848341232216 78.98033746203424 309.846 3.097 55.3562194179758 3883
stats: connect 76 3.265236842105265 7.848455756369868 225.047 0.645 6.666524204702631 723
stats: page 208 99.22723076923072 112.84945499661607 514.641 3.325 107.49959529764881 1999
stats: tr_create_post_comment 19 48.69110526315789 5.566020943799478 193.007 38.507 57.961673333333344 150
stats: 302 208 2085
stats: 200 198 2042
stats: size_rcv 3468153 37968739
stats: 422 16 178
stats: newphase 0 2
stats: size_sent 242759 2429744
stats: connected 1 8
# stats: dump at 1575625264
stats: users 20 23
stats: {freemem,"tsung_controller@ip-172-31-31-191"} 1 723.34765625 0.0 736.26953125 723.34765625 731.7209201388889 18
stats: {load,"tsung_controller@ip-172-31-31-191"} 1 0.0 0.0 0.0 0.0 0.0 18
stats: {recvpackets,"tsung_controller@ip-172-31-31-191"} 1 2926.0 0.0 3517 355 1755.3529411764705 17
stats: {sentpackets,"tsung_controller@ip-172-31-31-191"} 1 1961.0 0.0 2327 236 1177.8823529411766 17
stats: {cpu,"tsung_controller@ip-172-31-31-191"} 1 0.8991008991008992 0.0 10.833333333333334 0.34965034965034963 1.468939524551059 18
stats: session 122 896.962319672131 774.4990106825297 5181.63 240.201 897.6294955863809 793
stats: users_count 136 935
stats: finish_users_count 122 915
stats: connect 134 21.664552238805975 58.26569765327958 257.036 0.645 6.342997496871091 799
stats: request 683 58.82727964860914 85.95582006560231 354.309 2.947 54.71999721254357 4305
stats: page 369 109.55644173441738 116.32609061313813 514.641 3.325 106.71996148618031 2207
stats: tr_create_post_comment 24 54.35366666666667 13.24240528147696 193.007 38.507 56.919420118343204 169
stats: 302 330 2415
stats: 200 331 2373
stats: size_rcv 6702692 44671431
stats: 422 22 200
stats: newphase 1 3
stats: size_sent 379256 2809000
stats: connected 10 18
# stats: dump at 1575625274
stats: users 14 23
stats: {freemem,"tsung_controller@ip-172-31-31-191"} 1 720.28125 0.0 736.26953125 720.28125 731.2802220394736 19
stats: {load,"tsung_controller@ip-172-31-31-191"} 1 0.0 0.0 0.0 0.0 0.0 19
stats: {recvpackets,"tsung_controller@ip-172-31-31-191"} 1 6162.0 0.0 6162 355 1820.388888888889 18
stats: {sentpackets,"tsung_controller@ip-172-31-31-191"} 1 4.1e3 0.0 4100 236 1221.388888888889 18
stats: {cpu,"tsung_controller@ip-172-31-31-191"} 1 2.8599605522682445 0.0 10.833333333333334 0.34965034965034963 1.4389480179484189 19
stats: session 171 925.266374269006 1045.7157939586684 9263.612 240.201 897.5405387978142 915
stats: users_count 165 1100
stats: finish_users_count 171 1086
stats: request 934 53.19117773019267 81.92055683053255 354.309 2.947 55.28240176423419 4988
stats: tr_create_post_comment 38 67.17665789473683 61.58065345471157 389.343 38.507 56.60036269430052 193
stats: connect 167 8.926988023952095 33.82365635996119 257.036 0.645 8.543520900321546 933
stats: page 466 106.68930901287555 115.31430063097902 514.641 3.325 107.12627406832296 2576
stats: 302 451 2866
stats: 200 443 2816
stats: size_rcv 7670643 52342074
stats: 422 40 240
stats: newphase 0 3
stats: size_sent 532113 3341113
stats: connected -4 14
# stats: dump at 1575625284
stats: users 17 31
stats: {freemem,"tsung_controller@ip-172-31-31-191"} 1 720.125 0.0 736.26953125 720.125 730.7302734375 20
stats: {load,"tsung_controller@ip-172-31-31-191"} 1 0.21875 0.0 0.21875 0.0 0.0 20
stats: {recvpackets,"tsung_controller@ip-172-31-31-191"} 1 6485.0 0.0 6485 355 2048.8947368421054 19
stats: {sentpackets,"tsung_controller@ip-172-31-31-191"} 1 4328.0 0.0 4328 236 1372.8947368421052 19
stats: {cpu,"tsung_controller@ip-172-31-31-191"} 1 3.6927621861152145 0.0 10.833333333333334 0.34965034965034963 1.50999864466441 20
stats: session 165 1128.6056424242418 1297.8591970273478 10338.939 240.201 901.9062090239411 1086
stats: users_count 168 1268
stats: finish_users_count 165 1251
stats: request 883 53.92474858437145 82.41969962669808 354.309 2.947 54.95258020938873 5922
stats: connect 168 2.19382738095238 4.683918936863386 257.036 0.645 8.601738181818183 1100
stats: page 470 100.82413404255321 114.2282996192606 514.641 3.113 107.0593359631821 3042
stats: tr_create_post_comment 30 53.5296 11.375612744229063 389.343 38.507 58.34018614718615 231
stats: 302 427 3293
stats: 200 427 3243
stats: size_rcv 7992940 60335014
stats: 422 29 269
stats: newphase 0 3
stats: size_sent 495617 3836730
stats: connected 6 20
# stats: dump at 1575625294
stats: users 18 31
stats: {freemem,"tsung_controller@ip-172-31-31-191"} 1 719.9375 0.0 736.26953125 719.9375 730.2252604166666 21
stats: {load,"tsung_controller@ip-172-31-31-191"} 1 0.19140625 0.0 0.21875 0.0 0.010416666666666666 21
stats: {recvpackets,"tsung_controller@ip-172-31-31-191"} 1 6921.0 0.0 6921 355 2270.7 20
stats: {sentpackets,"tsung_controller@ip-172-31-31-191"} 1 4869.0 0.0 4869 236 1520.65 20
stats: {cpu,"tsung_controller@ip-172-31-31-191"} 1 3.37468982630273 0.0 10.833333333333334 0.34965034965034963 1.613939765685877 21
stats: session 169 1016.8023668639054 1125.4084573017756 10338.939 240.201 931.8066139088729 1251
stats: users_count 170 1438
stats: finish_users_count 169 1420
stats: request 926 50.971223542116576 80.85548110371163 354.309 2.947 54.819211315209415 6805
stats: connect 168 2.486857142857142 5.620785123820627 257.036 0.635 7.752740536277603 1268
stats: page 477 99.10820545073373 115.02351178844472 514.641 3.113 106.22489834851935 3512
stats: tr_create_post_comment 40 49.58847499999999 6.928227886651465 389.343 35.438 57.787245210727974 261
stats: 302 465 3758
stats: 200 431 3674
stats: size_rcv 8453128 68788142
stats: 422 30 299
stats: newphase 0 3
stats: size_sent 523585 4360315
stats: connected -4 16
# stats: dump at 1575625304
stats: users 14 31
stats: {freemem,"tsung_controller@ip-172-31-31-191"} 1 719.7109375 0.0 736.26953125 719.7109375 729.7576349431819 22
stats: {load,"tsung_controller@ip-172-31-31-191"} 1 0.16015625 0.0 0.21875 0.0 0.018643465909090908 22
stats: {recvpackets,"tsung_controller@ip-172-31-31-191"} 1 6884.0 0.0 6921 355 2492.1428571428573 21
stats: {sentpackets,"tsung_controller@ip-172-31-31-191"} 1 4609.0 0.0 4869 236 1680.095238095238 21
stats: {cpu,"tsung_controller@ip-172-31-31-191"} 1 1.6898608349900597 0.0 10.833333333333334 0.34965034965034963 1.6939738593502793 22
stats: session 163 872.6742085889566 894.9727683378624 10338.939 237.791 941.9223056338029 1420
stats: users_count 159 1597
stats: finish_users_count 163 1583
stats: request 786 51.886874045801505 81.23824703731194 354.309 2.947 54.358308886301906 7731
stats: connect 149 2.226939597315435 5.479467263612022 257.036 0.614 7.136676183844011 1436
stats: page 415 98.87147228915657 113.29041953066805 514.641 3.113 105.37389245424917 3989
stats: tr_create_post_comment 27 51.554814814814804 4.803755676065977 389.343 35.438 56.69770764119602 301
stats: 302 373 4131
stats: 200 379 4053
stats: size_rcv 6855487 75643629
stats: 422 34 333
stats: newphase 0 3
stats: size_sent 441364 4801679
stats: connected -4 12
# stats: dump at 1575625314
stats: users 10 31
stats: {freemem,"tsung_controller@ip-172-31-31-191"} 1 719.7109375 0.0 736.26953125 719.7109375 729.3208220108696 23
stats: {load,"tsung_controller@ip-172-31-31-191"} 1 0.12890625 0.0 0.21875 0.0 0.024796195652173912 23
stats: {recvpackets,"tsung_controller@ip-172-31-31-191"} 1 6525.0 0.0 6921 355 2691.7727272727275 22
stats: {sentpackets,"tsung_controller@ip-172-31-31-191"} 1 4352.0 0.0 4869 236 1813.2272727272727 22
stats: {cpu,"tsung_controller@ip-172-31-31-191"} 1 1.7369727047146404 0.0 10.833333333333334 0.34965034965034963 1.6937950322041826 23
stats: session 171 913.4174853801169 988.7544438030469 10338.939 237.791 934.7918951358181 1583
stats: users_count 167 1764
stats: finish_users_count 171 1754
stats: request 913 55.28954983570655 82.89677540521512 354.309 2.947 54.130230010567104 8517
stats: connect 179 2.50272625698324 6.424693393804436 257.036 0.596 6.675129968454259 1585
stats: page 489 102.7835214723927 116.44188484470773 514.641 3.113 104.76115304268845 4404
stats: tr_create_post_comment 26 51.0621923076923 5.0662595671243755 389.343 35.438 56.27435975609757 328
stats: 302 415 4546
stats: 200 456 4509
stats: size_rcv 9206761 84850390
stats: 422 42 375
stats: newphase 0 3
stats: size_sent 505256 5306935
stats: connected 7 19
# stats: dump at 1575625324
stats: users 45 45
stats: {freemem,"tsung_controller@ip-172-31-31-191"} 1 720.44921875 0.0 736.26953125 719.7109375 728.92041015625 24
stats: {load,"tsung_controller@ip-172-31-31-191"} 1 0.109375 0.0 0.21875 0.0 0.029134114583333332 24
stats: {recvpackets,"tsung_controller@ip-172-31-31-191"} 1 6564.0 0.0 6921 355 2858.4347826086955 23
stats: {sentpackets,"tsung_controller@ip-172-31-31-191"} 1 4340.0 0.0 4869 236 1923.608695652174 23
stats: {cpu,"tsung_controller@ip-172-31-31-191"} 1 1.582591493570722 0.0 10.833333333333334 0.34965034965034963 1.6955941018921183 24
stats: session 254 890.3446850393703 854.7411554833309 10338.939 237.791 932.7080729760547 1754
stats: users_count 289 2053
stats: finish_users_count 254 2008
stats: request 1422 55.009194796061934 82.53630722298985 354.309 2.947 54.242473806998944 9430
stats: connect 265 10.18070188679245 35.45128367792928 257.036 0.591 6.251739795918367 1764
stats: page 731 106.81450205198357 114.78596101097492 514.641 3.113 104.56351113836091 4893
stats: 302 695 5241
stats: tr_create_post_comment 57 61.58033333333334 33.10183378517753 389.343 35.438 55.891545197740115 354
stats: 200 677 5186
stats: size_rcv 12266450 97116840
stats: 422 50 425
stats: newphase 1 4
stats: size_sent 804202 6111137
stats: connected 12 31
# stats: dump at 1575625334
stats: users 44 45
stats: {freemem,"tsung_controller@ip-172-31-31-191"} 1 710.2890625 0.0 736.26953125 710.2890625 728.5815625 25
stats: {load,"tsung_controller@ip-172-31-31-191"} 1 0.08984375 0.0 0.21875 0.0 0.03234375 25
stats: {recvpackets,"tsung_controller@ip-172-31-31-191"} 1 12841.0 0.0 12841 355 3012.8333333333335 24
stats: {sentpackets,"tsung_controller@ip-172-31-31-191"} 1 8497.0 0.0 8497 236 2024.2916666666667 24
stats: {cpu,"tsung_controller@ip-172-31-31-191"} 1 5.061425061425061 0.0 10.833333333333334 0.34965034965034963 1.6910739975592626 25
stats: session 323 1026.0245541795662 1008.2791231591237 10338.939 237.791 927.3493575697211 2008
stats: users_count 322 2375
stats: finish_users_count 323 2331
stats: request 1763 56.752072603516844 84.0428265276186 438.971 2.947 54.34294166973831 10852
stats: 302 846 6087
stats: connect 329 18.995747720364783 50.40666439251379 257.036 0.591 6.76488664366683 2029
stats: page 907 110.38963065049619 116.18604419772939 514.641 3.113 104.85609192745376 5624
stats: tr_create_post_comment 67 62.91883582089551 45.97528241806467 389.343 35.438 56.68050121654502 411
stats: 200 849 6035
stats: size_rcv 15464106 112580946
stats: 422 68 493
stats: newphase 0 4
stats: size_sent 994848 7105985
stats: connected 10 41
# stats: dump at 1575625344
stats: users 17 45
stats: {freemem,"tsung_controller@ip-172-31-31-191"} 1 704.28125 0.0 736.26953125 704.28125 727.8780048076923 26
stats: {load,"tsung_controller@ip-172-31-31-191"} 1 0.078125 0.0 0.21875 0.0 0.03455528846153846 26
stats: {recvpackets,"tsung_controller@ip-172-31-31-191"} 1 12975.0 0.0 12975 355 3405.96 25
stats: {sentpackets,"tsung_controller@ip-172-31-31-191"} 1 8576.0 0.0 8576 236 2283.2 25
stats: {cpu,"tsung_controller@ip-172-31-31-191"} 1 7.601765571358509 0.0 10.833333333333334 0.34965034965034963 1.820702884631024 26
stats: session 330 959.9185666666673 1033.9090942961802 10338.939 237.791 941.022497211497 2331
stats: users_count 303 2678
stats: finish_users_count 330 2661
stats: request 1725 51.49898260869561 81.17103944817799 438.971 2.947 54.67962798256047 12615
stats: page 891 100.27752076318737 114.61746485288495 514.641 3.113 105.62456836625326 6531
stats: connect 312 2.3412756410256392 4.591719879267795 257.036 0.553 8.47139779474131 2358
stats: tr_create_post_comment 68 51.176705882352934 8.869082031978587 389.343 35.438 57.554912133891214 478
stats: 302 849 6936
stats: 200 806 6841
stats: size_rcv 15211718 127792664
stats: 422 70 563
stats: newphase 0 4
stats: size_sent 975007 8080992
stats: connected -22 19
# stats: dump at 1575625354
stats: users 36 45
stats: {freemem,"tsung_controller@ip-172-31-31-191"} 1 708.08203125 0.0 736.26953125 704.28125 727.004050925926 27
stats: {load,"tsung_controller@ip-172-31-31-191"} 1 0.0703125 0.0 0.21875 0.0 0.036168981481481476 27
stats: {recvpackets,"tsung_controller@ip-172-31-31-191"} 1 12013.0 0.0 12975 355 3774.0 26
stats: {sentpackets,"tsung_controller@ip-172-31-31-191"} 1 8001.0 0.0 8576 236 2525.230769230769 26
stats: {cpu,"tsung_controller@ip-172-31-31-191"} 1 7.563025210084033 0.0 10.833333333333334 0.34965034965034963 2.034816317472783 27
stats: session 290 875.9882068965521 787.2690491402005 10338.939 237.791 943.3658654641113 2661
stats: users_count 309 2987
stats: finish_users_count 290 2951
stats: request 1569 54.305651370299664 83.1057743904202 438.971 2.947 54.29701896792192 14340
stats: connect 305 2.5002721311475398 6.218338614345955 257.036 0.553 7.755068913857682 2670
stats: page 831 102.60738989169676 115.88534804554112 516.605 3.073 104.98266329830234 7422
stats: tr_create_post_comment 51 55.63294117647056 30.709495823631453 389.343 35.43 56.760556776556776 546
stats: 302 730 7666
stats: 200 775 7616
stats: size_rcv 14813258 142605922
stats: 422 64 627
stats: newphase 0 4
stats: size_sent 877458 8958450
stats: connected 17 36
# stats: dump at 1575625364
stats: users 28 45
stats: {freemem,"tsung_controller@ip-172-31-31-191"} 1 710.1328125 0.0 736.26953125 704.28125 726.3282645089286 28
stats: {load,"tsung_controller@ip-172-31-31-191"} 1 0.05859375 0.0 0.21875 0.0 0.037388392857142856 28
stats: {recvpackets,"tsung_controller@ip-172-31-31-191"} 1 12896.0 0.0 12975 355 4079.1481481481483 27
stats: {sentpackets,"tsung_controller@ip-172-31-31-191"} 1 8593.0 0.0 8593 236 2728.037037037037 27
stats: {cpu,"tsung_controller@ip-172-31-31-191"} 1 3.6561264822134385 0.0 10.833333333333334 0.34965034965034963 2.2322523493517563 28
stats: session 309 953.0402491909392 964.3850666342593 10338.939 237.396 936.7445435445612 2951
stats: users_count 301 3288
stats: finish_users_count 309 3260
stats: request 1532 56.39629373368151 84.49041396376764 438.971 2.941 54.29787032497332 15909
stats: connect 303 2.06458085808581 4.6341736685191925 257.036 0.511 7.216341848739499 2975
stats: page 853 101.0816998827668 117.25879646607304 516.605 3.073 104.74349545619775 8253
stats: tr_create_post_comment 39 51.870051282051264 9.373505413715826 389.343 35.359 56.664227805695134 597
stats: 302 707 8373
stats: 200 763 8379
stats: size_rcv 15181859 157787781
stats: 422 62 689
stats: newphase 0 4
stats: size_sent 842732 9801182
stats: connected -4 32
# stats: dump at 1575625374
stats: users 33 48
stats: {freemem,"tsung_controller@ip-172-31-31-191"} 1 710.12890625 0.0 736.26953125 704.28125 725.7698006465517 29
stats: {load,"tsung_controller@ip-172-31-31-191"} 1 0.05078125 0.0 0.21875 0.0 0.03811961206896552 29
stats: {recvpackets,"tsung_controller@ip-172-31-31-191"} 1 12409.0 0.0 12975 355 4394.035714285715 28
stats: {sentpackets,"tsung_controller@ip-172-31-31-191"} 1 8235.0 0.0 8593 236 2937.5 28
stats: {cpu,"tsung_controller@ip-172-31-31-191"} 1 2.922238732045567 0.0 10.833333333333334 0.34965034965034963 2.2813514573814695 29
stats: session 318 1019.2727767295596 984.4148399763666 10338.939 237.396 938.2891365030677 3260
stats: users_count 323 3611
stats: finish_users_count 318 3578
stats: request 1741 52.15732280298679 81.90304306272311 438.971 2.92 54.482193738891155 17441
stats: connect 325 2.4682923076923062 6.281499733033081 257.036 0.511 6.740141854789508 3278
stats: page 911 99.40956421514811 114.49258571253252 516.605 3.073 104.40047858554799 9106
stats: tr_create_post_comment 71 54.017267605633805 27.73725191560613 389.343 34.17 56.37024528301886 636
stats: 302 872 9245
stats: 200 819 9198
stats: size_rcv 15977485 173765266
stats: 422 50 739
stats: newphase 0 4
stats: size_sent 983444 10784626
stats: connected 7 39
# stats: dump at 1575625384
stats: users 70 81
stats: {freemem,"tsung_controller@ip-172-31-31-191"} 1 709.9375 0.0 736.26953125 704.28125 725.2484375 30
stats: {load,"tsung_controller@ip-172-31-31-191"} 1 0.0390625 0.0 0.21875 0.0 0.03854166666666667 30
stats: {recvpackets,"tsung_controller@ip-172-31-31-191"} 1 13197.0 0.0 13197 355 4670.413793103448 29
stats: {sentpackets,"tsung_controller@ip-172-31-31-191"} 1 8903.0 0.0 8903 236 3120.1724137931033 29
stats: {cpu,"tsung_controller@ip-172-31-31-191"} 1 4.106877783275606 0.0 10.833333333333334 0.34965034965034963 2.3027143665369394 30
stats: session 529 920.1960094517957 763.6578924612148 10338.939 237.396 945.4866763555059 3578
stats: users_count 566 4177
stats: finish_users_count 529 4107
stats: connect 551 21.644845735027225 54.591069727664106 293.801 0.511 6.354809880655012 3603
stats: request 2800 65.07934928571429 95.58482418631475 732.465 2.92 54.27118340110524 19182
stats: page 1495 122.1274903010033 135.9393433585763 988.307 3.073 103.94657791754017 10017
stats: tr_create_post_comment 93 67.53201075268817 50.883111069781 389.343 34.17 56.133949080622344 707
stats: 302 1334 10579
stats: 200 1360 10558
stats: size_rcv 25314741 199080007
stats: 422 106 845
stats: newphase 1 5
stats: size_sent 1560209 12344835
stats: connected 25 64
# stats: dump at 1575625394
stats: users 67 81
stats: {freemem,"tsung_controller@ip-172-31-31-191"} 1 695.29296875 0.0 736.26953125 695.29296875 724.7545362903226 31
stats: {load,"tsung_controller@ip-172-31-31-191"} 1 0.0390625 0.0 0.21875 0.0 0.038558467741935484 31
stats: {recvpackets,"tsung_controller@ip-172-31-31-191"} 1 23955.0 0.0 23955 355 4954.633333333333 30
stats: {sentpackets,"tsung_controller@ip-172-31-31-191"} 1 15886.0 0.0 15886 236 3312.9333333333334 30
stats: {cpu,"tsung_controller@ip-172-31-31-191"} 1 13.999021047479197 0.0 13.999021047479197 0.34965034965034963 2.360913186431735 31
stats: session 649 931.9491093990772 945.1191013323939 10338.939 237.396 942.2291251521792 4107
stats: users_count 646 4823
stats: finish_users_count 649 4756
stats: request 3511 60.46378439191136 89.79833564402735 732.465 2.92 55.64789455008646 21982
stats: connect 647 7.590061823802167 28.98139157113714 293.801 0.511 8.382929706307175 4154
stats: 302 1681 12260
stats: page 1819 116.25542550852103 129.4919033227428 988.307 3.073 106.3076328179291 11512
stats: tr_create_post_comment 131 73.08279389312973 61.348055241915816 389.343 34.17 57.45897375 800
stats: 200 1685 12243
stats: size_rcv 30515202 229595209
stats: 422 146 991
stats: newphase 0 5
stats: size_sent 1978171 14323006
stats: connected -1 63
# stats: dump at 1575625404
stats: users 59 81
stats: {freemem,"tsung_controller@ip-172-31-31-191"} 1 694.25390625 0.0 736.26953125 694.25390625 723.8338623046875 32
stats: {load,"tsung_controller@ip-172-31-31-191"} 1 0.03125 0.0 0.21875 0.0 0.03857421875 32
stats: {recvpackets,"tsung_controller@ip-172-31-31-191"} 1 26186.0 0.0 26186 355 5567.548387096775 31
stats: {sentpackets,"tsung_controller@ip-172-31-31-191"} 1 17552.0 0.0 17552 236 3718.516129032258 31
stats: {cpu,"tsung_controller@ip-172-31-31-191"} 1 16.02596105841238 0.0 16.02596105841238 0.34965034965034963 2.7246040570894685 32
stats: session 614 976.142372964169 968.3774982238917 10338.939 237.396 940.826322329689 4756
stats: users_count 606 5429
stats: finish_users_count 614 5370
stats: request 3234 56.70687012987013 86.5377712815383 732.465 2.92 56.31115855332842 25493
stats: connect 614 2.2362280130293173 4.823752641601619 293.801 0.511 8.276079983336807 4801
stats: page 1740 105.76900344827591 121.64879731184045 988.307 3.073 107.66499797464553 13331
stats: tr_create_post_comment 114 70.14416666666662 57.690582702551566 389.343 34.17 59.65738453276047 931
stats: 302 1580 13840
stats: 200 1546 13789
stats: size_rcv 29747103 259342312
stats: 422 109 1100
stats: newphase 0 5
stats: size_sent 1806501 16129507
stats: connected -4 59
# stats: dump at 1575625414
stats: users 57 81
stats: {freemem,"tsung_controller@ip-172-31-31-191"} 1 689.08984375 0.0 736.26953125 689.08984375 722.9375 33
stats: {load,"tsung_controller@ip-172-31-31-191"} 1 0.01953125 0.0 0.21875 0.0 0.03835227272727273 33
stats: {recvpackets,"tsung_controller@ip-172-31-31-191"} 1 24366.0 0.0 26186 355 6211.875 32
stats: {sentpackets,"tsung_controller@ip-172-31-31-191"} 1 16234.0 0.0 17552 236 4150.8125 32
stats: {cpu,"tsung_controller@ip-172-31-31-191"} 1 13.227250124316262 0.0 16.02596105841238 0.34965034965034963 3.127675481371981 33
stats: session 645 923.971672868217 839.4930245235863 10338.939 237.396 944.8643214152701 5370
stats: users_count 643 6072
stats: finish_users_count 645 6015
stats: request 3470 56.511702017291064 86.20618687930173 732.465 2.797 56.355706582657476 28727
stats: 302 1709 15549
stats: page 1814 108.24453528114657 123.6573744093062 988.307 3.073 107.44609873266536 15071
stats: connect 643 2.8449875583203728 6.653890607808714 293.801 0.426 7.591228808864267 5415
stats: tr_create_post_comment 134 68.98720149253735 57.11474985902854 389.343 34.17 60.8013971291866 1045
stats: 200 1639 15428
stats: size_rcv 31216811 290559123
stats: 422 120 1220
stats: newphase 0 5
stats: size_sent 1955915 18085422
stats: connected -5 54
# stats: dump at 1575625424
stats: users 52 81
stats: {freemem,"tsung_controller@ip-172-31-31-191"} 1 689.47265625 0.0 736.26953125 689.08984375 721.9419806985294 34
stats: {load,"tsung_controller@ip-172-31-31-191"} 1 0.1796875 0.0 0.21875 0.0 0.037798713235294115 34
stats: {recvpackets,"tsung_controller@ip-172-31-31-191"} 1 26490.0 0.0 26490 355 6762.0 33
stats: {sentpackets,"tsung_controller@ip-172-31-31-191"} 1 17683.0 0.0 17683 236 4516.969696969697 33
stats: {cpu,"tsung_controller@ip-172-31-31-191"} 1 15.327009485771342 0.0 16.02596105841238 0.34965034965034963 3.424721794399754 34
stats: session 609 901.7013087027905 845.2795626167843 10338.939 236.598 942.6239625935164 6015
stats: users_count 604 6676
stats: finish_users_count 609 6624
stats: request 3257 55.84368836352477 86.05003881869563 732.465 2.797 56.37251883715878 32197
stats: connect 606 2.4091023102310243 5.3880286468339795 293.801 0.426 7.087459722680753 6058
stats: page 1711 106.5087890122737 123.49189006169289 988.307 3.073 107.53187687296413 16885
stats: tr_create_post_comment 127 62.890527559055144 47.798196608788395 389.343 34.17 61.731759966072936 1179
stats: 302 1612 17161
stats: 200 1535 16963
stats: size_rcv 29273136 319832259
stats: 422 110 1330
stats: newphase 0 5
stats: size_sent 1830251 19915673
stats: connected 0 54
# stats: dump at 1575625434
stats: users 66 81
stats: {freemem,"tsung_controller@ip-172-31-31-191"} 1 692.99609375 0.0 736.26953125 689.08984375 721.0142857142857 35
stats: {load,"tsung_controller@ip-172-31-31-191"} 1 0.23046875 0.0 0.23046875 0.0 0.04185267857142857 35
stats: {recvpackets,"tsung_controller@ip-172-31-31-191"} 1 25003.0 0.0 26490 355 7342.235294117647 34
stats: {sentpackets,"tsung_controller@ip-172-31-31-191"} 1 16636.0 0.0 17683 236 4904.205882352941 34
stats: {cpu,"tsung_controller@ip-172-31-31-191"} 1 13.336638572136836 0.0 16.02596105841238 0.34965034965034963 3.7647871570103706 35
stats: session 630 953.9146238095233 972.7322245211918 10338.939 236.598 938.8615990338164 6624
stats: users_count 644 7320
stats: finish_users_count 630 7254
stats: connect 647 2.6189814528593494 5.396292977659561 293.801 0.426 6.662026860744298 6664
stats: page 1784 108.36344170403585 123.76723798071731 988.307 3.072 107.43774354699933 18596
stats: request 3416 56.61634894613582 86.76910924002489 732.465 2.781 56.32393755288547 35454
stats: tr_create_post_comment 126 61.56056349206347 44.124585123009545 389.343 34.17 61.8444425727412 1306
stats: 302 1639 18800
stats: 200 1641 18604
stats: size_rcv 31054310 350886569
stats: 422 136 1466
stats: newphase 0 5
stats: size_sent 1919736 21835409
stats: connected 15 69
# stats: dump at 1575625444
stats: users 431 432
stats: {freemem,"tsung_controller@ip-172-31-31-191"} 1 690.34765625 0.0 736.26953125 689.08984375 720.2360026041666 36
stats: {load,"tsung_controller@ip-172-31-31-191"} 1 0.19921875 0.0 0.23046875 0.0 0.04709201388888889 36
stats: {recvpackets,"tsung_controller@ip-172-31-31-191"} 1 26802.0 0.0 26802 355 7846.828571428571 35
stats: {sentpackets,"tsung_controller@ip-172-31-31-191"} 1 17740.0 0.0 17740 236 5239.4 35
stats: {cpu,"tsung_controller@ip-172-31-31-191"} 1 16.600199401794615 0.0 16.600199401794615 0.34965034965034963 4.030671918541661 36
stats: session 781 1896.956987195901 1266.7782276260057 10338.939 236.598 940.1689336917561 7254
stats: users_count 1146 8466
stats: finish_users_count 781 8035
stats: connect 1124 16.678373665480443 62.46540129450465 459.582 0.426 6.3042303378470805 7311
stats: request 4839 287.32998470758344 404.28798856173285 3339.423 2.781 56.34963545150505 38870
stats: page 2670 462.2332104868915 668.7948638995219 5021.683 3.046 107.51877620215896 20380
stats: tr_create_post_comment 121 1028.0429338842973 990.5096038396802 4340.83 34.17 61.81946438547486 1432
stats: 302 2249 21049
stats: 200 2445 21049
stats: size_rcv 44992055 395878624
stats: 422 146 1612
stats: newphase 1 6
stats: size_sent 2793423 24628832
stats: connected 341 410
# stats: dump at 1575625454
stats: users 855 855
stats: {freemem,"tsung_controller@ip-172-31-31-191"} 1 584.3671875 0.0 736.26953125 584.3671875 719.4282094594595 37
stats: {load,"tsung_controller@ip-172-31-31-191"} 1 0.328125 0.0 0.328125 0.0 0.0512035472972973 37
stats: {recvpackets,"tsung_controller@ip-172-31-31-191"} 1 42968.0 0.0 42968 355 8373.361111111111 36
stats: {sentpackets,"tsung_controller@ip-172-31-31-191"} 1 27343.0 0.0 27343 236 5586.638888888889 36
stats: {cpu,"tsung_controller@ip-172-31-31-191"} 1 24.874874874874877 0.0 24.874874874874877 0.34965034965034963 4.370388877548498 37
stats: session 803 4883.46908468244 2145.3340024992403 13372.139 236.598 1033.1684943372743 8035
stats: users_count 1227 9693
stats: finish_users_count 803 8838
stats: request 5292 972.3400436507903 848.2110142289869 4260.31 2.781 81.92134631311623 43709
stats: connect 1240 14.670587096774192 42.0230539425701 459.582 0.426 7.686629519857737 8435
stats: 302 2423 23472
stats: page 2857 1455.9119187959425 1721.3460898531223 10420.047 3.046 148.60717271149673 23050
stats: tr_create_post_comment 114 5030.453710526314 2004.6059238339344 10420.134 34.17 137.1015247907276 1553
stats: 200 2713 23762
stats: size_rcv 48470671 444349295
stats: 422 155 1767
stats: newphase 0 6
stats: size_sent 3103002 27731834
stats: connected 440 850
# stats: dump at 1575625464
stats: users 1141 1150
stats: {freemem,"tsung_controller@ip-172-31-31-191"} 1 469.33203125 0.0 736.26953125 469.33203125 715.8739720394736 38
stats: {load,"tsung_controller@ip-172-31-31-191"} 1 0.421875 0.0 0.421875 0.0 0.05849095394736842 38
stats: {recvpackets,"tsung_controller@ip-172-31-31-191"} 1 44736.0 0.0 44736 355 9308.351351351352 37
stats: {sentpackets,"tsung_controller@ip-172-31-31-191"} 1 27998.0 0.0 27998 236 6174.648648648648 37
stats: {cpu,"tsung_controller@ip-172-31-31-191"} 1 24.785461887935387 0.0 24.874874874874877 0.34965034965034963 4.9099806143202445 38
stats: session 918 8095.964523965157 2867.369607474265 18844.472 236.598 1382.9977966734555 8838
stats: users_count 1204 10897
stats: finish_users_count 918 9756
stats: request 5480 1632.6762107664263 1009.1094228458494 4562.536 2.781 178.0846031101402 49001
stats: connect 1209 2.8298337468982595 5.935319735303545 459.582 0.426 8.581731059431526 9675
stats: 302 2541 26013
stats: page 3006 2636.67459081837 2788.684538631281 14008.015 3.046 292.77553105338353 25907
stats: tr_create_post_comment 129 9853.353542635663 1923.9868155122635 14008.123 34.17 471.7398866226754 1667
stats: 200 2761 26523
stats: size_rcv 52834686 497183981
stats: 422 178 1945
stats: newphase 0 6
stats: size_sent 3139246 30871080
stats: connected 293 1143
# stats: dump at 1575625474
stats: users 1419 1421
stats: {freemem,"tsung_controller@ip-172-31-31-191"} 1 382.15625 0.0 736.26953125 382.15625 709.5523838141025 39
stats: {load,"tsung_controller@ip-172-31-31-191"} 1 0.359375 0.0 0.421875 0.0 0.06780849358974358 39
stats: {recvpackets,"tsung_controller@ip-172-31-31-191"} 1 46890.0 0.0 46890 355 10240.657894736842 38
stats: {sentpackets,"tsung_controller@ip-172-31-31-191"} 1 29209.0 0.0 29209 236 6748.9473684210525 38
stats: {cpu,"tsung_controller@ip-172-31-31-191"} 1 25.617750882501262 0.0 25.617750882501262 0.34965034965034963 5.419608339284735 39
stats: session 949 10232.022107481574 3568.62710974244 22961.267 236.598 2014.6607175071763 9756
stats: users_count 1227 12124
stats: finish_users_count 949 10705
stats: request 5528 2087.6340754341586 1024.1557038979051 4699.037 0.855 324.39546395991255 54481
stats: connect 1223 2.7489354047424333 5.8754006076875465 459.582 0.426 7.942807515619259 10884
stats: page 2980 3472.191101677857 3459.154898305053 16466.572 3.046 536.4638571922674 28913
stats: tr_create_post_comment 146 12816.280534246582 1581.0139901930922 16466.658 34.17 1145.5863017817373 1796
stats: 302 2583 28596
stats: 200 2758 29281
stats: size_rcv 50685558 547869539
stats: 422 185 2130
stats: newphase 0 6
stats: 502 3 3
stats: size_sent 3153019 34024099
stats: connected 269 1412
# stats: dump at 1575625484
stats: users 1565 1604
stats: {freemem,"tsung_controller@ip-172-31-31-191"} 1 304.171875 0.0 736.26953125 304.171875 701.36748046875 40
stats: {load,"tsung_controller@ip-172-31-31-191"} 1 0.609375 0.0 0.609375 0.0 0.07509765625 40
stats: {recvpackets,"tsung_controller@ip-172-31-31-191"} 1 46720.0 0.0 46890 355 11180.384615384615 39
stats: {sentpackets,"tsung_controller@ip-172-31-31-191"} 1 28980.0 0.0 29209 236 7324.846153846154 39
stats: {cpu,"tsung_controller@ip-172-31-31-191"} 1 25.90725806451613 0.0 25.90725806451613 0.34965034965034963 5.924561902865149 40
stats: session 1044 11980.817711685828 4324.515900043035 25821.791 236.598 2743.131148061656 10705
stats: users_count 1190 13314
stats: finish_users_count 1044 11749
stats: request 5932 2382.32414885367 1133.1811440776282 5726.802 0.72 486.82415039410796 60009
stats: connect 1196 2.8698754180602015 6.054250529886129 459.582 0.426 7.418143635913108 12107
stats: page 3180 4179.764624213853 3975.742520350822 19660.581 0.802 810.77067024112 31893
stats: tr_create_post_comment 165 15219.817963636364 1521.467833002419 19660.664 34.17 2022.9917384140067 1942
stats: 302 2670 31266
stats: 200 2742 32023
stats: size_rcv 51014292 598883831
stats: 422 202 2332
stats: newphase 0 6
stats: 502 302 305
stats: size_sent 3311219 37335318
stats: connected 148 1560
stats: 500 16 16
# stats: dump at 1575625494
stats: users 1571 1604
stats: {freemem,"tsung_controller@ip-172-31-31-191"} 1 264.2265625 0.0 736.26953125 264.2265625 691.6797827743902 41
stats: {load,"tsung_controller@ip-172-31-31-191"} 1 0.51953125 0.0 0.609375 0.0 0.08812881097560976 41
stats: {recvpackets,"tsung_controller@ip-172-31-31-191"} 1 46245.0 0.0 46890 355 12068.875 40
stats: {sentpackets,"tsung_controller@ip-172-31-31-191"} 1 29123.0 0.0 29209 236 7866.225 40
stats: {cpu,"tsung_controller@ip-172-31-31-191"} 1 26.128868594622016 0.0 26.128868594622016 0.34965034965034963 6.4119447360761495 41
stats: session 1178 12999.89529966045 5057.9752318533165 28678.907 236.598 3563.979285981788 11749
stats: users_count 1184 14498
stats: finish_users_count 1178 12927
stats: connect 1191 2.54391771620487 5.553009342294855 459.582 0.426 7.009233706682703 13303
stats: page 3292 4474.491660692599 4304.7766152087315 20249.138 0.758 1116.2307327859062 35073
stats: request 6318 2358.3887591009734 1053.4910158094926 5726.802 0.687 657.341825146722 65941
stats: tr_create_post_comment 208 15782.05717307692 2258.6409852655393 20249.233 34.17 3056.4403986710972 2107
stats: 302 2927 34193
stats: 200 2814 34837
stats: size_rcv 50144416 649028247
stats: 422 229 2561
stats: newphase 0 6
stats: 502 279 584
stats: size_sent 3503528 40838846
stats: connected 12 1572
stats: 500 30 46
stats: 404 40 40
# stats: dump at 1575625504
stats: users 1682 1747
stats: {freemem,"tsung_controller@ip-172-31-31-191"} 1 256.49609375 0.0 736.26953125 256.49609375 681.5023251488095 42
stats: {load,"tsung_controller@ip-172-31-31-191"} 1 0.578125 0.0 0.609375 0.0 0.09840029761904762 42
stats: {recvpackets,"tsung_controller@ip-172-31-31-191"} 1 46831.0 0.0 46890 355 12902.439024390244 41
stats: {sentpackets,"tsung_controller@ip-172-31-31-191"} 1 29964.0 0.0 29964 236 8384.682926829268 41
stats: {cpu,"tsung_controller@ip-172-31-31-191"} 1 27.03252032520325 0.0 27.03252032520325 0.34965034965034963 6.881395304136765 42
stats: session 2101 9327.524964778655 6480.888459231753 29584.758 5.016 4423.846932312217 12927
stats: users_count 2212 16710
stats: finish_users_count 2101 15028
stats: request 11561 1331.4867052158104 1448.2325867754282 5834.865 0.635 806.0736720962087 72259
stats: connect 2209 9.859109099139872 31.01209616802107 459.582 0.426 6.642310059334896 14494
stats: tr_create_post_comment 446 10515.417565022422 5946.210614463998 20442.759 5.423 4199.821949028078 2315
stats: page 6033 2814.614570197237 3818.286286849398 20442.663 0.701 1404.3942926625862 38365
stats: 302 2997 37190
stats: 200 2504 37341
stats: size_rcv 43979943 693008190
stats: 422 178 2739
stats: newphase 1 7
stats: 502 5511 6095
stats: size_sent 5014231 45853077
stats: connected 117 1689
stats: 500 219 265
stats: 404 152 192
# stats: dump at 1575625514
stats: users 1706 1747
stats: {freemem,"tsung_controller@ip-172-31-31-191"} 1 270.80859375 0.0 736.26953125 256.49609375 671.6184593023256 43
stats: {load,"tsung_controller@ip-172-31-31-191"} 1 0.5703125 0.0 0.609375 0.0 0.10955668604651163 43
stats: {recvpackets,"tsung_controller@ip-172-31-31-191"} 1 53044.0 0.0 53044 355 13710.261904761905 42
stats: {sentpackets,"tsung_controller@ip-172-31-31-191"} 1 39706.0 0.0 39706 236 8898.47619047619 42
stats: {cpu,"tsung_controller@ip-172-31-31-191"} 1 37.54299754299754 0.0 37.54299754299754 0.34965034965034963 7.350026118580172 43
stats: session 2385 7338.337184905667 5051.772832052282 29858.093 5.016 5109.409052768165 15028
stats: users_count 2409 19119
stats: finish_users_count 2385 17413
stats: request 13111 1147.6769149569022 1328.4444337052116 6078.206 0.635 878.5420576354082 83820
stats: tr_create_post_comment 513 7596.702594541906 4406.855583652453 20679.047 5.423 5220.01595291561 2761
stats: connect 2413 18.684040198922535 49.501253086171154 459.582 0.426 7.067737172962938 16703
stats: page 6768 2268.6159120862903 3003.9315324653794 20678.971 0.701 1596.021368980586 44398
stats: 302 3426 40616
stats: 200 2193 39534
stats: size_rcv 39517493 732525683
stats: 422 116 2855
stats: newphase 0 7
stats: 502 6605 12700
stats: size_sent 5154106 51007183
stats: connected 14 1703
stats: 500 332 597
stats: 404 438 630
# stats: dump at 1575625524
stats: users 1678 1747
stats: {freemem,"tsung_controller@ip-172-31-31-191"} 1 330.921875 0.0 736.26953125 256.49609375 662.5091441761364 44
stats: {load,"tsung_controller@ip-172-31-31-191"} 1 0.55859375 0.0 0.609375 0.0 0.12002840909090909 44
stats: {recvpackets,"tsung_controller@ip-172-31-31-191"} 1 50989.0 0.0 53044 355 14625.0 43
stats: {sentpackets,"tsung_controller@ip-172-31-31-191"} 1 40194.0 0.0 40194 236 9614.93023255814 43
stats: {cpu,"tsung_controller@ip-172-31-31-191"} 1 40.65491183879093 0.0 40.65491183879093 0.34965034965034963 8.036230014589659 44
stats: session 2533 6916.502370311876 4389.834897661407 29858.093 5.016 5414.697836731178 17413
stats: users_count 2505 21624
stats: finish_users_count 2533 19946
stats: connect 2368 2.9687846283783763 6.435932179069417 459.582 0.426 8.534055398618959 19116
stats: request 12769 1136.9423113008102 1354.3208296392897 6078.206 0.635 914.9455520215397 96931
stats: page 6641 2221.425596596906 2869.6326890159635 20678.971 0.701 1684.989040241568 51166
stats: 302 3232 43848
stats: tr_create_post_comment 522 6483.139333333332 4017.78458445024 20679.047 5.112 5592.416761453878 3274
stats: 200 2105 41639
stats: size_rcv 38086402 770612085
stats: 422 142 2997
stats: newphase 0 7
stats: 502 6566 19266
stats: size_sent 4986491 55993674
stats: connected -55 1648
stats: 500 329 926
stats: 404 394 1024
# stats: dump at 1575625534
stats: users 1671 1747
stats: {freemem,"tsung_controller@ip-172-31-31-191"} 1 343.5703125 0.0 736.26953125 256.49609375 655.1405381944444 45
stats: {load,"tsung_controller@ip-172-31-31-191"} 1 0.46875 0.0 0.609375 0.0 0.12977430555555555 45
stats: {recvpackets,"tsung_controller@ip-172-31-31-191"} 1 52878.0 0.0 53044 355 15451.454545454546 44
stats: {sentpackets,"tsung_controller@ip-172-31-31-191"} 1 41866.0 0.0 41866 236 10309.90909090909 44
stats: {cpu,"tsung_controller@ip-172-31-31-191"} 1 41.96654840344653 0.0 41.96654840344653 0.34965034965034963 8.76108961068302 45
stats: session 2463 6679.478299228575 4172.733883378207 29858.093 5.016 5605.416320816203 19946
stats: users_count 2456 24080
stats: finish_users_count 2463 22409
stats: connect 2490 2.8249763052208836 6.180186495983872 459.582 0.426 7.920642571215789 21484
stats: request 13338 1157.0894327485353 1398.010940644455 6078.206 0.635 940.7858129079299 109700
stats: page 6952 2196.441468210582 2808.4485196616124 20678.971 0.697 1746.6160952825803 57807
stats: tr_create_post_comment 495 6612.6399898989985 3932.8875878905073 20679.047 5.112 5714.902847471022 3796
stats: 302 3301 47149
stats: 200 2166 43805
stats: size_rcv 37735300 808347385
stats: 422 103 3100
stats: newphase 0 7
stats: 502 6940 26206
stats: size_sent 5230574 61224248
stats: connected 24 1672
stats: 500 376 1302
stats: 404 452 1476
# stats: dump at 1575625544
stats: users 1687 1747
stats: {freemem,"tsung_controller@ip-172-31-31-191"} 1 349.0078125 0.0 736.26953125 256.49609375 648.3672724184781 46
stats: {load,"tsung_controller@ip-172-31-31-191"} 1 0.55078125 0.0 0.609375 0.0 0.13714334239130435 46
stats: {recvpackets,"tsung_controller@ip-172-31-31-191"} 1 50748.0 0.0 53044 355 16283.155555555555 45
stats: {sentpackets,"tsung_controller@ip-172-31-31-191"} 1 40699.0 0.0 41866 236 11011.155555555555 45
stats: {cpu,"tsung_controller@ip-172-31-31-191"} 1 41.712846347607055 0.0 41.96654840344653 0.34965034965034963 9.482947410525707 46
stats: session 2498 6758.383164931944 4443.213983604393 29858.093 5.016 5723.467757865142 22409
stats: users_count 2514 26594
stats: finish_users_count 2498 24907
stats: connect 2514 2.7918623707239436 6.091324237270268 459.582 0.412 7.391393843330275 23974
stats: request 13479 1119.2519384227357 1419.4481215065125 6781.686 0.635 964.2343221606322 123038
stats: page 7033 2167.8848863927233 2836.3751619927334 20678.971 0.697 1794.905691981039 64759
stats: tr_create_post_comment 531 6269.261433145012 4044.822800671635 20679.047 5.112 5818.463762293173 4291
stats: 302 3182 50331
stats: 200 2045 45850
stats: size_rcv 37152247 845499632
stats: 422 121 3221
stats: newphase 0 7
stats: 502 7388 33594
stats: size_sent 5140721 66364969
stats: connected 4 1676
stats: 500 332 1634
stats: 404 413 1889
# stats: dump at 1575625554
stats: users 1698 1747
stats: {freemem,"tsung_controller@ip-172-31-31-191"} 1 359.640625 0.0 736.26953125 256.49609375 641.9979222074467 47
stats: {load,"tsung_controller@ip-172-31-31-191"} 1 0.78125 0.0 0.78125 0.0 0.14594414893617022 47
stats: {recvpackets,"tsung_controller@ip-172-31-31-191"} 1 50083.0 0.0 53044 355 17032.391304347828 46
stats: {sentpackets,"tsung_controller@ip-172-31-31-191"} 1 40553.0 0.0 41866 236 11656.54347826087 46
stats: {cpu,"tsung_controller@ip-172-31-31-191"} 1 41.62462159434914 0.0 41.96654840344653 0.34965034965034963 10.168689941101906 47
stats: session 2493 6748.561122743686 4416.709997910071 29858.093 5.016 5827.262622234711 24907
stats: users_count 2504 29098
stats: finish_users_count 2493 27400
stats: request 13319 1163.6763271266648 1445.367611597487 6781.686 0.635 979.5399796948359 136517
stats: connect 2477 3.0656701655228136 6.4477271683966615 459.582 0.412 6.954848157656298 26488
stats: page 6954 2203.962074058098 2862.131881606835 20678.971 0.697 1831.4440621935607 71792
stats: tr_create_post_comment 489 6463.590995910024 4008.6666377349 20679.047 5.112 5868.105728950644 4822
stats: 302 3150 53481
stats: 200 2147 47997
stats: size_rcv 39202780 884702412
stats: 422 116 3337
stats: newphase 0 7
stats: 502 7139 40733
stats: size_sent 5137426 71502395
stats: connected 2 1678
stats: 500 327 1961
stats: 404 439 2328
# stats: dump at 1575625564
stats: users 4 1747
stats: {freemem,"tsung_controller@ip-172-31-31-191"} 1 345.05078125 0.0 736.26953125 256.49609375 636.1154785156249 48
stats: {load,"tsung_controller@ip-172-31-31-191"} 1 0.80859375 0.0 0.80859375 0.0 0.1591796875 48
stats: {recvpackets,"tsung_controller@ip-172-31-31-191"} 1 52239.0 0.0 53044 355 17735.595744680853 47
stats: {sentpackets,"tsung_controller@ip-172-31-31-191"} 1 41329.0 0.0 41866 236 12271.36170212766 47
stats: {cpu,"tsung_controller@ip-172-31-31-191"} 1 41.340782122905026 0.0 41.96654840344653 0.34965034965034963 10.824021850544556 48
stats: session 1989 8163.735475615891 3702.598788164577 29858.093 5.016 5911.087336167881 27400
stats: users_count 295 29393
stats: finish_users_count 1989 29389
stats: page 3572 3446.682002239645 3151.028944668814 20678.971 0.689 1864.3408474843184 78746
stats: request 7738 1278.2113914448125 1334.5507237474244 6781.686 0.635 995.9079554245974 149836
stats: tr_create_post_comment 625 5443.351044800002 3961.5003682925685 20679.047 5.112 5922.933877235927 5311
stats: connect 428 2.0284042056074783 3.866477929236379 459.582 0.412 6.622257310547213 28965
stats: 302 3850 57331
stats: 200 1741 49738
stats: size_rcv 40992867 925695279
stats: 422 212 3549
stats: newphase 0 7
stats: 502 1242 41975
stats: size_sent 3220760 74723155
stats: connected -1673 5
stats: 500 158 2119
stats: 404 534 2862
# stats: dump at 1575625574
stats: users 0 1747
stats: {freemem,"tsung_controller@ip-172-31-31-191"} 1 522.70703125 0.0 736.26953125 256.49609375 630.1753826530611 49
stats: {load,"tsung_controller@ip-172-31-31-191"} 1 0.83984375 0.0 0.83984375 0.0 0.17243303571428573 49
stats: {recvpackets,"tsung_controller@ip-172-31-31-191"} 1 30948.0 0.0 53044 355 18454.416666666668 48
stats: {sentpackets,"tsung_controller@ip-172-31-31-191"} 1 17585.0 0.0 41866 236 12876.729166666666 48
stats: {cpu,"tsung_controller@ip-172-31-31-191"} 1 15.519839276745353 0.0 41.96654840344653 0.34965034965034963 11.446812876511096 49
stats: session 4 10600.5245 1284.1397613697472 29858.093 5.016 6063.542919867976 29389
stats: users_count 0 29393
stats: finish_users_count 4 29393
stats: page 5 22.9654 20.094957363478034 20678.971 0.689 1933.0028971549377 82318
stats: request 11 10.379545454545452 6.638183696869833 6781.686 0.635 1009.7710545902238 157574
stats: connect 0 0 0 459.582 0.412 6.5553648827952244 29393
stats: tr_create_post_comment 1 53.631 0.0 20679.047 5.112 5872.438717149597 5936
stats: 302 9 57340
stats: 200 2 49740
stats: size_rcv 23413 925718692
stats: 422 0 3549
stats: newphase 0 7
stats: 502 0 41975
stats: size_sent 7712 74730867
stats: connected -5 0
stats: 500 0 2119
stats: 404 0 2862
# stats: dump at 1575625584
stats: users 0 1747
stats: {freemem,"tsung_controller@ip-172-31-31-191"} 1 552.2265625 0.0 736.26953125 256.49609375 628.0260156249999 50
stats: {load,"tsung_controller@ip-172-31-31-191"} 1 0.7109375 0.0 0.83984375 0.0 0.18578125 50
stats: {recvpackets,"tsung_controller@ip-172-31-31-191"} 1 10.0 0.0 53044 10 18709.38775510204 49
stats: {sentpackets,"tsung_controller@ip-172-31-31-191"} 1 7.0 0.0 41866 7 12972.816326530612 49
stats: {cpu,"tsung_controller@ip-172-31-31-191"} 1 0.0 0.0 41.96654840344653 0.0 11.52827340451578 50
stats: session 0 0 0 29858.093 5.016 6064.16034327901 29393
stats: users_count 0 29393
stats: finish_users_count 0 29393
stats: request 0 0 0 6781.686 0.635 1009.7012934670174 157585
stats: page 0 0 0 20678.971 0.689 1932.886888415147 82323
stats: connect 0 0 0 459.582 0.412 6.5553648827952244 29393
stats: tr_create_post_comment 0 0 0 20679.047 5.112 5871.458624894729 5937
stats: 302 0 57340
stats: 200 0 49740
stats: size_rcv 0 925718692
stats: 422 0 3549
stats: newphase 0 7
stats: 502 0 41975
stats: size_sent 0 74730867
stats: connected 0 0
stats: 500 0 2119
stats: 404 0 2862
# stats: dump at 1575625594
stats: users 0 1747
stats: {freemem,"tsung_controller@ip-172-31-31-191"} 1 552.59765625 0.0 736.26953125 256.49609375 626.5397518382352 51
stats: {load,"tsung_controller@ip-172-31-31-191"} 1 0.6015625 0.0 0.83984375 0.0 0.19607843137254902 51
stats: {recvpackets,"tsung_controller@ip-172-31-31-191"} 1 6.0 0.0 53044 6 18335.4 50
stats: {sentpackets,"tsung_controller@ip-172-31-31-191"} 1 6.0 0.0 41866 6 12713.5 50
stats: {cpu,"tsung_controller@ip-172-31-31-191"} 1 0.04997501249375312 0.0 41.96654840344653 0.0 11.302228827956647 51
stats: session 0 0 0 29858.093 5.016 6064.16034327901 29393
stats: users_count 0 29393
stats: finish_users_count 0 29393
stats: page 0 0 0 20678.971 0.689 1932.886888415147 82323
stats: request 0 0 0 6781.686 0.635 1009.7012934670174 157585
stats: connect 0 0 0 459.582 0.412 6.5553648827952244 29393
stats: tr_create_post_comment 0 0 0 20679.047 5.112 5871.458624894729 5937
stats: 302 0 57340
stats: 200 0 49740
stats: size_rcv 0 925718692
stats: 422 0 3549
stats: newphase 0 7
stats: 502 0 41975
stats: size_sent 0 74730867
stats: connected 0 0
stats: 500 0 2119
stats: 404 0 2862
# stats: dump at 1575625604
stats: users 0 1747
stats: {freemem,"tsung_controller@ip-172-31-31-191"} 1 552.66796875 0.0 736.26953125 256.49609375 625.1177884615383 52
stats: {load,"tsung_controller@ip-172-31-31-191"} 1 0.51171875 0.0 0.83984375 0.0 0.20387620192307693 52
stats: {recvpackets,"tsung_controller@ip-172-31-31-191"} 1 3.0 0.0 53044 3 17976.000000000004 51
stats: {sentpackets,"tsung_controller@ip-172-31-31-191"} 1 3.0 0.0 41866 3 12464.333333333334 51
stats: {cpu,"tsung_controller@ip-172-31-31-191"} 1 0.0 0.0 41.96654840344653 0.0 11.085839331505438 52
stats: session 0 0 0 29858.093 5.016 6064.16034327901 29393
stats: users_count 0 29393
stats: finish_users_count 0 29393
stats: page 0 0 0 20678.971 0.689 1932.886888415147 82323
stats: request 0 0 0 6781.686 0.635 1009.7012934670174 157585
stats: connect 0 0 0 459.582 0.412 6.5553648827952244 29393
stats: tr_create_post_comment 0 0 0 20679.047 5.112 5871.458624894729 5937
stats: 302 0 57340
stats: 200 0 49740
stats: size_rcv 0 925718692
stats: 422 0 3549
stats: newphase 0 7
stats: 502 0 41975
stats: size_sent 0 74730867
stats: connected 0 0
stats: 500 0 2119
stats: 404 0 2862
# stats: dump at 1575625614
stats: users 0 1747
stats: {freemem,"tsung_controller@ip-172-31-31-191"} 1 553.64453125 0.0 736.26953125 256.49609375 623.750810731132 53
stats: {load,"tsung_controller@ip-172-31-31-191"} 1 0.4296875 0.0 0.83984375 0.0 0.20968455188679244 53
stats: {recvpackets,"tsung_controller@ip-172-31-31-191"} 1 0.0 0.0 53044 0 17630.36538461539 52
stats: {sentpackets,"tsung_controller@ip-172-31-31-191"} 1 1.0 0.0 41866 1 12224.692307692309 52
stats: {cpu,"tsung_controller@ip-172-31-31-191"} 1 0.0 0.0 41.96654840344653 0.0 10.876672551665713 53
stats: session 0 0 0 29858.093 5.016 6064.16034327901 29393
stats: users_count 0 29393
stats: finish_users_count 0 29393
stats: connect 0 0 0 459.582 0.412 6.5553648827952244 29393
stats: request 0 0 0 6781.686 0.635 1009.7012934670174 157585
stats: page 0 0 0 20678.971 0.689 1932.886888415147 82323
stats: tr_create_post_comment 0 0 0 20679.047 5.112 5871.458624894729 5937
stats: 302 0 57340
stats: 200 0 49740
stats: size_rcv 0 925718692
stats: 422 0 3549
stats: newphase 0 7
stats: 502 0 41975
stats: size_sent 0 74730867
stats: connected 0 0
stats: 500 0 2119
stats: 404 0 2862
# stats: dump at 1575625616
stats: users 0 1747
stats: {freemem,"tsung_controller@ip-172-31-31-191"} 1 553.7734375 0.0 736.26953125 256.49609375 622.4525462962962 54
stats: {load,"tsung_controller@ip-172-31-31-191"} 1 0.359375 0.0 0.83984375 0.0 0.21375868055555555 54
stats: {recvpackets,"tsung_controller@ip-172-31-31-191"} 1 0.0 0.0 53044 0 17297.71698113208 53
stats: {sentpackets,"tsung_controller@ip-172-31-31-191"} 1 0.0 0.0 41866 0 11994.056603773584 53
stats: {cpu,"tsung_controller@ip-172-31-31-191"} 1 0.09995002498750624 0.0 41.96654840344653 0.0 10.675252689597828 54
stats: session 0 0 0 29858.093 5.016 6064.16034327901 29393
stats: users_count 0 29393
stats: finish_users_count 0 29393
stats: request 0 0 0 6781.686 0.635 1009.7012934670174 157585
stats: connect 0 0 0 459.582 0.412 6.5553648827952244 29393
stats: page 0 0 0 20678.971 0.689 1932.886888415147 82323
stats: 302 0 57340
stats: tr_create_post_comment 0 0 0 20679.047 5.112 5871.458624894729 5937
stats: 200 0 49740
stats: size_rcv 0 925718692
stats: 422 0 3549
stats: newphase 0 7
stats: 502 0 41975
stats: size_sent 0 74730867
stats: connected 0 0
stats: 500 0 2119
stats: 404 0 2862
EndMonitor:{1575,625616,219480}