# stats: dump at 1575622923
stats: users 3 3
stats: {freemem,"tsung_controller@ip-172-31-31-191"} 1 735.2890625 0 735.2890625 735.2890625 0 0
stats: {load,"tsung_controller@ip-172-31-31-191"} 1 0.0 0 0.0 0.0 0 0
stats: {cpu,"tsung_controller@ip-172-31-31-191"} 1 1.1698849839820982 0 1.1698849839820982 1.1698849839820982 0 0
stats: session 10 822.3169 638.5637823584187 2129.914 275.444 0 0
stats: users_count 13 13
stats: finish_users_count 10 10
stats: request 51 83.74854901960784 89.06563726744136 309.001 5.133 0 0
stats: tr_create_post_comment 1 98.642 0 98.642 98.642 0 0
stats: connect 11 4.506181818181819 5.070685838822303 15.088 0.944 0 0
stats: page 29 147.3618620689655 148.39520145758132 487.977 5.83 0 0
stats: 302 22 22
stats: 200 27 27
stats: size_rcv 550648 550648
stats: 422 2 2
stats: size_sent 27482 27482
stats: connected 2 2
# stats: dump at 1575622933
stats: users 3 7
stats: {freemem,"tsung_controller@ip-172-31-31-191"} 1 734.37109375 0.0 735.2890625 734.37109375 735.2890625 1
stats: {load,"tsung_controller@ip-172-31-31-191"} 1 0.0 0.0 0.0 0.0 0.0 1
stats: {recvpackets,"tsung_controller@ip-172-31-31-191"} 1 631 0 631 631 0 0
stats: {sentpackets,"tsung_controller@ip-172-31-31-191"} 1 408 0 408 408 0 0
stats: {cpu,"tsung_controller@ip-172-31-31-191"} 1 0.6490264603095357 0.0 1.1698849839820982 0.6490264603095357 1.1698849839820982 1
stats: session 28 961.5900714285715 975.3971396234288 4841.926 251.154 822.3169 10
stats: users_count 28 41
stats: finish_users_count 28 38
stats: request 156 56.64446794871799 79.06868658709304 309.001 3.398 83.74854901960784 51
stats: connect 29 12.540448275862065 34.27276983220735 160.765 0.78 4.506181818181819 11
stats: page 76 113.33313157894743 123.80237904050126 487.977 4.058 147.3618620689655 29
stats: tr_create_post_comment 7 58.627 9.722498503103882 98.642 48.498 98.642 1
stats: 302 77 99
stats: 200 72 99
stats: size_rcv 1307529 1858177
stats: 422 7 9
stats: size_sent 90441 117923
stats: connected 2 4
# stats: dump at 1575622943
stats: users 1 7
stats: {freemem,"tsung_controller@ip-172-31-31-191"} 1 733.078125 0.0 735.2890625 733.078125 734.830078125 2
stats: {load,"tsung_controller@ip-172-31-31-191"} 1 0.0 0.0 0.0 0.0 0.0 2
stats: {recvpackets,"tsung_controller@ip-172-31-31-191"} 1 1159.0 0.0 1159 631 631.0 1
stats: {sentpackets,"tsung_controller@ip-172-31-31-191"} 1 749.0 0.0 749 408 408.0 1
stats: {cpu,"tsung_controller@ip-172-31-31-191"} 1 0.8483033932135728 0.0 1.1698849839820982 0.6490264603095357 0.9094557221458169 2
stats: session 18 757.9607222222222 648.6383896177185 4841.926 235.946 924.9392368421053 38
stats: users_count 16 57
stats: finish_users_count 18 56
stats: request 93 51.62933333333333 79.45152827675841 309.001 3.398 63.32228502415462 207
stats: page 50 100.71666 114.75659045573114 487.977 4.023 122.73154285714291 105
stats: connect 16 3.0349375 7.011225521162029 160.765 0.78 10.331024999999997 40
stats: 302 48 147
stats: tr_create_post_comment 4 51.767 4.62677603737203 98.642 47.298 63.628875 8
stats: 200 42 141
stats: size_rcv 820047 2678224
stats: 422 3 12
stats: size_sent 50842 168765
stats: connected -3 1
# stats: dump at 1575622953
stats: users 3 7
stats: {freemem,"tsung_controller@ip-172-31-31-191"} 1 731.6953125 0.0 735.2890625 731.6953125 734.24609375 3
stats: {load,"tsung_controller@ip-172-31-31-191"} 1 0.0 0.0 0.0 0.0 0.0 3
stats: {recvpackets,"tsung_controller@ip-172-31-31-191"} 1 745.0 0.0 1159 631 895.0 2
stats: {sentpackets,"tsung_controller@ip-172-31-31-191"} 1 738.0 0.0 749 408 578.5 2
stats: {cpu,"tsung_controller@ip-172-31-31-191"} 1 1.4427860696517412 0.0 1.4427860696517412 0.6490264603095357 0.8890716125017356 3
stats: session 16 720.1147499999998 588.1599634419725 4841.926 235.946 871.2675714285714 56
stats: users_count 18 75
stats: finish_users_count 16 72
stats: request 74 58.31422972972971 80.79405067081717 309.001 3.398 59.69747000000002 300
stats: page 43 100.42013953488373 117.78270261298026 487.977 4.023 115.62996774193552 155
stats: connect 17 6.099529411764707 10.448189300586954 160.765 0.78 8.246428571428568 56
stats: tr_create_post_comment 1 53.182 0.0 98.642 47.298 59.67491666666667 12
stats: 302 30 177
stats: 200 39 180
stats: size_rcv 700314 3378538
stats: 422 5 17
stats: size_sent 40285 209050
stats: connected 1 2
# stats: dump at 1575622963
stats: users 1 7
stats: {freemem,"tsung_controller@ip-172-31-31-191"} 1 731.62109375 0.0 735.2890625 731.62109375 733.6083984375 4
stats: {load,"tsung_controller@ip-172-31-31-191"} 1 0.16015625 0.0 0.16015625 0.0 0.0 4
stats: {recvpackets,"tsung_controller@ip-172-31-31-191"} 1 695.0 0.0 1159 631 845.0 3
stats: {sentpackets,"tsung_controller@ip-172-31-31-191"} 1 465.0 0.0 749 408 631.6666666666666 3
stats: {cpu,"tsung_controller@ip-172-31-31-191"} 1 0.4 0.0 1.4427860696517412 0.4 1.027500226789237 4
stats: session 19 929.2507368421052 636.3031902316976 4841.926 235.946 837.6780555555555 72
stats: users_count 17 92
stats: finish_users_count 19 91
stats: request 94 63.4062872340425 85.09769550491534 309.001 3.398 59.42378074866312 374
stats: tr_create_post_comment 1 52.188 0.0 98.642 47.298 59.17546153846154 13
stats: connect 19 1.828842105263158 1.618474468951611 160.765 0.78 7.746465753424656 73
stats: 302 40 217
stats: page 55 108.4451818181818 120.69723369731855 487.977 4.023 112.32682323232325 198
stats: 200 50 230
stats: size_rcv 984480 4363018
stats: 422 4 21
stats: size_sent 49874 258924
stats: connected 0 2
# stats: dump at 1575622973
stats: users 1 7
stats: {freemem,"tsung_controller@ip-172-31-31-191"} 1 732.41015625 0.0 735.2890625 731.62109375 733.2109375 5
stats: {load,"tsung_controller@ip-172-31-31-191"} 1 0.12890625 0.0 0.16015625 0.0 0.03203125 5
stats: {recvpackets,"tsung_controller@ip-172-31-31-191"} 1 808.0 0.0 1159 631 807.5 4
stats: {sentpackets,"tsung_controller@ip-172-31-31-191"} 1 525.0 0.0 749 408 590.0 4
stats: {cpu,"tsung_controller@ip-172-31-31-191"} 1 0.5 0.0 1.4427860696517412 0.4 0.9020001814313897 5
stats: session 21 754.0807142857141 537.0207737594997 4841.926 235.946 856.7976263736263 91
stats: users_count 21 113
stats: finish_users_count 21 112
stats: page 61 98.30206557377048 112.76187170357746 487.977 4.023 111.4829881422925 253
stats: request 121 49.51457851239669 77.44374208820231 309.001 3.398 60.2236858974359 468
stats: connect 21 1.5938095238095238 1.1577275614651161 160.765 0.78 6.524347826086955 92
stats: 302 64 281
stats: tr_create_post_comment 6 54.03066666666667 5.265520951329401 98.642 45.481 58.67635714285715 14
stats: 200 54 284
stats: size_rcv 934953 5297971
stats: 422 3 24
stats: size_sent 69423 328347
stats: connected -1 1
# stats: dump at 1575622983
stats: users 6 11
stats: {freemem,"tsung_controller@ip-172-31-31-191"} 1 732.8125 0.0 735.2890625 731.62109375 733.0774739583334 6
stats: {load,"tsung_controller@ip-172-31-31-191"} 1 0.19140625 0.0 0.19140625 0.0 0.048177083333333336 6
stats: {recvpackets,"tsung_controller@ip-172-31-31-191"} 1 836.0 0.0 1159 631 807.6 5
stats: {sentpackets,"tsung_controller@ip-172-31-31-191"} 1 569.0 0.0 749 408 577.0 5
stats: {cpu,"tsung_controller@ip-172-31-31-191"} 1 0.997506234413965 0.0 1.4427860696517412 0.4 0.8350001511928248 6
stats: session 31 682.9710967741936 585.4171393244833 4841.926 235.946 837.5382053571427 112
stats: users_count 36 149
stats: finish_users_count 31 143
stats: request 175 62.8941257142857 84.49627588484034 309.001 3.398 58.023682512733444 589
stats: connect 36 23.050305555555557 52.813811997020586 236.47 0.78 5.608053097345132 113
stats: page 93 118.43330107526884 119.60834000579393 487.977 4.023 108.92236305732484 314
stats: tr_create_post_comment 5 50.5098 3.679997956521173 98.642 44.009 57.282650000000004 20
stats: 302 77 358
stats: 200 90 374
stats: size_rcv 1624883 6922854
stats: 422 8 32
stats: newphase 1 1
stats: size_sent 96797 425144
stats: connected 6 7
# stats: dump at 1575622993
stats: users 3 11
stats: {freemem,"tsung_controller@ip-172-31-31-191"} 1 732.45703125 0.0 735.2890625 731.62109375 733.0396205357143 7
stats: {load,"tsung_controller@ip-172-31-31-191"} 1 0.16015625 0.0 0.19140625 0.0 0.06863839285714286 7
stats: {recvpackets,"tsung_controller@ip-172-31-31-191"} 1 1447.0 0.0 1447 631 812.3333333333334 6
stats: {sentpackets,"tsung_controller@ip-172-31-31-191"} 1 973.0 0.0 973 408 575.6666666666666 6
stats: {cpu,"tsung_controller@ip-172-31-31-191"} 1 0.8453505718547987 0.0 1.4427860696517412 0.4 0.858215305938702 7
stats: session 41 1380.3185853658542 1212.9151449323413 5209.146 235.946 804.0306503496503 143
stats: users_count 38 187
stats: finish_users_count 41 184
stats: request 236 48.0062372881356 76.48003086124454 309.001 3.398 59.1392945026178 764
stats: connect 37 14.21705405405405 45.620499425531456 260.858 0.774 9.822288590604026 149
stats: page 105 108.00746666666664 116.02918749760187 487.977 4.023 111.0956240786241 407
stats: tr_create_post_comment 14 52.9115 14.011826651337891 101.309 44.009 55.92808 25
stats: 302 124 482
stats: 200 104 478
stats: size_rcv 1721602 8644456
stats: 422 8 40
stats: newphase 0 1
stats: size_sent 139527 564671
stats: connected -2 5
# stats: dump at 1575623003
stats: users 6 11
stats: {freemem,"tsung_controller@ip-172-31-31-191"} 1 732.59375 0.0 735.2890625 731.62109375 732.966796875 8
stats: {load,"tsung_controller@ip-172-31-31-191"} 1 0.2109375 0.0 0.2109375 0.0 0.080078125 8
stats: {recvpackets,"tsung_controller@ip-172-31-31-191"} 1 1634.0 0.0 1634 631 903.0 7
stats: {sentpackets,"tsung_controller@ip-172-31-31-191"} 1 1118.0 0.0 1118 408 632.4285714285714 7
stats: {cpu,"tsung_controller@ip-172-31-31-191"} 1 0.9940357852882704 0.0 1.4427860696517412 0.4 0.8566072141782141 8
stats: session 48 966.3392083333334 927.0042797987317 5209.146 235.946 932.4426358695653 184
stats: users_count 51 238
stats: finish_users_count 48 232
stats: request 267 52.616509363295854 81.85926076554425 309.001 3.398 56.511893 1000
stats: connect 48 2.9400416666666658 6.779969852926871 260.858 0.72 10.696516129032256 186
stats: page 143 98.3146363636364 113.45717471755039 487.977 4.023 110.46231054687502 512
stats: tr_create_post_comment 11 56.416818181818186 16.11894120602547 105.156 43.791 54.84520512820512 39
stats: 302 139 621
stats: 200 123 601
stats: size_rcv 2145319 10789775
stats: 422 5 45
stats: newphase 0 1
stats: size_sent 150684 715355
stats: connected -3 2
# stats: dump at 1575623013
stats: users 5 11
stats: {freemem,"tsung_controller@ip-172-31-31-191"} 1 732.1953125 0.0 735.2890625 731.62109375 732.9253472222222 9
stats: {load,"tsung_controller@ip-172-31-31-191"} 1 0.1796875 0.0 0.2109375 0.0 0.09461805555555555 9
stats: {recvpackets,"tsung_controller@ip-172-31-31-191"} 1 1782.0 0.0 1782 631 994.375 8
stats: {sentpackets,"tsung_controller@ip-172-31-31-191"} 1 1215.0 0.0 1215 408 693.125 8
stats: {cpu,"tsung_controller@ip-172-31-31-191"} 1 0.8449304174950298 0.0 1.4427860696517412 0.4 0.8718770554126647 9
stats: session 38 764.0439736842105 751.7552439973044 5209.146 235.056 939.4557198275862 232
stats: users_count 37 275
stats: finish_users_count 38 270
stats: request 179 56.91339664804466 83.27445314062774 309.001 3.264 55.691003157063925 1267
stats: connect 39 3.102025641025641 7.486095971651608 260.858 0.72 9.105444444444442 234
stats: page 107 93.31675700934579 111.20965346838275 487.977 4.023 107.81022290076338 655
stats: tr_create_post_comment 4 51.497 5.283192264152421 105.156 43.791 55.19096 50
stats: 302 85 706
stats: 200 88 689
stats: size_rcv 1688098 12477873
stats: 422 6 51
stats: newphase 0 1
stats: size_sent 96696 812051
stats: connected 2 4
# stats: dump at 1575623023
stats: users 7 11
stats: {freemem,"tsung_controller@ip-172-31-31-191"} 1 732.3359375 0.0 735.2890625 731.62109375 732.85234375 10
stats: {load,"tsung_controller@ip-172-31-31-191"} 1 0.1484375 0.0 0.2109375 0.0 0.103125 10
stats: {recvpackets,"tsung_controller@ip-172-31-31-191"} 1 1404.0 0.0 1782 631 1081.888888888889 9
stats: {sentpackets,"tsung_controller@ip-172-31-31-191"} 1 962.0 0.0 1215 408 751.1111111111111 9
stats: {cpu,"tsung_controller@ip-172-31-31-191"} 1 0.6968641114982579 0.0 1.4427860696517412 0.4 0.8691823916209012 10
stats: session 43 895.7828837209304 844.1078737346866 5209.146 234.725 914.7681407407408 270
stats: users_count 45 320
stats: finish_users_count 43 313
stats: request 234 51.853166666666674 79.41584007223122 309.001 3.264 55.84232295988934 1446
stats: connect 44 3.4882272727272725 7.630255648831755 260.858 0.72 8.247813186813184 273
stats: page 119 103.80308403361344 115.19390722906668 487.977 3.866 105.77505118110237 762
stats: tr_create_post_comment 8 48.18400000000001 4.872026657357282 105.156 37.888 54.917333333333325 54
stats: 302 107 813
stats: 200 115 804
stats: size_rcv 2003904 14481777
stats: 422 12 63
stats: newphase 0 1
stats: size_sent 131804 943855
stats: connected 0 4
# stats: dump at 1575623033
stats: users 4 11
stats: {freemem,"tsung_controller@ip-172-31-31-191"} 1 732.67578125 0.0 735.2890625 731.62109375 732.8053977272727 11
stats: {load,"tsung_controller@ip-172-31-31-191"} 1 0.12890625 0.0 0.2109375 0.0 0.10724431818181818 11
stats: {recvpackets,"tsung_controller@ip-172-31-31-191"} 1 1695.0 0.0 1782 631 1114.1 10
stats: {sentpackets,"tsung_controller@ip-172-31-31-191"} 1 1144.0 0.0 1215 408 772.2 10
stats: {cpu,"tsung_controller@ip-172-31-31-191"} 1 0.8955223880597015 0.0 1.4427860696517412 0.4 0.8535170934279336 11
stats: session 37 762.296837837838 761.4077188512723 5209.146 234.725 912.1599424920129 313
stats: users_count 34 354
stats: finish_users_count 37 350
stats: request 187 55.93531016042781 82.57911016884438 309.001 3.264 55.286690476190465 1680
stats: connect 36 4.011472222222222 8.401604587108185 260.858 0.684 7.587176656151417 317
stats: page 104 100.64334615384611 112.116500077681 487.977 3.273 105.50869012485812 881
stats: tr_create_post_comment 5 51.330999999999996 3.076842342402355 105.156 37.888 54.04851612903226 62
stats: 302 87 900
stats: 200 93 897
stats: size_rcv 1556282 16038059
stats: 422 7 70
stats: newphase 0 1
stats: size_sent 102303 1046158
stats: connected 0 4
# stats: dump at 1575623043
stats: users 4 14
stats: {freemem,"tsung_controller@ip-172-31-31-191"} 1 732.30078125 0.0 735.2890625 731.62109375 732.7945963541666 12
stats: {load,"tsung_controller@ip-172-31-31-191"} 1 0.109375 0.0 0.2109375 0.0 0.10904947916666667 12
stats: {recvpackets,"tsung_controller@ip-172-31-31-191"} 1 1226.0 0.0 1782 631 1166.909090909091 11
stats: {sentpackets,"tsung_controller@ip-172-31-31-191"} 1 865.0 0.0 1215 408 806.0 11
stats: {cpu,"tsung_controller@ip-172-31-31-191"} 1 0.8955223880597015 0.0 1.4427860696517412 0.4 0.8570175346472476 12
stats: session 64 882.6928750000002 942.7177302660891 5209.146 233.567 896.3172714285715 350
stats: users_count 64 418
stats: finish_users_count 64 414
stats: request 359 52.25662395543176 82.32999376455001 487.853 3.264 55.35165666845206 1867
stats: connect 65 7.620584615384615 26.62089524062012 260.858 0.684 7.222515580736542 353
stats: page 182 103.16196703296704 114.47315827762357 511.769 3.273 104.99498883248731 985
stats: tr_create_post_comment 16 57.18931249999999 18.436571643471133 110.004 37.888 53.84571641791044 67
stats: 302 181 1081
stats: 200 166 1063
stats: size_rcv 2724439 18762498
stats: 422 12 82
stats: newphase 1 2
stats: size_sent 203776 1249934
stats: connected 1 5
# stats: dump at 1575623053
stats: users 10 15
stats: {freemem,"tsung_controller@ip-172-31-31-191"} 1 732.0703125 0.0 735.2890625 731.62109375 732.7566105769231 13
stats: {load,"tsung_controller@ip-172-31-31-191"} 1 0.08984375 0.0 0.2109375 0.0 0.10907451923076923 13
stats: {recvpackets,"tsung_controller@ip-172-31-31-191"} 1 2494.0 0.0 2494 631 1171.8333333333333 12
stats: {sentpackets,"tsung_controller@ip-172-31-31-191"} 1 1718.0 0.0 1718 408 810.9166666666666 12
stats: {cpu,"tsung_controller@ip-172-31-31-191"} 1 1.240694789081886 0.0 1.4427860696517412 0.4 0.8599794464482056 13
stats: session 83 1002.3261686746988 1039.8125329514157 6083.237 233.567 894.211084541063 414
stats: users_count 89 507
stats: finish_users_count 83 497
stats: connect 87 11.990965517241388 39.744594077410355 260.858 0.684 7.284416267942582 418
stats: tr_create_post_comment 12 48.30558333333334 4.705229279895815 110.004 37.888 54.49026506024095 83
stats: 302 197 1278
stats: request 436 56.1391788990826 83.90088363265049 487.853 3.231 54.85250269541779 2226
stats: page 231 104.9490043290043 118.4027659501092 511.769 3.273 104.70911910882604 1167
stats: 200 219 1282
stats: size_rcv 4128833 22891331
stats: 422 20 102
stats: newphase 0 2
stats: size_sent 244778 1494712
stats: connected 6 11
# stats: dump at 1575623063
stats: users 8 15
stats: {freemem,"tsung_controller@ip-172-31-31-191"} 1 729.95703125 0.0 735.2890625 729.95703125 732.7075892857143 14
stats: {load,"tsung_controller@ip-172-31-31-191"} 1 0.078125 0.0 0.2109375 0.0 0.10770089285714286 14
stats: {recvpackets,"tsung_controller@ip-172-31-31-191"} 1 3782.0 0.0 3782 631 1273.5384615384614 13
stats: {sentpackets,"tsung_controller@ip-172-31-31-191"} 1 2516.0 0.0 2516 408 880.6923076923077 13
stats: {cpu,"tsung_controller@ip-172-31-31-191"} 1 2.1749876421156698 0.0 2.1749876421156698 0.4 0.8871733994934684 14
stats: session 84 859.1178571428572 813.9530964087013 6083.237 230.858 912.2665211267607 497
stats: users_count 82 589
stats: finish_users_count 84 581
stats: request 426 55.1013661971831 81.97468173120059 487.853 3.231 55.063243050338095 2662
stats: connect 83 4.1576746987951845 9.036532404978546 260.858 0.684 8.095247524752477 505
stats: page 234 101.44775641025637 116.36114177097133 511.769 3.273 104.74875679542203 1398
stats: tr_create_post_comment 12 50.72516666666667 5.939678776855043 110.004 37.888 53.70904210526315 95
stats: 302 194 1472
stats: 200 211 1493
stats: size_rcv 3991416 26882747
stats: 422 21 123
stats: newphase 0 2
stats: size_sent 233644 1728356
stats: connected -4 7
# stats: dump at 1575623073
stats: users 2 15
stats: {freemem,"tsung_controller@ip-172-31-31-191"} 1 731.41796875 0.0 735.2890625 729.95703125 732.52421875 15
stats: {load,"tsung_controller@ip-172-31-31-191"} 1 0.05859375 0.0 0.2109375 0.0 0.10572916666666667 15
stats: {recvpackets,"tsung_controller@ip-172-31-31-191"} 1 3254.0 0.0 3782 631 1452.7142857142858 14
stats: {sentpackets,"tsung_controller@ip-172-31-31-191"} 1 2165.0 0.0 2516 408 997.5 14
stats: {cpu,"tsung_controller@ip-172-31-31-191"} 1 1.625615763546798 0.0 2.1749876421156698 0.4 0.9730276823349484 15
stats: session 80 768.5760624999998 747.2144293351868 6083.237 230.858 904.5823769363168 581
stats: users_count 74 663
stats: finish_users_count 80 661
stats: request 439 47.75299088838271 78.16785207339124 487.853 3.141 55.06850226683938 3088
stats: connect 74 2.23927027027027 5.902491300169413 260.858 0.669 7.539433673469389 588
stats: page 218 96.2007844036698 109.00354217005359 511.769 3.273 104.27545159313725 1632
stats: tr_create_post_comment 22 54.57845454545455 12.196418515759872 110.004 37.888 53.37440186915887 107
stats: 302 233 1705
stats: 200 196 1689
stats: size_rcv 3215053 30097800
stats: 422 10 133
stats: newphase 0 2
stats: size_sent 253697 1982053
stats: connected -5 2
# stats: dump at 1575623083
stats: users 7 16
stats: {freemem,"tsung_controller@ip-172-31-31-191"} 1 731.91015625 0.0 735.2890625 729.95703125 732.455078125 16
stats: {load,"tsung_controller@ip-172-31-31-191"} 1 0.05078125 0.0 0.2109375 0.0 0.102783203125 16
stats: {recvpackets,"tsung_controller@ip-172-31-31-191"} 1 2609.0 0.0 3782 631 1572.8 15
stats: {sentpackets,"tsung_controller@ip-172-31-31-191"} 1 1839.0 0.0 2516 408 1075.3333333333333 15
stats: {cpu,"tsung_controller@ip-172-31-31-191"} 1 1.6328550222662048 0.0 2.1749876421156698 0.4 1.013814437410689 16
stats: session 87 916.1342183908042 896.6192235315439 6083.237 230.858 888.1217034795764 661
stats: users_count 92 755
stats: finish_users_count 87 748
stats: request 481 52.64233264033266 81.35160774903568 487.853 3.141 54.15795236745109 3527
stats: connect 91 2.4093296703296705 6.554092203851896 260.858 0.669 6.94696827794562 662
stats: page 250 101.39772000000005 115.3806283635238 511.769 3.273 103.32395027027026 1850
stats: tr_create_post_comment 18 50.43205555555556 7.212366043217582 110.004 37.888 53.57974418604651 129
stats: 302 230 1935
stats: 200 234 1923
stats: size_rcv 3994180 34091980
stats: 422 17 150
stats: newphase 0 2
stats: size_sent 271451 2253504
stats: connected 4 6
# stats: dump at 1575623093
stats: users 4 16
stats: {freemem,"tsung_controller@ip-172-31-31-191"} 1 732.23828125 0.0 735.2890625 729.95703125 732.4230238970588 17
stats: {load,"tsung_controller@ip-172-31-31-191"} 1 0.05078125 0.0 0.2109375 0.0 0.09972426470588236 17
stats: {recvpackets,"tsung_controller@ip-172-31-31-191"} 1 3432.0 0.0 3782 631 1637.5625 16
stats: {sentpackets,"tsung_controller@ip-172-31-31-191"} 1 2354.0 0.0 2516 408 1123.0625 16
stats: {cpu,"tsung_controller@ip-172-31-31-191"} 1 1.828966880869995 0.0 2.1749876421156698 0.4 1.0502285894610135 17
stats: session 70 934.9162142857143 945.9303826073173 6083.237 230.858 891.3798435828876 748
stats: users_count 67 822
stats: finish_users_count 70 818
stats: request 369 52.925027100270974 81.47455449348918 487.853 3.141 53.9760628742515 4008
stats: connect 69 3.299623188405796 6.802401411226942 260.858 0.609 6.3985949535192574 753
stats: page 191 101.03438219895284 116.45203355576396 511.769 3.273 103.09463714285715 2100
stats: tr_create_post_comment 12 52.74466666666667 8.806917634576937 110.004 37.888 53.19431292517007 147
stats: 302 171 2106
stats: 200 182 2105
stats: size_rcv 3467516 37559496
stats: 422 16 166
stats: newphase 0 2
stats: size_sent 207364 2460868
stats: connected 0 6
# stats: dump at 1575623103
stats: users 17 25
stats: {freemem,"tsung_controller@ip-172-31-31-191"} 1 731.08203125 0.0 735.2890625 729.95703125 732.4127604166666 18
stats: {load,"tsung_controller@ip-172-31-31-191"} 1 0.0390625 0.0 0.2109375 0.0 0.09700520833333333 18
stats: {recvpackets,"tsung_controller@ip-172-31-31-191"} 1 3326.0 0.0 3782 631 1743.1176470588234 17
stats: {sentpackets,"tsung_controller@ip-172-31-31-191"} 1 2227.0 0.0 2516 408 1195.4705882352941 17
stats: {cpu,"tsung_controller@ip-172-31-31-191"} 1 1.3399503722084367 0.0 2.1749876421156698 0.4 1.0934918278726236 18
stats: session 140 879.2735857142857 674.610757490834 6083.237 230.858 895.1054498777505 818
stats: users_count 153 975
stats: finish_users_count 140 958
stats: request 747 58.07429986613126 83.64396673788066 487.853 3.141 53.88745602010509 4377
stats: connect 151 8.222847682119204 30.86627677488308 260.858 0.609 6.138462287104624 822
stats: page 415 105.19708915662656 116.72294985578213 511.769 3.273 102.92287429070275 2291
stats: tr_create_post_comment 22 54.55995454545455 13.17593976802646 110.004 37.888 53.160377358490564 159
stats: 302 352 2458
stats: 200 369 2474
stats: size_rcv 7203443 44762939
stats: 422 26 192
stats: newphase 1 3
stats: size_sent 411778 2872646
stats: connected 9 15
# stats: dump at 1575623113
stats: users 13 25
stats: {freemem,"tsung_controller@ip-172-31-31-191"} 1 725.703125 0.0 735.2890625 725.703125 732.3427220394736 19
stats: {load,"tsung_controller@ip-172-31-31-191"} 1 0.03125 0.0 0.2109375 0.0 0.09395559210526316 19
stats: {recvpackets,"tsung_controller@ip-172-31-31-191"} 1 6345.0 0.0 6345 631 1831.0555555555557 18
stats: {sentpackets,"tsung_controller@ip-172-31-31-191"} 1 4431.0 0.0 4431 408 1252.7777777777778 18
stats: {cpu,"tsung_controller@ip-172-31-31-191"} 1 4.410354745925216 0.0 4.410354745925216 0.4 1.1064633302060876 19
stats: session 156 1007.3746538461547 941.4356699279432 6083.237 230.858 892.7918162839247 958
stats: users_count 152 1127
stats: finish_users_count 156 1114
stats: request 856 53.96519509345794 83.06028722898351 487.853 2.926 54.49783313817331 5124
stats: connect 153 20.582601307189552 54.98093866895577 268.255 0.609 6.461938335046249 973
stats: page 434 106.51986635944697 114.04855175600044 511.769 3.273 103.27165447154472 2706
stats: tr_create_post_comment 38 49.96589473684211 5.083137017264838 110.004 37.888 53.33049171270718 181
stats: 302 432 2890
stats: 200 395 2869
stats: size_rcv 6855809 51618748
stats: 422 29 221
stats: newphase 0 3
stats: size_sent 487378 3360024
stats: connected -3 12
# stats: dump at 1575623123
stats: users 15 25
stats: {freemem,"tsung_controller@ip-172-31-31-191"} 1 724.34375 0.0 735.2890625 724.34375 732.0107421875 20
stats: {load,"tsung_controller@ip-172-31-31-191"} 1 0.03125 0.0 0.2109375 0.0 0.0908203125 20
stats: {recvpackets,"tsung_controller@ip-172-31-31-191"} 1 5891.0 0.0 6345 631 2068.6315789473683 19
stats: {sentpackets,"tsung_controller@ip-172-31-31-191"} 1 4023.0 0.0 4431 408 1420.0526315789473 19
stats: {cpu,"tsung_controller@ip-172-31-31-191"} 1 4.61010299166258 0.0 4.61010299166258 0.4 1.271657900992044 20
stats: session 155 928.7694645161291 960.900469972614 6083.237 230.858 908.8375278276482 1114
stats: users_count 157 1284
stats: finish_users_count 155 1269
stats: request 851 52.03684018801413 81.22769980393775 487.853 2.817 54.42158929765887 5980
stats: connect 158 3.364892405063291 8.749964589140241 268.255 0.609 8.380642984014212 1126
stats: page 437 101.41866819221974 114.42529715383506 511.769 3.273 103.72061114649681 3140
stats: tr_create_post_comment 36 55.82330555555555 38.295940905314005 276.265 30.605 52.7466803652968 219
stats: 302 423 3313
stats: 200 395 3264
stats: size_rcv 7569816 59188564
stats: 422 33 254
stats: newphase 0 3
stats: size_sent 479221 3839245
stats: connected 4 16
# stats: dump at 1575623133
stats: users 12 25
stats: {freemem,"tsung_controller@ip-172-31-31-191"} 1 725.07421875 0.0 735.2890625 724.34375 731.6456473214286 21
stats: {load,"tsung_controller@ip-172-31-31-191"} 1 0.01953125 0.0 0.2109375 0.0 0.08798363095238096 21
stats: {recvpackets,"tsung_controller@ip-172-31-31-191"} 1 6.5e3 0.0 6500 631 2259.75 20
stats: {sentpackets,"tsung_controller@ip-172-31-31-191"} 1 4327.0 0.0 4431 408 1550.2 20
stats: {cpu,"tsung_controller@ip-172-31-31-191"} 1 3.3625730994152043 0.0 4.61010299166258 0.4 1.43063147673826 21
stats: session 156 984.3303974358977 1126.5514497205145 7370.338 228.738 911.2720827423168 1269
stats: users_count 153 1437
stats: finish_users_count 156 1425
stats: request 847 52.00281345926799 82.32106580739412 487.853 2.817 54.12449934123848 6831
stats: connect 153 1.5315751633986927 2.714233007594201 268.255 0.609 7.76344003115265 1284
stats: page 433 101.26480138568122 117.63907256436319 511.769 3.273 103.4393841207716 3577
stats: tr_create_post_comment 34 50.79982352941177 7.337795202882564 276.265 30.605 53.18102745098039 255
stats: 302 417 3730
stats: 200 399 3663
stats: size_rcv 7436854 66625418
stats: 422 31 285
stats: newphase 0 3
stats: size_sent 479273 4318518
stats: connected -3 13
# stats: dump at 1575623143
stats: users 10 25
stats: {freemem,"tsung_controller@ip-172-31-31-191"} 1 724.82421875 0.0 735.2890625 724.34375 731.3469460227273 22
stats: {load,"tsung_controller@ip-172-31-31-191"} 1 0.01953125 0.0 0.2109375 0.0 0.0848721590909091 22
stats: {recvpackets,"tsung_controller@ip-172-31-31-191"} 1 6136.0 0.0 6500 631 2461.6666666666665 21
stats: {sentpackets,"tsung_controller@ip-172-31-31-191"} 1 4206.0 0.0 4431 408 1682.4285714285713 21
stats: {cpu,"tsung_controller@ip-172-31-31-191"} 1 3.2794909446891825 0.0 4.61010299166258 0.4 1.5184470050417573 22
stats: session 148 954.0516959459459 970.5573302134167 7370.338 228.738 919.2700456140352 1425
stats: users_count 146 1583
stats: finish_users_count 148 1573
stats: request 769 51.510068920676275 81.2442857395568 487.853 2.817 53.89044516801251 7678
stats: connect 146 1.4853904109589038 2.966308908283172 268.255 0.609 7.0999220598469055 1437
stats: page 413 96.51168280871683 110.85250226315826 511.769 3.273 103.20457256857856 4010
stats: tr_create_post_comment 27 49.827592592592595 6.2220676285909935 276.265 30.605 52.90088581314878 289
stats: 302 376 4106
stats: 200 366 4029
stats: size_rcv 6156471 72781889
stats: 422 27 312
stats: newphase 0 3
stats: size_sent 431178 4749696
stats: connected -3 10
# stats: dump at 1575623153
stats: users 9 29
stats: {freemem,"tsung_controller@ip-172-31-31-191"} 1 724.75390625 0.0 735.2890625 724.34375 731.0633491847826 23
stats: {load,"tsung_controller@ip-172-31-31-191"} 1 0.01953125 0.0 0.2109375 0.0 0.08203125000000001 23
stats: {recvpackets,"tsung_controller@ip-172-31-31-191"} 1 5386.0 0.0 6500 631 2628.681818181818 22
stats: {sentpackets,"tsung_controller@ip-172-31-31-191"} 1 3759.0 0.0 4431 408 1797.1363636363637 22
stats: {cpu,"tsung_controller@ip-172-31-31-191"} 1 2.893575282000981 0.0 4.61010299166258 0.4 1.595014132852515 23
stats: session 179 1001.6038379888272 969.9810963373352 7370.338 228.738 922.5425721551178 1573
stats: users_count 178 1761
stats: finish_users_count 179 1752
stats: request 984 49.7394573170732 79.79592894960932 487.853 2.817 53.67373990765954 8447
stats: connect 170 2.873905882352941 7.414540778487075 268.255 0.609 6.582094125078966 1583
stats: page 480 102.06128958333336 113.21773970496653 511.769 2.956 102.57962039339816 4423
stats: tr_create_post_comment 46 50.09017391304347 6.427641007887419 276.265 30.605 52.63829430379746 316
stats: 302 492 4598
stats: 200 456 4485
stats: size_rcv 8204872 80986761
stats: 422 36 348
stats: newphase 0 3
stats: size_sent 564044 5313740
stats: connected -2 8
# stats: dump at 1575623163
stats: users 32 50
stats: {freemem,"tsung_controller@ip-172-31-31-191"} 1 725.12890625 0.0 735.2890625 724.34375 730.8004557291666 24
stats: {load,"tsung_controller@ip-172-31-31-191"} 1 0.08984375 0.0 0.2109375 0.0 0.07942708333333334 24
stats: {recvpackets,"tsung_controller@ip-172-31-31-191"} 1 6728.0 0.0 6728 631 2748.5652173913045 23
stats: {sentpackets,"tsung_controller@ip-172-31-31-191"} 1 4555.0 0.0 4555 408 1882.4347826086957 23
stats: {cpu,"tsung_controller@ip-172-31-31-191"} 1 3.560975609756097 0.0 4.61010299166258 0.4 1.6491208474003676 24
stats: session 259 999.7282007722021 859.3833762236444 7370.338 228.738 930.6201786529682 1752
stats: users_count 282 2043
stats: finish_users_count 259 2011
stats: request 1444 96.30182271468142 184.67370506011173 1845.136 2.817 53.26324960237516 9431
stats: connect 278 96.92497841726625 279.80189026572515 1615.979 0.589 6.2224865944095855 1753
stats: page 754 183.9024310344827 267.9147010123107 1845.136 2.956 102.52887619824598 4903
stats: tr_create_post_comment 58 86.53286206896553 87.33175787358984 482.529 30.605 52.314499999999995 362
stats: 302 710 5308
stats: 200 689 5174
stats: size_rcv 12329222 93315983
stats: 422 45 393
stats: newphase 1 4
stats: size_sent 811466 6125206
stats: connected 28 36
# stats: dump at 1575623173
stats: users 37 50
stats: {freemem,"tsung_controller@ip-172-31-31-191"} 1 714.546875 0.0 735.2890625 714.546875 730.57359375 25
stats: {load,"tsung_controller@ip-172-31-31-191"} 1 0.1484375 0.0 0.2109375 0.0 0.07984375 25
stats: {recvpackets,"tsung_controller@ip-172-31-31-191"} 1 12142.0 0.0 12142 631 2914.375 24
stats: {sentpackets,"tsung_controller@ip-172-31-31-191"} 1 7940.0 0.0 7940 408 1993.7916666666667 24
stats: {cpu,"tsung_controller@ip-172-31-31-191"} 1 8.674698795180722 0.0 8.674698795180722 0.4 1.7255950378945968 25
stats: session 306 1003.4651372549022 946.7366513898688 7370.338 228.738 939.5207145698661 2011
stats: users_count 311 2354
stats: finish_users_count 306 2317
stats: request 1680 57.83174047619057 87.2222338655172 1845.136 2.817 58.97798059770116 10875
stats: connect 308 14.414970779220766 41.694557819637815 1615.979 0.589 18.637697193500745 2031
stats: page 856 113.2896985981308 123.2775603162757 1845.136 2.956 113.37484762241472 5657
stats: tr_create_post_comment 71 81.1185633802817 90.16386394293016 520.895 30.605 57.03989285714285 420
stats: 302 834 6142
stats: 200 786 5960
stats: size_rcv 13973118 107289101
stats: 422 60 453
stats: newphase 0 4
stats: size_sent 956417 7081623
stats: connected 1 37
# stats: dump at 1575623183
stats: users 30 50
stats: {freemem,"tsung_controller@ip-172-31-31-191"} 1 713.78515625 0.0 735.2890625 713.78515625 729.9571814903846 26
stats: {load,"tsung_controller@ip-172-31-31-191"} 1 0.12890625 0.0 0.2109375 0.0 0.08248197115384616 26
stats: {recvpackets,"tsung_controller@ip-172-31-31-191"} 1 11991.0 0.0 12142 631 3283.48 25
stats: {sentpackets,"tsung_controller@ip-172-31-31-191"} 1 8085.0 0.0 8085 408 2231.64 25
stats: {cpu,"tsung_controller@ip-172-31-31-191"} 1 8.35762876579203 0.0 8.674698795180722 0.4 1.9928682593286786 26
stats: session 335 1079.6238238805975 1039.462408510035 7370.338 228.738 947.9656836426416 2317
stats: users_count 328 2682
stats: finish_users_count 335 2652
stats: request 1781 58.637048287478876 89.02563572571164 1845.136 2.701 58.82460079649544 12555
stats: tr_create_post_comment 73 77.6235342465754 77.65347734737472 520.895 30.605 60.52173727087576 491
stats: connect 324 2.7882746913580267 6.786243818812569 1615.979 0.589 18.081647712697738 2339
stats: page 926 113.32038012958971 131.3209143894704 1845.136 2.956 113.36365653308766 6513
stats: 302 893 7035
stats: 200 829 6789
stats: size_rcv 15246221 122535322
stats: 422 59 512
stats: newphase 0 4
stats: size_sent 1005113 8086736
stats: connected -8 29
# stats: dump at 1575623193
stats: users 37 50
stats: {freemem,"tsung_controller@ip-172-31-31-191"} 1 719.84765625 0.0 735.2890625 713.78515625 729.3582175925926 27
stats: {load,"tsung_controller@ip-172-31-31-191"} 1 0.109375 0.0 0.2109375 0.0 0.0842013888888889 27
stats: {recvpackets,"tsung_controller@ip-172-31-31-191"} 1 13230.0 0.0 13230 631 3618.3846153846152 26
stats: {sentpackets,"tsung_controller@ip-172-31-31-191"} 1 8990.0 0.0 8990 408 2456.769230769231 26
stats: {cpu,"tsung_controller@ip-172-31-31-191"} 1 8.097747963584093 0.0 8.674698795180722 0.4 2.228600129938432 27
stats: session 289 872.0682076124563 837.3902207712691 7370.338 226.467 964.5967081447966 2652
stats: users_count 296 2978
stats: finish_users_count 289 2941
stats: request 1535 56.68484169381111 85.9253210184526 1845.136 2.701 58.80130064174108 14336
stats: connect 300 3.222139999999999 7.648344258753002 1615.979 0.573 16.220944423582427 2663
stats: tr_create_post_comment 49 56.13675510204082 34.14626896433815 520.895 30.605 62.73526773049647 564
stats: page 843 102.99801186239623 118.0947767495872 1845.136 2.956 113.35826952547386 7439
stats: 302 739 7774
stats: 200 745 7534
stats: size_rcv 13385802 135921124
stats: 422 51 563
stats: newphase 0 4
stats: size_sent 852494 8939230
stats: connected 5 34
# stats: dump at 1575623203
stats: users 29 51
stats: {freemem,"tsung_controller@ip-172-31-31-191"} 1 719.7421875 0.0 735.2890625 713.78515625 729.0185546875 28
stats: {load,"tsung_controller@ip-172-31-31-191"} 1 0.08984375 0.0 0.2109375 0.0 0.08510044642857142 28
stats: {recvpackets,"tsung_controller@ip-172-31-31-191"} 1 11335.0 0.0 13230 631 3974.3703703703704 27
stats: {sentpackets,"tsung_controller@ip-172-31-31-191"} 1 7686.0 0.0 8990 408 2698.740740740741 27
stats: {cpu,"tsung_controller@ip-172-31-31-191"} 1 7.427184466019418 0.0 8.674698795180722 0.4 2.438212552568634 28
stats: session 344 923.6738517441863 866.3805572885514 7370.338 226.467 955.5043121387284 2941
stats: users_count 336 3314
stats: finish_users_count 344 3285
stats: request 1889 55.564848067760764 86.17256409528905 1845.136 2.701 58.596602482515294 15871
stats: connect 342 2.9915000000000007 7.299026355301102 1615.979 0.573 14.904831927100911 2963
stats: tr_create_post_comment 76 69.88649999999997 58.41963126865651 520.895 30.605 62.20781729200654 613
stats: page 954 109.6369580712789 124.02691167438914 1845.136 2.956 112.30372989616035 8282
stats: 302 921 8695
stats: 200 894 8428
stats: size_rcv 15904258 151825382
stats: 422 74 637
stats: newphase 0 4
stats: size_sent 1072512 10011742
stats: connected -2 32
# stats: dump at 1575623213
stats: users 25 51
stats: {freemem,"tsung_controller@ip-172-31-31-191"} 1 715.26171875 0.0 735.2890625 713.78515625 728.6986799568965 29
stats: {load,"tsung_controller@ip-172-31-31-191"} 1 0.21875 0.0 0.21875 0.0 0.08526400862068965 29
stats: {recvpackets,"tsung_controller@ip-172-31-31-191"} 1 13085.0 0.0 13230 631 4237.25 28
stats: {sentpackets,"tsung_controller@ip-172-31-31-191"} 1 8841.0 0.0 8990 408 2876.8571428571427 28
stats: {cpu,"tsung_controller@ip-172-31-31-191"} 1 8.199121522693996 0.0 8.674698795180722 0.4 2.6102460668255576 29
stats: session 284 991.5924401408441 1004.9535092927025 7370.338 226.467 952.171076712329 3285
stats: users_count 280 3594
stats: finish_users_count 284 3569
stats: connect 283 2.802862190812722 6.109426931082678 1615.979 0.573 13.672045385779123 3305
stats: page 803 103.57118555417178 120.3451692297749 1845.136 2.956 112.02827511909919 9236
stats: tr_create_post_comment 58 62.50286206896553 44.58651251855411 520.895 30.605 63.05481277213353 689
stats: request 1513 54.50756576338395 85.43081057356059 1845.136 2.701 58.27413716216218 17760
stats: 302 746 9441
stats: 200 716 9144
stats: size_rcv 13322332 165147714
stats: 422 51 688
stats: newphase 0 4
stats: size_sent 847853 10859595
stats: connected -4 28
# stats: dump at 1575623223
stats: users 225 225
stats: {freemem,"tsung_controller@ip-172-31-31-191"} 1 714.17578125 0.0 735.2890625 713.78515625 728.25078125 30
stats: {load,"tsung_controller@ip-172-31-31-191"} 1 0.19140625 0.0 0.21875 0.0 0.08971354166666666 30
stats: {recvpackets,"tsung_controller@ip-172-31-31-191"} 1 11428.0 0.0 13230 631 4542.3448275862065 29
stats: {sentpackets,"tsung_controller@ip-172-31-31-191"} 1 7594.0 0.0 8990 408 3082.5172413793102 29
stats: {cpu,"tsung_controller@ip-172-31-31-191"} 1 8.682926829268292 0.0 8.682926829268292 0.4 2.7965419153545055 30
stats: session 367 1717.7332915531342 1109.7996531914205 7370.338 226.467 955.3079966377137 3569
stats: users_count 567 4161
stats: finish_users_count 367 3936
stats: request 2348 264.2640034071549 345.6268260487947 2655.597 2.701 57.978447724796354 19273
stats: connect 546 17.172380952380955 48.10342754663119 1615.979 0.573 12.814749163879599 3588
stats: page 1256 419.3057444267511 596.5400236889606 3878.465 2.956 111.35180904472557 10039
stats: tr_create_post_comment 62 789.7977419354838 896.8571429416266 3397.521 30.605 63.01195716198126 747
stats: 302 1079 10520
stats: 200 1191 10335
stats: size_rcv 20411603 185559317
stats: 422 78 766
stats: newphase 1 5
stats: size_sent 1365468 12225063
stats: connected 184 212
# stats: dump at 1575623233
stats: users 551 551
stats: {freemem,"tsung_controller@ip-172-31-31-191"} 1 662.9140625 0.0 735.2890625 662.9140625 727.7967489919355 31
stats: {load,"tsung_controller@ip-172-31-31-191"} 1 0.16015625 0.0 0.21875 0.0 0.09299395161290322 31
stats: {recvpackets,"tsung_controller@ip-172-31-31-191"} 1 19685.0 0.0 19685 631 4771.866666666667 30
stats: {sentpackets,"tsung_controller@ip-172-31-31-191"} 1 12877.0 0.0 12877 408 3232.9 30
stats: {cpu,"tsung_controller@ip-172-31-31-191"} 1 13.482056256062075 0.0 13.482056256062075 0.4 2.9864252996743055 31
stats: session 343 5228.765970845487 2020.6562699083543 13157.881 226.467 1026.3979568089433 3936
stats: users_count 669 4830
stats: finish_users_count 343 4279
stats: connect 671 15.052068554396435 45.49461028173349 1615.979 0.573 13.390285437832608 4134
stats: request 2586 1154.5694721577736 925.9522329661748 4255.43 2.701 80.38067170806161 21621
stats: page 1428 1572.3124383753513 1800.662060548293 8541.124 2.956 145.59617760070822 11295
stats: tr_create_post_comment 44 4987.303772727272 1727.7680565769326 8353.125 30.605 118.71123856613102 809
stats: 302 1140 11660
stats: 200 1377 11712
stats: size_rcv 23364793 208924110
stats: 422 72 838
stats: newphase 0 5
stats: size_sent 1539653 13764716
stats: connected 322 534
# stats: dump at 1575623243
stats: users 730 730
stats: {freemem,"tsung_controller@ip-172-31-31-191"} 1 593.01171875 0.0 735.2890625 593.01171875 725.7691650390625 32
stats: {load,"tsung_controller@ip-172-31-31-191"} 1 0.30078125 0.0 0.30078125 0.0 0.0950927734375 32
stats: {recvpackets,"tsung_controller@ip-172-31-31-191"} 1 22380.0 0.0 22380 631 5252.935483870968 31
stats: {sentpackets,"tsung_controller@ip-172-31-31-191"} 1 14510.0 0.0 14510 408 3544.0 31
stats: {cpu,"tsung_controller@ip-172-31-31-191"} 1 14.960629921259844 0.0 14.960629921259844 0.4 3.3144137670614233 32
stats: session 442 9339.442011312198 2940.3387399332914 19727.235 226.467 1363.255219911195 4279
stats: users_count 621 5451
stats: finish_users_count 442 4721
stats: connect 622 2.6537604501607683 5.7323377502104025 1615.979 0.517 13.622347138397505 4805
stats: page 1455 3179.02619862543 3157.025989837895 16610.495 2.956 305.7275004322881 12723
stats: tr_create_post_comment 54 11878.274018518521 1782.0448246041988 16610.584 30.605 369.84614067995307 853
stats: request 2762 2042.9570072411284 1045.243694127667 4868.293 2.701 195.13476093691918 24207
stats: 302 1283 12943
stats: 200 1382 13094
stats: size_rcv 25589786 234513896
stats: 422 94 932
stats: newphase 0 5
stats: size_sent 1610730 15375446
stats: connected 184 718
# stats: dump at 1575623253
stats: users 835 835
stats: {freemem,"tsung_controller@ip-172-31-31-191"} 1 534.06640625 0.0 735.2890625 534.06640625 721.7462121212121 33
stats: {load,"tsung_controller@ip-172-31-31-191"} 1 0.328125 0.0 0.328125 0.0 0.10132575757575757 33
stats: {recvpackets,"tsung_controller@ip-172-31-31-191"} 1 23699.0 0.0 23699 631 5788.15625 32
stats: {sentpackets,"tsung_controller@ip-172-31-31-191"} 1 15094.0 0.0 15094 408 3886.6875 32
stats: {cpu,"tsung_controller@ip-172-31-31-191"} 1 15.604938271604937 0.0 15.604938271604937 0.4 3.667329408097739 33
stats: session 507 12078.07841025641 4041.955131681308 24713.14 226.467 2110.019583774623 4721
stats: users_count 612 6063
stats: finish_users_count 507 5228
stats: page 1569 4335.943234544297 3976.7044540327884 18294.291 2.956 600.5962834673439 14178
stats: tr_create_post_comment 85 14998.92750588236 1601.3900413649276 18294.371 30.605 1055.0226626240355 907
stats: request 2950 2487.495481016947 982.7768898359677 4894.896 2.701 384.37741154659057 26969
stats: connect 616 2.6188003246753233 5.8695799928889265 1615.979 0.517 12.365214114612126 5427
stats: 302 1379 14322
stats: 200 1459 14553
stats: size_rcv 27337737 261851633
stats: 422 113 1045
stats: newphase 0 5
stats: size_sent 1674817 17050263
stats: connected 102 820
# stats: dump at 1575623263
stats: users 926 929
stats: {freemem,"tsung_controller@ip-172-31-31-191"} 1 496.84375 0.0 735.2890625 496.84375 716.2262178308823 34
stats: {load,"tsung_controller@ip-172-31-31-191"} 1 0.4296875 0.0 0.4296875 0.0 0.10799632352941177 34
stats: {recvpackets,"tsung_controller@ip-172-31-31-191"} 1 24113.0 0.0 24113 631 6330.909090909091 33
stats: {sentpackets,"tsung_controller@ip-172-31-31-191"} 1 15203.0 0.0 15203 408 4226.30303030303 33
stats: {cpu,"tsung_controller@ip-172-31-31-191"} 1 15.680473372781064 0.0 15.680473372781064 0.4 4.018435551142069 34
stats: session 520 14252.133488461535 4937.826346631394 29683.616 226.467 3076.70011648814 5228
stats: users_count 611 6674
stats: finish_users_count 520 5748
stats: connect 617 2.6352479740680734 5.659610282477932 1615.979 0.517 11.37170246566275 6043
stats: tr_create_post_comment 99 17338.557131313122 1331.3387728392368 20758.086 30.605 2249.812896169356 992
stats: request 2913 2743.529288362516 963.8293240945573 5597.435 2.701 591.7439112604028 29919
stats: page 1549 4976.215668173036 4542.35169139012 20757.998 2.956 972.7788811837179 15747
stats: 302 1395 15717
stats: 200 1409 15962
stats: size_rcv 25674495 287526128
stats: 422 108 1153
stats: newphase 0 5
stats: size_sent 1664957 18715220
stats: connected 101 921
# stats: dump at 1575623273
stats: users 971 977
stats: {freemem,"tsung_controller@ip-172-31-31-191"} 1 469.46875 0.0 735.2890625 469.46875 709.9581473214286 35
stats: {load,"tsung_controller@ip-172-31-31-191"} 1 0.359375 0.0 0.4296875 0.0 0.1171875 35
stats: {recvpackets,"tsung_controller@ip-172-31-31-191"} 1 23881.0 0.0 24113 631 6853.911764705882 34
stats: {sentpackets,"tsung_controller@ip-172-31-31-191"} 1 15277.0 0.0 15277 408 4549.14705882353 34
stats: {cpu,"tsung_controller@ip-172-31-31-191"} 1 16.273352999016716 0.0 16.273352999016716 0.4 4.351636631760325 35
stats: session 519 15566.419242774564 5390.62501792775 30207.105 226.467 4087.6996560542784 5748
stats: users_count 564 7238
stats: finish_users_count 519 6267
stats: connect 568 3.264241197183102 7.33864471718953 1615.979 0.517 10.562334234234235 6660
stats: page 1545 5437.4951320388445 4747.823500609173 22114.087 0.931 1331.319791396857 17296
stats: request 2953 3070.36723129022 1126.0806846846363 6179.416 0.811 782.6598104897662 32832
stats: tr_create_post_comment 92 18494.70707608695 1645.742726480088 22114.152 30.605 3619.0023363886344 1091
stats: 302 1396 17113
stats: 200 1387 17349
stats: size_rcv 25411583 312937711
stats: 422 92 1245
stats: newphase 0 5
stats: 502 71 71
stats: size_sent 1678474 20393694
stats: connected 51 972
stats: 500 4 4
stats: 404 3 3
# stats: dump at 1575623283
stats: users 1078 1105
stats: {freemem,"tsung_controller@ip-172-31-31-191"} 1 435.86328125 0.0 735.2890625 435.86328125 703.2778862847222 36
stats: {load,"tsung_controller@ip-172-31-31-191"} 1 0.30078125 0.0 0.4296875 0.0 0.12391493055555555 36
stats: {recvpackets,"tsung_controller@ip-172-31-31-191"} 1 23801.0 0.0 24113 631 7340.4 35
stats: {sentpackets,"tsung_controller@ip-172-31-31-191"} 1 15008.0 0.0 15277 408 4855.657142857143 35
stats: {cpu,"tsung_controller@ip-172-31-31-191"} 1 15.970515970515969 0.0 16.273352999016716 0.4 4.682795419739669 36
stats: session 960 12083.55937708332 7552.554821217422 33668.596 6.478 5038.306878889419 6267
stats: users_count 1067 8305
stats: finish_users_count 960 7227
stats: page 2765 3611.7359385171753 4622.544125990191 22851.876 0.731 1668.0344509845577 18841
stats: tr_create_post_comment 155 14790.158103225816 6716.6270876489025 22851.976 6.365 4775.861876584953 1183
stats: request 5172 1787.6599334880143 1760.4538247261087 6179.416 0.699 971.4428205113879 35785
stats: connect 1062 6.587900188323913 23.271078107628696 1615.979 0.504 9.98882609297178 7228
stats: 302 1384 18497
stats: 200 1347 18696
stats: size_rcv 22605994 335543705
stats: 422 102 1347
stats: newphase 1 6
stats: 502 2271 2342
stats: size_sent 2357121 22750815
stats: connected 120 1092
stats: 500 53 57
stats: 404 15 18
# stats: dump at 1575623293
stats: users 1087 1130
stats: {freemem,"tsung_controller@ip-172-31-31-191"} 1 453.33984375 0.0 735.2890625 435.86328125 696.050464527027 37
stats: {load,"tsung_controller@ip-172-31-31-191"} 1 0.33984375 0.0 0.4296875 0.0 0.12869510135135134 37
stats: {recvpackets,"tsung_controller@ip-172-31-31-191"} 1 25051.0 0.0 25051 631 7797.638888888889 36
stats: {sentpackets,"tsung_controller@ip-172-31-31-191"} 1 19288.0 0.0 19288 408 5137.666666666668 36
stats: {cpu,"tsung_controller@ip-172-31-31-191"} 1 21.5609756097561 0.0 21.5609756097561 0.4 4.987868948139029 37
stats: session 1223 10003.245941946027 6993.019033515238 34457.362 6.478 5974.164412896081 7227
stats: users_count 1232 9537
stats: finish_users_count 1223 8450
stats: request 6579 1618.6415091959227 1762.0204444582525 7011.595 0.654 1074.5137219034605 40957
stats: 302 1733 20230
stats: connect 1220 21.843746721311486 53.96058949854159 1615.979 0.481 9.553146562123041 8290
stats: page 3433 3255.7872009903904 4195.502205670723 23545.101 0.719 1916.7771434323818 21606
stats: tr_create_post_comment 246 11501.4923211382 6238.783080334817 23545.225 6.047 5935.963457399103 1338
stats: 200 1155 19851
stats: size_rcv 19793727 355337432
stats: 422 89 1436
stats: newphase 0 6
stats: 502 3227 5569
stats: size_sent 2646063 25396878
stats: connected -15 1077
stats: 500 190 247
stats: 404 187 205
# stats: dump at 1575623303
stats: users 1092 1130
stats: {freemem,"tsung_controller@ip-172-31-31-191"} 1 479.61328125 0.0 735.2890625 435.86328125 689.6633429276314 38
stats: {load,"tsung_controller@ip-172-31-31-191"} 1 0.51171875 0.0 0.51171875 0.0 0.13425164473684212 38
stats: {recvpackets,"tsung_controller@ip-172-31-31-191"} 1 26004.0 0.0 26004 631 8263.945945945947 37
stats: {sentpackets,"tsung_controller@ip-172-31-31-191"} 1 20759.0 0.0 20759 408 5520.108108108109 37
stats: {cpu,"tsung_controller@ip-172-31-31-191"} 1 24.576681180454766 0.0 24.576681180454766 0.4 5.424003333971057 38
stats: session 1239 9085.75383212269 5639.977523852341 34457.362 6.478 6557.308402248517 8450
stats: users_count 1244 10781
stats: finish_users_count 1239 9689
stats: connect 1253 2.6933575418994375 5.72409726383915 1615.979 0.471 11.129858675078866 9510
stats: page 3517 2958.5642664202414 3604.309850808216 24431.285 0.719 2100.3636096489495 25039
stats: tr_create_post_comment 243 9654.388148148153 5279.438875550228 24431.379 5.881 6800.306955176767 1584
stats: request 6661 1528.140582645253 1713.5975487928795 7011.595 0.654 1149.8212091257155 47536
stats: 302 1665 21895
stats: 200 1113 20964
stats: size_rcv 20421768 375759200
stats: 422 62 1498
stats: newphase 0 6
stats: 502 3393 8962
stats: size_sent 2654685 28051563
stats: connected 16 1093
stats: 500 200 447
stats: 404 228 433
# stats: dump at 1575623313
stats: users 1105 1130
stats: {freemem,"tsung_controller@ip-172-31-31-191"} 1 500.125 0.0 735.2890625 435.86328125 684.2774439102564 39
stats: {load,"tsung_controller@ip-172-31-31-191"} 1 0.51171875 0.0 0.51171875 0.0 0.1439302884615385 39
stats: {recvpackets,"tsung_controller@ip-172-31-31-191"} 1 26753.0 0.0 26753 631 8730.78947368421 38
stats: {sentpackets,"tsung_controller@ip-172-31-31-191"} 1 21255.0 0.0 21255 408 5921.131578947369 38
stats: {cpu,"tsung_controller@ip-172-31-31-191"} 1 25.04854368932039 0.0 25.04854368932039 0.4 5.915097637727049 39
stats: session 1227 8782.03244743276 5305.1847455857 34457.362 6.165 6880.638352461552 9689
stats: users_count 1240 12021
stats: finish_users_count 1227 10916
stats: connect 1244 2.3971872990353753 5.116004355490852 1615.979 0.422 10.147703521323054 10763
stats: tr_create_post_comment 247 8544.210542510114 4876.13229754232 24431.379 5.774 7179.913813355228 1827
stats: request 6556 1532.6433464002464 1717.2610520740234 8063.209 0.654 1196.3179773419201 54197
stats: page 3465 2900.499581818181 3498.924340293018 24431.285 0.719 2206.060896028857 28556
stats: 302 1645 23540
stats: 200 1056 22020
stats: size_rcv 18592162 394351362
stats: 422 66 1564
stats: newphase 0 6
stats: 502 3343 12305
stats: size_sent 2573126 30624689
stats: connected 14 1107
stats: 500 214 661
stats: 404 230 663
# stats: dump at 1575623323
stats: users 1095 1130
stats: {freemem,"tsung_controller@ip-172-31-31-191"} 1 507.4296875 0.0 735.2890625 435.86328125 679.6736328124999 40
stats: {load,"tsung_controller@ip-172-31-31-191"} 1 0.51171875 0.0 0.51171875 0.0 0.153125 40
stats: {recvpackets,"tsung_controller@ip-172-31-31-191"} 1 24845.0 0.0 26753 631 9192.897435897436 39
stats: {sentpackets,"tsung_controller@ip-172-31-31-191"} 1 20392.0 0.0 21255 408 6314.307692307693 39
stats: {cpu,"tsung_controller@ip-172-31-31-191"} 1 24.390243902439025 0.0 25.04854368932039 0.4 6.393433789016883 40
stats: session 1211 8916.472686209754 5449.615253182981 34457.362 6.165 7094.362294796626 10916
stats: users_count 1201 13222
stats: finish_users_count 1211 12127
stats: connect 1203 2.486131338320868 5.30132770531207 1615.979 0.422 9.344701757308242 12007
stats: request 6590 1557.3128001517427 1784.955010093256 8063.209 0.654 1232.6116438200593 60753
stats: page 3401 2963.1900188179893 3566.8010660885748 24431.285 0.701 2281.206270822274 32021
stats: 302 1647 25187
stats: tr_create_post_comment 250 9014.109832000006 5002.058560985577 24431.379 5.774 7342.392739151398 2074
stats: 200 1032 23052
stats: size_rcv 17937267 412288629
stats: 422 52 1616
stats: newphase 0 6
stats: 502 3446 15751
stats: size_sent 2608979 33233668
stats: connected -16 1091
stats: 500 190 851
stats: 404 224 887
# stats: dump at 1575623333
stats: users 1098 1130
stats: {freemem,"tsung_controller@ip-172-31-31-191"} 1 511.7109375 0.0 735.2890625 435.86328125 675.4725609756097 41
stats: {load,"tsung_controller@ip-172-31-31-191"} 1 0.578125 0.0 0.578125 0.0 0.16187118902439024 41
stats: {recvpackets,"tsung_controller@ip-172-31-31-191"} 1 25533.0 0.0 26753 631 9584.2 40
stats: {sentpackets,"tsung_controller@ip-172-31-31-191"} 1 20512.0 0.0 21255 408 6666.25 40
stats: {cpu,"tsung_controller@ip-172-31-31-191"} 1 24.563106796116504 0.0 25.04854368932039 0.4 6.83238037714913 41
stats: session 1191 9039.290600335848 5358.157638351452 34457.362 6.165 7276.3179049228975 12127
stats: users_count 1194 14416
stats: finish_users_count 1191 13318
stats: request 6253 1599.7138869342743 1672.9535106441647 8063.209 0.654 1264.3860022571023 67343
stats: connect 1198 2.5187813021702916 5.769855586702609 1615.979 0.422 8.720109765329301 13210
stats: 302 1688 26875
stats: page 3330 3032.0049549549553 3573.2932133826557 24431.285 0.701 2346.686106148721 35422
stats: tr_create_post_comment 234 9338.898730769231 4555.433785899696 24431.379 5.774 7522.224612306369 2324
stats: 200 1119 24171
stats: size_rcv 18765727 431054356
stats: 422 85 1701
stats: newphase 0 6
stats: 502 2917 18668
stats: size_sent 2547071 35780739
stats: connected 6 1097
stats: 500 197 1048
stats: 404 246 1133
# stats: dump at 1575623343
stats: users 1181 1228
stats: {freemem,"tsung_controller@ip-172-31-31-191"} 1 514.28125 0.0 735.2890625 435.86328125 671.5734747023808 42
stats: {load,"tsung_controller@ip-172-31-31-191"} 1 0.5703125 0.0 0.578125 0.0 0.17178199404761904 42
stats: {recvpackets,"tsung_controller@ip-172-31-31-191"} 1 25061.0 0.0 26753 631 9973.19512195122 41
stats: {sentpackets,"tsung_controller@ip-172-31-31-191"} 1 20071.0 0.0 21255 408 7003.951219512195 41
stats: {cpu,"tsung_controller@ip-172-31-31-191"} 1 24.687800192122957 0.0 25.04854368932039 0.4 7.254540529981687 42
stats: session 2068 6100.122242746617 5733.471607538365 35301.996 6.165 7433.9767486109 13318
stats: users_count 2151 16567
stats: finish_users_count 2068 15386
stats: connect 2152 10.98797258364313 36.33443752988472 1615.979 0.422 8.20448014991672 14408
stats: page 5935 1788.8062055602413 3108.639061852457 24431.285 0.701 2405.576273534269 38752
stats: request 11318 893.7628207280537 1566.5116939250413 8063.209 0.654 1292.8767526088382 73596
stats: tr_create_post_comment 406 6053.733002463051 5683.089998440972 24431.379 5.774 7688.409813135262 2558
stats: 302 1589 28464
stats: 200 976 25147
stats: size_rcv 19649641 450703997
stats: 422 50 1751
stats: newphase 1 7
stats: 502 8300 26968
stats: size_sent 3526685 39307424
stats: connected 90 1187
stats: 500 207 1255
stats: 404 197 1330
# stats: dump at 1575623353
stats: users 1182 1231
stats: {freemem,"tsung_controller@ip-172-31-31-191"} 1 512.515625 0.0 735.2890625 435.86328125 667.915515988372 43
stats: {load,"tsung_controller@ip-172-31-31-191"} 1 0.71875 0.0 0.71875 0.0 0.1810501453488372 43
stats: {recvpackets,"tsung_controller@ip-172-31-31-191"} 1 34330.0 0.0 34330 631 10332.42857142857 42
stats: {sentpackets,"tsung_controller@ip-172-31-31-191"} 1 32181.0 0.0 32181 408 7315.071428571428 42
stats: {cpu,"tsung_controller@ip-172-31-31-191"} 1 36.163069544364504 0.0 36.163069544364504 0.4 7.659965173287298 43
stats: session 2512 5089.185401671986 4672.068933737333 35301.996 6.048 7254.696161185492 15386
stats: users_count 2513 19080
stats: finish_users_count 2512 17898
stats: request 13524 789.1096009316788 1400.3589408899782 8063.209 0.654 1239.6797358503918 84914
stats: connect 2520 16.35624126984126 46.134766183816744 1615.979 0.422 8.56619969806764 16560
stats: page 7079 1535.0441816640785 2601.9091966293263 24431.285 0.701 2323.6613910533274 44687
stats: tr_create_post_comment 497 4982.76784104627 4459.521146818123 24431.379 5.56 7464.496592780027 2964
stats: 302 2014 30478
stats: 200 1026 26173
stats: size_rcv 18828645 469532642
stats: 422 41 1792
stats: newphase 0 7
stats: 502 9895 36863
stats: size_sent 3950528 43257952
stats: connected -1 1186
stats: 500 273 1528
stats: 404 274 1604
# stats: dump at 1575623363
stats: users 1160 1231
stats: {freemem,"tsung_controller@ip-172-31-31-191"} 1 531.05078125 0.0 735.2890625 435.86328125 664.3837002840909 44
stats: {load,"tsung_controller@ip-172-31-31-191"} 1 0.921875 0.0 0.921875 0.0 0.1932705965909091 44
stats: {recvpackets,"tsung_controller@ip-172-31-31-191"} 1 36089.0 0.0 36089 631 10890.511627906975 43
stats: {sentpackets,"tsung_controller@ip-172-31-31-191"} 1 35493.0 0.0 35493 408 7893.3488372093025 43
stats: {cpu,"tsung_controller@ip-172-31-31-191"} 1 38.72549019607843 0.0 38.72549019607843 0.4 8.307762999902689 44
stats: session 2416 4708.236911423846 4123.597354436136 35301.996 6.048 6950.76482651693 17898
stats: users_count 2394 21474
stats: finish_users_count 2416 20314
stats: request 12224 772.5817787140063 1391.6856135974522 8063.209 0.654 1177.7777213372904 98438
stats: connect 2265 2.548810596026493 5.519059547319947 1615.979 0.422 9.595073113207551 19080
stats: 302 1768 32246
stats: page 6358 1461.6834084617763 2466.918783149925 24431.285 0.701 2215.8179952864825 51766
stats: tr_create_post_comment 473 4629.956433403803 4137.447332971607 24431.379 5.56 7108.120057208898 3461
stats: 200 835 27008
stats: size_rcv 15072562 484605204
stats: 422 37 1829
stats: newphase 0 7
stats: 502 9057 45920
stats: size_sent 3509106 46767058
stats: connected -31 1155
stats: 500 273 1801
stats: 404 254 1858
# stats: dump at 1575623373
stats: users 1165 1231
stats: {freemem,"tsung_controller@ip-172-31-31-191"} 1 524.5 0.0 735.2890625 435.86328125 661.4207465277777 45
stats: {load,"tsung_controller@ip-172-31-31-191"} 1 0.859375 0.0 0.921875 0.0 0.20946180555555555 45
stats: {recvpackets,"tsung_controller@ip-172-31-31-191"} 1 33313.0 0.0 36089 631 11463.204545454544 44
stats: {sentpackets,"tsung_controller@ip-172-31-31-191"} 1 32990.0 0.0 35493 408 8520.613636363636 44
stats: {cpu,"tsung_controller@ip-172-31-31-191"} 1 37.35236220472441 0.0 38.72549019607843 0.4 8.983712493151039 45
stats: session 2348 5164.348234241927 4444.371854947553 35301.996 6.048 6684.054801762333 20314
stats: users_count 2353 23827
stats: finish_users_count 2348 22662
stats: connect 2361 2.6599648454044975 5.928778641118606 1615.979 0.422 8.847367111735775 21345
stats: request 12486 820.7856283037048 1431.6441712798858 8063.209 0.654 1133.018768827603 110662
stats: page 6565 1594.7805335872083 2644.977644336013 24431.285 0.701 2133.3256048276103 58124
stats: tr_create_post_comment 473 5042.116913319238 4344.848752750547 24431.379 5.56 6810.160882308082 3934
stats: 302 1847 34093
stats: 200 973 27981
stats: size_rcv 17756025 502361229
stats: 422 55 1884
stats: newphase 0 7
stats: 502 9090 55010
stats: size_sent 3701585 50468643
stats: connected 14 1169
stats: 500 258 2059
stats: 404 265 2123
# stats: dump at 1575623383
stats: users 1158 1231
stats: {freemem,"tsung_controller@ip-172-31-31-191"} 1 529.03125 0.0 735.2890625 435.86328125 658.4442085597826 46
stats: {load,"tsung_controller@ip-172-31-31-191"} 1 0.9609375 0.0 0.9609375 0.0 0.22359035326086957 46
stats: {recvpackets,"tsung_controller@ip-172-31-31-191"} 1 33549.0 0.0 36089 631 11948.755555555555 45
stats: {sentpackets,"tsung_controller@ip-172-31-31-191"} 1 32977.0 0.0 35493 408 9064.377777777778 45
stats: {cpu,"tsung_controller@ip-172-31-31-191"} 1 37.53062224399804 0.0 38.72549019607843 0.4 9.60042226948959 46
stats: session 2402 4940.518295170683 4294.870123501379 35301.996 5.979 6526.598662827644 22662
stats: users_count 2395 26222
stats: finish_users_count 2402 25064
stats: request 12860 804.6044101866256 1465.1828795356969 8063.209 0.654 1101.3613891496432 123148
stats: 302 1808 35901
stats: connect 2395 2.6516851774530235 5.79055607523023 1615.979 0.399 8.231132540285166 23706
stats: page 6726 1527.7906570026755 2593.7127633725618 24431.285 0.701 2078.6710516161947 64689
stats: tr_create_post_comment 481 4707.260091476093 4209.104679320205 24431.379 5.56 6620.398051055138 4407
stats: 200 880 28861
stats: size_rcv 15776441 518137670
stats: 422 57 1941
stats: newphase 0 7
stats: 502 9586 64596
stats: size_sent 3771202 54239845
stats: connected -23 1146
stats: 500 271 2330
stats: 404 256 2379
# stats: dump at 1575623393
stats: users 1166 1231
stats: {freemem,"tsung_controller@ip-172-31-31-191"} 1 530.68359375 0.0 735.2890625 435.86328125 655.690741356383 47
stats: {load,"tsung_controller@ip-172-31-31-191"} 1 0.96875 0.0 0.96875 0.0 0.23927859042553193 47
stats: {recvpackets,"tsung_controller@ip-172-31-31-191"} 1 32914.0 0.0 36089 631 12418.326086956522 46
stats: {sentpackets,"tsung_controller@ip-172-31-31-191"} 1 32949.0 0.0 35493 408 9584.217391304348 46
stats: {cpu,"tsung_controller@ip-172-31-31-191"} 1 37.67622751579971 0.0 38.72549019607843 0.4 10.194681843415301 47
stats: session 2389 4748.704804939305 4163.349225305748 35301.996 5.979 6374.597184886693 25064
stats: users_count 2397 28619
stats: finish_users_count 2389 27453
stats: request 13103 786.7155256048264 1427.1092096843913 8063.209 0.654 1073.3020488941845 136008
stats: connect 2424 2.5742235973597367 5.548284751479736 1615.979 0.399 7.719168384353095 26101
stats: page 6775 1489.1671204428012 2515.065857168786 24431.285 0.701 2026.7880923755515 71415
stats: tr_create_post_comment 489 4597.206490797542 3959.620158029501 24431.379 5.56 6432.137134819966 4888
stats: 302 1837 37738
stats: 200 878 29739
stats: size_rcv 16746035 534883705
stats: 422 44 1985
stats: newphase 0 7
stats: 502 9734 74330
stats: size_sent 3710936 57950781
stats: connected 23 1169
stats: 500 298 2628
stats: 404 312 2691
# stats: dump at 1575623403
stats: users 11 1231
stats: {freemem,"tsung_controller@ip-172-31-31-191"} 1 530.515625 0.0 735.2890625 435.86328125 653.08642578125 48
stats: {load,"tsung_controller@ip-172-31-31-191"} 1 0.96875 0.0 0.96875 0.0 0.2544759114583333 48
stats: {recvpackets,"tsung_controller@ip-172-31-31-191"} 1 34710.0 0.0 36089 631 12854.404255319148 47
stats: {sentpackets,"tsung_controller@ip-172-31-31-191"} 1 33973.0 0.0 35493 408 10081.340425531915 47
stats: {cpu,"tsung_controller@ip-172-31-31-191"} 1 38.19241982507289 0.0 38.72549019607843 0.4 10.767214044923309 48
stats: session 1536 7745.447166015622 3894.0078670686175 35301.996 5.979 6233.1096645539665 27453
stats: users_count 381 29000
stats: finish_users_count 1536 28989
stats: connect 475 2.5123957894736844 4.563163720050189 1615.979 0.399 7.281960806310259 28525
stats: request 6345 1289.6622330969196 1483.248175940833 8063.209 0.654 1048.1185063342093 149111
stats: page 2971 3245.5701423763026 3268.5100525427656 24431.285 0.701 1980.204359355416 78190
stats: tr_create_post_comment 486 5614.64095884774 3820.4647164336884 24431.379 5.56 6265.263211642177 5377
stats: 302 2665 40403
stats: 200 964 30703
stats: size_rcv 23406922 558290627
stats: 422 132 2117
stats: newphase 0 7
stats: 502 1920 76250
stats: size_sent 2113288 60064069
stats: connected -1156 13
stats: 500 172 2800
stats: 404 492 3183
# stats: dump at 1575623413
stats: users 0 1231
stats: {freemem,"tsung_controller@ip-172-31-31-191"} 1 570.765625 0.0 735.2890625 435.86328125 650.584980867347 49
stats: {load,"tsung_controller@ip-172-31-31-191"} 1 0.9609375 0.0 0.96875 0.0 0.2690529336734694 49
stats: {recvpackets,"tsung_controller@ip-172-31-31-191"} 1 20280.0 0.0 36089 631 13309.729166666666 48
stats: {sentpackets,"tsung_controller@ip-172-31-31-191"} 1 12889.0 0.0 35493 408 10579.083333333334 48
stats: {cpu,"tsung_controller@ip-172-31-31-191"} 1 14.018691588785046 0.0 38.72549019607843 0.4 11.326912122069219 49
stats: session 11 11597.83590909091 1612.2561231355521 35301.996 5.979 6313.241797509402 28989
stats: users_count 0 29000
stats: finish_users_count 11 29000
stats: request 29 8.677586206896551 4.887792150310541 8063.209 0.654 1057.9772119892461 155456
stats: page 13 19.483846153846155 19.56726172755894 24431.285 0.701 2026.5246577913035 81161
stats: connect 0 0 0 1615.979 0.399 7.203838620689661 29000
stats: tr_create_post_comment 3 50.653 2.47284707708881 24431.379 5.56 6211.331365341975 5863
stats: 302 25 40428
stats: 200 4 30707
stats: size_rcv 48090 558338717
stats: 422 0 2117
stats: newphase 0 7
stats: 502 0 76250
stats: size_sent 20041 60084110
stats: connected -13 0
stats: 500 0 2800
stats: 404 0 3183
# stats: dump at 1575623423
stats: users 0 1231
stats: {freemem,"tsung_controller@ip-172-31-31-191"} 1 600.9140625 0.0 735.2890625 435.86328125 648.9885937500001 50
stats: {load,"tsung_controller@ip-172-31-31-191"} 1 0.8203125 0.0 0.96875 0.0 0.282890625 50
stats: {recvpackets,"tsung_controller@ip-172-31-31-191"} 1 40.0 0.0 36089 40 13451.979591836734 49
stats: {sentpackets,"tsung_controller@ip-172-31-31-191"} 1 44.0 0.0 35493 44 10626.224489795919 49
stats: {cpu,"tsung_controller@ip-172-31-31-191"} 1 0.15 0.0 38.72549019607843 0.15 11.380747711403535 50
stats: session 0 0 0 35301.996 5.979 6315.24629872414 29000
stats: users_count 0 29000
stats: finish_users_count 0 29000
stats: page 0 0 0 24431.285 0.701 2026.203230603395 81174
stats: request 0 0 0 8063.209 0.654 1057.7815037913642 155485
stats: connect 0 0 0 1615.979 0.399 7.203838620689661 29000
stats: 302 0 40428
stats: tr_create_post_comment 0 0 0 24431.379 5.56 6208.180660415956 5866
stats: 200 0 30707
stats: size_rcv 0 558338717
stats: 422 0 2117
stats: newphase 0 7
stats: 502 0 76250
stats: size_sent 0 60084110
stats: connected 0 0
stats: 500 0 2800
stats: 404 0 3183
# stats: dump at 1575623433
stats: users 0 1231
stats: {freemem,"tsung_controller@ip-172-31-31-191"} 1 601.95703125 0.0 735.2890625 435.86328125 648.0459558823529 51
stats: {load,"tsung_controller@ip-172-31-31-191"} 1 0.69140625 0.0 0.96875 0.0 0.29342830882352944 51
stats: {recvpackets,"tsung_controller@ip-172-31-31-191"} 1 0.0 0.0 36089 0 13183.74 50
stats: {sentpackets,"tsung_controller@ip-172-31-31-191"} 1 0.0 0.0 35493 0 10414.580000000002 50
stats: {cpu,"tsung_controller@ip-172-31-31-191"} 1 0.0 0.0 38.72549019607843 0.0 11.16053697196425 51
stats: session 0 0 0 35301.996 5.979 6315.24629872414 29000
stats: users_count 0 29000
stats: finish_users_count 0 29000
stats: request 0 0 0 8063.209 0.654 1057.7815037913642 155485
stats: connect 0 0 0 1615.979 0.399 7.203838620689661 29000
stats: tr_create_post_comment 0 0 0 24431.379 5.56 6208.180660415956 5866
stats: page 0 0 0 24431.285 0.701 2026.203230603395 81174
stats: 302 0 40428
stats: 200 0 30707
stats: size_rcv 0 558338717
stats: 422 0 2117
stats: newphase 0 7
stats: 502 0 76250
stats: size_sent 0 60084110
stats: connected 0 0
stats: 500 0 2800
stats: 404 0 3183
# stats: dump at 1575623443
stats: users 0 1231
stats: {freemem,"tsung_controller@ip-172-31-31-191"} 1 602.0234375 0.0 735.2890625 435.86328125 647.1596304086538 52
stats: {load,"tsung_controller@ip-172-31-31-191"} 1 0.578125 0.0 0.96875 0.0 0.3010817307692308 52
stats: {recvpackets,"tsung_controller@ip-172-31-31-191"} 1 1.0 0.0 36089 0 12925.235294117647 51
stats: {sentpackets,"tsung_controller@ip-172-31-31-191"} 1 1.0 0.0 35493 0 10210.37254901961 51
stats: {cpu,"tsung_controller@ip-172-31-31-191"} 1 0.05 0.0 38.72549019607843 0.0 10.945911260964937 52
stats: session 0 0 0 35301.996 5.979 6315.24629872414 29000
stats: users_count 0 29000
stats: finish_users_count 0 29000
stats: request 0 0 0 8063.209 0.654 1057.7815037913642 155485
stats: page 0 0 0 24431.285 0.701 2026.203230603395 81174
stats: connect 0 0 0 1615.979 0.399 7.203838620689661 29000
stats: tr_create_post_comment 0 0 0 24431.379 5.56 6208.180660415956 5866
stats: 302 0 40428
stats: 200 0 30707
stats: size_rcv 0 558338717
stats: 422 0 2117
stats: newphase 0 7
stats: 502 0 76250
stats: size_sent 0 60084110
stats: connected 0 0
stats: 500 0 2800
stats: 404 0 3183
# stats: dump at 1575623453
stats: users 0 1231
stats: {freemem,"tsung_controller@ip-172-31-31-191"} 1 602.09765625 0.0 735.2890625 435.86328125 646.3080041273585 53
stats: {load,"tsung_controller@ip-172-31-31-191"} 1 0.48828125 0.0 0.96875 0.0 0.30630896226415094 53
stats: {recvpackets,"tsung_controller@ip-172-31-31-191"} 1 0.0 0.0 36089 0 12676.692307692309 52
stats: {sentpackets,"tsung_controller@ip-172-31-31-191"} 1 0.0 0.0 35493 0 10014.038461538465 52
stats: {cpu,"tsung_controller@ip-172-31-31-191"} 1 0.0 0.0 38.72549019607843 0.0 10.740328029625974 53
stats: session 0 0 0 35301.996 5.979 6315.24629872414 29000
stats: users_count 0 29000
stats: finish_users_count 0 29000
stats: request 0 0 0 8063.209 0.654 1057.7815037913642 155485
stats: connect 0 0 0 1615.979 0.399 7.203838620689661 29000
stats: page 0 0 0 24431.285 0.701 2026.203230603395 81174
stats: tr_create_post_comment 0 0 0 24431.379 5.56 6208.180660415956 5866
stats: 302 0 40428
stats: 200 0 30707
stats: size_rcv 0 558338717
stats: 422 0 2117
stats: newphase 0 7
stats: 502 0 76250
stats: size_sent 0 60084110
stats: connected 0 0
stats: 500 0 2800
stats: 404 0 3183
# stats: dump at 1575623455
stats: users 0 1231
stats: {freemem,"tsung_controller@ip-172-31-31-191"} 1 602.6640625 0.0 735.2890625 435.86328125 645.4892939814815 54
stats: {load,"tsung_controller@ip-172-31-31-191"} 1 0.421875 0.0 0.96875 0.0 0.3096788194444444 54
stats: {recvpackets,"tsung_controller@ip-172-31-31-191"} 1 93.0 0.0 36089 0 12437.509433962265 53
stats: {sentpackets,"tsung_controller@ip-172-31-31-191"} 1 321.0 0.0 35493 0 9825.094339622645 53
stats: {cpu,"tsung_controller@ip-172-31-31-191"} 1 0.798801797304044 0.0 38.72549019607843 0.0 10.541433066114383 54
stats: session 0 0 0 35301.996 5.979 6315.24629872414 29000
stats: users_count 0 29000
stats: finish_users_count 0 29000
stats: connect 0 0 0 1615.979 0.399 7.203838620689661 29000
stats: request 0 0 0 8063.209 0.654 1057.7815037913642 155485
stats: 302 0 40428
stats: page 0 0 0 24431.285 0.701 2026.203230603395 81174
stats: tr_create_post_comment 0 0 0 24431.379 5.56 6208.180660415956 5866
stats: 200 0 30707
stats: size_rcv 0 558338717
stats: 422 0 2117
stats: newphase 0 7
stats: 502 0 76250
stats: size_sent 0 60084110
stats: connected 0 0
stats: 500 0 2800
stats: 404 0 3183
EndMonitor:{1575,623455,606810}