# stats: dump at 1575615702
stats: users 2 4
stats: {freemem,"tsung_controller@ip-172-31-24-118"} 1 778.90625 0 778.90625 778.90625 0 0
stats: {load,"tsung_controller@ip-172-31-24-118"} 1 0.0 0 0.0 0.0 0 0
stats: {cpu,"tsung_controller@ip-172-31-24-118"} 1 3.5616821718006375 0 3.5616821718006375 3.5616821718006375 0 0
stats: session 12 950.5714166666667 891.2527051390886 2808.526 277.34 0 0
stats: users_count 14 14
stats: finish_users_count 12 12
stats: request 59 68.05040677966102 94.90432593757272 257.928 3.453 0 0
stats: connect 13 3.647000000000001 6.029018277017859 21.608 0.939 0 0
stats: page 33 121.74433333333332 140.8967163194947 410.25 6.703 0 0
stats: tr_create_post_comment 1 45.299 0 45.299 45.299 0 0
stats: 302 24 24
stats: 200 32 32
stats: size_rcv 479842 479842
stats: 422 3 3
stats: size_sent 32483 32483
stats: connected 2 2
# stats: dump at 1575615712
stats: users 3 5
stats: {freemem,"tsung_controller@ip-172-31-24-118"} 1 778.671875 0.0 778.90625 778.671875 778.90625 1
stats: {load,"tsung_controller@ip-172-31-24-118"} 1 0.0 0.0 0.0 0.0 0.0 1
stats: {recvpackets,"tsung_controller@ip-172-31-24-118"} 1 667 0 667 667 0 0
stats: {sentpackets,"tsung_controller@ip-172-31-24-118"} 1 434 0 434 434 0 0
stats: {cpu,"tsung_controller@ip-172-31-24-118"} 1 0.2997002997002997 0.0 3.5616821718006375 0.2997002997002997 3.5616821718006375 1
stats: session 21 1212.1011904761904 1436.3864980139974 5656.534 266.093 950.5714166666667 12
stats: users_count 22 36
stats: finish_users_count 21 33
stats: request 113 74.85735398230088 116.4754333268988 517.352 3.453 68.05040677966102 59
stats: connect 21 1.537047619047619 1.4421978424543718 21.608 0.91 3.647000000000001 13
stats: page 63 134.3365873015873 169.0921495500271 619.049 4.01 121.74433333333332 33
stats: tr_create_post_comment 4 216.188 236.16962954939828 619.187 45.299 45.299 1
stats: 302 58 82
stats: 200 53 85
stats: size_rcv 1220613 1700455
stats: 422 2 5
stats: size_sent 62699 95182
stats: connected -1 1
# stats: dump at 1575615722
stats: users 2 7
stats: {freemem,"tsung_controller@ip-172-31-24-118"} 1 778.5546875 0.0 778.90625 778.5546875 778.7890625 2
stats: {load,"tsung_controller@ip-172-31-24-118"} 1 0.0 0.0 0.0 0.0 0.0 2
stats: {recvpackets,"tsung_controller@ip-172-31-24-118"} 1 1002.0 0.0 1002 667 667.0 1
stats: {sentpackets,"tsung_controller@ip-172-31-24-118"} 1 635.0 0.0 635 434 434.0 1
stats: {cpu,"tsung_controller@ip-172-31-24-118"} 1 0.25012506253126565 0.0 3.5616821718006375 0.25012506253126565 1.9306912357504686 2
stats: session 18 1460.4991666666667 1101.136077589477 5656.534 264.844 1116.9994545454545 33
stats: users_count 17 53
stats: finish_users_count 18 51
stats: request 93 69.02740860215053 100.5911045602455 517.352 3.453 72.52241279069767 172
stats: connect 17 2.730764705882353 5.721253950679527 25.577 0.847 2.3437941176470596 34
stats: page 48 133.82245833333337 149.4563589372829 619.181 4.01 130.008 96
stats: tr_create_post_comment 4 124.6275 111.40741795881456 619.187 45.299 182.0102 5
stats: 302 47 129
stats: 200 43 128
stats: size_rcv 946724 2647179
stats: 422 3 8
stats: size_sent 52594 147776
stats: connected 0 1
# stats: dump at 1575615732
stats: users 3 7
stats: {freemem,"tsung_controller@ip-172-31-24-118"} 1 777.9296875 0.0 778.90625 777.9296875 778.7109375 3
stats: {load,"tsung_controller@ip-172-31-24-118"} 1 0.0 0.0 0.0 0.0 0.0 3
stats: {recvpackets,"tsung_controller@ip-172-31-24-118"} 1 803.0 0.0 1002 667 834.5 2
stats: {sentpackets,"tsung_controller@ip-172-31-24-118"} 1 800.0 0.0 800 434 534.5 2
stats: {cpu,"tsung_controller@ip-172-31-24-118"} 1 0.8995502248875562 0.0 3.5616821718006375 0.25012506253126565 1.3705025113440676 3
stats: session 21 1264.241619047619 718.750410684204 5656.534 264.844 1238.2346470588234 51
stats: users_count 22 75
stats: finish_users_count 21 72
stats: request 109 80.06277064220183 105.02652095058703 517.352 3.453 71.29586415094339 265
stats: connect 22 9.523954545454549 28.617267388251122 137.086 0.847 2.472784313725491 51
stats: page 61 143.12706557377047 164.62434562618057 619.181 3.875 131.27948611111114 144
stats: tr_create_post_comment 3 47.23133333333333 2.7162820586644205 619.187 43.391 156.50677777777776 9
stats: 302 51 180
stats: 200 55 183
stats: size_rcv 1537368 4184547
stats: 422 3 11
stats: size_sent 59887 207663
stats: connected 2 3
# stats: dump at 1575615742
stats: users 1 7
stats: {freemem,"tsung_controller@ip-172-31-24-118"} 1 776.2421875 0.0 778.90625 776.2421875 778.515625 4
stats: {load,"tsung_controller@ip-172-31-24-118"} 1 0.0 0.0 0.0 0.0 0.0 4
stats: {recvpackets,"tsung_controller@ip-172-31-24-118"} 1 1334.0 0.0 1334 667 824.0 3
stats: {sentpackets,"tsung_controller@ip-172-31-24-118"} 1 819.0 0.0 819 434 623.0 3
stats: {cpu,"tsung_controller@ip-172-31-24-118"} 1 0.5976095617529881 0.0 3.5616821718006375 0.25012506253126565 1.2527644397299398 4
stats: session 17 926.707588235294 966.8789947056797 5656.534 264.844 1245.8200138888888 72
stats: users_count 15 90
stats: finish_users_count 17 89
stats: request 102 49.95467647058825 86.1214261880854 517.352 3.453 73.85092513368984 374
stats: connect 16 1.2585000000000002 0.24946818434421647 137.086 0.847 4.5977945205479465 73
stats: page 48 106.25916666666667 128.1274614591744 619.181 3.875 134.80486341463416 205
stats: tr_create_post_comment 6 48.46783333333334 5.314396466726542 619.187 42.404 129.18791666666664 12
stats: 302 56 236
stats: 200 43 226
stats: size_rcv 758853 4943400
stats: 422 3 14
stats: size_sent 60088 267751
stats: connected -3 0
# stats: dump at 1575615752
stats: users 2 7
stats: {freemem,"tsung_controller@ip-172-31-24-118"} 1 777.90625 0.0 778.90625 776.2421875 778.0609375 5
stats: {load,"tsung_controller@ip-172-31-24-118"} 1 0.0 0.0 0.0 0.0 0.0 5
stats: {recvpackets,"tsung_controller@ip-172-31-24-118"} 1 590.0 0.0 1334 590 951.5 4
stats: {sentpackets,"tsung_controller@ip-172-31-24-118"} 1 411.0 0.0 819 411 672.0 4
stats: {cpu,"tsung_controller@ip-172-31-24-118"} 1 0.24975024975024976 0.0 3.5616821718006375 0.24975024975024976 1.1217334641345496 5
stats: session 22 1259.1826363636364 1022.7989897124792 5656.534 264.844 1184.8659550561797 89
stats: users_count 23 113
stats: finish_users_count 22 111
stats: request 120 56.00823333333333 89.60270143609263 517.352 3.453 68.73030042016806 476
stats: connect 22 2.414454545454545 5.120607205891192 137.086 0.847 3.9974719101123606 89
stats: page 62 108.48446774193546 127.20933730421675 619.181 3.875 129.38907905138342 253
stats: tr_create_post_comment 5 47.534600000000005 4.185014485040647 619.187 40.352 102.2812222222222 18
stats: 302 60 296
stats: 200 56 282
stats: size_rcv 1385832 6329232
stats: 422 4 18
stats: size_sent 67777 335528
stats: connected 0 0
# stats: dump at 1575615762
stats: users 18 19
stats: {freemem,"tsung_controller@ip-172-31-24-118"} 1 776.24609375 0.0 778.90625 776.2421875 778.03515625 6
stats: {load,"tsung_controller@ip-172-31-24-118"} 1 0.0 0.0 0.0 0.0 0.0 6
stats: {recvpackets,"tsung_controller@ip-172-31-24-118"} 1 1153.0 0.0 1334 590 879.2 5
stats: {sentpackets,"tsung_controller@ip-172-31-24-118"} 1 742.0 0.0 819 411 619.8 5
stats: {cpu,"tsung_controller@ip-172-31-24-118"} 1 0.15022533800701052 0.0 3.5616821718006375 0.15022533800701052 0.9764029284038328 6
stats: session 28 1165.2627142857143 766.7083795177305 5656.534 264.844 1199.5953873873873 111
stats: users_count 44 157
stats: finish_users_count 28 139
stats: request 180 135.87020000000004 184.36622147039603 792.46 3.379 66.16881040268456 596
stats: connect 46 3.577782608695652 6.502572219858857 137.086 0.847 3.6837207207207214 111
stats: page 98 225.11421428571427 271.924456643912 1057.302 3.875 125.27452063492063 315
stats: tr_create_post_comment 6 235.52749999999995 287.8138044215102 813.543 40.352 90.37978260869563 23
stats: 302 83 379
stats: 200 92 374
stats: size_rcv 2053516 8382748
stats: 422 5 23
stats: newphase 1 1
stats: size_sent 103936 439464
stats: connected 19 19
# stats: dump at 1575615772
stats: users 6 23
stats: {freemem,"tsung_controller@ip-172-31-24-118"} 1 773.70703125 0.0 778.90625 773.70703125 777.7795758928571 7
stats: {load,"tsung_controller@ip-172-31-24-118"} 1 0.0 0.0 0.0 0.0 0.0 7
stats: {recvpackets,"tsung_controller@ip-172-31-24-118"} 1 2063.0 0.0 2063 590 924.8333333333334 6
stats: {sentpackets,"tsung_controller@ip-172-31-24-118"} 1 1267.0 0.0 1267 411 640.1666666666666 6
stats: {cpu,"tsung_controller@ip-172-31-24-118"} 1 0.5480817140009965 0.0 3.5616821718006375 0.15022533800701052 0.8583775583471439 7
stats: session 50 2254.91468 1460.9143723493644 5656.534 264.844 1192.67945323741 139
stats: users_count 38 195
stats: finish_users_count 50 189
stats: request 253 255.66258498023683 355.6640587228669 1785.859 3.377 82.33665850515465 776
stats: connect 36 2.4589444444444455 5.656804957769617 137.086 0.847 3.6526815286624212 157
stats: page 126 532.5008174603173 715.9329134261335 3957.565 3.875 148.96529539951575 413
stats: tr_create_post_comment 11 550.2817272727274 583.2707528914526 1879.295 38.002 120.4103448275862 29
stats: 302 128 507
stats: 200 115 489
stats: size_rcv 2700961 11083709
stats: 422 10 33
stats: newphase 0 1
stats: size_sent 140701 580165
stats: connected -15 4
# stats: dump at 1575615782
stats: users 3 23
stats: {freemem,"tsung_controller@ip-172-31-24-118"} 1 769.92578125 0.0 778.90625 769.92578125 777.2705078125 8
stats: {load,"tsung_controller@ip-172-31-24-118"} 1 0.0 0.0 0.0 0.0 0.0 8
stats: {recvpackets,"tsung_controller@ip-172-31-24-118"} 1 2110.0 0.0 2110 590 1087.4285714285713 7
stats: {sentpackets,"tsung_controller@ip-172-31-24-118"} 1 1323.0 0.0 1323 411 729.7142857142857 7
stats: {cpu,"tsung_controller@ip-172-31-24-118"} 1 0.7473841554559043 0.0 3.5616821718006375 0.15022533800701052 0.8195905778038756 8
stats: session 46 1481.555304347826 909.9559039234877 5656.534 264.844 1473.6940634920632 189
stats: users_count 43 238
stats: finish_users_count 46 235
stats: request 241 181.41130705394184 235.39797209737637 1785.859 3.377 124.95226530612237 1029
stats: connect 45 9.812266666666668 35.68448217948213 213.861 0.847 3.4300155440414515 193
stats: page 127 344.32922834645655 414.1574697294637 3957.565 3.875 238.6229499072356 539
stats: tr_create_post_comment 9 541.9482222222222 457.3369118693273 1879.295 38.002 238.624975 40
stats: 302 117 624
stats: 200 115 604
stats: size_rcv 2749021 13832730
stats: 422 9 42
stats: newphase 0 1
stats: size_sent 134511 714676
stats: connected 1 5
# stats: dump at 1575615792
stats: users 4 23
stats: {freemem,"tsung_controller@ip-172-31-24-118"} 1 769.328125 0.0 778.90625 769.328125 776.4544270833334 9
stats: {load,"tsung_controller@ip-172-31-24-118"} 1 0.0 0.0 0.0 0.0 0.0 9
stats: {recvpackets,"tsung_controller@ip-172-31-24-118"} 1 2194.0 0.0 2194 590 1215.25 8
stats: {sentpackets,"tsung_controller@ip-172-31-24-118"} 1 1348.0 0.0 1348 411 803.875 8
stats: {cpu,"tsung_controller@ip-172-31-24-118"} 1 0.6470881035340966 0.0 3.5616821718006375 0.15022533800701052 0.8115676419874344 9
stats: session 39 1261.2598717948715 727.1327119815545 5656.534 264.844 1475.232859574468 235
stats: users_count 40 278
stats: finish_users_count 39 274
stats: request 204 144.755818627451 201.9997460862834 1785.859 3.377 135.66614645669284 1270
stats: connect 39 12.118846153846144 28.25275688979337 213.861 0.779 4.636743697478993 238
stats: page 109 270.7229449541285 314.627505058879 3957.565 3.875 258.7801531531531 666
stats: tr_create_post_comment 5 320.97380000000004 231.95745770239856 1879.295 38.002 294.3374081632653 49
stats: 302 93 717
stats: 200 102 706
stats: size_rcv 2359581 16192311
stats: 422 9 51
stats: newphase 0 1
stats: size_sent 113885 828561
stats: connected 0 5
# stats: dump at 1575615802
stats: users 4 23
stats: {freemem,"tsung_controller@ip-172-31-24-118"} 1 769.12109375 0.0 778.90625 769.12109375 775.741796875 10
stats: {load,"tsung_controller@ip-172-31-24-118"} 1 0.0 0.0 0.0 0.0 0.0 10
stats: {recvpackets,"tsung_controller@ip-172-31-24-118"} 1 2004.0 0.0 2194 590 1324.0 9
stats: {sentpackets,"tsung_controller@ip-172-31-24-118"} 1 1240.0 0.0 1348 411 864.3333333333334 9
stats: {cpu,"tsung_controller@ip-172-31-24-118"} 1 0.4992511233150275 0.0 3.5616821718006375 0.15022533800701052 0.7951196881421005 10
stats: session 40 1323.3332500000004 862.2608368460426 5656.534 264.844 1444.7768503649634 274
stats: users_count 40 318
stats: finish_users_count 40 314
stats: request 220 126.99198181818186 189.76479131006943 1785.859 3.377 136.92414721845313 1474
stats: connect 40 2.6002 5.297950529214104 213.861 0.779 5.690180505415162 277
stats: page 108 256.456851851852 334.06651692450515 3957.565 3.875 260.45984903225803 775
stats: tr_create_post_comment 10 162.67579999999998 245.3342695425162 1879.295 38.002 296.80374074074075 54
stats: 302 106 823
stats: 200 104 810
stats: size_rcv 1851129 18043440
stats: 422 10 61
stats: newphase 0 1
stats: size_sent 126541 955102
stats: connected 0 5
# stats: dump at 1575615812
stats: users 2 23
stats: {freemem,"tsung_controller@ip-172-31-24-118"} 1 769.125 0.0 778.90625 769.12109375 775.1399147727273 11
stats: {load,"tsung_controller@ip-172-31-24-118"} 1 0.0 0.0 0.0 0.0 0.0 11
stats: {recvpackets,"tsung_controller@ip-172-31-24-118"} 1 1716.0 0.0 2194 590 1392.0 10
stats: {sentpackets,"tsung_controller@ip-172-31-24-118"} 1 1098.0 0.0 1348 411 901.9 10
stats: {cpu,"tsung_controller@ip-172-31-24-118"} 1 0.647410358565737 0.0 3.5616821718006375 0.15022533800701052 0.7682225458850938 11
stats: session 39 1312.2477179487182 916.0536598910527 5656.534 264.844 1429.3063280254776 314
stats: users_count 37 355
stats: finish_users_count 39 353
stats: request 201 135.69352238805956 180.5379765526691 1785.859 3.377 135.6342556080283 1694
stats: connect 38 2.320815789473684 5.7133131408153925 213.861 0.779 5.300277602523659 317
stats: page 111 248.29873873873856 298.9229397104377 3957.565 3.875 259.9702412231031 883
stats: tr_create_post_comment 6 666.351 372.6458464829576 1879.295 38.002 275.84625 64
stats: 302 96 919
stats: 200 98 908
stats: size_rcv 2478403 20521843
stats: 422 7 68
stats: newphase 0 1
stats: size_sent 110110 1065212
stats: connected -2 3
# stats: dump at 1575615822
stats: users 64 64
stats: {freemem,"tsung_controller@ip-172-31-24-118"} 1 769.1328125 0.0 778.90625 769.12109375 774.638671875 12
stats: {load,"tsung_controller@ip-172-31-24-118"} 1 0.0 0.0 0.0 0.0 0.0 12
stats: {recvpackets,"tsung_controller@ip-172-31-24-118"} 1 1887.0 0.0 2194 590 1421.4545454545455 11
stats: {sentpackets,"tsung_controller@ip-172-31-24-118"} 1 1148.0 0.0 1348 411 919.7272727272727 11
stats: {cpu,"tsung_controller@ip-172-31-24-118"} 1 0.39980009995002497 0.0 3.5616821718006375 0.15022533800701052 0.7581548636084808 12
stats: session 21 3747.944285714286 2051.496365826201 7010.762 264.844 1416.373507082153 353
stats: users_count 83 438
stats: finish_users_count 21 374
stats: request 216 829.6101666666663 772.909060527301 3080.891 3.377 135.64054195250657 1895
stats: connect 79 2.9967848101265835 6.693874291443087 213.861 0.779 4.981349295774647 355
stats: page 126 987.7501507936511 1331.526476578125 6832.19 3.875 258.666884305835 994
stats: tr_create_post_comment 1 41.607 0.0 1879.295 38.002 309.3180857142857 70
stats: 302 77 996
stats: 200 134 1042
stats: size_rcv 2058155 22579998
stats: 422 5 73
stats: newphase 1 2
stats: size_sent 132887 1198099
stats: connected 58 61
# stats: dump at 1575615832
stats: users 90 94
stats: {freemem,"tsung_controller@ip-172-31-24-118"} 1 760.6953125 0.0 778.90625 760.6953125 774.2151442307693 13
stats: {load,"tsung_controller@ip-172-31-24-118"} 1 0.0 0.0 0.0 0.0 0.0 13
stats: {recvpackets,"tsung_controller@ip-172-31-24-118"} 1 2353.0 0.0 2353 590 1460.25 12
stats: {sentpackets,"tsung_controller@ip-172-31-24-118"} 1 1822.0 0.0 1822 411 938.75 12
stats: {cpu,"tsung_controller@ip-172-31-24-118"} 1 1.4420686225758328 0.0 3.5616821718006375 0.15022533800701052 0.7305891125578303 13
stats: session 43 9315.44569767442 1836.619128366798 14816.871 264.844 1547.2905828877008 374
stats: users_count 69 507
stats: finish_users_count 43 417
stats: request 280 2380.0942321428574 1179.803259700344 4702.704 3.377 206.64832922785402 2111
stats: connect 70 3.3924999999999996 7.775854163002653 213.861 0.764 4.620103686635944 434
stats: page 155 3161.5525677419355 2911.177866782698 11621.759 3.875 340.68875178571426 1120
stats: tr_create_post_comment 2 11590.0355 31.806500000000597 11621.842 38.002 305.5475070422535 71
stats: 302 129 1125
stats: 200 141 1183
stats: size_rcv 2935508 25515506
stats: 422 10 83
stats: newphase 0 2
stats: size_sent 167086 1365185
stats: connected 31 92
# stats: dump at 1575615842
stats: users 118 121
stats: {freemem,"tsung_controller@ip-172-31-24-118"} 1 753.53515625 0.0 778.90625 753.53515625 773.2494419642857 14
stats: {load,"tsung_controller@ip-172-31-24-118"} 1 0.0 0.0 0.0 0.0 0.0 14
stats: {recvpackets,"tsung_controller@ip-172-31-24-118"} 1 3114.0 0.0 3114 590 1528.923076923077 13
stats: {sentpackets,"tsung_controller@ip-172-31-24-118"} 1 2173.0 0.0 2173 411 1006.6923076923077 13
stats: {cpu,"tsung_controller@ip-172-31-24-118"} 1 1.6401590457256463 0.0 3.5616821718006375 0.15022533800701052 0.7814090775591163 14
stats: session 44 13048.701181818176 2500.416141160419 23816.383 264.844 2348.3233645083938 417
stats: users_count 72 579
stats: finish_users_count 44 461
stats: request 316 3082.348585443039 1106.0504612892173 5068.87 3.377 461.1714797156001 2391
stats: connect 73 3.9586575342465755 12.82855321626111 213.861 0.764 4.449603174603174 504
stats: page 168 4789.79889880952 3911.1066404647036 17706.322 3.875 683.617294117647 1275
stats: tr_create_post_comment 2 16599.891499999998 1106.5505000000003 17706.442 38.002 614.7115616438357 73
stats: 302 132 1257
stats: 200 171 1354
stats: size_rcv 3558714 29074220
stats: 422 15 98
stats: newphase 0 2
stats: size_sent 186049 1551234
stats: connected 25 117
# stats: dump at 1575615852
stats: users 131 131
stats: {freemem,"tsung_controller@ip-172-31-24-118"} 1 745.48046875 0.0 778.90625 745.48046875 771.93515625 15
stats: {load,"tsung_controller@ip-172-31-24-118"} 1 0.0 0.0 0.0 0.0 0.0 15
stats: {recvpackets,"tsung_controller@ip-172-31-24-118"} 1 2945.0 0.0 3114 590 1642.142857142857 14
stats: {sentpackets,"tsung_controller@ip-172-31-24-118"} 1 1799.0 0.0 2173 411 1090.0 14
stats: {cpu,"tsung_controller@ip-172-31-24-118"} 1 0.8959681433549029 0.0 3.5616821718006375 0.15022533800701052 0.8386590754368849 15
stats: session 63 16486.486063492066 4927.807704390208 29295.053 264.844 3369.617559652928 461
stats: users_count 76 655
stats: finish_users_count 63 524
stats: request 331 3475.511915407854 982.465439584323 5907.662 3.377 767.1529963058738 2707
stats: connect 77 19.45563636363634 47.517148773427905 225.778 0.764 4.387490467937608 577
stats: page 178 6006.058308988762 5335.825217301644 22365.567 3.875 1161.6758593208588 1443
stats: tr_create_post_comment 10 21238.4252 813.019330110397 22365.682 38.002 1040.9830266666665 75
stats: 302 159 1416
stats: 200 159 1513
stats: size_rcv 2851763 31925983
stats: 422 12 110
stats: newphase 0 2
stats: size_sent 187596 1738830
stats: connected 13 130
# stats: dump at 1575615862
stats: users 150 156
stats: {freemem,"tsung_controller@ip-172-31-24-118"} 1 743.078125 0.0 778.90625 743.078125 770.28173828125 16
stats: {load,"tsung_controller@ip-172-31-24-118"} 1 0.0 0.0 0.0 0.0 0.0 16
stats: {recvpackets,"tsung_controller@ip-172-31-24-118"} 1 2550.0 0.0 3114 590 1729.0 15
stats: {sentpackets,"tsung_controller@ip-172-31-24-118"} 1 1719.0 0.0 2173 411 1137.2666666666667 15
stats: {cpu,"tsung_controller@ip-172-31-24-118"} 1 0.7976071784646062 0.0 3.5616821718006375 0.15022533800701052 0.842240892181761 16
stats: session 58 17948.52256896552 5799.486010172528 33177.361 264.844 4946.64564312977 524
stats: users_count 77 732
stats: finish_users_count 58 582
stats: request 338 3813.641920118344 1188.3282005169629 7175.048 3.377 1062.237526333114 3038
stats: connect 77 2.6219350649350646 6.174030215319612 225.778 0.764 6.161568807339447 654
stats: page 192 6396.953197916665 5402.816496533793 23346.83 3.875 1693.6314892041942 1621
stats: tr_create_post_comment 9 22571.934666666668 589.4491066228234 23346.928 38.002 3417.152694117647 85
stats: 302 148 1564
stats: 200 176 1689
stats: size_rcv 3528317 35454300
stats: 422 13 123
stats: newphase 0 2
stats: size_sent 186640 1925470
stats: connected 19 149
# stats: dump at 1575615872
stats: users 200 200
stats: {freemem,"tsung_controller@ip-172-31-24-118"} 1 739.60546875 0.0 778.90625 739.60546875 768.6815257352941 17
stats: {load,"tsung_controller@ip-172-31-24-118"} 1 0.0 0.0 0.0 0.0 0.0 17
stats: {recvpackets,"tsung_controller@ip-172-31-24-118"} 1 3091.0 0.0 3114 590 1780.3125 16
stats: {sentpackets,"tsung_controller@ip-172-31-24-118"} 1 1927.0 0.0 2173 411 1173.625 16
stats: {cpu,"tsung_controller@ip-172-31-24-118"} 1 1.1916583912611718 0.0 3.5616821718006375 0.15022533800701052 0.8396153796101636 17
stats: session 45 19112.02275555556 8205.925903815349 35686.724 6.225 6242.36533676976 582
stats: users_count 95 827
stats: finish_users_count 45 627
stats: request 339 4454.563530973451 1818.0722943644453 7554.738 0.769 1337.703961492891 3376
stats: connect 95 2.80337894736842 6.451314655379529 225.778 0.764 5.788720930232556 731
stats: page 186 6786.173784946238 5811.266805829039 26690.965 0.827 2191.72181908439 1813
stats: tr_create_post_comment 6 25423.258166666667 1362.8880439641669 26691.072 38.002 5251.121180851064 94
stats: 302 151 1715
stats: 200 150 1839
stats: size_rcv 3644743 39099043
stats: 422 7 130
stats: newphase 0 2
stats: 502 31 31
stats: size_sent 194684 2120154
stats: connected 50 199
# stats: dump at 1575615882
stats: users 205 210
stats: {freemem,"tsung_controller@ip-172-31-24-118"} 1 733.24609375 0.0 778.90625 733.24609375 767.0661892361111 18
stats: {load,"tsung_controller@ip-172-31-24-118"} 1 0.0 0.0 0.0 0.0 0.0 18
stats: {recvpackets,"tsung_controller@ip-172-31-24-118"} 1 3301.0 0.0 3301 590 1857.4117647058824 17
stats: {sentpackets,"tsung_controller@ip-172-31-24-118"} 1 2157.0 0.0 2173 411 1217.9411764705883 17
stats: {cpu,"tsung_controller@ip-172-31-24-118"} 1 0.9940357852882704 0.0 3.5616821718006375 0.15022533800701052 0.8591733247018863 18
stats: session 166 13030.269361445782 12459.015914852424 42818.591 6.225 7166.024960127593 627
stats: users_count 171 998
stats: finish_users_count 166 793
stats: request 906 2105.4099591611534 2819.1807600281372 8112.91 0.759 1622.1226409152084 3715
stats: connect 170 2.5149705882352915 5.9745524138795325 225.778 0.764 5.445370460048424 826
stats: page 474 3935.711770042195 6640.399069441845 31350.386 0.784 2619.2196008004003 1999
stats: tr_create_post_comment 31 15440.46096774193 13926.869917066142 31350.54 5.942 6461.4494 100
stats: 302 164 1879
stats: 200 160 1999
stats: size_rcv 2875653 41974696
stats: 422 10 140
stats: newphase 1 3
stats: 502 571 602
stats: size_sent 324780 2444934
stats: connected 6 205
stats: 404 1 1
# stats: dump at 1575615892
stats: users 194 211
stats: {freemem,"tsung_controller@ip-172-31-24-118"} 1 731.91015625 0.0 778.90625 731.91015625 765.2861842105264 19
stats: {load,"tsung_controller@ip-172-31-24-118"} 1 0.0 0.0 0.0 0.0 0.0 19
stats: {recvpackets,"tsung_controller@ip-172-31-24-118"} 1 3934.0 0.0 3934 590 1937.611111111111 18
stats: {sentpackets,"tsung_controller@ip-172-31-24-118"} 1 3271.0 0.0 3271 411 1270.111111111111 18
stats: {cpu,"tsung_controller@ip-172-31-24-118"} 1 1.791044776119403 0.0 3.5616821718006375 0.15022533800701052 0.8662713489432751 19
stats: session 179 11158.56515083798 10732.684825521865 44892.184 6.225 8393.59692812106 793
stats: users_count 168 1166
stats: finish_users_count 179 972
stats: request 926 2113.5918185745136 2681.5988987989517 8112.91 0.705 1716.876657433457 4621
stats: connect 169 2.33898224852071 5.526030375391006 225.778 0.69 4.945201807228913 996
stats: page 474 3896.954548523208 6070.479543745931 33901.914 0.784 2871.5517027901337 2473
stats: tr_create_post_comment 30 7580.111599999997 11649.99456557354 33902.036 5.211 8586.253664122138 131
stats: 302 197 2076
stats: 200 151 2150
stats: size_rcv 2754010 44728706
stats: 422 14 154
stats: newphase 0 3
stats: 502 558 1160
stats: size_sent 325585 2770519
stats: connected -12 193
stats: 404 4 5
stats: 500 2 2
# stats: dump at 1575615902
stats: users 208 211
stats: {freemem,"tsung_controller@ip-172-31-24-118"} 1 731.3125 0.0 778.90625 731.3125 763.6173828125 20
stats: {load,"tsung_controller@ip-172-31-24-118"} 1 0.0 0.0 0.0 0.0 0.0 20
stats: {recvpackets,"tsung_controller@ip-172-31-24-118"} 1 3380.0 0.0 3934 590 2042.6842105263158 19
stats: {sentpackets,"tsung_controller@ip-172-31-24-118"} 1 2804.0 0.0 3271 411 1375.421052631579 19
stats: {cpu,"tsung_controller@ip-172-31-24-118"} 1 1.639344262295082 0.0 3.5616821718006375 0.15022533800701052 0.9125100203020814 20
stats: session 147 11906.250408163265 12889.306873588574 49042.077 6.225 8902.783462962961 972
stats: users_count 161 1327
stats: finish_users_count 147 1119
stats: request 814 2167.1244250614272 2539.731528222918 8112.91 0.694 1783.1031292590596 5547
stats: connect 162 7.936802469135801 29.659005524073645 225.778 0.688 4.5671321888411995 1165
stats: tr_create_post_comment 22 17582.503818181816 16098.886761001419 36659.167 5.211 8398.773776397515 161
stats: page 448 3752.594515625004 6396.842506531223 36659.064 0.76 3036.479069222939 2947
stats: 302 187 2263
stats: 200 152 2302
stats: size_rcv 2935654 47664360
stats: 422 6 160
stats: newphase 0 3
stats: 502 454 1614
stats: size_sent 279177 3049696
stats: connected 15 208
stats: 404 14 19
stats: 500 1 3
# stats: dump at 1575615912
stats: users 198 212
stats: {freemem,"tsung_controller@ip-172-31-24-118"} 1 726.04296875 0.0 778.90625 726.04296875 762.0790550595239 21
stats: {load,"tsung_controller@ip-172-31-24-118"} 1 0.0 0.0 0.0 0.0 0.0 21
stats: {recvpackets,"tsung_controller@ip-172-31-24-118"} 1 3604.0 0.0 3934 590 2109.55 20
stats: {sentpackets,"tsung_controller@ip-172-31-24-118"} 1 2893.0 0.0 3271 411 1446.85 20
stats: {cpu,"tsung_controller@ip-172-31-24-118"} 1 3.4090909090909087 0.0 3.5616821718006375 0.15022533800701052 0.9471211746827005 21
stats: session 159 13640.833427672955 12708.20585679545 52874.236 6.225 9297.340782841822 1119
stats: users_count 149 1476
stats: finish_users_count 159 1278
stats: request 824 2484.18294781554 2769.8449487335083 8112.91 0.694 1832.2452979091347 6361
stats: connect 149 18.344939597315424 44.986899283502574 225.778 0.688 4.978501130369252 1327
stats: page 427 5025.331733021077 7683.191649716388 36659.064 0.76 3130.97677761414 3395
stats: tr_create_post_comment 33 16854.335060606063 14880.41136497512 36659.167 5.211 9502.82875409836 183
stats: 302 186 2449
stats: 200 156 2458
stats: size_rcv 3679286 51343646
stats: 422 14 174
stats: newphase 0 3
stats: 502 442 2056
stats: size_sent 291587 3341283
stats: connected -10 198
stats: 404 23 42
stats: 500 3 6
# stats: dump at 1575615922
stats: users 201 212
stats: {freemem,"tsung_controller@ip-172-31-24-118"} 1 721.98046875 0.0 778.90625 721.98046875 760.4410511363636 22
stats: {load,"tsung_controller@ip-172-31-24-118"} 1 0.0 0.0 0.0 0.0 0.0 22
stats: {recvpackets,"tsung_controller@ip-172-31-24-118"} 1 4052.0 0.0 4052 590 2180.714285714286 21
stats: {sentpackets,"tsung_controller@ip-172-31-24-118"} 1 3346.0 0.0 3346 411 1515.7142857142858 21
stats: {cpu,"tsung_controller@ip-172-31-24-118"} 1 4.997550220480157 0.0 4.997550220480157 0.15022533800701052 1.0590288898830738 22
stats: session 162 12979.514981481485 12612.459063245344 52874.236 6.225 9837.72836541471 1278
stats: users_count 165 1641
stats: finish_users_count 162 1440
stats: connect 158 4.302740506329115 7.73497832893659 225.778 0.688 6.327823170731705 1476
stats: request 857 2215.3335332555416 2527.9727822126647 8112.91 0.694 1907.0117034098832 7185
stats: page 447 4351.881053691274 6830.183388228591 36659.064 0.76 3342.617166405025 3822
stats: tr_create_post_comment 31 17509.80648387097 13178.545610389918 36659.167 5.211 10625.975550925927 216
stats: 302 201 2650
stats: 200 155 2613
stats: size_rcv 3214691 54558337
stats: 422 8 182
stats: newphase 0 3
stats: 502 470 2526
stats: size_sent 293639 3634922
stats: connected 1 199
stats: 404 14 56
stats: 500 9 15
# stats: dump at 1575615932
stats: users 192 215
stats: {freemem,"tsung_controller@ip-172-31-24-118"} 1 720.16796875 0.0 778.90625 720.16796875 758.7688519021739 23
stats: {load,"tsung_controller@ip-172-31-24-118"} 1 0.0 0.0 0.0 0.0 0.0 23
stats: {recvpackets,"tsung_controller@ip-172-31-24-118"} 1 3.7e3 0.0 4052 590 2265.7727272727275 22
stats: {sentpackets,"tsung_controller@ip-172-31-24-118"} 1 2854.0 0.0 3346 411 1598.909090909091 22
stats: {cpu,"tsung_controller@ip-172-31-24-118"} 1 4.181013280865716 0.0 4.997550220480157 0.15022533800701052 1.2302689477351207 23
stats: session 163 12489.483147239263 11853.102574027955 52874.236 6.225 10191.179359722222 1440
stats: users_count 154 1795
stats: finish_users_count 163 1603
stats: page 453 4095.5149139072864 6561.979436538611 36659.064 0.76 3448.2955354884057 4269
stats: request 876 2131.5510148401845 2498.2716134436264 8112.91 0.694 1939.8681829146992 8042
stats: connect 161 2.07635403726708 2.6098269746078047 225.778 0.676 6.132007343941247 1634
stats: 302 205 2855
stats: tr_create_post_comment 32 16766.821562499994 12595.001466116906 36659.167 5.211 11489.938137651823 247
stats: 200 146 2759
stats: size_rcv 3089871 57648208
stats: 422 8 190
stats: newphase 0 3
stats: 502 492 3018
stats: size_sent 306851 3941773
stats: connected -6 193
stats: 404 22 78
stats: 500 3 18
# stats: dump at 1575615942
stats: users 216 221
stats: {freemem,"tsung_controller@ip-172-31-24-118"} 1 720.37890625 0.0 778.90625 720.16796875 757.1604817708334 24
stats: {load,"tsung_controller@ip-172-31-24-118"} 1 0.0 0.0 0.0 0.0 0.0 24
stats: {recvpackets,"tsung_controller@ip-172-31-24-118"} 1 3479.0 0.0 4052 590 2328.130434782609 23
stats: {sentpackets,"tsung_controller@ip-172-31-24-118"} 1 2722.0 0.0 3346 411 1653.4782608695652 23
stats: {cpu,"tsung_controller@ip-172-31-24-118"} 1 4.283604135893649 0.0 4.997550220480157 0.15022533800701052 1.3532166282822289 24
stats: session 268 8454.21087686567 11400.00617862822 52874.236 5.974 10424.880867747974 1603
stats: users_count 292 2087
stats: finish_users_count 268 1871
stats: request 1440 1401.2849875 2296.0210850251124 8112.91 0.694 1958.6968620767002 8918
stats: connect 279 2.893899641577062 6.372623644854641 225.778 0.676 5.768241225626739 1795
stats: page 742 2687.247692722371 5712.488404845764 36659.064 0.76 3510.385831639137 4722
stats: tr_create_post_comment 46 12271.890478260872 12253.739067806078 36659.167 4.99 12095.172078853046 279
stats: 302 203 3058
stats: 200 163 2922
stats: size_rcv 3213009 60861217
stats: 422 14 204
stats: newphase 1 4
stats: 502 1030 4048
stats: size_sent 413112 4354885
stats: connected 18 211
stats: 404 28 106
stats: 500 3 21
# stats: dump at 1575615952
stats: users 217 225
stats: {freemem,"tsung_controller@ip-172-31-24-118"} 1 726.8515625 0.0 778.90625 720.16796875 755.68921875 25
stats: {load,"tsung_controller@ip-172-31-24-118"} 1 0.0 0.0 0.0 0.0 0.0 25
stats: {recvpackets,"tsung_controller@ip-172-31-24-118"} 1 5248.0 0.0 5248 590 2376.0833333333335 24
stats: {sentpackets,"tsung_controller@ip-172-31-24-118"} 1 4829.0 0.0 4829 411 1698.0 24
stats: {cpu,"tsung_controller@ip-172-31-24-118"} 1 5.599214145383105 0.0 5.599214145383105 0.15022533800701052 1.4704321285866857 25
stats: session 309 7432.696168284783 10182.243487972317 52874.236 5.974 10142.604246926778 1871
stats: users_count 310 2397
stats: finish_users_count 309 2180
stats: request 1626 1074.6689317343169 1997.8411878684283 8112.91 0.694 1881.2038036300455 10358
stats: connect 310 2.4165161290322588 5.23096940544557 225.778 0.621 5.381577145612342 2074
stats: page 853 2237.5349226260255 5162.066363546536 36659.064 0.731 3398.6053596266484 5464
stats: tr_create_post_comment 70 7885.863300000006 11187.99486019151 36659.167 4.954 12120.18452923077 325
stats: 302 186 3244
stats: 200 152 3074
stats: size_rcv 2821796 63683013
stats: 422 16 220
stats: newphase 0 4
stats: 502 1247 5295
stats: size_sent 422554 4777439
stats: connected 9 220
stats: 404 17 123
stats: 500 8 29
# stats: dump at 1575615962
stats: users 216 228
stats: {freemem,"tsung_controller@ip-172-31-24-118"} 1 726.12890625 0.0 778.90625 720.16796875 754.580078125 26
stats: {load,"tsung_controller@ip-172-31-24-118"} 1 0.0 0.0 0.0 0.0 0.0 26
stats: {recvpackets,"tsung_controller@ip-172-31-24-118"} 1 4834.0 0.0 5248 590 2490.96 25
stats: {sentpackets,"tsung_controller@ip-172-31-24-118"} 1 4725.0 0.0 4829 411 1823.24 25
stats: {cpu,"tsung_controller@ip-172-31-24-118"} 1 3.9186507936507935 0.0 5.599214145383105 0.15022533800701052 1.6292314369250096 26
stats: session 317 6467.884678233438 9109.101273407461 52874.236 5.974 9758.493422935779 2180
stats: users_count 316 2713
stats: finish_users_count 317 2497
stats: page 875 2100.1393748571436 4748.809826019476 36659.064 0.731 3241.8231714421413 6317
stats: request 1639 1180.7138151311813 2294.2301359970033 8112.91 0.686 1771.7724199766362 11984
stats: connect 313 6.561824281150159 24.759068836158995 225.778 0.621 4.996019714765099 2384
stats: tr_create_post_comment 50 7322.977120000001 10589.085233192372 36659.167 4.954 11369.798488607597 395
stats: 302 182 3426
stats: 200 137 3211
stats: size_rcv 3173640 66856653
stats: 422 9 229
stats: newphase 0 4
stats: 502 1282 6577
stats: size_sent 430515 5207954
stats: connected 2 222
stats: 404 24 147
stats: 500 4 33
# stats: dump at 1575615972
stats: users 218 228
stats: {freemem,"tsung_controller@ip-172-31-24-118"} 1 726.39453125 0.0 778.90625 720.16796875 753.5263310185185 27
stats: {load,"tsung_controller@ip-172-31-24-118"} 1 0.0 0.0 0.0 0.0 0.0 27
stats: {recvpackets,"tsung_controller@ip-172-31-24-118"} 1 5046.0 0.0 5248 590 2581.076923076923 26
stats: {sentpackets,"tsung_controller@ip-172-31-24-118"} 1 4805.0 0.0 4829 411 1934.8461538461538 26
stats: {cpu,"tsung_controller@ip-172-31-24-118"} 1 5.460750853242321 0.0 5.599214145383105 0.15022533800701052 1.714024746433372 27
stats: session 295 7256.785969491531 9052.73659932521 52874.236 5.974 9340.742933520223 2497
stats: users_count 297 3010
stats: finish_users_count 295 2792
stats: connect 300 15.599633333333337 42.586803234792 232.944 0.621 5.1777389692250635 2697
stats: request 1641 1237.7742925045736 2329.2100568954224 8114.635 0.686 1700.6614272920808 13623
stats: page 853 2348.460942555689 5168.7510062649035 36659.064 0.731 3102.9225426863195 7192
stats: tr_create_post_comment 62 8499.886177419352 11965.17101510413 36659.167 4.954 10915.099458426968 445
stats: 302 196 3622
stats: 200 137 3348
stats: size_rcv 3365480 70222133
stats: 422 3 232
stats: newphase 0 4
stats: 502 1264 7841
stats: size_sent 429808 5637762
stats: connected -5 217
stats: 404 36 183
stats: 500 5 38
# stats: dump at 1575615982
stats: users 213 228
stats: {freemem,"tsung_controller@ip-172-31-24-118"} 1 722.66015625 0.0 778.90625 720.16796875 752.5573381696429 28
stats: {load,"tsung_controller@ip-172-31-24-118"} 1 0.0 0.0 0.0 0.0 0.0 28
stats: {recvpackets,"tsung_controller@ip-172-31-24-118"} 1 4944.0 0.0 5248 590 2672.3703703703704 27
stats: {sentpackets,"tsung_controller@ip-172-31-24-118"} 1 4540.0 0.0 4829 411 2041.148148148148 27
stats: {cpu,"tsung_controller@ip-172-31-24-118"} 1 6.31424375917768 0.0 6.31424375917768 0.15022533800701052 1.8478363931051203 28
stats: session 356 6224.350646067416 9394.69645960686 52874.236 5.974 9120.554070916905 2792
stats: users_count 351 3361
stats: finish_users_count 356 3148
stats: connect 354 3.108435028248586 5.931971413952375 232.944 0.621 6.22097163830497 2997
stats: page 985 2013.4805959390872 4964.549795722732 36659.064 0.731 3022.9280436295853 8045
stats: request 1863 961.4619173376285 2001.641350997189 8114.635 0.686 1650.8974212526218 15264
stats: tr_create_post_comment 72 8786.795069444444 12020.89129266778 36659.167 4.954 10619.747932938857 507
stats: 302 190 3812
stats: 200 139 3487
stats: size_rcv 2856562 73078695
stats: 422 5 237
stats: newphase 0 4
stats: 502 1499 9340
stats: size_sent 479560 6117322
stats: connected -4 213
stats: 404 20 203
stats: 500 10 48
# stats: dump at 1575615992
stats: users 215 228
stats: {freemem,"tsung_controller@ip-172-31-24-118"} 1 718.91015625 0.0 778.90625 718.91015625 751.526400862069 29
stats: {load,"tsung_controller@ip-172-31-24-118"} 1 0.0 0.0 0.0 0.0 0.0 29
stats: {recvpackets,"tsung_controller@ip-172-31-24-118"} 1 5052.0 0.0 5248 590 2753.5 28
stats: {sentpackets,"tsung_controller@ip-172-31-24-118"} 1 5154.0 0.0 5154 411 2130.3928571428573 28
stats: {cpu,"tsung_controller@ip-172-31-24-118"} 1 6.80372001957905 0.0 6.80372001957905 0.15022533800701052 2.0018504402110704 29
stats: session 300 6848.776440000001 9504.618771517113 52874.236 5.974 8793.02916010165 3148
stats: users_count 302 3663
stats: finish_users_count 300 3448
stats: tr_create_post_comment 60 7268.927633333335 10421.531946802937 36659.167 4.954 10391.815970639034 579
stats: request 1597 1208.7472304320604 2325.3243487535165 10456.892 0.686 1575.9036486249793 17127
stats: connect 303 2.437359735973597 4.821604250709303 232.944 0.621 5.8921629364368835 3351
stats: 302 178 3990
stats: page 845 2272.574801183432 5038.442568318565 36659.064 0.731 2912.816666445184 9030
stats: 200 139 3626
stats: size_rcv 3146284 76224979
stats: 422 8 245
stats: newphase 0 4
stats: 502 1243 10583
stats: size_sent 402253 6519575
stats: connected -3 210
stats: 404 24 227
stats: 500 6 54
# stats: dump at 1575616002
stats: users 240 250
stats: {freemem,"tsung_controller@ip-172-31-24-118"} 1 716.86328125 0.0 778.90625 716.86328125 750.4391927083333 30
stats: {load,"tsung_controller@ip-172-31-24-118"} 1 0.0 0.0 0.0 0.0 0.0 30
stats: {recvpackets,"tsung_controller@ip-172-31-24-118"} 1 4968.0 0.0 5248 590 2832.7586206896553 29
stats: {sentpackets,"tsung_controller@ip-172-31-24-118"} 1 4626.0 0.0 5154 411 2234.6551724137935 29
stats: {cpu,"tsung_controller@ip-172-31-24-118"} 1 6.581532416502947 0.0 6.80372001957905 0.15022533800701052 2.1619127595233367 30
stats: session 561 4452.725007130122 7598.902463507163 52874.236 5.93 8623.865640371228 3448
stats: users_count 586 4249
stats: finish_users_count 561 4009
stats: page 1645 1213.9405993920966 3733.6970718106754 36659.064 0.728 2858.031413164558 9875
stats: request 3161 601.562024043026 1747.8153663027488 10456.892 0.679 1544.5882886669526 18724
stats: tr_create_post_comment 125 3373.1998079999985 8320.006363664688 36659.167 4.954 10098.587018779343 639
stats: connect 584 2.7442962328767115 5.5795172450608135 232.944 0.621 5.605680897646414 3654
stats: 302 170 4160
stats: 200 137 3763
stats: size_rcv 3787598 80012577
stats: 422 4 249
stats: newphase 1 5
stats: 502 2812 13395
stats: size_sent 727094 7246669
stats: connected 32 242
stats: 404 27 254
stats: 500 10 64
# stats: dump at 1575616012
stats: users 229 264
stats: {freemem,"tsung_controller@ip-172-31-24-118"} 1 719.19921875 0.0 778.90625 716.86328125 749.3560987903226 31
stats: {load,"tsung_controller@ip-172-31-24-118"} 1 0.1484375 0.0 0.1484375 0.0 0.0 31
stats: {recvpackets,"tsung_controller@ip-172-31-24-118"} 1 7704.0 0.0 7704 590 2903.9333333333334 30
stats: {sentpackets,"tsung_controller@ip-172-31-24-118"} 1 8569.0 0.0 8569 411 2314.3666666666672 30
stats: {cpu,"tsung_controller@ip-172-31-24-118"} 1 9.30576070901034 0.0 9.30576070901034 0.15022533800701052 2.304481135554937 31
stats: session 653 4047.1690735068896 6691.1859415859535 52874.236 5.93 8040.176467198801 4009
stats: users_count 642 4891
stats: finish_users_count 653 4662
stats: request 3333 603.1972115211518 1645.8280072651428 10456.892 0.679 1408.380565455793 21885
stats: 302 224 4384
stats: connect 636 2.8260880503144667 6.081157688456186 232.944 0.621 5.211379660217082 4238
stats: page 1746 1169.5337915234809 3490.7105178985767 36659.064 0.728 2623.263237065973 11520
stats: tr_create_post_comment 118 3526.958169491526 7094.781432310629 36659.167 4.924 8998.229163612565 764
stats: 200 140 3903
stats: size_rcv 3109399 83121976
stats: 422 9 258
stats: newphase 0 5
stats: 502 2916 16311
stats: size_sent 733996 7980665
stats: connected 2 244
stats: 404 31 285
stats: 500 13 77
# stats: dump at 1575616022
stats: users 244 264
stats: {freemem,"tsung_controller@ip-172-31-24-118"} 1 718.96875 0.0 778.90625 716.86328125 748.4136962890625 32
stats: {load,"tsung_controller@ip-172-31-24-118"} 1 0.12109375 0.0 0.1484375 0.0 0.004638671875 32
stats: {recvpackets,"tsung_controller@ip-172-31-24-118"} 1 7707.0 0.0 7707 590 3058.7741935483873 31
stats: {sentpackets,"tsung_controller@ip-172-31-24-118"} 1 8627.0 0.0 8627 411 2516.129032258065 31
stats: {cpu,"tsung_controller@ip-172-31-24-118"} 1 9.742828882294758 0.0 9.742828882294758 0.15022533800701052 2.5232711222254185 32
stats: session 601 3746.2392346089878 6551.278513425943 52874.236 5.619 7480.881351780351 4662
stats: users_count 616 5507
stats: finish_users_count 601 5263
stats: request 3327 555.5009311692194 1658.5940270910407 10456.892 0.668 1301.96149500357 25218
stats: connect 612 5.725576797385623 21.306811815109608 232.944 0.621 4.90012700041034 4874
stats: page 1726 1098.404852259563 3322.5492629909186 36659.064 0.728 2431.931139077341 13266
stats: tr_create_post_comment 131 3444.390213740458 7327.592612824808 36659.167 4.913 8266.245062358275 882
stats: 302 175 4559
stats: 200 135 4038
stats: size_rcv 3498142 86620118
stats: 422 4 262
stats: newphase 0 5
stats: 502 2979 19290
stats: size_sent 733380 8714045
stats: connected -11 233
stats: 404 19 304
stats: 500 15 92
# stats: dump at 1575616032
stats: users 241 264
stats: {freemem,"tsung_controller@ip-172-31-24-118"} 1 720.6015625 0.0 778.90625 716.86328125 747.521425189394 33
stats: {load,"tsung_controller@ip-172-31-24-118"} 1 0.1015625 0.0 0.1484375 0.0 0.008167613636363636 33
stats: {recvpackets,"tsung_controller@ip-172-31-24-118"} 1 7920.0 0.0 7920 590 3204.03125 32
stats: {sentpackets,"tsung_controller@ip-172-31-24-118"} 1 8742.0 0.0 8742 411 2707.0937500000005 32
stats: {cpu,"tsung_controller@ip-172-31-24-118"} 1 10.217176702862783 0.0 10.217176702862783 0.15022533800701052 2.7420455998032773 33
stats: session 630 3889.375204761908 6329.077429296619 52874.236 5.619 7054.409774273227 5263
stats: users_count 627 6134
stats: finish_users_count 630 5893
stats: request 3310 621.4714145015105 1712.4888319721194 10456.892 0.668 1214.9594177263975 28545
stats: 302 215 4774
stats: connect 628 14.013159235668772 38.67933159620806 234.644 0.621 4.992211447320452 5486
stats: page 1738 1168.237432681247 3406.4148448917454 36659.064 0.728 2278.4048336446112 14992
stats: tr_create_post_comment 110 3367.5757181818176 7714.849101143677 36659.167 4.913 7642.688314906218 1013
stats: 200 139 4177
stats: size_rcv 3412130 90032248
stats: 422 6 268
stats: newphase 0 5
stats: 502 2911 22201
stats: size_sent 711114 9425159
stats: connected 7 240
stats: 404 20 324
stats: 500 19 111
# stats: dump at 1575616042
stats: users 240 264
stats: {freemem,"tsung_controller@ip-172-31-24-118"} 1 720.9375 0.0 778.90625 716.86328125 746.7296645220588 34
stats: {load,"tsung_controller@ip-172-31-24-118"} 1 0.171875 0.0 0.171875 0.0 0.010914522058823529 34
stats: {recvpackets,"tsung_controller@ip-172-31-24-118"} 1 7771.0 0.0 7920 590 3346.939393939394 33
stats: {sentpackets,"tsung_controller@ip-172-31-24-118"} 1 8582.0 0.0 8742 411 2889.9696969696975 33
stats: {cpu,"tsung_controller@ip-172-31-24-118"} 1 10.375494071146244 0.0 10.375494071146244 0.15022533800701052 2.9619023969520866 34
stats: session 626 3874.0253178913754 6587.288166895568 52874.236 5.619 6716.047008484642 5893
stats: users_count 625 6759
stats: finish_users_count 626 6519
stats: request 3401 576.7028620993818 1681.218937116849 10456.892 0.668 1153.2910676816832 31855
stats: page 1753 1110.225501426126 3381.9715795581697 36659.064 0.728 2163.07483108189 16730
stats: connect 633 2.5534028436018956 4.897044917399175 234.644 0.621 5.918798822374876 6114
stats: tr_create_post_comment 143 2682.7942587412585 6535.436974567512 36659.167 4.913 7223.9328512911825 1123
stats: 302 195 4969
stats: 200 132 4309
stats: size_rcv 3193917 93226165
stats: 422 6 274
stats: newphase 0 5
stats: 502 3026 25227
stats: size_sent 733143 10158302
stats: connected 1 241
stats: 404 29 353
stats: 500 13 124
# stats: dump at 1575616052
stats: users 246 264
stats: {freemem,"tsung_controller@ip-172-31-24-118"} 1 721.84375 0.0 778.90625 716.86328125 745.9927455357143 35
stats: {load,"tsung_controller@ip-172-31-24-118"} 1 0.140625 0.0 0.171875 0.0 0.015513392857142858 35
stats: {recvpackets,"tsung_controller@ip-172-31-24-118"} 1 7408.0 0.0 7920 590 3477.0588235294117 34
stats: {sentpackets,"tsung_controller@ip-172-31-24-118"} 1 8354.0 0.0 8742 411 3057.382352941177 34
stats: {cpu,"tsung_controller@ip-172-31-24-118"} 1 9.728395061728396 0.0 10.375494071146244 0.15022533800701052 3.1737193019290624 35
stats: session 606 3287.6441254125375 5754.888448299624 52874.236 5.619 6443.1361972695195 6519
stats: users_count 612 7371
stats: finish_users_count 606 7125
stats: request 3388 525.8910061983468 1639.1303356364308 10456.892 0.668 1097.6699964545048 35256
stats: connect 610 2.7871819672131113 5.833197008699243 234.644 0.621 5.603059137394396 6747
stats: page 1742 972.4227520091841 3150.5304768896494 36659.064 0.728 2063.2184833630913 18483
stats: tr_create_post_comment 130 2677.7958000000012 6578.733411173091 36659.167 4.913 6710.992236176934 1266
stats: 302 173 5142
stats: 200 135 4444
stats: size_rcv 3173829 96399994
stats: 422 4 278
stats: newphase 0 5
stats: 502 3050 28277
stats: size_sent 744796 10903098
stats: connected 2 243
stats: 404 16 369
stats: 500 11 135
# stats: dump at 1575616062
stats: users 289 296
stats: {freemem,"tsung_controller@ip-172-31-24-118"} 1 721.7421875 0.0 778.90625 716.86328125 745.3219401041666 36
stats: {load,"tsung_controller@ip-172-31-24-118"} 1 0.26953125 0.0 0.26953125 0.0 0.018988715277777776 36
stats: {recvpackets,"tsung_controller@ip-172-31-24-118"} 1 7423.0 0.0 7920 590 3589.3714285714286 35
stats: {sentpackets,"tsung_controller@ip-172-31-24-118"} 1 8567.0 0.0 8742 411 3208.7142857142862 35
stats: {cpu,"tsung_controller@ip-172-31-24-118"} 1 9.099950273495773 0.0 10.375494071146244 0.15022533800701052 3.355793628590155 36
stats: session 1151 2897.613629018245 5588.884969873448 52874.236 5.619 6174.753292631578 7125
stats: users_count 1194 8565
stats: finish_users_count 1151 8276
stats: request 6235 322.3448115477149 1258.8936173895277 10456.892 0.668 1047.5409409998972 38644
stats: connect 1185 2.5109080168776283 4.985769795103555 234.644 0.606 5.369582846268858 7357
stats: page 3259 705.3383096041763 2808.6495685590658 36659.064 0.728 1969.267127911002 20225
stats: tr_create_post_comment 236 2455.2109237288128 6351.411574300982 36659.167 4.913 6335.408040830945 1396
stats: 302 209 5351
stats: 200 132 4576
stats: size_rcv 4332677 100732671
stats: 422 6 284
stats: newphase 1 6
stats: 502 5835 34112
stats: size_sent 1227250 12130348
stats: connected 41 284
stats: 404 35 404
stats: 500 17 152
# stats: dump at 1575616072
stats: users 275 298
stats: {freemem,"tsung_controller@ip-172-31-24-118"} 1 721.3515625 0.0 778.90625 716.86328125 744.6846494932432 37
stats: {load,"tsung_controller@ip-172-31-24-118"} 1 0.23046875 0.0 0.26953125 0.0 0.025760135135135136 37
stats: {recvpackets,"tsung_controller@ip-172-31-24-118"} 1 13545.0 0.0 13545 590 3695.8611111111113 36
stats: {sentpackets,"tsung_controller@ip-172-31-24-118"} 1 16206.0 0.0 16206 411 3357.555555555556 36
stats: {cpu,"tsung_controller@ip-172-31-24-118"} 1 16.18320610687023 0.0 16.18320610687023 0.15022533800701052 3.511041105479496 37
stats: session 1240 2131.950879032256 4095.135839477203 52874.236 5.495 5718.979035403576 8276
stats: users_count 1226 9791
stats: finish_users_count 1240 9516
stats: connect 1240 2.4978725806451623 5.328664115398158 234.644 0.541 4.973009482556776 8542
stats: request 6686 300.8958592581522 1307.9241115972327 10456.892 0.668 946.7900805276417 44879
stats: tr_create_post_comment 257 1726.153120622568 4630.043729213879 36659.167 4.882 5774.30110477941 1632
stats: page 3491 562.4569504439988 2249.979780924331 36659.064 0.728 1793.8649809657652 23484
stats: 302 199 5550
stats: 200 102 4678
stats: size_rcv 3598049 104330720
stats: 422 1 285
stats: newphase 0 6
stats: 502 6337 40449
stats: size_sent 1258578 13388926
stats: connected -9 275
stats: 404 20 424
stats: 500 27 179
# stats: dump at 1575616082
stats: users 272 299
stats: {freemem,"tsung_controller@ip-172-31-24-118"} 1 721.2578125 0.0 778.90625 716.86328125 744.0706208881579 38
stats: {load,"tsung_controller@ip-172-31-24-118"} 1 0.26171875 0.0 0.26953125 0.0 0.03114720394736842 38
stats: {recvpackets,"tsung_controller@ip-172-31-24-118"} 1 13031.0 0.0 13545 590 3962.054054054054 37
stats: {sentpackets,"tsung_controller@ip-172-31-24-118"} 1 16098.0 0.0 16206 411 3704.810810810811 37
stats: {cpu,"tsung_controller@ip-172-31-24-118"} 1 16.99745547073791 0.0 16.99745547073791 0.15022533800701052 3.844519131831884 38
stats: session 1304 2172.1665398772975 4131.251598685054 52874.236 5.161 5251.564689680537 9516
stats: users_count 1301 11092
stats: finish_users_count 1304 10820
stats: connect 1298 6.166159476117102 23.179161594987082 234.644 0.517 4.6592526068288675 9782
stats: request 6904 249.4837725955963 1098.9173664153523 10456.892 0.668 863.0424074275194 51565
stats: page 3656 486.7037245623626 2026.5469640305307 36659.064 0.727 1634.500924077851 26975
stats: tr_create_post_comment 244 1413.9418237704913 3787.0117377583388 36659.167 4.835 5223.547249867654 1889
stats: 302 201 5751
stats: 200 108 4786
stats: size_rcv 4206243 108536963
stats: 422 2 287
stats: newphase 0 6
stats: 502 6551 47000
stats: size_sent 1302226 14691152
stats: connected -1 274
stats: 404 27 451
stats: 500 15 194
# stats: dump at 1575616092
stats: users 268 307
stats: {freemem,"tsung_controller@ip-172-31-24-118"} 1 721.80078125 0.0 778.90625 716.86328125 743.4856770833334 39
stats: {load,"tsung_controller@ip-172-31-24-118"} 1 0.30078125 0.0 0.30078125 0.0 0.03705929487179487 39
stats: {recvpackets,"tsung_controller@ip-172-31-24-118"} 1 13144.0 0.0 13545 590 4200.710526315789 38
stats: {sentpackets,"tsung_controller@ip-172-31-24-118"} 1 16397.0 0.0 16397 411 4030.9473684210525 38
stats: {cpu,"tsung_controller@ip-172-31-24-118"} 1 17.86437246963563 0.0 17.86437246963563 0.15022533800701052 4.181773909752551 39
stats: session 1242 2379.162119162639 4220.284855112973 52874.236 5.161 4880.443138170055 10820
stats: users_count 1238 12330
stats: finish_users_count 1242 12062
stats: page 3520 609.5842616477255 2343.693422717313 36659.064 0.719 1497.504203062258 30631
stats: tr_create_post_comment 257 1890.6750544747076 4994.005877894548 36659.167 4.835 4787.755536802624 2133
stats: request 6735 320.64885241276875 1295.493481936137 10456.892 0.668 790.593608664421 58469
stats: connect 1244 12.754418006430866 37.78008701657013 234.644 0.517 4.835783754512633 11080
stats: 302 236 5987
stats: 200 116 4902
stats: size_rcv 4139780 112676743
stats: 422 4 291
stats: newphase 0 6
stats: 502 6331 53331
stats: size_sent 1267166 15958318
stats: connected -6 268
stats: 404 32 483
stats: 500 16 210
# stats: dump at 1575616102
stats: users 268 307
stats: {freemem,"tsung_controller@ip-172-31-24-118"} 1 725.23046875 0.0 778.90625 716.86328125 742.9435546875 40
stats: {load,"tsung_controller@ip-172-31-24-118"} 1 0.421875 0.0 0.421875 0.0 0.04365234375 40
stats: {recvpackets,"tsung_controller@ip-172-31-24-118"} 1 12954.0 0.0 13545 590 4430.025641025641 39
stats: {sentpackets,"tsung_controller@ip-172-31-24-118"} 1 15852.0 0.0 16397 411 4348.025641025641 39
stats: {cpu,"tsung_controller@ip-172-31-24-118"} 1 15.82440020418581 0.0 17.86437246963563 0.15022533800701052 4.523838873749629 40
stats: session 1182 2221.5293417935704 4083.0233225031375 52874.236 5.161 4622.891237522798 12062
stats: users_count 1182 13512
stats: finish_users_count 1182 13244
stats: connect 1185 2.4218126582278465 4.839012151378624 234.644 0.517 5.635100616682893 12324
stats: page 3279 581.5615343092401 2240.034527348811 36659.064 0.719 1405.9848275306733 34151
stats: request 6281 297.09719582868917 1156.4729445341054 10456.892 0.668 742.0524465676957 65204
stats: tr_create_post_comment 235 1919.5890595744675 5047.034272298382 36659.167 4.835 4476.228472384936 2390
stats: 302 219 6206
stats: 200 124 5026
stats: size_rcv 3861512 116538255
stats: 422 4 295
stats: newphase 0 6
stats: 502 5882 59213
stats: size_sent 1191376 17149694
stats: connected 3 271
stats: 404 30 513
stats: 500 22 232
# stats: dump at 1575616112
stats: users 273 307
stats: {freemem,"tsung_controller@ip-172-31-24-118"} 1 725.13671875 0.0 778.90625 716.86328125 742.5115282012196 41
stats: {load,"tsung_controller@ip-172-31-24-118"} 1 0.51171875 0.0 0.51171875 0.0 0.052877286585365856 41
stats: {recvpackets,"tsung_controller@ip-172-31-24-118"} 1 12690.0 0.0 13545 590 4643.125 40
stats: {sentpackets,"tsung_controller@ip-172-31-24-118"} 1 15529.0 0.0 16397 411 4635.625 40
stats: {cpu,"tsung_controller@ip-172-31-24-118"} 1 15.687276443536025 0.0 17.86437246963563 0.15022533800701052 4.799462320833438 41
stats: session 1196 2153.05589632107 3901.510096695833 52874.236 5.161 4408.5745838870425 13244
stats: users_count 1201 14713
stats: finish_users_count 1196 14440
stats: request 6411 297.51661066916137 1229.7635635487652 10456.892 0.668 702.956637238582 71485
stats: connect 1199 2.608017514595495 5.188536588686347 234.644 0.517 5.353233251906134 13509
stats: page 3368 539.67009679335 2104.6024646196583 36659.064 0.719 1333.7624396473423 37430
stats: tr_create_post_comment 231 1511.0246623376618 4446.061865312013 36659.167 4.835 4247.348372571427 2625
stats: 302 210 6416
stats: 200 102 5128
stats: size_rcv 3546500 120084755
stats: 422 4 299
stats: newphase 0 6
stats: 502 6047 65260
stats: size_sent 1215453 18365147
stats: connected -1 270
stats: 404 20 533
stats: 500 28 260
# stats: dump at 1575616122
stats: users 336 369
stats: {freemem,"tsung_controller@ip-172-31-24-118"} 1 725.1171875 0.0 778.90625 716.86328125 742.0978422619048 42
stats: {load,"tsung_controller@ip-172-31-24-118"} 1 0.4296875 0.0 0.51171875 0.0 0.06380208333333333 42
stats: {recvpackets,"tsung_controller@ip-172-31-24-118"} 1 12537.0 0.0 13545 590 4839.390243902439 41
stats: {sentpackets,"tsung_controller@ip-172-31-24-118"} 1 15481.0 0.0 16397 411 4901.317073170731 41
stats: {cpu,"tsung_controller@ip-172-31-24-118"} 1 14.93857493857494 0.0 17.86437246963563 0.15022533800701052 5.058695990421596 42
stats: session 2176 1636.890262867648 3565.3135328283824 52874.236 5.161 4221.760155193905 14440
stats: users_count 2239 16952
stats: finish_users_count 2176 16616
stats: request 11137 156.60821235521198 901.1308864599524 10456.892 0.668 669.5880944336042 77896
stats: connect 2128 2.4831776315789513 5.062742031198317 234.644 0.517 5.129442548273046 14708
stats: 302 192 6608
stats: page 5862 333.78853752985304 1730.6871306452324 36659.064 0.719 1268.2076817981279 40798
stats: tr_create_post_comment 402 1365.5237487562194 4100.053687745648 36659.167 4.835 4026.02807247899 2856
stats: 200 96 5224
stats: size_rcv 4936585 125021340
stats: 422 2 301
stats: newphase 1 7
stats: 502 10806 76066
stats: size_sent 1963619 20328766
stats: connected 61 331
stats: 404 25 558
stats: 500 16 276
# stats: dump at 1575616132
stats: users 350 371
stats: {freemem,"tsung_controller@ip-172-31-24-118"} 1 724.2734375 0.0 778.90625 716.86328125 741.7029433139536 43
stats: {load,"tsung_controller@ip-172-31-24-118"} 1 0.37109375 0.0 0.51171875 0.0 0.07231104651162791 43
stats: {recvpackets,"tsung_controller@ip-172-31-24-118"} 1 22520.0 0.0 22520 590 5022.666666666667 42
stats: {sentpackets,"tsung_controller@ip-172-31-24-118"} 1 29203.0 0.0 29203 411 5153.214285714285 42
stats: {cpu,"tsung_controller@ip-172-31-24-118"} 1 26.70184696569921 0.0 26.70184696569921 0.15022533800701052 5.288460617122836 43
stats: session 2296 1526.0276328397183 2920.770725826014 52874.236 5.161 3883.2504726167545 16616
stats: users_count 2310 19262
stats: finish_users_count 2296 18912
stats: request 12481 164.84984007691563 938.4337214385843 10456.892 0.668 605.4202359237589 89033
stats: connect 2331 2.6705782925782913 5.260691157083779 234.644 0.517 4.794965728201471 16836
stats: page 6550 308.35316122137317 1510.6663716116245 36659.064 0.719 1150.8145179811406 46660
stats: tr_create_post_comment 460 761.0995065217396 2432.4081169926685 36659.167 4.835 3697.752216697359 3258
stats: 302 213 6821
stats: 200 112 5336
stats: size_rcv 5297549 130318889
stats: 422 4 305
stats: newphase 0 7
stats: 502 12099 88165
stats: size_sent 2232457 22561223
stats: connected 28 359
stats: 404 22 580
stats: 500 31 307
# stats: dump at 1575616142
stats: users 331 397
stats: {freemem,"tsung_controller@ip-172-31-24-118"} 1 722.74609375 0.0 778.90625 716.86328125 741.3068181818182 44
stats: {load,"tsung_controller@ip-172-31-24-118"} 1 0.30859375 0.0 0.51171875 0.0 0.0791015625 44
stats: {recvpackets,"tsung_controller@ip-172-31-24-118"} 1 22283.0 0.0 22520 590 5429.581395348837 43
stats: {sentpackets,"tsung_controller@ip-172-31-24-118"} 1 28915.0 0.0 29203 411 5712.511627906976 43
stats: {cpu,"tsung_controller@ip-172-31-24-118"} 1 26.888536714210247 0.0 26.888536714210247 0.15022533800701052 5.77512848868139 44
stats: session 2431 1582.4718515014392 2911.111466027942 52874.236 5.161 3597.073249682741 18912
stats: users_count 2412 21674
stats: finish_users_count 2431 21343
stats: request 12861 166.2731460228611 901.5694925505657 10456.892 0.668 551.2527406958648 101514
stats: connect 2390 7.5078246861924764 25.733290230949272 234.644 0.517 4.536607763343245 19167
stats: 302 250 7071
stats: page 6689 335.2162732844977 1574.1471286215042 36659.064 0.719 1047.1099157113329 53210
stats: tr_create_post_comment 486 1000.4404506172846 2864.7066628160187 36659.167 4.835 3334.422403173748 3718
stats: 200 106 5442
stats: size_rcv 5454959 135773848
stats: 422 6 311
stats: newphase 0 7
stats: 502 12422 100587
stats: size_sent 2294106 24855329
stats: connected -12 347
stats: 404 41 621
stats: 500 37 344
# stats: dump at 1575616152
stats: users 340 397
stats: {freemem,"tsung_controller@ip-172-31-24-118"} 1 719.93359375 0.0 778.90625 716.86328125 740.8943576388889 45
stats: {load,"tsung_controller@ip-172-31-24-118"} 1 0.421875 0.0 0.51171875 0.0 0.0842013888888889 45
stats: {recvpackets,"tsung_controller@ip-172-31-24-118"} 1 23576.0 0.0 23576 590 5812.613636363636 44
stats: {sentpackets,"tsung_controller@ip-172-31-24-118"} 1 30338.0 0.0 30338 411 6239.840909090909 44
stats: {cpu,"tsung_controller@ip-172-31-24-118"} 1 28.54198866563627 0.0 28.54198866563627 0.15022533800701052 6.244315338137587 45
stats: session 2363 1445.8602344477322 2574.032311945345 52874.236 5.161 3367.6071015789717 21343
stats: users_count 2372 24046
stats: finish_users_count 2363 23706
stats: request 13008 149.4958850707256 846.6677355113635 10456.892 0.668 507.96336306010954 114375
stats: connect 2390 15.086386192468602 41.857547358347404 240.984 0.517 4.866023194322029 21557
stats: 302 240 7311
stats: page 6723 282.0559045069173 1321.751574645569 36659.064 0.719 967.6118176764224 59899
stats: tr_create_post_comment 532 874.1638928571434 2474.2669173973254 36659.167 4.835 3064.6043182683147 4204
stats: 200 87 5529
stats: size_rcv 5217900 140991748
stats: 422 1 312
stats: newphase 0 7
stats: 502 12620 113207
stats: size_sent 2293353 27148682
stats: connected -18 329
stats: 404 32 653
stats: 500 27 371
# stats: dump at 1575616162
stats: users 360 397
stats: {freemem,"tsung_controller@ip-172-31-24-118"} 1 721.5625 0.0 778.90625 716.86328125 740.4386888586956 46
stats: {load,"tsung_controller@ip-172-31-24-118"} 1 0.51953125 0.0 0.51953125 0.0 0.09154211956521739 46
stats: {recvpackets,"tsung_controller@ip-172-31-24-118"} 1 22514.0 0.0 23576 590 6207.355555555556 45
stats: {sentpackets,"tsung_controller@ip-172-31-24-118"} 1 29347.0 0.0 30338 411 6775.355555555556 45
stats: {cpu,"tsung_controller@ip-172-31-24-118"} 1 29.475308641975307 0.0 29.475308641975307 0.15022533800701052 6.729047366996253 46
stats: session 2377 1315.578087505262 2493.3657614447407 52874.236 5.161 3176.048515270395 23706
stats: users_count 2397 26443
stats: finish_users_count 2377 26083
stats: connect 2393 2.6626794818219865 5.492755062443416 240.984 0.517 5.88605357664843 23947
stats: page 6684 257.3372039198081 1343.4840141296759 36659.064 0.719 898.4305801837236 66622
stats: tr_create_post_comment 475 859.2165600000001 2754.2413600891787 36659.167 4.835 2818.5497772381746 4736
stats: request 12803 142.01447910645976 856.1149305850967 10456.892 0.668 471.357654655645 127383
stats: 302 210 7521
stats: 200 83 5612
stats: size_rcv 5047145 146038893
stats: 422 0 312
stats: newphase 0 7
stats: 502 12459 125666
stats: size_sent 2252375 29401057
stats: connected 15 344
stats: 404 20 673
stats: 500 32 403
# stats: dump at 1575616172
stats: users 343 397
stats: {freemem,"tsung_controller@ip-172-31-24-118"} 1 720.30859375 0.0 778.90625 716.86328125 740.0370678191489 47
stats: {load,"tsung_controller@ip-172-31-24-118"} 1 0.671875 0.0 0.671875 0.0 0.10064827127659574 47
stats: {recvpackets,"tsung_controller@ip-172-31-24-118"} 1 23074.0 0.0 23576 590 6561.847826086957 46
stats: {sentpackets,"tsung_controller@ip-172-31-24-118"} 1 30128.0 0.0 30338 411 7266.04347826087 46
stats: {cpu,"tsung_controller@ip-172-31-24-118"} 1 27.689873417721518 0.0 29.475308641975307 0.15022533800701052 7.213010372846871 47
stats: session 2444 1486.0524905892003 2896.4905281595325 52874.236 5.161 3006.4998357934282 26083
stats: users_count 2427 28870
stats: finish_users_count 2444 28527
stats: request 12983 152.3902937687739 873.2269305477239 10456.892 0.668 441.2791826501935 140186
stats: connect 2453 2.751339584182628 5.595241239589179 240.984 0.517 5.593208694001517 26340
stats: page 6836 304.53143724400223 1538.5346162795222 36659.064 0.716 839.97604539874 73306
stats: tr_create_post_comment 469 1075.7075948827307 3215.5647952466156 36659.167 4.835 2639.9500308961806 5211
stats: 302 227 7748
stats: 200 94 5706
stats: size_rcv 5199755 151238648
stats: 422 3 315
stats: newphase 0 7
stats: 502 12591 138257
stats: size_sent 2299841 31700898
stats: connected 4 348
stats: 404 40 713
stats: 500 27 430
# stats: dump at 1575616182
stats: users 94 397
stats: {freemem,"tsung_controller@ip-172-31-24-118"} 1 724.10546875 0.0 778.90625 716.86328125 739.6260579427084 48
stats: {load,"tsung_controller@ip-172-31-24-118"} 1 0.55859375 0.0 0.671875 0.0 0.112548828125 48
stats: {recvpackets,"tsung_controller@ip-172-31-24-118"} 1 22766.0 0.0 23576 590 6913.170212765957 47
stats: {sentpackets,"tsung_controller@ip-172-31-24-118"} 1 29649.0 0.0 30338 411 7752.468085106383 47
stats: {cpu,"tsung_controller@ip-172-31-24-118"} 1 27.920377160817182 0.0 29.475308641975307 0.15022533800701052 7.63961168628176 48
stats: session 515 4153.7371669902905 5213.200691926302 52874.236 5.161 2876.23821306131 28527
stats: users_count 266 29136
stats: finish_users_count 515 29042
stats: connect 343 3.3347725947521853 6.497590831455141 240.984 0.517 5.351097593165004 28793
stats: tr_create_post_comment 133 1898.5427819548872 4447.294537172576 36659.167 4.835 2510.789872007042 5680
stats: request 2696 837.1418082344213 1863.8510403902835 10456.892 0.668 416.79221437105434 153169
stats: page 1264 1267.3637674050635 3049.7937497483304 36659.064 0.716 794.3033726260892 80142
stats: 302 318 8066
stats: 200 91 5797
stats: size_rcv 2705829 153944477
stats: 422 4 319
stats: newphase 0 7
stats: 502 2211 140468
stats: size_sent 535630 32236528
stats: connected -228 120
stats: 404 41 754
stats: 500 31 461
# stats: dump at 1575616189
stats: users 0 397
stats: {freemem,"tsung_controller@ip-172-31-24-118"} 1 724.7734375 0.0 778.90625 716.86328125 739.3093112244898 49
stats: {load,"tsung_controller@ip-172-31-24-118"} 1 0.48046875 0.0 0.671875 0.0 0.12165178571428571 49
stats: {recvpackets,"tsung_controller@ip-172-31-24-118"} 1 3894.0 0.0 23576 590 7243.4375 48
stats: {sentpackets,"tsung_controller@ip-172-31-24-118"} 1 2854.0 0.0 30338 411 8208.645833333334 48
stats: {cpu,"tsung_controller@ip-172-31-24-118"} 1 4.259534422981674 0.0 29.475308641975307 0.15022533800701052 8.053504859231461 49
stats: session 94 12294.200712765958 2319.5326469649863 52874.236 5.161 2898.892023448798 29042
stats: users_count 0 29136
stats: finish_users_count 94 29136
stats: request 322 451.53382919254705 749.31019002239 10456.892 0.668 424.06300964296037 155865
stats: connect 0 0 0 240.984 0.517 5.327360653487093 29136
stats: 302 182 8248
stats: page 136 7265.255352941173 4968.174943683325 36659.064 0.716 801.6486338967649 81406
stats: tr_create_post_comment 58 9034.840068965514 5051.652120933449 36659.167 4.835 2496.7818102528813 5813
stats: 200 57 5854
stats: size_rcv 1434343 155378820
stats: 422 16 335
stats: newphase 0 7
stats: 502 0 140468
stats: size_sent 93305 32329833
stats: connected -120 0
stats: 404 67 821
stats: 500 0 461
EndMonitor:{1575,616189,449694}