# stats: dump at 1575620231
stats: users 3 6
stats: {freemem,"tsung_controller@ip-172-31-24-118"} 1 774.67578125 0 774.67578125 774.67578125 0 0
stats: {load,"tsung_controller@ip-172-31-24-118"} 1 0.0 0 0.0 0.0 0 0
stats: {cpu,"tsung_controller@ip-172-31-24-118"} 1 3.3206404305188535 0 3.3206404305188535 3.3206404305188535 0 0
stats: session 19 1027.0147894736842 692.637100160385 2605.1 276.495 0 0
stats: users_count 22 22
stats: finish_users_count 19 19
stats: request 101 75.04143564356434 101.54049396317444 356.619 4.822 0 0
stats: connect 21 22.932761904761907 51.974113301861536 190.948 0.828 0 0
stats: page 54 135.9695370370371 151.34034023765318 556.616 5.906 0 0
stats: tr_create_post_comment 3 67.20533333333334 9.688059122216156 80.623 58.096 0 0
stats: 302 46 46
stats: 200 51 51
stats: size_rcv 980295 980295
stats: 422 4 4
stats: size_sent 55899 55899
stats: connected 4 4
# stats: dump at 1575620241
stats: users 1 6
stats: {freemem,"tsung_controller@ip-172-31-24-118"} 1 774.78515625 0.0 774.78515625 774.67578125 774.67578125 1
stats: {load,"tsung_controller@ip-172-31-24-118"} 1 0.0 0.0 0.0 0.0 0.0 1
stats: {recvpackets,"tsung_controller@ip-172-31-24-118"} 1 1045 0 1045 1045 0 0
stats: {sentpackets,"tsung_controller@ip-172-31-24-118"} 1 703 0 703 703 0 0
stats: {cpu,"tsung_controller@ip-172-31-24-118"} 1 0.5991013479780329 0.0 3.3206404305188535 0.5991013479780329 3.3206404305188535 1
stats: session 22 947.4899999999999 822.5677982501448 2987.773 276.495 1027.0147894736842 19
stats: users_count 20 42
stats: finish_users_count 22 41
stats: request 114 56.2042543859649 90.13534002030303 356.619 4.822 75.04143564356434 101
stats: connect 21 1.1401904761904764 0.26521610578251065 190.948 0.828 22.932761904761907 21
stats: 302 53 99
stats: page 59 112.77703389830508 133.49819893280934 556.616 4.985 135.9695370370371 54
stats: tr_create_post_comment 4 55.684250000000006 2.9832485125279136 80.623 52.425 67.20533333333334 3
stats: 200 56 107
stats: size_rcv 1072078 2052373
stats: 422 5 9
stats: size_sent 64650 120549
stats: connected -1 3
# stats: dump at 1575620251
stats: users 1 6
stats: {freemem,"tsung_controller@ip-172-31-24-118"} 1 774.546875 0.0 774.78515625 774.546875 774.73046875 2
stats: {load,"tsung_controller@ip-172-31-24-118"} 1 0.0 0.0 0.0 0.0 0.0 2
stats: {recvpackets,"tsung_controller@ip-172-31-24-118"} 1 747.0 0.0 1045 747 1045.0 1
stats: {sentpackets,"tsung_controller@ip-172-31-24-118"} 1 485.0 0.0 703 485 703.0 1
stats: {cpu,"tsung_controller@ip-172-31-24-118"} 1 0.19990004997501248 0.0 3.3206404305188535 0.19990004997501248 1.9598708892484433 2
stats: session 14 827.540357142857 1000.9261770609979 4294.568 267.777 984.3429512195122 41
stats: users_count 14 56
stats: finish_users_count 14 55
stats: tr_create_post_comment 2 58.94199999999999 5.886999999999999 80.623 52.425 60.62185714285715 7
stats: 302 32 131
stats: request 69 56.4751304347826 90.89281486819598 356.619 3.783 65.05334883720928 215
stats: connect 13 1.136076923076923 0.30612477635471597 190.948 0.813 12.036476190476193 42
stats: 200 33 140
stats: page 37 105.3937837837838 126.88440892533498 556.616 4.568 123.86017699115047 113
stats: size_rcv 601837 2654210
stats: 422 4 13
stats: size_sent 38481 159030
stats: connected -2 1
# stats: dump at 1575620261
stats: users 0 6
stats: {freemem,"tsung_controller@ip-172-31-24-118"} 1 774.55078125 0.0 774.78515625 774.546875 774.6692708333334 3
stats: {load,"tsung_controller@ip-172-31-24-118"} 1 0.0 0.0 0.0 0.0 0.0 3
stats: {recvpackets,"tsung_controller@ip-172-31-24-118"} 1 850.0 0.0 1045 747 896.0 2
stats: {sentpackets,"tsung_controller@ip-172-31-24-118"} 1 559.0 0.0 703 485 594.0 2
stats: {cpu,"tsung_controller@ip-172-31-24-118"} 1 0.34965034965034963 0.0 3.3206404305188535 0.19990004997501248 1.3732139428239662 3
stats: session 20 570.01235 391.15242486341236 4294.568 267.255 944.4295636363637 55
stats: users_count 19 75
stats: finish_users_count 20 75
stats: request 109 58.73412844036696 92.36899493183547 356.619 3.783 62.96920422535209 284
stats: connect 20 1.1464999999999999 0.25924766151307915 190.948 0.749 9.460018181818185 55
stats: page 58 110.45574137931034 124.07793986797729 556.616 4.568 119.30513333333336 150
stats: tr_create_post_comment 4 57.169250000000005 3.425237683358631 80.623 52.053 60.24855555555556 9
stats: 302 54 185
stats: 200 51 191
stats: size_rcv 900898 3555108
stats: 422 4 17
stats: size_sent 60634 219664
stats: connected -1 0
# stats: dump at 1575620271
stats: users 3 6
stats: {freemem,"tsung_controller@ip-172-31-24-118"} 1 773.3671875 0.0 774.78515625 773.3671875 774.6396484375 4
stats: {load,"tsung_controller@ip-172-31-24-118"} 1 0.0 0.0 0.0 0.0 0.0 4
stats: {recvpackets,"tsung_controller@ip-172-31-24-118"} 1 418.0 0.0 1045 418 880.6666666666666 3
stats: {sentpackets,"tsung_controller@ip-172-31-24-118"} 1 302.0 0.0 703 302 582.3333333333334 3
stats: {cpu,"tsung_controller@ip-172-31-24-118"} 1 0.4488778054862843 0.0 3.3206404305188535 0.19990004997501248 1.1173230445305622 4
stats: session 10 1444.1560000000002 769.7747235392961 4294.568 267.255 844.5849733333334 75
stats: users_count 13 88
stats: finish_users_count 10 85
stats: request 60 59.05546666666666 92.14945001363576 356.619 3.783 61.79459033078878 393
stats: connect 12 1.186 0.3374203609742601 190.948 0.749 7.243080000000002 75
stats: page 33 107.4518787878788 123.2361318412641 556.616 4.568 116.83751442307695 208
stats: tr_create_post_comment 2 54.230999999999995 3.288000000000002 80.623 50.943 59.301076923076934 13
stats: 302 29 214
stats: 200 30 221
stats: size_rcv 617355 4172463
stats: 422 1 18
stats: size_sent 33141 252805
stats: connected 2 2
# stats: dump at 1575620281
stats: users 2 6
stats: {freemem,"tsung_controller@ip-172-31-24-118"} 1 772.09765625 0.0 774.78515625 772.09765625 774.38515625 5
stats: {load,"tsung_controller@ip-172-31-24-118"} 1 0.0 0.0 0.0 0.0 0.0 5
stats: {recvpackets,"tsung_controller@ip-172-31-24-118"} 1 681.0 0.0 1045 418 765.0 4
stats: {sentpackets,"tsung_controller@ip-172-31-24-118"} 1 456.0 0.0 703 302 512.25 4
stats: {cpu,"tsung_controller@ip-172-31-24-118"} 1 0.25012506253126565 0.0 3.3206404305188535 0.19990004997501248 0.9836339967217066 5
stats: session 24 958.3583333333336 1226.4246150418523 6463.837 263.644 915.1227411764706 85
stats: users_count 23 111
stats: finish_users_count 24 109
stats: request 127 61.11845669291337 94.87254119077954 356.619 3.689 61.431792494481215 453
stats: connect 23 2.0318260869565217 4.101425093286625 190.948 0.749 6.4076206896551735 87
stats: page 65 119.50230769230771 142.92644106337983 556.616 4.568 115.55234439834027 241
stats: tr_create_post_comment 5 53.8318 2.4882785535385703 80.623 50.082 58.625066666666676 15
stats: 302 62 276
stats: 200 60 281
stats: size_rcv 1093477 5265940
stats: 422 5 23
stats: size_sent 72045 324850
stats: connected -1 1
# stats: dump at 1575620291
stats: users 3 6
stats: {freemem,"tsung_controller@ip-172-31-24-118"} 1 774.16015625 0.0 774.78515625 772.09765625 774.00390625 6
stats: {load,"tsung_controller@ip-172-31-24-118"} 1 0.0 0.0 0.0 0.0 0.0 6
stats: {recvpackets,"tsung_controller@ip-172-31-24-118"} 1 852.0 0.0 1045 418 748.2 5
stats: {sentpackets,"tsung_controller@ip-172-31-24-118"} 1 563.0 0.0 703 302 501.0 5
stats: {cpu,"tsung_controller@ip-172-31-24-118"} 1 0.3491271820448878 0.0 3.3206404305188535 0.19990004997501248 0.8613825076899664 6
stats: session 20 609.3201499999999 751.3468659593434 6463.837 263.644 924.642504587156 109
stats: users_count 21 132
stats: finish_users_count 20 129
stats: request 110 59.185272727272746 92.29589757325559 356.619 3.689 61.36318275862068 580
stats: connect 22 1.9272727272727268 2.6742860760451426 190.948 0.749 5.492681818181818 110
stats: page 56 116.34662500000003 127.77998282658729 556.616 4.114 116.39138888888891 306
stats: tr_create_post_comment 4 74.054 33.88370741964344 132.714 50.082 57.426750000000006 20
stats: 302 50 326
stats: 200 54 335
stats: size_rcv 965435 6231375
stats: 422 6 29
stats: newphase 1 1
stats: size_sent 61583 386433
stats: connected 3 4
# stats: dump at 1575620301
stats: users 4 6
stats: {freemem,"tsung_controller@ip-172-31-24-118"} 1 773.91015625 0.0 774.78515625 772.09765625 774.0262276785714 7
stats: {load,"tsung_controller@ip-172-31-24-118"} 1 0.0 0.0 0.0 0.0 0.0 7
stats: {recvpackets,"tsung_controller@ip-172-31-24-118"} 1 848.0 0.0 1045 418 765.5 6
stats: {sentpackets,"tsung_controller@ip-172-31-24-118"} 1 571.0 0.0 703 302 511.3333333333333 6
stats: {cpu,"tsung_controller@ip-172-31-24-118"} 1 0.29955067398901647 0.0 3.3206404305188535 0.19990004997501248 0.7882031754549551 7
stats: session 33 778.7824545454546 737.4561634499426 6463.837 263.644 875.7553178294575 129
stats: users_count 34 166
stats: finish_users_count 33 162
stats: request 181 59.096049723756906 96.78854781197003 393.784 3.689 61.015979710144926 690
stats: connect 33 1.248090909090909 0.6249451546183807 190.948 0.749 4.89844696969697 132
stats: page 90 118.93405555555555 135.1859918999139 556.616 4.114 116.3844640883978 362
stats: tr_create_post_comment 7 59.50114285714285 3.182258067499127 132.714 50.082 60.19795833333334 24
stats: 302 85 411
stats: 200 86 421
stats: size_rcv 1440384 7671759
stats: 422 10 39
stats: newphase 0 1
stats: size_sent 101573 488006
stats: connected 0 4
# stats: dump at 1575620311
stats: users 8 10
stats: {freemem,"tsung_controller@ip-172-31-24-118"} 1 773.734375 0.0 774.78515625 772.09765625 774.01171875 8
stats: {load,"tsung_controller@ip-172-31-24-118"} 1 0.0 0.0 0.0 0.0 0.0 8
stats: {recvpackets,"tsung_controller@ip-172-31-24-118"} 1 1248.0 0.0 1248 418 777.2857142857143 7
stats: {sentpackets,"tsung_controller@ip-172-31-24-118"} 1 855.0 0.0 855 302 519.8571428571429 7
stats: {cpu,"tsung_controller@ip-172-31-24-118"} 1 0.4992511233150275 0.0 3.3206404305188535 0.19990004997501248 0.7271216127717128 8
stats: session 33 883.5916363636363 591.9305534706328 6463.837 263.644 856.0015864197532 162
stats: users_count 37 203
stats: finish_users_count 33 195
stats: request 194 56.54915463917528 96.1306561551056 504.226 3.689 60.617004592422504 871
stats: connect 37 1.2524594594594596 0.8260760253801197 190.948 0.749 4.168375757575758 165
stats: page 96 111.72493750000005 131.02567509213702 556.616 4.114 116.89212610619471 452
stats: tr_create_post_comment 9 60.82277777777779 18.086314327430486 132.714 50.082 60.040612903225814 31
stats: 302 96 507
stats: 200 91 512
stats: size_rcv 1442757 9114516
stats: 422 7 46
stats: newphase 0 1
stats: size_sent 111247 599253
stats: connected 5 9
# stats: dump at 1575620321
stats: users 3 10
stats: {freemem,"tsung_controller@ip-172-31-24-118"} 1 772.6484375 0.0 774.78515625 772.09765625 773.9809027777778 9
stats: {load,"tsung_controller@ip-172-31-24-118"} 1 0.0 0.0 0.0 0.0 0.0 9
stats: {recvpackets,"tsung_controller@ip-172-31-24-118"} 1 1492.0 0.0 1492 418 836.125 8
stats: {sentpackets,"tsung_controller@ip-172-31-24-118"} 1 1033.0 0.0 1033 302 561.75 8
stats: {cpu,"tsung_controller@ip-172-31-24-118"} 1 0.6483790523690772 0.0 3.3206404305188535 0.19990004997501248 0.7018026694987478 9
stats: session 47 1072.0174255319153 1141.2597128859595 6544.84 263.644 860.6706717948719 195
stats: users_count 42 245
stats: finish_users_count 47 242
stats: request 229 58.34640611353713 93.81020814373265 504.226 3.689 59.87600657276995 1065
stats: connect 41 1.9471219512195121 4.043396345835781 190.948 0.749 3.634272277227723 202
stats: page 126 108.12705555555554 125.74014228232548 556.616 4.114 115.98692518248178 548
stats: tr_create_post_comment 8 85.82974999999999 82.44701067617612 303.755 50.082 60.21660000000001 40
stats: 302 116 623
stats: 200 106 618
stats: size_rcv 2131008 11245524
stats: 422 7 53
stats: newphase 0 1
stats: size_sent 127143 726396
stats: connected -7 2
# stats: dump at 1575620331
stats: users 4 12
stats: {freemem,"tsung_controller@ip-172-31-24-118"} 1 773.5390625 0.0 774.78515625 772.09765625 773.84765625 10
stats: {load,"tsung_controller@ip-172-31-24-118"} 1 0.0 0.0 0.0 0.0 0.0 10
stats: {recvpackets,"tsung_controller@ip-172-31-24-118"} 1 1726.0 0.0 1726 418 909.0 9
stats: {sentpackets,"tsung_controller@ip-172-31-24-118"} 1 1132.0 0.0 1132 302 614.1111111111111 9
stats: {cpu,"tsung_controller@ip-172-31-24-118"} 1 0.6470881035340966 0.0 3.3206404305188535 0.19990004997501248 0.6964603077857807 10
stats: session 50 896.4039799999996 706.8229419446285 6544.84 263.644 901.717355371901 242
stats: users_count 51 296
stats: finish_users_count 50 292
stats: request 265 62.25186792452831 94.60334016306707 504.226 3.689 59.60531221020093 1294
stats: connect 53 1.732245283018868 3.5330420315133546 190.948 0.681 3.3496090534979426 243
stats: page 144 114.62827777777781 129.71376010756256 556.616 4.114 114.51757270029675 674
stats: tr_create_post_comment 8 53.33175 2.546962296049942 303.755 49.812 64.48545833333334 48
stats: 302 123 746
stats: 200 132 750
stats: size_rcv 2414215 13659739
stats: 422 10 63
stats: newphase 0 1
stats: size_sent 147606 874002
stats: connected 3 5
# stats: dump at 1575620341
stats: users 3 12
stats: {freemem,"tsung_controller@ip-172-31-24-118"} 1 770.7578125 0.0 774.78515625 770.7578125 773.8196022727273 11
stats: {load,"tsung_controller@ip-172-31-24-118"} 1 0.0 0.0 0.0 0.0 0.0 11
stats: {recvpackets,"tsung_controller@ip-172-31-24-118"} 1 1963.0 0.0 1963 418 990.7 10
stats: {sentpackets,"tsung_controller@ip-172-31-24-118"} 1 1317.0 0.0 1317 302 665.9 10
stats: {cpu,"tsung_controller@ip-172-31-24-118"} 1 0.7470119521912351 0.0 3.3206404305188535 0.19990004997501248 0.6919719255810822 11
stats: session 35 1166.0642000000003 1085.4678190448788 6544.84 263.644 900.8075308219178 292
stats: users_count 34 330
stats: finish_users_count 35 327
stats: request 214 53.06370093457944 90.69515300202153 504.226 3.689 60.05517575368826 1559
stats: connect 33 2.0450000000000004 3.9034571623346674 190.948 0.681 3.0600135135135136 296
stats: page 97 117.17621649484536 130.07512899036595 556.616 4.114 114.5370611246944 818
stats: tr_create_post_comment 13 92.6083846153846 87.27973669189153 303.755 49.751 62.89207142857144 56
stats: 302 116 862
stats: 200 93 843
stats: size_rcv 1528925 15188664
stats: 422 5 68
stats: newphase 0 1
stats: size_sent 126115 1000117
stats: connected -2 3
# stats: dump at 1575620351
stats: users 8 12
stats: {freemem,"tsung_controller@ip-172-31-24-118"} 1 771.8515625 0.0 774.78515625 770.7578125 773.564453125 12
stats: {load,"tsung_controller@ip-172-31-24-118"} 1 0.0 0.0 0.0 0.0 0.0 12
stats: {recvpackets,"tsung_controller@ip-172-31-24-118"} 1 1335.0 0.0 1963 418 1079.090909090909 11
stats: {sentpackets,"tsung_controller@ip-172-31-24-118"} 1 924.0 0.0 1317 302 725.0909090909091 11
stats: {cpu,"tsung_controller@ip-172-31-24-118"} 1 0.5976095617529881 0.0 3.3206404305188535 0.19990004997501248 0.6965585944652616 12
stats: session 60 838.4991500000001 836.9572244944148 6544.84 263.644 929.1989174311927 327
stats: users_count 65 395
stats: finish_users_count 60 387
stats: request 334 64.5589760479042 96.51339301187217 504.226 3.689 59.21130908065426 1773
stats: connect 64 8.508312499999999 27.925156411757012 190.948 0.681 2.9582036474164135 329
stats: page 170 126.92204117647054 136.24206737159614 556.616 4.114 114.81684043715849 915
stats: tr_create_post_comment 13 54.3503076923077 3.9417684899550336 303.755 49.748 68.49079710144927 69
stats: 302 158 1020
stats: 200 159 1002
stats: size_rcv 2504269 17692933
stats: 422 17 85
stats: newphase 1 2
stats: size_sent 188181 1188298
stats: connected 4 7
# stats: dump at 1575620361
stats: users 7 17
stats: {freemem,"tsung_controller@ip-172-31-24-118"} 1 771.49609375 0.0 774.78515625 770.7578125 773.4326923076923 13
stats: {load,"tsung_controller@ip-172-31-24-118"} 1 0.0 0.0 0.0 0.0 0.0 13
stats: {recvpackets,"tsung_controller@ip-172-31-24-118"} 1 2590.0 0.0 2590 418 1100.4166666666667 12
stats: {sentpackets,"tsung_controller@ip-172-31-24-118"} 1 1770.0 0.0 1770 302 741.6666666666666 12
stats: {cpu,"tsung_controller@ip-172-31-24-118"} 1 0.7952286282306162 0.0 3.3206404305188535 0.19990004997501248 0.6889471304104713 13
stats: session 81 1063.0792345679008 737.6328000460222 6544.84 263.644 915.1369379844963 387
stats: users_count 80 475
stats: finish_users_count 81 468
stats: request 433 64.41966512702085 99.30635856924157 504.226 3.663 60.05901708590413 2107
stats: connect 82 1.9369268292682935 3.5230728265233897 190.948 0.655 3.8620381679389313 393
stats: page 238 117.26230252100842 138.8751451786974 562.826 3.664 116.71350783410138 1085
stats: tr_create_post_comment 16 57.6710625 10.027199643150311 303.755 46.694 66.24901219512195 82
stats: 302 220 1240
stats: 200 204 1206
stats: size_rcv 4339566 22032499
stats: 422 9 94
stats: newphase 0 2
stats: size_sent 240515 1428813
stats: connected 0 7
# stats: dump at 1575620371
stats: users 6 17
stats: {freemem,"tsung_controller@ip-172-31-24-118"} 1 771.3828125 0.0 774.78515625 770.7578125 773.2943638392857 14
stats: {load,"tsung_controller@ip-172-31-24-118"} 1 0.0 0.0 0.0 0.0 0.0 14
stats: {recvpackets,"tsung_controller@ip-172-31-24-118"} 1 3362.0 0.0 3362 418 1215.0 13
stats: {sentpackets,"tsung_controller@ip-172-31-24-118"} 1 2224.0 0.0 2224 302 820.7692307692307 13
stats: {cpu,"tsung_controller@ip-172-31-24-118"} 1 0.8440913604766633 0.0 3.3206404305188535 0.19990004997501248 0.696538665969053 14
stats: session 71 944.0954366197178 925.6832335755239 6544.84 263.644 940.7423354700854 468
stats: users_count 70 545
stats: finish_users_count 71 539
stats: request 371 60.64132614555251 95.76328755142252 504.226 3.556 60.80238740157482 2540
stats: connect 69 2.294942028985507 4.9653692825993705 190.948 0.655 3.529703157894737 475
stats: page 192 117.24811458333336 138.73370555243523 598.399 3.664 116.8122328042328 1323
stats: tr_create_post_comment 15 87.57413333333332 94.64492765973016 403.054 46.694 64.8485306122449 98
stats: 302 183 1423
stats: 200 175 1381
stats: size_rcv 2721997 24754496
stats: 422 13 107
stats: newphase 0 2
stats: size_sent 211551 1640364
stats: connected 0 7
# stats: dump at 1575620381
stats: users 12 17
stats: {freemem,"tsung_controller@ip-172-31-24-118"} 1 771.33984375 0.0 774.78515625 770.7578125 773.1669270833333 15
stats: {load,"tsung_controller@ip-172-31-24-118"} 1 0.0 0.0 0.0 0.0 0.0 15
stats: {recvpackets,"tsung_controller@ip-172-31-24-118"} 1 2530.0 0.0 3362 418 1368.357142857143 14
stats: {sentpackets,"tsung_controller@ip-172-31-24-118"} 1 1751.0 0.0 2224 302 921.0 14
stats: {cpu,"tsung_controller@ip-172-31-24-118"} 1 0.845771144278607 0.0 3.3206404305188535 0.19990004997501248 0.7063755122695603 15
stats: session 81 848.6194074074073 699.5420530415588 6544.84 263.644 941.1840241187383 539
stats: users_count 87 632
stats: finish_users_count 81 620
stats: request 465 63.32638064516119 101.11904071969981 504.226 3.556 60.78186052902783 2911
stats: connect 85 2.0462 3.3359636963746198 190.948 0.655 3.3730882352941176 544
stats: page 233 126.46263948497834 145.91589705672936 598.399 3.664 116.86747326732674 1515
stats: tr_create_post_comment 19 87.31663157894737 76.75664021966853 403.054 43.066 67.86520353982301 113
stats: 302 224 1647
stats: 200 221 1602
stats: size_rcv 3994953 28749449
stats: 422 20 127
stats: newphase 0 2
stats: size_sent 262756 1903120
stats: connected 2 9
# stats: dump at 1575620391
stats: users 6 17
stats: {freemem,"tsung_controller@ip-172-31-24-118"} 1 770.66015625 0.0 774.78515625 770.66015625 773.052734375 16
stats: {load,"tsung_controller@ip-172-31-24-118"} 1 0.0 0.0 0.0 0.0 0.0 16
stats: {recvpackets,"tsung_controller@ip-172-31-24-118"} 1 3587.0 0.0 3587 418 1445.8 15
stats: {sentpackets,"tsung_controller@ip-172-31-24-118"} 1 2381.0 0.0 2381 302 976.3333333333334 15
stats: {cpu,"tsung_controller@ip-172-31-24-118"} 1 1.1922503725782414 0.0 3.3206404305188535 0.19990004997501248 0.7150877392701258 16
stats: session 82 1008.5738414634144 901.3565357892984 6544.84 263.644 929.0909048387095 620
stats: users_count 76 708
stats: finish_users_count 82 702
stats: request 447 60.06648993288588 97.27505691166222 504.226 3.556 61.13233501184833 3376
stats: connect 77 2.1630649350649347 5.227794745863149 190.948 0.655 3.193779014308426 629
stats: page 215 124.96979069767445 137.44439309615413 598.399 3.664 118.14646281464529 1748
stats: tr_create_post_comment 20 82.7515 60.25555964182889 403.054 43.066 70.66503030303032 132
stats: 302 218 1865
stats: 200 208 1810
stats: size_rcv 3439120 32188569
stats: 422 21 148
stats: newphase 0 2
stats: size_sent 256753 2159873
stats: connected -4 5
# stats: dump at 1575620401
stats: users 14 17
stats: {freemem,"tsung_controller@ip-172-31-24-118"} 1 771.140625 0.0 774.78515625 770.66015625 772.9119944852941 17
stats: {load,"tsung_controller@ip-172-31-24-118"} 1 0.0 0.0 0.0 0.0 0.0 17
stats: {recvpackets,"tsung_controller@ip-172-31-24-118"} 1 2795.0 0.0 3587 418 1579.625 16
stats: {sentpackets,"tsung_controller@ip-172-31-24-118"} 1 1917.0 0.0 2381 302 1064.125 16
stats: {cpu,"tsung_controller@ip-172-31-24-118"} 1 1.0945273631840797 0.0 3.3206404305188535 0.19990004997501248 0.7431561294647209 17
stats: session 88 981.9138068181819 918.0623162286852 6544.84 263.644 938.3752364672363 702
stats: users_count 96 804
stats: finish_users_count 88 790
stats: request 528 62.04015719696963 97.51646763121015 504.226 3.556 61.00771226785246 3823
stats: connect 96 14.48857291666667 40.883686694120634 218.633 0.648 3.081364022662889 706
stats: page 259 126.55967181467167 135.2930094836938 598.399 3.664 118.8937962302598 1963
stats: tr_create_post_comment 26 68.76265384615382 28.251560148807997 403.054 43.066 72.25535526315791 152
stats: 302 267 2132
stats: 200 242 2052
stats: size_rcv 4204066 36392635
stats: 422 19 167
stats: newphase 0 2
stats: size_sent 302349 2462222
stats: connected 7 12
# stats: dump at 1575620411
stats: users 15 20
stats: {freemem,"tsung_controller@ip-172-31-24-118"} 1 768.31640625 0.0 774.78515625 768.31640625 772.8135850694445 18
stats: {load,"tsung_controller@ip-172-31-24-118"} 1 0.0 0.0 0.0 0.0 0.0 18
stats: {recvpackets,"tsung_controller@ip-172-31-24-118"} 1 3857.0 0.0 3857 418 1651.1176470588234 17
stats: {sentpackets,"tsung_controller@ip-172-31-24-118"} 1 2567.0 0.0 2567 302 1114.2941176470588 17
stats: {cpu,"tsung_controller@ip-172-31-24-118"} 1 1.1946241911398707 0.0 3.3206404305188535 0.19990004997501248 0.7626767535602408 18
stats: session 98 971.8502959183674 716.958134546354 6544.84 263.644 943.2251025316455 790
stats: users_count 99 903
stats: finish_users_count 98 888
stats: request 502 73.36179482071724 101.57505475953299 504.226 3.556 61.13300091932887 4351
stats: connect 98 4.903428571428571 16.273404681208152 218.633 0.648 4.446815461346634 802
stats: page 279 132.06929390681003 148.15463590940269 598.399 3.664 119.78734338433841 2222
stats: tr_create_post_comment 13 84.04661538461536 65.88036138747553 403.054 43.066 71.74518539325844 178
stats: 302 233 2365
stats: 200 252 2304
stats: size_rcv 4749463 41142098
stats: 422 17 184
stats: newphase 1 3
stats: size_sent 277008 2739230
stats: connected 0 12
# stats: dump at 1575620421
stats: users 6 34
stats: {freemem,"tsung_controller@ip-172-31-24-118"} 1 766.8046875 0.0 774.78515625 766.8046875 772.5768914473684 19
stats: {load,"tsung_controller@ip-172-31-24-118"} 1 0.0 0.0 0.0 0.0 0.0 19
stats: {recvpackets,"tsung_controller@ip-172-31-24-118"} 1 4208.0 0.0 4208 418 1773.6666666666667 18
stats: {sentpackets,"tsung_controller@ip-172-31-24-118"} 1 2815.0 0.0 2815 302 1195.0 18
stats: {cpu,"tsung_controller@ip-172-31-24-118"} 1 1.4895729890764648 0.0 3.3206404305188535 0.19990004997501248 0.7854108292223266 19
stats: session 160 1207.89626875 1013.4324339305675 6622.319 263.644 946.3841891891891 888
stats: users_count 151 1054
stats: finish_users_count 160 1048
stats: request 847 82.17838724911451 128.40504135545396 1153.917 3.307 62.39796167319183 4853
stats: connect 154 2.2612272727272735 4.78069986660749 218.633 0.648 4.496535555555556 900
stats: page 430 161.95267906976753 199.81558887460784 1462.738 3.664 121.15746101559374 2501
stats: tr_create_post_comment 33 117.79069696969701 112.12595620550614 450.654 40.251 72.58245549738221 191
stats: 302 409 2774
stats: 200 403 2707
stats: size_rcv 7127208 48269306
stats: 422 35 219
stats: newphase 0 3
stats: size_sent 481373 3220603
stats: connected -4 8
# stats: dump at 1575620431
stats: users 15 34
stats: {freemem,"tsung_controller@ip-172-31-24-118"} 1 766.56640625 0.0 774.78515625 766.56640625 772.28828125 20
stats: {load,"tsung_controller@ip-172-31-24-118"} 1 0.078125 0.0 0.078125 0.0 0.0 20
stats: {recvpackets,"tsung_controller@ip-172-31-24-118"} 1 6059.0 0.0 6059 418 1901.7894736842106 19
stats: {sentpackets,"tsung_controller@ip-172-31-24-118"} 1 4029.0 0.0 4029 302 1280.2631578947369 19
stats: {cpu,"tsung_controller@ip-172-31-24-118"} 1 1.638530287984111 0.0 3.3206404305188535 0.19990004997501248 0.8206189372150335 20
stats: session 162 1067.9187654320988 967.8110532695025 6781.956 263.644 986.3096975190838 1048
stats: users_count 171 1225
stats: finish_users_count 162 1210
stats: request 919 79.94739717083783 117.65747149607111 1153.917 3.307 65.33726350877193 5700
stats: tr_create_post_comment 38 88.70723684210526 93.34809152714207 450.654 40.251 79.24259821428574 224
stats: connect 170 2.6271999999999993 6.108414829127594 218.633 0.611 4.169934535104365 1054
stats: page 471 156.06174946921445 177.38498392406805 1462.738 3.664 127.14242988741042 2931
stats: 302 452 3226
stats: 200 435 3142
stats: size_rcv 7993617 56262923
stats: 422 32 251
stats: newphase 0 3
stats: size_sent 518866 3739469
stats: connected 8 16
# stats: dump at 1575620441
stats: users 17 34
stats: {freemem,"tsung_controller@ip-172-31-24-118"} 1 766.08984375 0.0 774.78515625 766.08984375 772.0158110119048 21
stats: {load,"tsung_controller@ip-172-31-24-118"} 1 0.0703125 0.0 0.078125 0.0 0.003720238095238095 21
stats: {recvpackets,"tsung_controller@ip-172-31-24-118"} 1 6778.0 0.0 6778 418 2109.65 20
stats: {sentpackets,"tsung_controller@ip-172-31-24-118"} 1 4527.0 0.0 4527 302 1417.7 20
stats: {cpu,"tsung_controller@ip-172-31-24-118"} 1 2.920792079207921 0.0 3.3206404305188535 0.19990004997501248 0.8595670967754658 21
stats: session 159 1237.6244905660374 1343.5387519518088 10478.351 263.644 997.2358702479338 1210
stats: users_count 161 1386
stats: finish_users_count 159 1369
stats: connect 161 1.6255341614906846 3.5190432282968356 218.633 0.611 3.955665849673203 1224
stats: request 860 81.85016860465093 119.92345240075821 1153.917 3.307 67.36577428614594 6619
stats: page 453 154.80730022075068 178.13717222968745 1462.738 3.572 131.14625102880657 3402
stats: tr_create_post_comment 31 115.29183870967742 134.16506995178563 618.772 40.251 80.61533206106871 262
stats: 302 419 3645
stats: 200 410 3552
stats: size_rcv 7673113 63936036
stats: 422 31 282
stats: newphase 0 3
stats: size_sent 482372 4221841
stats: connected 0 16
# stats: dump at 1575620451
stats: users 20 34
stats: {freemem,"tsung_controller@ip-172-31-24-118"} 1 766.3359375 0.0 774.78515625 766.08984375 771.7464488636364 22
stats: {load,"tsung_controller@ip-172-31-24-118"} 1 0.05859375 0.0 0.078125 0.0 0.006747159090909091 22
stats: {recvpackets,"tsung_controller@ip-172-31-24-118"} 1 6870.0 0.0 6870 418 2331.9523809523807 21
stats: {sentpackets,"tsung_controller@ip-172-31-24-118"} 1 4545.0 0.0 4545 302 1565.7619047619048 21
stats: {cpu,"tsung_controller@ip-172-31-24-118"} 1 1.8316831683168315 0.0 3.3206404305188535 0.19990004997501248 0.9532591414314865 22
stats: session 153 963.0125228758168 876.5581816872907 10478.351 263.644 1025.1553666910154 1369
stats: users_count 156 1542
stats: finish_users_count 153 1522
stats: request 779 67.79240436456993 106.64366792568576 1153.917 3.307 69.03131501537635 7479
stats: connect 147 2.213687074829932 5.516816337410311 218.633 0.611 3.684798555956679 1385
stats: page 401 130.84268827930168 155.49358375398785 1462.738 3.572 133.9266544747082 3855
stats: tr_create_post_comment 35 78.2846857142857 59.80520203354097 618.772 40.251 84.28417747440274 293
stats: 302 396 4041
stats: 200 359 3911
stats: size_rcv 6081714 70017750
stats: 422 24 306
stats: newphase 0 3
stats: size_sent 444635 4666476
stats: connected 3 19
# stats: dump at 1575620461
stats: users 20 34
stats: {freemem,"tsung_controller@ip-172-31-24-118"} 1 766.2109375 0.0 774.78515625 766.08984375 771.5112092391304 23
stats: {load,"tsung_controller@ip-172-31-24-118"} 1 0.05078125 0.0 0.078125 0.0 0.009001358695652174 23
stats: {recvpackets,"tsung_controller@ip-172-31-24-118"} 1 6106.0 0.0 6870 418 2538.2272727272725 22
stats: {sentpackets,"tsung_controller@ip-172-31-24-118"} 1 4075.0 0.0 4545 302 1701.1818181818182 22
stats: {cpu,"tsung_controller@ip-172-31-24-118"} 1 1.6865079365079365 0.0 3.3206404305188535 0.19990004997501248 0.9914514904265015 23
stats: session 147 1095.4319659863945 983.3177845743369 10478.351 263.644 1018.9084185282524 1522
stats: users_count 147 1689
stats: finish_users_count 147 1669
stats: request 819 77.54095360195363 111.46493368498064 1153.917 3.307 68.91444514410264 8258
stats: connect 147 4.663761904761903 17.812583323527118 218.633 0.611 3.5436409921671026 1532
stats: page 412 154.99002669902927 171.5780982907624 1462.738 3.572 133.63608341165417 4256
stats: 302 389 4430
stats: tr_create_post_comment 31 94.4646129032258 130.93741147948103 721.481 40.251 83.64398780487805 328
stats: 200 390 4301
stats: size_rcv 6679648 76697398
stats: 422 40 346
stats: newphase 0 3
stats: size_sent 461293 5127769
stats: connected 0 19
# stats: dump at 1575620471
stats: users 129 130
stats: {freemem,"tsung_controller@ip-172-31-24-118"} 1 765.69140625 0.0 774.78515625 765.69140625 771.2903645833334 24
stats: {load,"tsung_controller@ip-172-31-24-118"} 1 0.0390625 0.0 0.078125 0.0 0.0107421875 24
stats: {recvpackets,"tsung_controller@ip-172-31-24-118"} 1 5445.0 0.0 6870 418 2693.347826086956 23
stats: {sentpackets,"tsung_controller@ip-172-31-24-118"} 1 3686.0 0.0 4545 302 1804.391304347826 23
stats: {cpu,"tsung_controller@ip-172-31-24-118"} 1 1.8344075359444718 0.0 3.3206404305188535 0.19990004997501248 1.0204121756798947 24
stats: session 148 1838.9876283783792 1367.4299740434371 10478.351 263.644 1025.6483594967046 1669
stats: users_count 257 1946
stats: finish_users_count 148 1817
stats: connect 256 12.642593749999998 39.218389833393495 223.67 0.611 3.641709946396665 1679
stats: request 1019 299.29990873405325 375.58622203311114 1816.272 3.307 69.6927981712019 9077
stats: page 555 417.85401081081125 592.809668904816 3670.607 3.572 135.520793059126 4668
stats: tr_create_post_comment 27 444.8854074074073 559.8038004753861 2164.997 40.251 84.57835933147632 359
stats: 302 473 4903
stats: 200 520 4821
stats: size_rcv 8574336 85271734
stats: 422 26 372
stats: newphase 1 4
stats: size_sent 600813 5728582
stats: connected 108 127
# stats: dump at 1575620481
stats: users 265 268
stats: {freemem,"tsung_controller@ip-172-31-24-118"} 1 738.5546875 0.0 774.78515625 738.5546875 771.06640625 25
stats: {load,"tsung_controller@ip-172-31-24-118"} 1 0.109375 0.0 0.109375 0.0 0.011875 25
stats: {recvpackets,"tsung_controller@ip-172-31-24-118"} 1 8416.0 0.0 8416 418 2807.9999999999995 24
stats: {sentpackets,"tsung_controller@ip-172-31-24-118"} 1 5602.0 0.0 5602 302 1882.7916666666667 24
stats: {cpu,"tsung_controller@ip-172-31-24-118"} 1 3.7475345167652856 0.0 3.7475345167652856 0.19990004997501248 1.0529719900904777 25
stats: session 162 6013.4533888888855 2178.3512351382974 13432.07 263.644 1091.8972377545404 1817
stats: users_count 298 2244
stats: finish_users_count 162 1979
stats: request 1219 1290.81267022149 979.2755151224762 5037.932 3.307 92.86728763866877 10096
stats: connect 295 2.6018237288135575 4.980647666969407 223.67 0.61 4.832524547803617 1935
stats: page 666 1776.8933153153157 1952.2549204131408 10598.196 3.572 165.5217380815624 5223
stats: tr_create_post_comment 19 6206.172157894735 2267.808326531896 10598.277 40.251 109.78118393782383 386
stats: 302 563 5466
stats: 200 628 5449
stats: size_rcv 10602438 95874172
stats: 422 29 401
stats: newphase 0 4
stats: size_sent 726469 6455051
stats: connected 135 262
# stats: dump at 1575620491
stats: users 383 393
stats: {freemem,"tsung_controller@ip-172-31-24-118"} 1 702.77734375 0.0 774.78515625 702.77734375 769.8159555288462 26
stats: {load,"tsung_controller@ip-172-31-24-118"} 1 0.08984375 0.0 0.109375 0.0 0.015625 26
stats: {recvpackets,"tsung_controller@ip-172-31-24-118"} 1 10160.0 0.0 10160 418 3032.3199999999993 25
stats: {sentpackets,"tsung_controller@ip-172-31-24-118"} 1 6599.0 0.0 6599 302 2031.56 25
stats: {cpu,"tsung_controller@ip-172-31-24-118"} 1 7.432762836185819 0.0 7.432762836185819 0.19990004997501248 1.156609010347201 26
stats: session 204 10485.340764705883 3290.930533521085 20046.78 263.644 1494.773486609398 1979
stats: users_count 322 2566
stats: finish_users_count 204 2183
stats: connect 326 2.6852791411042953 5.7923853207714755 223.67 0.61 4.537431838565022 2230
stats: page 708 3466.9404745762713 3292.395934423803 15839.354 3.572 347.75530412633736 5889
stats: request 1271 2300.5954649882033 1189.0071177082343 5652.055 3.307 221.92565452938544 11315
stats: tr_create_post_comment 34 11931.752294117647 1791.9128934981995 15839.484 40.251 395.784711111111 405
stats: 302 587 6053
stats: 200 657 6106
stats: size_rcv 11846504 107720676
stats: 422 26 427
stats: newphase 0 4
stats: size_sent 734897 7189948
stats: connected 120 382
# stats: dump at 1575620501
stats: users 485 487
stats: {freemem,"tsung_controller@ip-172-31-24-118"} 1 659.79296875 0.0 774.78515625 659.79296875 767.3330439814815 27
stats: {load,"tsung_controller@ip-172-31-24-118"} 1 0.078125 0.0 0.109375 0.0 0.01837384259259259 27
stats: {recvpackets,"tsung_controller@ip-172-31-24-118"} 1 10568.0 0.0 10568 418 3306.461538461538 26
stats: {sentpackets,"tsung_controller@ip-172-31-24-118"} 1 6815.0 0.0 6815 302 2207.230769230769 26
stats: {cpu,"tsung_controller@ip-172-31-24-118"} 1 8.47540185094983 0.0 8.47540185094983 0.19990004997501248 1.3890591520449276 27
stats: session 208 13960.082067307683 3857.483041202062 27447.03 263.644 2334.936438845625 2183
stats: users_count 310 2876
stats: finish_users_count 208 2391
stats: request 1282 3064.065793291729 1112.9778610526769 5652.055 3.307 431.8405861274434 12586
stats: connect 303 2.6606798679868 5.033784225628743 223.67 0.61 4.301202660406885 2556
stats: page 686 5143.479475218664 4347.244492609156 20163.855 3.572 682.5109658935881 6597
stats: tr_create_post_comment 28 17084.42617857143 1790.5388833710279 20163.985 40.251 1289.2309476082003 439
stats: 302 578 6631
stats: 200 656 6762
stats: size_rcv 12158376 119879052
stats: 422 48 475
stats: newphase 0 4
stats: size_sent 739962 7929910
stats: connected 91 473
# stats: dump at 1575620511
stats: users 624 624
stats: {freemem,"tsung_controller@ip-172-31-24-118"} 1 647.26953125 0.0 774.78515625 647.26953125 763.4923270089286 28
stats: {load,"tsung_controller@ip-172-31-24-118"} 1 0.05859375 0.0 0.109375 0.0 0.0205078125 28
stats: {recvpackets,"tsung_controller@ip-172-31-24-118"} 1 11178.0 0.0 11178 418 3575.407407407407 27
stats: {sentpackets,"tsung_controller@ip-172-31-24-118"} 1 7170.0 0.0 7170 302 2377.8888888888887 27
stats: {cpu,"tsung_controller@ip-172-31-24-118"} 1 7.548100641341884 0.0 8.47540185094983 0.19990004997501248 1.6421428198629597 28
stats: session 196 16697.244295918365 4424.762276018075 31632.814 263.644 3346.2414537850264 2391
stats: users_count 335 3211
stats: finish_users_count 196 2587
stats: request 1261 3798.6587716098356 1141.6032005595014 7065.515 3.307 675.1714713008363 13868
stats: connect 337 2.9720593471810086 5.805558561935493 223.67 0.61 4.127338230150402 2859
stats: page 699 5678.030394849785 4607.133372404731 23074.602 3.572 1102.6983059178917 7283
stats: tr_create_post_comment 20 21096.23495 1076.3559856059007 23074.901 40.251 2236.2662077087793 467
stats: 302 546 7177
stats: 200 672 7434
stats: size_rcv 11000649 130879701
stats: 422 43 518
stats: newphase 0 4
stats: size_sent 742534 8672444
stats: connected 144 617
# stats: dump at 1575620521
stats: users 790 792
stats: {freemem,"tsung_controller@ip-172-31-24-118"} 1 619.7109375 0.0 774.78515625 619.7109375 759.4846443965517 29
stats: {load,"tsung_controller@ip-172-31-24-118"} 1 0.05078125 0.0 0.109375 0.0 0.021821120689655173 29
stats: {recvpackets,"tsung_controller@ip-172-31-24-118"} 1 10897.0 0.0 11178 418 3846.928571428571 28
stats: {sentpackets,"tsung_controller@ip-172-31-24-118"} 1 7034.0 0.0 7170 302 2549.035714285714 28
stats: {cpu,"tsung_controller@ip-172-31-24-118"} 1 8.610567514677104 0.0 8.610567514677104 0.19990004997501248 1.8457965378449916 29
stats: session 184 20898.664978260844 6064.577815643097 37162.589 263.644 4357.759257054502 2587
stats: users_count 350 3561
stats: finish_users_count 184 2771
stats: connect 349 2.889922636103152 6.2293773366694385 223.67 0.61 4.005520650813517 3196
stats: request 1301 4829.560354342805 1431.9205851842653 7867.793 0.868 935.5136938991342 15129
stats: page 713 7592.9688162692755 5784.6477827854205 28309.502 1.083 1503.3694572788781 7982
stats: tr_create_post_comment 32 24803.328749999993 1841.6556399194214 28309.6 40.251 3010.802911704312 487
stats: 302 583 7760
stats: 200 646 8080
stats: size_rcv 11102726 141982427
stats: 422 42 560
stats: newphase 0 4
stats: 502 30 30
stats: size_sent 774799 9447243
stats: connected 166 783
# stats: dump at 1575620531
stats: users 813 824
stats: {freemem,"tsung_controller@ip-172-31-24-118"} 1 588.203125 0.0 774.78515625 588.203125 754.8255208333334 30
stats: {load,"tsung_controller@ip-172-31-24-118"} 1 0.0390625 0.0 0.109375 0.0 0.022786458333333332 30
stats: {recvpackets,"tsung_controller@ip-172-31-24-118"} 1 10397.0 0.0 11178 418 4090.03448275862 29
stats: {sentpackets,"tsung_controller@ip-172-31-24-118"} 1 6843.0 0.0 7170 302 2703.689655172414 29
stats: {cpu,"tsung_controller@ip-172-31-24-118"} 1 8.837890625 0.0 8.837890625 0.19990004997501248 2.0712889037393953 30
stats: session 480 15692.852937500002 10615.919661095275 40768.234 7.043 5456.108824972931 2771
stats: users_count 503 4064
stats: finish_users_count 480 3251
stats: connect 501 9.230191616766474 31.047628430475935 225.905 0.596 3.89569167842031 3545
stats: page 1449 4956.514875776391 6567.796300324188 32013.616 0.79 2002.7236082806207 8695
stats: request 2847 2559.329930101853 3307.568153898997 9560.157 0.753 1243.8615152769319 16430
stats: tr_create_post_comment 81 13804.706716049377 13089.07048559577 32013.711 5.871 4354.465391136801 519
stats: 302 544 8304
stats: 200 514 8594
stats: size_rcv 10485827 152468254
stats: 422 28 588
stats: newphase 1 5
stats: 502 1739 1769
stats: size_sent 1171638 10618881
stats: connected 27 810
stats: 404 3 3
stats: 500 20 20
# stats: dump at 1575620541
stats: users 813 824
stats: {freemem,"tsung_controller@ip-172-31-24-118"} 1 572.18359375 0.0 774.78515625 572.18359375 749.4506048387096 31
stats: {load,"tsung_controller@ip-172-31-24-118"} 1 0.0390625 0.0 0.109375 0.0 0.02331149193548387 31
stats: {recvpackets,"tsung_controller@ip-172-31-24-118"} 1 12648.0 0.0 12648 418 4300.266666666666 30
stats: {sentpackets,"tsung_controller@ip-172-31-24-118"} 1 9858.0 0.0 9858 302 2841.6666666666665 30
stats: {cpu,"tsung_controller@ip-172-31-24-118"} 1 11.83168316831683 0.0 11.83168316831683 0.19990004997501248 2.28956637861877 31
stats: session 649 15124.42374884438 11221.21986831851 45567.086 6.725 6967.532132882188 3251
stats: users_count 649 4713
stats: finish_users_count 649 3900
stats: connect 646 2.271303405572751 4.641798979106506 225.905 0.551 4.556241473059813 4046
stats: page 1811 4614.371802319157 6498.220244318916 36525.966 0.79 2424.6521913446363 10144
stats: request 3418 2299.8448847279187 2785.9177176985086 9560.157 0.75 1438.141671785027 19277
stats: tr_create_post_comment 123 17034.56749593495 11142.7034020054 36526.082 5.871 5630.2479699999985 600
stats: 302 756 9060
stats: 200 516 9110
stats: size_rcv 9132955 161601209
stats: 422 37 625
stats: newphase 0 5
stats: 502 1939 3708
stats: size_sent 1277889 11896770
stats: connected -4 806
stats: 404 69 72
stats: 500 100 120
# stats: dump at 1575620551
stats: users 797 824
stats: {freemem,"tsung_controller@ip-172-31-24-118"} 1 583.31640625 0.0 774.78515625 572.18359375 743.9110107421875 32
stats: {load,"tsung_controller@ip-172-31-24-118"} 1 0.109375 0.0 0.109375 0.0 0.0238037109375 32
stats: {recvpackets,"tsung_controller@ip-172-31-24-118"} 1 12642.0 0.0 12648 418 4569.548387096775 31
stats: {sentpackets,"tsung_controller@ip-172-31-24-118"} 1 10480.0 0.0 10480 302 3068.0 31
stats: {cpu,"tsung_controller@ip-172-31-24-118"} 1 12.857142857142856 0.0 12.857142857142856 0.19990004997501248 2.587757528296834 32
stats: session 623 14614.043329052976 10489.021385327822 48029.389 6.709 8324.922558205128 3900
stats: users_count 607 5320
stats: finish_users_count 623 4523
stats: connect 615 2.6438130081300812 5.632561117346512 225.905 0.551 4.241648550724638 4692
stats: page 1699 4868.564628016487 6198.406283316092 38476.465 0.741 2756.361285069008 11955
stats: tr_create_post_comment 119 16565.05019327732 9415.260554605646 38476.59 5.871 7570.401914246194 723
stats: request 3199 2456.718737417933 2791.960150147582 9560.157 0.741 1567.919225512227 22695
stats: 302 779 9839
stats: 200 479 9589
stats: size_rcv 8644362 170245571
stats: 422 34 659
stats: newphase 0 5
stats: 502 1740 5448
stats: size_sent 1193654 13090424
stats: connected -7 799
stats: 404 79 151
stats: 500 89 209
# stats: dump at 1575620561
stats: users 795 824
stats: {freemem,"tsung_controller@ip-172-31-24-118"} 1 602.1015625 0.0 774.78515625 572.18359375 739.0445075757576 33
stats: {load,"tsung_controller@ip-172-31-24-118"} 1 0.08984375 0.0 0.109375 0.0 0.026396780303030304 33
stats: {recvpackets,"tsung_controller@ip-172-31-24-118"} 1 12334.0 0.0 12648 418 4821.8125 32
stats: {sentpackets,"tsung_controller@ip-172-31-24-118"} 1 10065.0 0.0 10480 302 3299.625 32
stats: {cpu,"tsung_controller@ip-172-31-24-118"} 1 11.990171990171989 0.0 12.857142857142856 0.19990004997501248 2.89895102311035 33
stats: session 597 12734.917425460644 8553.227237579355 53556.074 6.709 9191.188806323236 4523
stats: users_count 595 5915
stats: finish_users_count 597 5120
stats: connect 591 2.3450101522842637 5.175042077522369 225.905 0.551 4.05648388920294 5307
stats: page 1646 4503.668952004856 5584.623670585479 38476.465 0.741 3019.187817928812 13654
stats: request 3150 2454.138634603182 2823.62707363677 9560.157 0.733 1677.723413300377 25894
stats: tr_create_post_comment 110 13482.606181818186 9470.374859578284 38476.59 5.871 8841.617051068883 842
stats: 302 748 10587
stats: 200 454 10043
stats: size_rcv 8598016 178843587
stats: 422 27 686
stats: newphase 0 5
stats: 502 1725 7173
stats: size_sent 1163313 14253737
stats: connected -6 793
stats: 404 102 253
stats: 500 93 302
# stats: dump at 1575620571
stats: users 808 824
stats: {freemem,"tsung_controller@ip-172-31-24-118"} 1 608.5859375 0.0 774.78515625 572.18359375 735.0167738970588 34
stats: {load,"tsung_controller@ip-172-31-24-118"} 1 0.078125 0.0 0.109375 0.0 0.028262867647058824 34
stats: {recvpackets,"tsung_controller@ip-172-31-24-118"} 1 11507.0 0.0 12648 418 5049.454545454545 33
stats: {sentpackets,"tsung_controller@ip-172-31-24-118"} 1 9541.0 0.0 10480 302 3504.6363636363635 33
stats: {cpu,"tsung_controller@ip-172-31-24-118"} 1 11.888454011741683 0.0 12.857142857142856 0.19990004997501248 3.1663398750827514 34
stats: session 602 12689.854624584716 9296.685702228937 56394.495 6.709 9604.393100390625 5120
stats: users_count 615 6530
stats: finish_users_count 602 5722
stats: connect 615 2.2009691056910534 4.141831182235099 225.905 0.551 3.8849883011190234 5898
stats: page 1751 4231.184151342096 5721.087104080304 40949.365 0.737 3178.8908209803913 15300
stats: request 3280 2248.111804268293 2753.257810943097 9560.157 0.717 1761.9304077606384 29044
stats: tr_create_post_comment 108 12973.087314814818 9454.465302512086 40949.516 5.871 9377.865795168067 952
stats: 302 714 11301
stats: 200 473 10516
stats: size_rcv 8849040 187692627
stats: 422 33 719
stats: newphase 0 5
stats: 502 1897 9070
stats: size_sent 1186557 15440294
stats: connected 9 802
stats: 404 87 340
stats: 500 77 379
# stats: dump at 1575620581
stats: users 814 824
stats: {freemem,"tsung_controller@ip-172-31-24-118"} 1 614.47265625 0.0 774.78515625 572.18359375 731.4044642857143 35
stats: {load,"tsung_controller@ip-172-31-24-118"} 1 0.2109375 0.0 0.2109375 0.0 0.0296875 35
stats: {recvpackets,"tsung_controller@ip-172-31-24-118"} 1 12995.0 0.0 12995 418 5239.382352941177 34
stats: {sentpackets,"tsung_controller@ip-172-31-24-118"} 1 10643.0 0.0 10643 302 3682.176470588235 34
stats: {cpu,"tsung_controller@ip-172-31-24-118"} 1 12.56206554121152 0.0 12.857142857142856 0.19990004997501248 3.4155431361301494 35
stats: session 603 14148.730512437814 9200.002312230574 56394.495 6.454 9929.008241523943 5722
stats: users_count 609 7139
stats: finish_users_count 603 6325
stats: request 3122 2458.9781450992914 2736.597130945146 9560.157 0.717 1811.2644932867215 32324
stats: connect 611 2.594168576104746 5.147985984978301 225.905 0.551 3.725972209427299 6513
stats: tr_create_post_comment 108 16098.225129629624 9118.642616639077 40949.516 4.947 9744.171383962264 1060
stats: page 1680 4679.935559523806 5931.192039974496 40949.365 0.737 3286.952847926808 17051
stats: 302 760 12061
stats: 200 491 11007
stats: size_rcv 9261192 196953819
stats: 422 25 744
stats: newphase 0 5
stats: 502 1658 10728
stats: size_sent 1157625 16597919
stats: connected 11 813
stats: 404 100 440
stats: 500 87 466
# stats: dump at 1575620591
stats: users 848 858
stats: {freemem,"tsung_controller@ip-172-31-24-118"} 1 614.25 0.0 774.78515625 572.18359375 728.1563585069445 36
stats: {load,"tsung_controller@ip-172-31-24-118"} 1 0.1796875 0.0 0.2109375 0.0 0.034722222222222224 36
stats: {recvpackets,"tsung_controller@ip-172-31-24-118"} 1 11997.0 0.0 12995 418 5460.971428571429 35
stats: {sentpackets,"tsung_controller@ip-172-31-24-118"} 1 9651.0 0.0 10643 302 3881.057142857143 35
stats: {cpu,"tsung_controller@ip-172-31-24-118"} 1 12.100344318740778 0.0 12.857142857142856 0.19990004997501248 3.669613202937965 36
stats: session 903 10059.331991140629 9294.129287650527 56394.495 6.454 10331.299550513835 6325
stats: users_count 937 8076
stats: finish_users_count 903 7228
stats: request 4910 1613.8603258655853 2570.5599119082995 9560.157 0.709 1868.3135826327364 35446
stats: connect 932 11.82862982832618 35.1907430941207 225.905 0.497 3.6289014598540144 7124
stats: 302 773 12834
stats: page 2648 3063.705568731119 5191.50242439959 40949.365 0.737 3411.8907025786125 18731
stats: tr_create_post_comment 162 12252.826407407403 9701.001365868371 40949.516 4.947 10331.703750856163 1168
stats: 200 464 11471
stats: size_rcv 9376427 206330246
stats: 422 29 773
stats: newphase 1 6
stats: 502 3451 14179
stats: size_sent 1516755 18114674
stats: connected 38 851
stats: 404 102 542
stats: 500 91 557
# stats: dump at 1575620601
stats: users 840 881
stats: {freemem,"tsung_controller@ip-172-31-24-118"} 1 610.8046875 0.0 774.78515625 572.18359375 725.077808277027 37
stats: {load,"tsung_controller@ip-172-31-24-118"} 1 0.30859375 0.0 0.30859375 0.0 0.0386402027027027 37
stats: {recvpackets,"tsung_controller@ip-172-31-24-118"} 1 15623.0 0.0 15623 418 5642.527777777777 36
stats: {sentpackets,"tsung_controller@ip-172-31-24-118"} 1 14664.0 0.0 14664 302 4041.3333333333335 36
stats: {cpu,"tsung_controller@ip-172-31-24-118"} 1 16.872835230084114 0.0 16.872835230084114 0.19990004997501248 3.897470800662366 37
stats: session 1183 7886.400550295858 8521.418099578297 56394.495 6.343 10297.322419064747 7228
stats: users_count 1175 9251
stats: finish_users_count 1183 8411
stats: request 6437 1191.6552437470862 2263.779942753493 9560.157 0.704 1837.3549769550993 40356
stats: connect 1183 2.4361496196111605 5.32967093759622 225.905 0.497 4.577529419066534 8056
stats: 302 806 13640
stats: page 3278 2462.835366686999 4566.400703950771 40949.365 0.737 3368.7645397820293 21379
stats: tr_create_post_comment 262 7848.016622137409 8573.565148401973 40949.516 4.947 10565.705157142855 1330
stats: 200 399 11870
stats: size_rcv 8324697 214654943
stats: 422 29 802
stats: newphase 0 6
stats: 502 4975 19154
stats: size_sent 1782544 19897218
stats: connected -4 847
stats: 404 111 653
stats: 500 118 675
# stats: dump at 1575620611
stats: users 837 881
stats: {freemem,"tsung_controller@ip-172-31-24-118"} 1 620.07421875 0.0 774.78515625 572.18359375 722.0706208881578 38
stats: {load,"tsung_controller@ip-172-31-24-118"} 1 0.26171875 0.0 0.30859375 0.0 0.045744243421052634 38
stats: {recvpackets,"tsung_controller@ip-172-31-24-118"} 1 16573.0 0.0 16573 418 5912.27027027027 37
stats: {sentpackets,"tsung_controller@ip-172-31-24-118"} 1 16665.0 0.0 16665 302 4328.4324324324325 37
stats: {cpu,"tsung_controller@ip-172-31-24-118"} 1 19.821162444113263 0.0 19.821162444113263 0.19990004997501248 4.238927759331359 38
stats: session 1227 7218.895529747356 7105.897484419622 56394.495 6.108 9958.228307692307 8411
stats: users_count 1224 10475
stats: finish_users_count 1227 9638
stats: request 6575 1145.4447300380195 2124.838215374587 9560.157 0.704 1748.5303839035748 46793
stats: connect 1224 2.3868758169934665 4.982513131820284 225.905 0.497 4.303338240069272 9239
stats: page 3418 2297.065697191332 4135.368290651822 40949.365 0.737 3248.3266994362652 24657
stats: 302 854 14494
stats: tr_create_post_comment 265 7679.043660377359 7316.218579586834 40949.516 4.947 10118.447370603013 1592
stats: 200 417 12287
stats: size_rcv 8107789 222762732
stats: 422 22 824
stats: newphase 0 6
stats: 502 5021 24175
stats: size_sent 1799603 21696821
stats: connected -11 836
stats: 404 130 783
stats: 500 130 805
# stats: dump at 1575620621
stats: users 853 881
stats: {freemem,"tsung_controller@ip-172-31-24-118"} 1 624.01953125 0.0 774.78515625 572.18359375 719.4553285256409 39
stats: {load,"tsung_controller@ip-172-31-24-118"} 1 0.4609375 0.0 0.4609375 0.0 0.05128205128205128 39
stats: {recvpackets,"tsung_controller@ip-172-31-24-118"} 1 16797.0 0.0 16797 418 6192.815789473684 38
stats: {sentpackets,"tsung_controller@ip-172-31-24-118"} 1 16918.0 0.0 16918 302 4653.078947368421 38
stats: {cpu,"tsung_controller@ip-172-31-24-118"} 1 19.82026959560659 0.0 19.821162444113263 0.19990004997501248 4.6384722384283315 39
stats: session 1220 6774.832868032788 6807.001510070185 56394.495 6.108 9609.487768312929 9638
stats: users_count 1236 11711
stats: finish_users_count 1220 10858
stats: request 6644 1177.7278222456403 2365.3442849400794 9560.157 0.704 1674.229526195472 53368
stats: connect 1234 2.251681523500809 4.4924402053058605 225.905 0.442 4.0791434578992645 10463
stats: 302 771 15265
stats: page 3459 2190.239365134432 3996.1623553397576 40949.365 0.737 3132.515119536953 28075
stats: tr_create_post_comment 245 6629.9218326530645 7115.473276784209 40949.516 4.947 9770.33644803446 1857
stats: 200 388 12675
stats: size_rcv 8052617 230815349
stats: 422 12 836
stats: newphase 0 6
stats: 502 5267 29442
stats: size_sent 1800800 23497621
stats: connected 15 851
stats: 404 94 877
stats: 500 112 917
# stats: dump at 1575620631
stats: users 847 881
stats: {freemem,"tsung_controller@ip-172-31-24-118"} 1 622.95703125 0.0 774.78515625 572.18359375 717.0694335937499 40
stats: {load,"tsung_controller@ip-172-31-24-118"} 1 0.390625 0.0 0.4609375 0.0 0.0615234375 40
stats: {recvpackets,"tsung_controller@ip-172-31-24-118"} 1 17437.0 0.0 17437 418 6464.717948717948 39
stats: {sentpackets,"tsung_controller@ip-172-31-24-118"} 1 17734.0 0.0 17734 302 4967.5641025641025 39
stats: {cpu,"tsung_controller@ip-172-31-24-118"} 1 19.184290030211482 0.0 19.821162444113263 0.19990004997501248 5.018017172357788 40
stats: session 1237 7113.388968472117 6885.12469875905 56394.495 6.077 9290.987217719654 10858
stats: users_count 1231 12942
stats: finish_users_count 1237 12095
stats: page 3445 2300.1785486211948 4067.436401594276 40949.365 0.737 3029.1558300564457 31534
stats: tr_create_post_comment 255 7058.006705882352 6949.304962911219 40949.516 4.947 9404.303345861083 2102
stats: request 6613 1172.2638176319401 2147.1641182180406 9560.157 0.704 1619.2612311704324 60012
stats: connect 1241 2.546727639000808 5.303353086004021 225.905 0.442 3.886351457638711 11697
stats: 302 876 16141
stats: 200 460 13135
stats: size_rcv 8801366 239616715
stats: 422 19 855
stats: newphase 0 6
stats: 502 5008 34450
stats: size_sent 1814503 25312124
stats: connected -1 850
stats: 404 150 1027
stats: 500 100 1017
# stats: dump at 1575620641
stats: users 842 881
stats: {freemem,"tsung_controller@ip-172-31-24-118"} 1 629.34375 0.0 774.78515625 572.18359375 714.7740091463413 41
stats: {load,"tsung_controller@ip-172-31-24-118"} 1 0.55078125 0.0 0.55078125 0.0 0.06955030487804878 41
stats: {recvpackets,"tsung_controller@ip-172-31-24-118"} 1 17806.0 0.0 17806 418 6739.025 40
stats: {sentpackets,"tsung_controller@ip-172-31-24-118"} 1 17829.0 0.0 17829 302 5286.725 40
stats: {cpu,"tsung_controller@ip-172-31-24-118"} 1 20.349999999999998 0.0 20.349999999999998 0.19990004997501248 5.363536022549342 41
stats: session 1249 6295.254283426737 6583.347305274166 56394.495 5.998 9068.276259942128 12095
stats: users_count 1244 14186
stats: finish_users_count 1249 13344
stats: request 6728 1084.1745420630148 2234.7481468873675 9560.157 0.69 1574.8935929606005 66625
stats: connect 1243 6.6178930008045045 22.960182191343115 225.905 0.442 3.7578560828567014 12938
stats: page 3536 2003.444569570131 3832.3270437570186 40949.365 0.737 2957.3605604791437 34979
stats: tr_create_post_comment 240 6048.46517916667 7131.7199222540485 40949.516 4.947 9150.461324989392 2357
stats: 302 745 16886
stats: 200 375 13510
stats: size_rcv 7802169 247418884
stats: 422 15 870
stats: newphase 0 6
stats: 502 5384 39834
stats: size_sent 1835099 27147223
stats: connected -6 844
stats: 404 109 1136
stats: 500 100 1117
# stats: dump at 1575620651
stats: users 952 963
stats: {freemem,"tsung_controller@ip-172-31-24-118"} 1 628.1796875 0.0 774.78515625 572.18359375 712.7399553571427 42
stats: {load,"tsung_controller@ip-172-31-24-118"} 1 0.4609375 0.0 0.55078125 0.0 0.08100818452380952 42
stats: {recvpackets,"tsung_controller@ip-172-31-24-118"} 1 16763.0 0.0 17806 418 7008.951219512195 41
stats: {sentpackets,"tsung_controller@ip-172-31-24-118"} 1 17535.0 0.0 17829 302 5592.634146341464 41
stats: {cpu,"tsung_controller@ip-172-31-24-118"} 1 19.201995012468828 0.0 20.349999999999998 0.19990004997501248 5.720356593441024 42
stats: session 1833 5517.640034369877 6809.768012255049 56394.495 5.998 8808.721070443647 13344
stats: users_count 1943 16129
stats: finish_users_count 1833 15177
stats: request 9983 798.0823284583774 1849.349727382079 9560.157 0.69 1529.8844212233987 73353
stats: page 5304 1611.061202111614 3619.475184748305 40949.365 0.737 2869.7830726470193 38515
stats: connect 1942 9.104183316168907 31.106640552522183 225.905 0.442 4.008545448134828 14181
stats: tr_create_post_comment 362 6272.809892265186 7152.492068334544 40949.516 4.947 8863.792447439353 2597
stats: 302 897 17783
stats: 200 464 13974
stats: size_rcv 9994681 257413565
stats: 422 16 886
stats: newphase 1 7
stats: 502 8318 48152
stats: size_sent 2431359 29578582
stats: connected 110 954
stats: 404 146 1282
stats: 500 142 1259
# stats: dump at 1575620661
stats: users 919 963
stats: {freemem,"tsung_controller@ip-172-31-24-118"} 1 628.51953125 0.0 774.78515625 572.18359375 710.7734374999999 43
stats: {load,"tsung_controller@ip-172-31-24-118"} 1 0.390625 0.0 0.55078125 0.0 0.08984375 43
stats: {recvpackets,"tsung_controller@ip-172-31-24-118"} 1 24573.0 0.0 24573 418 7241.190476190476 42
stats: {sentpackets,"tsung_controller@ip-172-31-24-118"} 1 27017.0 0.0 27017 302 5876.976190476191 42
stats: {cpu,"tsung_controller@ip-172-31-24-118"} 1 29.560384032339567 0.0 29.560384032339567 0.19990004997501248 6.033883068302137 43
stats: session 2360 3998.813209745768 5297.556223116109 56394.495 5.765 8411.241229953219 15177
stats: users_count 2327 18456
stats: finish_users_count 2360 17537
stats: connect 2327 2.4549157713794596 4.713302648397346 225.905 0.405 4.622310178006575 16123
stats: page 6562 1180.2599757695896 2902.702821252159 40949.365 0.729 2717.4231191720473 43819
stats: tr_create_post_comment 458 3834.338727074237 5566.435196280148 40949.516 4.947 8546.81519668807 2959
stats: request 12484 622.0730986062149 1684.9337900430312 9560.157 0.69 1442.2202629715841 83336
stats: 302 895 18678
stats: 200 402 14376
stats: size_rcv 9593014 267006579
stats: 422 16 902
stats: newphase 0 7
stats: 502 10906 59058
stats: size_sent 2784432 32363014
stats: connected -38 916
stats: 404 116 1398
stats: 500 150 1409
# stats: dump at 1575620671
stats: users 919 963
stats: {freemem,"tsung_controller@ip-172-31-24-118"} 1 627.0078125 0.0 774.78515625 572.18359375 708.9040305397726 44
stats: {load,"tsung_controller@ip-172-31-24-118"} 1 0.41015625 0.0 0.55078125 0.0 0.0966796875 44
stats: {recvpackets,"tsung_controller@ip-172-31-24-118"} 1 26678.0 0.0 26678 418 7644.2558139534885 43
stats: {sentpackets,"tsung_controller@ip-172-31-24-118"} 1 30321.0 0.0 30321 302 6368.604651162791 43
stats: {cpu,"tsung_controller@ip-172-31-24-118"} 1 34.758826454500245 0.0 34.758826454500245 0.19990004997501248 6.56857627203026 44
stats: session 2367 3910.6436037177873 5064.031840746848 56394.495 5.765 7817.449240006844 17537
stats: users_count 2367 20823
stats: finish_users_count 2367 19904
stats: request 12057 603.7388094882616 1680.3012819810476 9560.157 0.683 1335.3666082028797 95820
stats: connect 2267 2.206585355094835 4.500524295499086 225.905 0.405 4.348948292682928 18450
stats: page 6307 1174.2997612176928 2912.4008570006617 40949.365 0.72 2517.211441217919 50381
stats: tr_create_post_comment 450 3746.298240000004 5433.430165706176 40949.516 4.947 7915.17509628329 3417
stats: 302 808 19486
stats: 200 377 14753
stats: size_rcv 9111313 276117892
stats: 422 18 920
stats: newphase 0 7
stats: 502 10610 69668
stats: size_sent 2678762 35041776
stats: connected 19 935
stats: 404 124 1522
stats: 500 119 1528
# stats: dump at 1575620681
stats: users 945 963
stats: {freemem,"tsung_controller@ip-172-31-24-118"} 1 627.87109375 0.0 774.78515625 572.18359375 707.0841145833333 45
stats: {load,"tsung_controller@ip-172-31-24-118"} 1 0.6484375 0.0 0.6484375 0.0 0.10364583333333334 45
stats: {recvpackets,"tsung_controller@ip-172-31-24-118"} 1 26943.0 0.0 26943 418 8076.840909090909 44
stats: {sentpackets,"tsung_controller@ip-172-31-24-118"} 1 30948.0 0.0 30948 302 6912.977272727273 44
stats: {cpu,"tsung_controller@ip-172-31-24-118"} 1 33.98692810457516 0.0 34.758826454500245 0.19990004997501248 7.195026276085149 45
stats: session 2433 3856.4694767776477 4935.888487763153 56394.495 5.765 7352.848710409969 19904
stats: users_count 2459 23282
stats: finish_users_count 2433 22337
stats: connect 2453 2.6413705666530873 5.388884532436745 225.905 0.405 4.114515856542937 20717
stats: page 6887 1139.6983540002952 2801.393463892439 40949.365 0.72 2367.8016196373123 56688
stats: tr_create_post_comment 515 3350.2301825242707 5108.12873074691 40949.516 4.947 7430.045904318594 3867
stats: request 13361 584.6050851732643 1631.414777022941 9560.157 0.683 1253.5953653141994 107877
stats: 302 881 20367
stats: 200 410 15163
stats: size_rcv 9444377 285562269
stats: 422 14 934
stats: newphase 0 7
stats: 502 11775 81443
stats: size_sent 2965503 38007279
stats: connected 6 941
stats: 404 119 1641
stats: 500 162 1690
# stats: dump at 1575620691
stats: users 943 974
stats: {freemem,"tsung_controller@ip-172-31-24-118"} 1 627.91015625 0.0 774.78515625 572.18359375 705.3620923913044 46
stats: {load,"tsung_controller@ip-172-31-24-118"} 1 0.69921875 0.0 0.69921875 0.0 0.11548913043478261 46
stats: {recvpackets,"tsung_controller@ip-172-31-24-118"} 1 27986.0 0.0 27986 418 8496.08888888889 45
stats: {sentpackets,"tsung_controller@ip-172-31-24-118"} 1 32368.0 0.0 32368 302 7447.0888888888885 45
stats: {cpu,"tsung_controller@ip-172-31-24-118"} 1 35.085945399393324 0.0 35.085945399393324 0.19990004997501248 7.777458924530584 46
stats: session 2487 3732.1242589465255 4737.739236547299 56394.495 5.765 6972.014637999733 22337
stats: users_count 2485 25767
stats: finish_users_count 2487 24824
stats: request 13294 579.0157460508461 1616.3798597073794 9560.157 0.683 1179.8694779442078 121238
stats: connect 2482 2.3096825141015356 4.555327476851938 225.905 0.405 3.9585544669831694 23170
stats: page 6912 1081.589146990748 2685.5127262444294 40949.365 0.72 2234.762733432953 63575
stats: tr_create_post_comment 515 3586.528427184465 4993.090431177009 40949.516 4.899 6950.560487448654 4382
stats: 302 920 21287
stats: 200 375 15538
stats: size_rcv 8981427 294543696
stats: 422 13 947
stats: newphase 0 7
stats: 502 11718 93161
stats: size_sent 2936988 40944267
stats: connected 17 958
stats: 404 137 1778
stats: 500 132 1822
# stats: dump at 1575620701
stats: users 948 974
stats: {freemem,"tsung_controller@ip-172-31-24-118"} 1 626.1484375 0.0 774.78515625 572.18359375 703.714178856383 47
stats: {load,"tsung_controller@ip-172-31-24-118"} 1 0.8984375 0.0 0.8984375 0.0 0.12790890957446807 47
stats: {recvpackets,"tsung_controller@ip-172-31-24-118"} 1 28014.0 0.0 28014 418 8919.782608695652 46
stats: {sentpackets,"tsung_controller@ip-172-31-24-118"} 1 32342.0 0.0 32368 302 7988.847826086957 46
stats: {cpu,"tsung_controller@ip-172-31-24-118"} 1 35.37996980372421 0.0 35.37996980372421 0.19990004997501248 8.358490551655324 47
stats: session 2396 3832.021515442409 4986.985945781811 56394.495 5.765 6647.425233685145 24824
stats: users_count 2401 28168
stats: finish_users_count 2396 27220
stats: connect 2424 6.623880775577565 23.353743719700955 225.905 0.405 3.799015242476222 25652
stats: page 6878 1124.417076330326 2790.330563688763 40949.365 0.72 2121.6817989416495 70487
stats: tr_create_post_comment 489 3525.3305460122706 5212.578125498622 40949.516 4.899 6596.7772505615685 4897
stats: request 12991 582.7685735509162 1606.1956689255271 9560.157 0.683 1120.4951319760341 134532
stats: 302 898 22185
stats: 200 404 15942
stats: size_rcv 9582624 304126320
stats: 422 13 960
stats: newphase 0 7
stats: 502 11426 104587
stats: size_sent 2847884 43792151
stats: connected -16 942
stats: 404 114 1892
stats: 500 135 1957
# stats: dump at 1575620711
stats: users 610 974
stats: {freemem,"tsung_controller@ip-172-31-24-118"} 1 626.671875 0.0 774.78515625 572.18359375 702.0982259114584 48
stats: {load,"tsung_controller@ip-172-31-24-118"} 1 0.9296875 0.0 0.9296875 0.0 0.14396158854166666 48
stats: {recvpackets,"tsung_controller@ip-172-31-24-118"} 1 26722.0 0.0 28014 418 9326.04255319149 47
stats: {sentpackets,"tsung_controller@ip-172-31-24-118"} 1 30657.0 0.0 32368 302 8507.0 47
stats: {cpu,"tsung_controller@ip-172-31-24-118"} 1 32.33532934131736 0.0 35.37996980372421 0.19990004997501248 8.921438036073425 48
stats: session 1311 4869.326646071702 5469.186620678808 56394.495 5.765 6399.603510360031 27220
stats: users_count 973 29141
stats: finish_users_count 1311 28531
stats: request 6894 1163.9804528575573 2125.046461365731 9560.157 0.683 1073.1424769968057 147523
stats: connect 1065 29.117154929577556 55.14882187571446 235.442 0.405 4.04290589827611 28076
stats: page 3520 1852.8152715909089 3451.6486018646774 40949.365 0.72 2033.0217231693923 77365
stats: tr_create_post_comment 255 5156.694756862741 5869.032959812167 40949.516 4.899 6317.917718715188 5386
stats: 302 1020 23205
stats: 200 343 16285
stats: size_rcv 8158133 312284453
stats: 422 19 979
stats: newphase 0 7
stats: 502 5238 109825
stats: size_sent 1616944 45409095
stats: connected -324 618
stats: 404 153 2045
stats: 500 121 2078
# stats: dump at 1575620721
stats: users 0 974
stats: {freemem,"tsung_controller@ip-172-31-24-118"} 1 626.16015625 0.0 774.78515625 572.18359375 700.558912627551 49
stats: {load,"tsung_controller@ip-172-31-24-118"} 1 0.9296875 0.0 0.9296875 0.0 0.1599968112244898 49
stats: {recvpackets,"tsung_controller@ip-172-31-24-118"} 1 13715.0 0.0 28014 418 9688.458333333334 48
stats: {sentpackets,"tsung_controller@ip-172-31-24-118"} 1 13190.0 0.0 32368 302 8968.458333333334 48
stats: {cpu,"tsung_controller@ip-172-31-24-118"} 1 14.7687717553456 0.0 35.37996980372421 0.19990004997501248 9.399272552506975 49
stats: session 610 13529.676829508206 4269.927758965603 56394.495 5.765 6329.287258946411 28531
stats: users_count 0 29141
stats: finish_users_count 610 29141
stats: 302 1119 24324
stats: request 1812 1694.4843449227405 2001.078995124821 9560.157 0.683 1077.197969627695 154417
stats: connect 0 0 0 235.442 0.405 4.959280601214789 29141
stats: 200 373 16658
stats: page 762 7358.4367007874025 5063.673052417281 40949.365 0.72 2025.1793950547078 80885
stats: tr_create_post_comment 254 9432.484566929124 5884.014458893027 40949.516 4.899 6265.424923949656 5641
stats: size_rcv 9678532 321962985
stats: 422 57 1036
stats: newphase 0 7
stats: 502 0 109825
stats: size_sent 626942 46036037
stats: connected -618 0
stats: 404 260 2305
stats: 500 3 2081
# stats: dump at 1575620726
stats: users 0 974
stats: {freemem,"tsung_controller@ip-172-31-24-118"} 1 669.328125 0.0 774.78515625 572.18359375 699.0709375 50
stats: {load,"tsung_controller@ip-172-31-24-118"} 1 0.7890625 0.0 0.9296875 0.0 0.175390625 50
stats: {recvpackets,"tsung_controller@ip-172-31-24-118"} 1 7925.0 0.0 28014 418 9770.632653061224 49
stats: {sentpackets,"tsung_controller@ip-172-31-24-118"} 1 4832.0 0.0 32368 302 9054.612244897959 49
stats: {cpu,"tsung_controller@ip-172-31-24-118"} 1 5.17412935323383 0.0 35.37996980372421 0.19990004997501248 9.506662536563748 50
stats: session 0 0 0 56394.495 5.765 6480.010900483856 29141
stats: users_count 0 29141
stats: finish_users_count 0 29141
stats: request 0 0 0 9560.157 0.683 1084.3574785027097 156229
stats: connect 0 0 0 235.442 0.405 4.959280601214789 29141
stats: page 0 0 0 40949.365 0.72 2074.953937499235 81647
stats: tr_create_post_comment 0 0 0 40949.516 4.899 6401.88516980492 5895
stats: 302 0 24324
stats: 200 0 16658
stats: size_rcv 0 321962985
stats: 422 0 1036
stats: newphase 0 7
stats: 502 0 109825
stats: size_sent 0 46036037
stats: connected 0 0
stats: 404 0 2305
stats: 500 0 2081
EndMonitor:{1575,620726,484553}