# stats: dump at 1575617088
stats: users 2 9
stats: {freemem,"tsung_controller@ip-172-31-24-118"} 1 777.53515625 0 777.53515625 777.53515625 0 0
stats: {load,"tsung_controller@ip-172-31-24-118"} 1 0.0 0 0.0 0.0 0 0
stats: {cpu,"tsung_controller@ip-172-31-24-118"} 1 3.4880646160451194 0 3.4880646160451194 3.4880646160451194 0 0
stats: session 23 1101.5349565217393 1016.3770676842706 4846.333 279.773 0 0
stats: users_count 25 25
stats: finish_users_count 23 23
stats: page 65 153.48616923076926 194.0088468278281 943.468 4.734 0 0
stats: request 113 88.25059292035401 134.1360445327002 666.323 3.452 0 0
stats: connect 24 1.968125 2.179513005858954 11.385 0.868 0 0
stats: 302 53 53
stats: tr_create_post_comment 3 49.61933333333334 5.096575669560449 54.22 42.514 0 0
stats: 200 57 57
stats: size_rcv 1080108 1080108
stats: 422 3 3
stats: size_sent 61963 61963
stats: connected 3 3
# stats: dump at 1575617098
stats: users 6 9
stats: {freemem,"tsung_controller@ip-172-31-24-118"} 1 775.6953125 0.0 777.53515625 775.6953125 777.53515625 1
stats: {load,"tsung_controller@ip-172-31-24-118"} 1 0.0 0.0 0.0 0.0 0.0 1
stats: {recvpackets,"tsung_controller@ip-172-31-24-118"} 1 1093 0 1093 1093 0 0
stats: {sentpackets,"tsung_controller@ip-172-31-24-118"} 1 721 0 721 721 0 0
stats: {cpu,"tsung_controller@ip-172-31-24-118"} 1 0.6 0.0 3.4880646160451194 0.6 3.4880646160451194 1
stats: session 24 1228.716916666667 1599.4963668552546 7942.818 268.604 1101.5349565217393 23
stats: users_count 28 53
stats: finish_users_count 24 47
stats: request 128 74.3394375 104.88650317603354 666.323 3.452 88.25059292035401 113
stats: 302 56 109
stats: connect 28 1.532 1.5629642396055372 11.385 0.868 1.968125 24
stats: page 70 128.51081428571428 155.3324047718581 943.468 4.734 153.48616923076926 65
stats: tr_create_post_comment 3 59.143 4.759312835553752 64.099 42.514 49.61933333333334 3
stats: 200 65 122
stats: size_rcv 1460283 2540391
stats: 422 7 10
stats: size_sent 71385 133348
stats: connected 4 7
# stats: dump at 1575617108
stats: users 3 9
stats: {freemem,"tsung_controller@ip-172-31-24-118"} 1 776.12890625 0.0 777.53515625 775.6953125 776.615234375 2
stats: {load,"tsung_controller@ip-172-31-24-118"} 1 0.0 0.0 0.0 0.0 0.0 2
stats: {recvpackets,"tsung_controller@ip-172-31-24-118"} 1 1323.0 0.0 1323 1093 1093.0 1
stats: {sentpackets,"tsung_controller@ip-172-31-24-118"} 1 822.0 0.0 822 721 721.0 1
stats: {cpu,"tsung_controller@ip-172-31-24-118"} 1 0.4 0.0 3.4880646160451194 0.4 2.0440323080225595 2
stats: session 26 1091.989461538462 884.9006632931367 7942.818 268.604 1166.478936170213 47
stats: users_count 23 76
stats: finish_users_count 26 73
stats: request 149 64.06686577181206 105.62737757795279 666.323 3.452 80.86209543568467 241
stats: 302 76 185
stats: connect 24 14.167958333333337 42.713913773772404 209.924 0.868 1.7332884615384616 52
stats: page 74 136.18977027027034 158.32284308665575 943.468 4.734 140.53598518518518 135
stats: tr_create_post_comment 7 47.38642857142857 4.606142664409989 64.099 42.037 54.38116666666667 6
stats: 200 68 190
stats: size_rcv 1254416 3794807
stats: 422 5 15
stats: size_sent 84099 217447
stats: connected -4 3
# stats: dump at 1575617118
stats: users 2 9
stats: {freemem,"tsung_controller@ip-172-31-24-118"} 1 775.9453125 0.0 777.53515625 775.6953125 776.453125 3
stats: {load,"tsung_controller@ip-172-31-24-118"} 1 0.0 0.0 0.0 0.0 0.0 3
stats: {recvpackets,"tsung_controller@ip-172-31-24-118"} 1 912.0 0.0 1323 912 1208.0 2
stats: {sentpackets,"tsung_controller@ip-172-31-24-118"} 1 620.0 0.0 822 620 771.5 2
stats: {cpu,"tsung_controller@ip-172-31-24-118"} 1 0.399002493765586 0.0 3.4880646160451194 0.399002493765586 1.4960215386817064 3
stats: session 17 1090.2886470588237 709.4282570243317 7942.818 268.604 1139.9484383561648 73
stats: users_count 16 92
stats: finish_users_count 17 90
stats: request 80 67.48712500000002 100.94738508480235 666.323 3.452 74.44545641025641 390
stats: connect 15 3.9144 9.300708021794183 209.924 0.868 5.660026315789474 76
stats: page 47 114.92804255319147 137.08577813178945 943.468 4.734 138.9971339712919 209
stats: tr_create_post_comment 3 46.81866666666667 2.620825866444056 64.099 42.037 50.61476923076923 13
stats: 302 44 229
stats: 200 36 226
stats: size_rcv 900272 4695079
stats: 422 0 15
stats: size_sent 44543 261990
stats: connected -2 1
# stats: dump at 1575617128
stats: users 3 9
stats: {freemem,"tsung_controller@ip-172-31-24-118"} 1 775.953125 0.0 777.53515625 775.6953125 776.326171875 4
stats: {load,"tsung_controller@ip-172-31-24-118"} 1 0.0 0.0 0.0 0.0 0.0 4
stats: {recvpackets,"tsung_controller@ip-172-31-24-118"} 1 768.0 0.0 1323 768 1109.3333333333333 3
stats: {sentpackets,"tsung_controller@ip-172-31-24-118"} 1 492.0 0.0 822 492 721.0 3
stats: {cpu,"tsung_controller@ip-172-31-24-118"} 1 0.5991013479780329 0.0 3.4880646160451194 0.399002493765586 1.2217667774526764 4
stats: session 22 1068.0655454545456 1002.1179107007104 7942.818 265.992 1130.568255555556 90
stats: users_count 23 115
stats: finish_users_count 22 112
stats: request 130 81.85736153846153 125.87175079494475 666.323 3.447 73.26105957446809 470
stats: page 66 161.3230757575757 200.06359670867013 943.468 4.734 134.57819921875003 256
stats: connect 24 1.948416666666666 2.2485917985238872 209.924 0.868 5.372285714285715 91
stats: tr_create_post_comment 5 213.7368 336.6470046962545 887.01 40.396 49.903 16
stats: 302 62 291
stats: 200 64 290
stats: size_rcv 1097929 5793008
stats: 422 4 19
stats: size_sent 72880 334870
stats: connected 3 4
# stats: dump at 1575617138
stats: users 0 9
stats: {freemem,"tsung_controller@ip-172-31-24-118"} 1 775.8359375 0.0 777.53515625 775.6953125 776.2515625 5
stats: {load,"tsung_controller@ip-172-31-24-118"} 1 0.0 0.0 0.0 0.0 0.0 5
stats: {recvpackets,"tsung_controller@ip-172-31-24-118"} 1 992.0 0.0 1323 768 1024.0 4
stats: {sentpackets,"tsung_controller@ip-172-31-24-118"} 1 657.0 0.0 822 492 663.75 4
stats: {cpu,"tsung_controller@ip-172-31-24-118"} 1 0.7984031936127743 0.0 3.4880646160451194 0.399002493765586 1.0972336915577476 5
stats: session 8 2407.4432500000003 3134.3358393043472 10523.04 265.992 1118.2909375000004 112
stats: users_count 5 120
stats: finish_users_count 8 120
stats: request 36 68.0773888888889 131.98207663106672 666.323 3.447 75.12359166666667 600
stats: connect 5 1.5666000000000002 0.5875650091691984 209.924 0.868 4.657739130434782 115
stats: page 19 129.0733157894737 209.2372653173407 943.468 4.734 140.06006832298138 322
stats: tr_create_post_comment 2 45.2335 1.6955000000000027 887.01 40.396 88.91104761904762 21
stats: 302 22 313
stats: 200 14 304
stats: size_rcv 347284 6140292
stats: 422 0 19
stats: size_sent 21531 356401
stats: connected -4 0
# stats: dump at 1575617148
stats: users 4 10
stats: {freemem,"tsung_controller@ip-172-31-24-118"} 1 774.94140625 0.0 777.53515625 774.94140625 776.1822916666666 6
stats: {load,"tsung_controller@ip-172-31-24-118"} 1 0.0 0.0 0.0 0.0 0.0 6
stats: {recvpackets,"tsung_controller@ip-172-31-24-118"} 1 124.0 0.0 1323 124 1017.6 5
stats: {sentpackets,"tsung_controller@ip-172-31-24-118"} 1 79.0 0.0 822 79 662.4 5
stats: {cpu,"tsung_controller@ip-172-31-24-118"} 1 0.14985014985014986 0.0 3.4880646160451194 0.14985014985014986 1.0474286085669187 6
stats: session 34 1058.9267058823532 650.5270829736512 10523.04 265.992 1204.2344250000003 120
stats: users_count 38 158
stats: finish_users_count 34 154
stats: request 179 126.23996089385473 181.27071993535296 1023.953 3.447 74.72475 636
stats: connect 35 1.997628571428571 3.2113826936224776 209.924 0.821 4.528941666666666 120
stats: page 95 237.93741052631574 309.12666394784867 1670.298 3.933 139.44790322580644 341
stats: tr_create_post_comment 5 250.1736 215.77761815406157 887.01 40.396 85.11300000000001 23
stats: 302 80 393
stats: 200 90 394
stats: size_rcv 1701249 7841541
stats: 422 9 28
stats: newphase 1 1
stats: size_sent 99400 455801
stats: connected 1 1
# stats: dump at 1575617158
stats: users 8 10
stats: {freemem,"tsung_controller@ip-172-31-24-118"} 1 771.43359375 0.0 777.53515625 771.43359375 776.0050223214286 7
stats: {load,"tsung_controller@ip-172-31-24-118"} 1 0.0 0.0 0.0 0.0 0.0 7
stats: {recvpackets,"tsung_controller@ip-172-31-24-118"} 1 1704.0 0.0 1704 124 868.6666666666666 6
stats: {sentpackets,"tsung_controller@ip-172-31-24-118"} 1 1093.0 0.0 1093 79 565.1666666666666 6
stats: {cpu,"tsung_controller@ip-172-31-24-118"} 1 0.4495504495504496 0.0 3.4880646160451194 0.14985014985014986 0.9192031144645231 7
stats: session 29 1165.5292413793106 716.7985407450151 10523.04 265.992 1172.1535000000003 154
stats: users_count 33 191
stats: finish_users_count 29 183
stats: request 151 92.09212582781464 163.40403706821158 1023.953 3.447 86.03913374233129 815
stats: connect 31 2.132580645161291 3.963177136804499 209.924 0.821 3.9573548387096773 155
stats: page 84 165.61284523809522 235.36099684018802 1670.298 3.933 160.9077729357798 436
stats: tr_create_post_comment 4 92.29524999999998 61.93318834992673 887.01 40.396 114.58810714285717 28
stats: 302 69 462
stats: 200 77 471
stats: size_rcv 1618014 9459555
stats: 422 5 33
stats: newphase 0 1
stats: size_sent 83509 539310
stats: connected 3 4
# stats: dump at 1575617168
stats: users 6 10
stats: {freemem,"tsung_controller@ip-172-31-24-118"} 1 771.25390625 0.0 777.53515625 771.25390625 775.43359375 8
stats: {load,"tsung_controller@ip-172-31-24-118"} 1 0.0 0.0 0.0 0.0 0.0 8
stats: {recvpackets,"tsung_controller@ip-172-31-24-118"} 1 1428.0 0.0 1704 124 988.0 7
stats: {sentpackets,"tsung_controller@ip-172-31-24-118"} 1 913.0 0.0 1093 79 640.5714285714286 7
stats: {cpu,"tsung_controller@ip-172-31-24-118"} 1 0.29955067398901647 0.0 3.4880646160451194 0.14985014985014986 0.8604965313502639 8
stats: session 38 846.9965526315789 550.7173283508804 10523.04 265.992 1171.103754098361 183
stats: users_count 36 227
stats: finish_users_count 38 221
stats: request 190 118.7419473684211 167.96164912480333 1023.953 3.324 86.98530538302278 966
stats: connect 40 15.446975 27.011560659731877 209.924 0.758 3.653225806451613 186
stats: page 106 212.90782075471697 258.42717903749826 1670.298 3.933 161.66782307692304 520
stats: tr_create_post_comment 5 48.2126 5.164003121610212 887.01 40.396 111.80150000000002 32
stats: 302 86 548
stats: 200 95 566
stats: size_rcv 1784214 11243769
stats: 422 9 42
stats: newphase 0 1
stats: size_sent 103990 643300
stats: connected 4 8
# stats: dump at 1575617178
stats: users 6 10
stats: {freemem,"tsung_controller@ip-172-31-24-118"} 1 771.45703125 0.0 777.53515625 771.25390625 774.9691840277778 9
stats: {load,"tsung_controller@ip-172-31-24-118"} 1 0.0 0.0 0.0 0.0 0.0 9
stats: {recvpackets,"tsung_controller@ip-172-31-24-118"} 1 1552.0 0.0 1704 124 1043.0 8
stats: {sentpackets,"tsung_controller@ip-172-31-24-118"} 1 1031.0 0.0 1093 79 674.625 8
stats: {cpu,"tsung_controller@ip-172-31-24-118"} 1 0.400200100050025 0.0 3.4880646160451194 0.14985014985014986 0.7981692138656808 9
stats: session 38 1422.231184210527 1036.26493454445 10523.04 264.366 1115.3749140271495 221
stats: users_count 38 265
stats: finish_users_count 38 259
stats: request 199 92.73760301507535 119.70301908590105 1023.953 3.324 92.20482266435988 1156
stats: connect 37 2.617459459459459 6.113780391933366 209.924 0.758 5.740615044247787 226
stats: page 107 164.79153271028036 184.36231823392052 1670.298 3.933 170.34424440894566 626
stats: tr_create_post_comment 8 184.434 249.38926530827263 887.01 40.396 103.20840540540543 37
stats: 302 104 652
stats: 200 91 657
stats: size_rcv 1809217 13052986
stats: 422 4 46
stats: newphase 0 1
stats: size_sent 113204 756504
stats: connected -2 6
# stats: dump at 1575617188
stats: users 1 13
stats: {freemem,"tsung_controller@ip-172-31-24-118"} 1 771.3515625 0.0 777.53515625 771.25390625 774.61796875 10
stats: {load,"tsung_controller@ip-172-31-24-118"} 1 0.0 0.0 0.0 0.0 0.0 10
stats: {recvpackets,"tsung_controller@ip-172-31-24-118"} 1 1582.0 0.0 1704 124 1099.5555555555557 9
stats: {sentpackets,"tsung_controller@ip-172-31-24-118"} 1 1011.0 0.0 1093 79 714.2222222222222 9
stats: {cpu,"tsung_controller@ip-172-31-24-118"} 1 0.5988023952095809 0.0 3.4880646160451194 0.14985014985014986 0.7583723024841152 10
stats: session 44 1211.910204545454 1000.1528343773624 10523.04 264.366 1160.3962972972975 259
stats: users_count 39 304
stats: finish_users_count 44 303
stats: request 233 120.15076824034334 170.63425661158533 1023.953 3.324 92.28306863468636 1355
stats: connect 41 1.6703414634146336 2.0937849099791492 209.924 0.758 5.3012357414448665 263
stats: page 118 244.36362711864385 303.78111011727054 1670.298 3.933 169.53368485675304 733
stats: tr_create_post_comment 8 308.5125 195.32750627535793 887.01 40.396 117.64851111111113 45
stats: 302 107 759
stats: 200 112 769
stats: size_rcv 1948519 15001505
stats: 422 14 60
stats: newphase 0 1
stats: size_sent 129195 885699
stats: connected -5 1
# stats: dump at 1575617198
stats: users 3 13
stats: {freemem,"tsung_controller@ip-172-31-24-118"} 1 770.1328125 0.0 777.53515625 770.1328125 774.3210227272727 11
stats: {load,"tsung_controller@ip-172-31-24-118"} 1 0.0 0.0 0.0 0.0 0.0 11
stats: {recvpackets,"tsung_controller@ip-172-31-24-118"} 1 1490.0 0.0 1704 124 1147.8 10
stats: {sentpackets,"tsung_controller@ip-172-31-24-118"} 1 1017.0 0.0 1093 79 743.9 10
stats: {cpu,"tsung_controller@ip-172-31-24-118"} 1 0.4506760140210316 0.0 3.4880646160451194 0.14985014985014986 0.7438659472773395 11
stats: session 41 1457.7596585365854 1014.6752591038156 10523.04 264.366 1167.876864686469 303
stats: users_count 43 347
stats: finish_users_count 41 344
stats: request 228 124.04607456140353 205.28716600519914 1331.638 3.324 96.37196914357683 1588
stats: connect 40 2.603725 5.792036368961697 209.924 0.758 4.811542763157894 304
stats: page 112 252.62307142857145 341.06238175035816 1670.298 3.933 179.90963454759103 851
stats: tr_create_post_comment 11 284.06363636363636 344.28004721533756 1029.446 40.396 146.45816981132077 53
stats: 302 116 875
stats: 200 105 874
stats: size_rcv 1873447 16874952
stats: 422 7 67
stats: newphase 0 1
stats: size_sent 131646 1017345
stats: connected 0 1
# stats: dump at 1575617208
stats: users 39 39
stats: {freemem,"tsung_controller@ip-172-31-24-118"} 1 770.13671875 0.0 777.53515625 770.1328125 773.9720052083334 12
stats: {load,"tsung_controller@ip-172-31-24-118"} 1 0.0703125 0.0 0.0703125 0.0 0.0 12
stats: {recvpackets,"tsung_controller@ip-172-31-24-118"} 1 1835.0 0.0 1835 124 1178.909090909091 11
stats: {sentpackets,"tsung_controller@ip-172-31-24-118"} 1 1196.0 0.0 1196 79 768.7272727272727 11
stats: {cpu,"tsung_controller@ip-172-31-24-118"} 1 0.4992511233150275 0.0 3.4880646160451194 0.14985014985014986 0.7194334528393137 12
stats: session 32 1689.0729999999996 1319.638127803296 10523.04 264.366 1202.4268488372095 344
stats: users_count 68 415
stats: finish_users_count 32 376
stats: request 260 502.96577307692297 617.4589926852872 2515.025 3.324 99.84647136563878 1816
stats: connect 70 2.0443 3.9302626969635064 209.924 0.758 4.55481976744186 344
stats: page 145 630.3691586206895 901.9440270527281 3794.238 3.933 188.36644132917962 963
stats: tr_create_post_comment 2 732.3135 405.19849999999997 1137.512 40.396 170.109109375 64
stats: 302 107 982
stats: 200 145 1019
stats: size_rcv 2449196 19324148
stats: 422 8 75
stats: newphase 1 2
stats: size_sent 152685 1170030
stats: connected 37 38
# stats: dump at 1575617218
stats: users 56 57
stats: {freemem,"tsung_controller@ip-172-31-24-118"} 1 762.796875 0.0 777.53515625 762.796875 773.6769831730769 13
stats: {load,"tsung_controller@ip-172-31-24-118"} 1 0.05859375 0.0 0.0703125 0.0 0.005408653846153846 13
stats: {recvpackets,"tsung_controller@ip-172-31-24-118"} 1 2423.0 0.0 2423 124 1233.5833333333333 12
stats: {sentpackets,"tsung_controller@ip-172-31-24-118"} 1 1568.0 0.0 1568 79 804.3333333333334 12
stats: {cpu,"tsung_controller@ip-172-31-24-118"} 1 0.6464445549477871 0.0 3.4880646160451194 0.14985014985014986 0.7024963505682147 13
stats: session 62 6571.338241935483 2529.4182396160795 14138.978 264.366 1243.8435425531918 376
stats: users_count 79 494
stats: finish_users_count 62 438
stats: request 344 1171.8854069767442 782.1964352220507 3494.167 3.324 150.33347447013486 2076
stats: connect 77 1.741844155844156 3.428378284849017 209.924 0.758 4.1303357487922705 414
stats: page 188 1992.8118244680854 2130.7954023439424 10480.924 3.933 246.20975722021657 1108
stats: tr_create_post_comment 11 6722.250000000001 1919.9075544553982 10481.077 40.396 187.14560606060607 66
stats: 302 163 1145
stats: 200 171 1190
stats: size_rcv 2868528 22192676
stats: 422 10 85
stats: newphase 0 2
stats: size_sent 198481 1368511
stats: connected 17 55
# stats: dump at 1575617228
stats: users 105 107
stats: {freemem,"tsung_controller@ip-172-31-24-118"} 1 760.375 0.0 777.53515625 760.375 772.8998325892857 14
stats: {load,"tsung_controller@ip-172-31-24-118"} 1 0.12890625 0.0 0.12890625 0.0 0.009207589285714286 14
stats: {recvpackets,"tsung_controller@ip-172-31-24-118"} 1 2451.0 0.0 2451 124 1325.076923076923 13
stats: {sentpackets,"tsung_controller@ip-172-31-24-118"} 1 1612.0 0.0 1612 79 863.0769230769231 13
stats: {cpu,"tsung_controller@ip-172-31-24-118"} 1 0.6975585450921774 0.0 3.4880646160451194 0.14985014985014986 0.6984926508810414 14
stats: session 34 9356.746058823528 2758.7982395822064 18085.419 264.366 1997.9637968036534 438
stats: users_count 83 577
stats: finish_users_count 34 472
stats: request 302 2289.2840000000015 1175.8713646772762 4585.095 3.324 295.54581528925615 2420
stats: connect 86 18.578720930232556 44.451853754122936 209.924 0.758 3.755765784114053 491
stats: page 159 2954.2866792452833 2920.799320593341 12418.303 3.933 499.57487191358024 1296
stats: tr_create_post_comment 4 11071.492 1343.0470092660573 12418.472 40.396 1120.7319480519482 77
stats: 302 137 1282
stats: 200 157 1347
stats: size_rcv 2648742 24841418
stats: 422 8 93
stats: newphase 0 2
stats: size_sent 183355 1551866
stats: connected 50 105
# stats: dump at 1575617238
stats: users 114 120
stats: {freemem,"tsung_controller@ip-172-31-24-118"} 1 748.640625 0.0 777.53515625 748.640625 772.06484375 15
stats: {load,"tsung_controller@ip-172-31-24-118"} 1 0.109375 0.0 0.12890625 0.0 0.0171875 15
stats: {recvpackets,"tsung_controller@ip-172-31-24-118"} 1 2710.0 0.0 2710 124 1405.5 14
stats: {sentpackets,"tsung_controller@ip-172-31-24-118"} 1 1742.0 0.0 1742 79 916.5714285714286 14
stats: {cpu,"tsung_controller@ip-172-31-24-118"} 1 0.7972097658196312 0.0 3.4880646160451194 0.14985014985014986 0.6984303771617838 15
stats: session 63 13769.570174603168 3481.1832398083593 23043.004 264.366 2528.0455699152544 472
stats: users_count 72 649
stats: finish_users_count 63 535
stats: request 338 3033.8300769230764 1024.4378096349164 5081.83 3.324 516.7467454077885 2722
stats: connect 71 2.1772394366197183 3.897146592365806 209.924 0.75 5.9650797227036385 577
stats: page 184 5344.213521739124 4395.709171428999 18953.07 3.933 767.8217292096219 1455
stats: tr_create_post_comment 9 16902.675555555557 1509.7778276489782 18953.187 40.396 1612.1275061728395 81
stats: 302 158 1440
stats: 200 166 1513
stats: size_rcv 3487278 28328696
stats: 422 14 107
stats: newphase 0 2
stats: size_sent 191797 1743663
stats: connected 8 113
# stats: dump at 1575617248
stats: users 148 155
stats: {freemem,"tsung_controller@ip-172-31-24-118"} 1 740.37890625 0.0 777.53515625 740.37890625 770.600830078125 16
stats: {load,"tsung_controller@ip-172-31-24-118"} 1 0.08984375 0.0 0.12890625 0.0 0.02294921875 16
stats: {recvpackets,"tsung_controller@ip-172-31-24-118"} 1 3218.0 0.0 3218 124 1492.4666666666667 15
stats: {sentpackets,"tsung_controller@ip-172-31-24-118"} 1 2030.0 0.0 2030 79 971.6 15
stats: {cpu,"tsung_controller@ip-172-31-24-118"} 1 0.846613545816733 0.0 3.4880646160451194 0.14985014985014986 0.7046040889528992 16
stats: session 50 16986.889080000004 5114.504561166033 32472.659 264.366 3851.813887850467 535
stats: users_count 84 733
stats: finish_users_count 50 585
stats: request 300 3690.036816666668 1163.761643084609 5761.692 3.324 794.777518627451 3060
stats: connect 83 2.0438433734939765 3.558561261602302 209.924 0.75 5.550054012345678 648
stats: page 160 5559.589825000001 4887.000911845069 23190.204 3.933 1281.5838340451487 1639
stats: tr_create_post_comment 7 21237.75342857143 1230.5723435151003 23190.326 40.396 3141.182311111111 90
stats: 302 134 1574
stats: 200 158 1671
stats: size_rcv 2568481 30897177
stats: 422 9 116
stats: newphase 0 2
stats: size_sent 176453 1920116
stats: connected 38 151
# stats: dump at 1575617258
stats: users 176 176
stats: {freemem,"tsung_controller@ip-172-31-24-118"} 1 738.27734375 0.0 777.53515625 738.27734375 768.8230698529412 17
stats: {load,"tsung_controller@ip-172-31-24-118"} 1 0.078125 0.0 0.12890625 0.0 0.02688419117647059 17
stats: {recvpackets,"tsung_controller@ip-172-31-24-118"} 1 2683.0 0.0 3218 124 1600.3125 16
stats: {sentpackets,"tsung_controller@ip-172-31-24-118"} 1 1774.0 0.0 2030 79 1037.75 16
stats: {cpu,"tsung_controller@ip-172-31-24-118"} 1 0.6506506506506506 0.0 3.4880646160451194 0.14985014985014986 0.7129575864154777 17
stats: session 48 19570.616562499996 5316.642965996426 34344.583 264.366 4974.469887179487 585
stats: users_count 76 809
stats: finish_users_count 48 633
stats: request 332 4697.2437740963815 1208.1826278522242 6778.034 3.324 1053.2828130952382 3360
stats: connect 77 1.5182987012987017 2.1543104122516734 209.924 0.75 5.151948016415868 731
stats: page 192 7243.8207708333275 5418.46560600829 26437.621 3.933 1662.0624102279037 1799
stats: tr_create_post_comment 7 24163.169428571426 1406.8551739484026 26437.749 40.396 4447.120432989691 97
stats: 302 144 1718
stats: 200 175 1846
stats: size_rcv 3260313 34157490
stats: 422 12 128
stats: newphase 0 2
stats: size_sent 187889 2108005
stats: connected 24 175
# stats: dump at 1575617268
stats: users 199 207
stats: {freemem,"tsung_controller@ip-172-31-24-118"} 1 732.20703125 0.0 777.53515625 732.20703125 767.1260850694445 18
stats: {load,"tsung_controller@ip-172-31-24-118"} 1 0.0703125 0.0 0.12890625 0.0 0.029730902777777776 18
stats: {recvpackets,"tsung_controller@ip-172-31-24-118"} 1 2523.0 0.0 3218 124 1664.0 17
stats: {sentpackets,"tsung_controller@ip-172-31-24-118"} 1 1644.0 0.0 2030 79 1081.0588235294117 17
stats: {cpu,"tsung_controller@ip-172-31-24-118"} 1 0.6483790523690772 0.0 3.4880646160451194 0.14985014985014986 0.7094960899840984 18
stats: session 113 15269.524955752217 10666.99640724832 38403.854 6.701 6081.286696682464 633
stats: users_count 136 945
stats: finish_users_count 113 746
stats: request 618 2897.1934546925618 2733.5149243391356 7439.806 0.714 1380.9629428494038 3692
stats: connect 137 1.97358394160584 3.1588033991508 209.924 0.75 4.805672029702969 808
stats: page 332 5282.1605903614445 6418.76833214264 29940.647 0.854 2200.3334324460056 1991
stats: tr_create_post_comment 14 17606.25064285714 12442.497455135097 29940.775 6.076 5774.162192307693 104
stats: 302 150 1868
stats: 200 175 2021
stats: size_rcv 3214041 37371531
stats: 422 14 142
stats: newphase 1 3
stats: 502 278 278
stats: size_sent 268798 2376803
stats: connected 26 201
stats: 404 1 1
# stats: dump at 1575617278
stats: users 202 210
stats: {freemem,"tsung_controller@ip-172-31-24-118"} 1 729.859375 0.0 777.53515625 729.859375 765.288240131579 19
stats: {load,"tsung_controller@ip-172-31-24-118"} 1 0.05859375 0.0 0.12890625 0.0 0.03186677631578947 19
stats: {recvpackets,"tsung_controller@ip-172-31-24-118"} 1 3578.0 0.0 3578 124 1711.7222222222222 18
stats: {sentpackets,"tsung_controller@ip-172-31-24-118"} 1 2694.0 0.0 2694 79 1112.3333333333333 18
stats: {cpu,"tsung_controller@ip-172-31-24-118"} 1 1.2922465208747516 0.0 3.4880646160451194 0.14985014985014986 0.706279403793834 19
stats: session 179 9690.440737430168 10459.89179044369 44954.123 6.257 7473.070776139411 746
stats: users_count 182 1127
stats: finish_users_count 179 925
stats: request 1000 1837.793531999999 2800.1431931476095 7988.936 0.714 1598.371401392112 4310
stats: connect 181 1.873872928176796 3.3199369128644163 209.924 0.75 4.39509417989418 945
stats: page 506 2957.245756916996 5364.926278611763 34310.212 0.784 2640.7839776151513 2323
stats: tr_create_post_comment 32 5104.9883125 10059.508738094582 34310.311 5.446 7177.969296610169 118
stats: 302 154 2022
stats: 200 145 2166
stats: size_rcv 2226279 39597810
stats: 422 8 150
stats: newphase 0 3
stats: 502 686 964
stats: size_sent 328699 2705502
stats: connected 3 204
stats: 404 3 4
stats: 500 4 4
# stats: dump at 1575617288
stats: users 201 210
stats: {freemem,"tsung_controller@ip-172-31-24-118"} 1 728.3359375 0.0 777.53515625 728.3359375 763.516796875 20
stats: {load,"tsung_controller@ip-172-31-24-118"} 1 0.05078125 0.0 0.12890625 0.0 0.03320312499999999 20
stats: {recvpackets,"tsung_controller@ip-172-31-24-118"} 1 3313.0 0.0 3578 124 1809.9473684210527 19
stats: {sentpackets,"tsung_controller@ip-172-31-24-118"} 1 2904.0 0.0 2904 79 1195.578947368421 19
stats: {cpu,"tsung_controller@ip-172-31-24-118"} 1 1.5833745670460169 0.0 3.4880646160451194 0.14985014985014986 0.73557775964788 20
stats: session 154 14020.058571428568 13006.153054296426 49234.486 6.257 7902.161828108109 925
stats: users_count 153 1280
stats: finish_users_count 154 1079
stats: request 812 2340.0371231527065 2636.9520451214507 7988.936 0.714 1643.4603148775898 5310
stats: connect 152 13.536894736842095 35.07022526569067 209.924 0.715 3.989817939609236 1126
stats: page 425 4926.481861176473 7476.8059564965315 37134.941 0.784 2697.386897490278 2829
stats: tr_create_post_comment 33 13796.802666666663 15431.05270786138 37135.052 5.446 6735.733353333333 150
stats: 302 194 2216
stats: 200 148 2314
stats: size_rcv 2419467 42017277
stats: 422 16 166
stats: newphase 0 3
stats: 502 441 1405
stats: size_sent 290806 2996308
stats: connected -2 202
stats: 404 9 13
stats: 500 4 8
# stats: dump at 1575617298
stats: users 206 211
stats: {freemem,"tsung_controller@ip-172-31-24-118"} 1 727.60546875 0.0 777.53515625 727.60546875 761.8415178571429 21
stats: {load,"tsung_controller@ip-172-31-24-118"} 1 0.0390625 0.0 0.12890625 0.0 0.03404017857142857 21
stats: {recvpackets,"tsung_controller@ip-172-31-24-118"} 1 3029.0 0.0 3578 124 1885.1 20
stats: {sentpackets,"tsung_controller@ip-172-31-24-118"} 1 2586.0 0.0 2904 79 1281.0 20
stats: {cpu,"tsung_controller@ip-172-31-24-118"} 1 2.376237623762376 0.0 3.4880646160451194 0.14985014985014986 0.7759490361906484 21
stats: session 171 12058.289052631573 12242.699425443849 49391.682 6.257 8775.337081556996 1079
stats: users_count 176 1456
stats: finish_users_count 171 1250
stats: request 940 2041.9421521276586 2672.1710137458754 7988.936 0.714 1735.8517504083632 6122
stats: connect 176 2.9718522727272716 5.887571242649006 209.924 0.715 5.125307511737088 1278
stats: page 489 3874.2491308793483 6661.466605492149 37134.941 0.784 2988.525606637983 3254
stats: tr_create_post_comment 33 14272.390696969698 15013.822675279383 37135.052 5.446 8009.040934426229 183
stats: 302 179 2395
stats: 200 156 2470
stats: size_rcv 2693049 44710326
stats: 422 8 174
stats: newphase 0 3
stats: 502 579 1984
stats: size_sent 320457 3316765
stats: connected 2 204
stats: 404 17 30
stats: 500 1 9
# stats: dump at 1575617308
stats: users 204 211
stats: {freemem,"tsung_controller@ip-172-31-24-118"} 1 733.328125 0.0 777.53515625 727.60546875 760.2853338068181 22
stats: {load,"tsung_controller@ip-172-31-24-118"} 1 0.03125 0.0 0.12890625 0.0 0.034268465909090905 22
stats: {recvpackets,"tsung_controller@ip-172-31-24-118"} 1 3577.0 0.0 3578 124 1939.5714285714287 21
stats: {sentpackets,"tsung_controller@ip-172-31-24-118"} 1 3033.0 0.0 3033 79 1343.142857142857 21
stats: {cpu,"tsung_controller@ip-172-31-24-118"} 1 3.3763654419066533 0.0 3.4880646160451194 0.14985014985014986 0.8486894265348177 22
stats: session 160 12337.904137499996 11753.606305063984 52099.556 6.257 9224.444911199998 1250
stats: users_count 158 1614
stats: finish_users_count 160 1410
stats: request 843 2337.3906951364193 2664.2606724955745 7988.936 0.714 1776.5944546870574 7062
stats: connect 160 2.4764250000000003 4.385996079213364 209.924 0.715 4.864641678129297 1454
stats: tr_create_post_comment 29 13777.26727586207 13385.946137743727 37135.052 5.446 8965.941592592593 216
stats: page 436 4509.225018348623 6770.165104690483 37134.941 0.784 3104.2399543147203 3743
stats: 302 186 2581
stats: 200 155 2625
stats: size_rcv 2914935 47625261
stats: 422 15 189
stats: newphase 0 3
stats: 502 461 2445
stats: size_sent 287720 3604485
stats: connected 0 204
stats: 404 21 51
stats: 500 5 14
# stats: dump at 1575617318
stats: users 197 211
stats: {freemem,"tsung_controller@ip-172-31-24-118"} 1 730.0703125 0.0 777.53515625 727.60546875 759.11328125 23
stats: {load,"tsung_controller@ip-172-31-24-118"} 1 0.03125 0.0 0.12890625 0.0 0.03413722826086956 23
stats: {recvpackets,"tsung_controller@ip-172-31-24-118"} 1 3464.0 0.0 3578 124 2014.0 22
stats: {sentpackets,"tsung_controller@ip-172-31-24-118"} 1 2768.0 0.0 3033 79 1419.9545454545455 22
stats: {cpu,"tsung_controller@ip-172-31-24-118"} 1 3.751233958538993 0.0 3.751233958538993 0.14985014985014986 0.9585883837248975 23
stats: session 169 12154.438189349108 12163.6441169865 53323.075 6.257 9577.745248936168 1410
stats: users_count 162 1776
stats: finish_users_count 169 1579
stats: connect 158 2.150588607594938 4.226359463900114 209.924 0.715 4.627891573729863 1614
stats: tr_create_post_comment 31 15718.175322580644 13907.73881849793 37135.052 5.446 9535.445448979593 245
stats: 302 162 2743
stats: request 819 2222.5631025641087 2795.442326732236 8206.753 0.714 1836.3985319418089 7905
stats: page 437 4449.543054919913 7157.432880881413 37134.941 0.784 3250.8237035175875 4179
stats: 200 138 2763
stats: size_rcv 2555108 50180369
stats: 422 12 201
stats: newphase 0 3
stats: 502 492 2937
stats: size_sent 274080 3878565
stats: connected -3 201
stats: 404 13 64
stats: 500 2 16
# stats: dump at 1575617328
stats: users 216 222
stats: {freemem,"tsung_controller@ip-172-31-24-118"} 1 734.15625 0.0 777.53515625 727.60546875 757.9031575520834 24
stats: {load,"tsung_controller@ip-172-31-24-118"} 1 0.01953125 0.0 0.12890625 0.0 0.03401692708333333 24
stats: {recvpackets,"tsung_controller@ip-172-31-24-118"} 1 3332.0 0.0 3578 124 2077.0434782608695 23
stats: {sentpackets,"tsung_controller@ip-172-31-24-118"} 1 2673.0 0.0 3033 79 1478.5652173913043 23
stats: {cpu,"tsung_controller@ip-172-31-24-118"} 1 3.0212976721149083 0.0 3.751233958538993 0.14985014985014986 1.0749486160088182 24
stats: session 281 8337.017857651254 11112.301384635386 55099.186 6.257 9853.528090563646 1579
stats: users_count 300 2076
stats: finish_users_count 281 1860
stats: request 1474 1284.9458948439617 2316.716996881367 8501.099 0.714 1872.651258138469 8724
stats: connect 286 2.8194615384615376 5.3138236312645 209.924 0.686 4.407003386004514 1772
stats: page 788 2600.412111675129 5454.955422031957 37227.919 0.776 3364.3073162911614 4616
stats: tr_create_post_comment 47 9526.283063829793 13017.173400068179 37228.32 5.446 10229.882500000002 276
stats: 302 177 2920
stats: 200 163 2926
stats: size_rcv 3000483 53180852
stats: 422 9 210
stats: newphase 1 4
stats: 502 1112 4049
stats: size_sent 431262 4309827
stats: connected 15 216
stats: 404 10 74
stats: 500 3 19
# stats: dump at 1575617338
stats: users 215 222
stats: {freemem,"tsung_controller@ip-172-31-24-118"} 1 718.3125 0.0 777.53515625 718.3125 756.95328125 25
stats: {load,"tsung_controller@ip-172-31-24-118"} 1 0.01953125 0.0 0.12890625 0.0 0.033437499999999995 25
stats: {recvpackets,"tsung_controller@ip-172-31-24-118"} 1 4830.0 0.0 4830 124 2129.3333333333335 24
stats: {sentpackets,"tsung_controller@ip-172-31-24-118"} 1 4703.0 0.0 4703 79 1528.3333333333333 24
stats: {cpu,"tsung_controller@ip-172-31-24-118"} 1 5.3071253071253075 0.0 5.3071253071253075 0.14985014985014986 1.1528025782530618 25
stats: session 296 7234.400104729726 10674.272925905938 57284.735 5.658 9624.420899462366 1860
stats: users_count 295 2371
stats: finish_users_count 296 2156
stats: request 1648 1182.3945242718487 2456.638424906968 8684.317 0.688 1787.7054152775056 10198
stats: page 868 2126.032917050692 4969.585183276298 38926.977 0.753 3252.9177120651375 5404
stats: tr_create_post_comment 58 6520.298396551725 11496.47990676266 38927.124 5.344 10127.50115789474 323
stats: connect 305 2.911757377049183 5.862454543861215 209.924 0.686 4.186382896015549 2058
stats: 302 174 3094
stats: 200 124 3050
stats: size_rcv 2815920 55996772
stats: 422 8 218
stats: newphase 0 4
stats: 502 1324 5373
stats: size_sent 420577 4730404
stats: connected -1 215
stats: 404 11 85
stats: 500 7 26
# stats: dump at 1575617348
stats: users 211 229
stats: {freemem,"tsung_controller@ip-172-31-24-118"} 1 717.3203125 0.0 777.53515625 717.3203125 755.4670973557693 26
stats: {load,"tsung_controller@ip-172-31-24-118"} 1 0.01953125 0.0 0.12890625 0.0 0.032902644230769225 26
stats: {recvpackets,"tsung_controller@ip-172-31-24-118"} 1 4993.0 0.0 4993 124 2237.36 25
stats: {sentpackets,"tsung_controller@ip-172-31-24-118"} 1 5007.0 0.0 5007 79 1655.32 25
stats: {cpu,"tsung_controller@ip-172-31-24-118"} 1 5.5032226078334165 0.0 5.5032226078334165 0.14985014985014986 1.3125842216712251 26
stats: session 339 7576.017247787619 9344.553060833552 57284.735 5.658 9296.29188497217 2156
stats: users_count 335 2706
stats: finish_users_count 339 2495
stats: connect 328 15.4732987804878 38.78262862049977 210.255 0.686 4.021862886161659 2363
stats: page 901 2426.8205538290763 5017.667811260326 38926.977 0.753 3096.9649056122457 6272
stats: request 1718 1213.3226309662389 2151.3354612013336 8684.317 0.688 1703.495357166977 11846
stats: tr_create_post_comment 62 6538.822919354838 10867.28391057947 38927.124 5.078 9578.373178477692 381
stats: 302 232 3326
stats: 200 166 3216
stats: size_rcv 3091341 59088113
stats: 422 7 225
stats: newphase 0 4
stats: 502 1286 6659
stats: size_sent 463757 5194161
stats: connected -2 213
stats: 404 20 105
stats: 500 8 34
# stats: dump at 1575617358
stats: users 209 230
stats: {freemem,"tsung_controller@ip-172-31-24-118"} 1 718.8203125 0.0 777.53515625 717.3203125 754.0542534722222 27
stats: {load,"tsung_controller@ip-172-31-24-118"} 1 0.01171875 0.0 0.12890625 0.0 0.032407407407407406 27
stats: {recvpackets,"tsung_controller@ip-172-31-24-118"} 1 5054.0 0.0 5054 124 2343.346153846154 26
stats: {sentpackets,"tsung_controller@ip-172-31-24-118"} 1 4936.0 0.0 5007 79 1784.2307692307693 26
stats: {cpu,"tsung_controller@ip-172-31-24-118"} 1 5.555555555555555 0.0 5.555555555555555 0.14985014985014986 1.4677930507883432 27
stats: session 376 4591.7698271276595 8139.931637844049 57284.735 5.658 9062.555170741483 2495
stats: users_count 374 3080
stats: finish_users_count 376 2871
stats: page 1050 1387.4439238095235 3871.491475854458 38926.977 0.747 3012.7881231005163 7173
stats: request 2075 773.0117725301202 1930.585216385397 8684.317 0.688 1641.410666543793 13564
stats: connect 378 2.695851851851853 5.458447362362465 210.255 0.686 5.417652917131178 2691
stats: tr_create_post_comment 82 4477.501597560976 9457.826492225646 38927.124 5.078 9152.973367945826 443
stats: 302 162 3488
stats: 200 118 3334
stats: size_rcv 2466581 61554694
stats: 422 2 227
stats: newphase 0 4
stats: 502 1766 8425
stats: size_sent 498338 5692499
stats: connected 2 215
stats: 404 15 120
stats: 500 11 45
# stats: dump at 1575617368
stats: users 211 230
stats: {freemem,"tsung_controller@ip-172-31-24-118"} 1 722.22265625 0.0 777.53515625 717.3203125 752.7958984375 28
stats: {load,"tsung_controller@ip-172-31-24-118"} 1 0.01171875 0.0 0.12890625 0.0 0.03166852678571429 28
stats: {recvpackets,"tsung_controller@ip-172-31-24-118"} 1 4968.0 0.0 5054 124 2443.740740740741 27
stats: {sentpackets,"tsung_controller@ip-172-31-24-118"} 1 5197.0 0.0 5197 79 1900.962962962963 27
stats: {cpu,"tsung_controller@ip-172-31-24-118"} 1 6.271604938271605 0.0 6.271604938271605 0.14985014985014986 1.6137845688157437 28
stats: session 277 7604.1400324909755 9589.208233161351 57284.735 5.658 8477.039570184605 2871
stats: users_count 279 3359
stats: finish_users_count 277 3148
stats: request 1585 1304.612900946371 2500.1689501132028 8935.267 0.688 1526.1905306605286 15639
stats: connect 281 2.439395017793596 4.080247781863089 210.255 0.657 5.08241642228739 3069
stats: page 818 2516.5413484107585 5428.634136072607 38926.977 0.747 2805.2469083059714 8223
stats: tr_create_post_comment 65 6854.308107692308 11130.67258517733 38927.124 5.078 8422.709205714287 525
stats: 302 179 3667
stats: 200 148 3482
stats: size_rcv 3098192 64652886
stats: 422 10 237
stats: newphase 0 4
stats: 502 1226 9651
stats: size_sent 429072 6121571
stats: connected -2 213
stats: 404 15 135
stats: 500 7 52
# stats: dump at 1575617378
stats: users 218 230
stats: {freemem,"tsung_controller@ip-172-31-24-118"} 1 720.90234375 0.0 777.53515625 717.3203125 751.7416487068965 29
stats: {load,"tsung_controller@ip-172-31-24-118"} 1 0.01171875 0.0 0.12890625 0.0 0.030980603448275863 29
stats: {recvpackets,"tsung_controller@ip-172-31-24-118"} 1 4684.0 0.0 5054 124 2533.8928571428573 28
stats: {sentpackets,"tsung_controller@ip-172-31-24-118"} 1 4469.0 0.0 5197 79 2018.6785714285713 28
stats: {cpu,"tsung_controller@ip-172-31-24-118"} 1 5.484189723320158 0.0 6.271604938271605 0.14985014985014986 1.7743990643142218 29
stats: session 302 8021.461298013246 9857.960114005742 57284.735 5.658 8400.231065756036 3148
stats: users_count 309 3668
stats: finish_users_count 302 3450
stats: connect 301 2.428684385382057 4.246944140001654 210.255 0.633 4.860718208955224 3350
stats: request 1551 1275.9392798194738 2200.778658813356 8935.267 0.688 1505.8003458546218 17224
stats: tr_create_post_comment 57 8830.768596491225 11634.878325774322 38927.124 5.078 8249.91925423729 590
stats: page 826 2570.1886222760286 5310.194763043437 38926.977 0.747 2779.125777015817 9041
stats: 302 205 3872
stats: 200 158 3640
stats: size_rcv 3170063 67822949
stats: 422 9 246
stats: newphase 0 4
stats: 502 1144 10795
stats: size_sent 434227 6555798
stats: connected 1 214
stats: 404 28 163
stats: 500 8 60
# stats: dump at 1575617388
stats: users 219 258
stats: {freemem,"tsung_controller@ip-172-31-24-118"} 1 718.734375 0.0 777.53515625 717.3203125 750.713671875 30
stats: {load,"tsung_controller@ip-172-31-24-118"} 1 0.01171875 0.0 0.12890625 0.0 0.030338541666666666 30
stats: {recvpackets,"tsung_controller@ip-172-31-24-118"} 1 5064.0 0.0 5064 124 2608.0344827586205 29
stats: {sentpackets,"tsung_controller@ip-172-31-24-118"} 1 4731.0 0.0 5197 79 2103.1724137931033 29
stats: {cpu,"tsung_controller@ip-172-31-24-118"} 1 5.593719332679097 0.0 6.271604938271605 0.14985014985014986 1.898058752947753 30
stats: session 595 3794.4065361344524 7057.8902995360795 57284.735 5.544 8367.07498753623 3450
stats: users_count 596 4264
stats: finish_users_count 595 4045
stats: request 3243 563.4191353684834 1720.4255768325265 8935.267 0.688 1486.8115568575238 18775
stats: 302 171 4043
stats: connect 599 2.143295492487481 4.500173716679935 210.255 0.633 4.660213640098603 3651
stats: page 1680 1094.6256267857143 3544.262248591035 38926.977 0.747 2761.6349399006795 9867
stats: tr_create_post_comment 116 3485.6161465517257 8391.976084458383 38927.124 4.888 8301.091452859351 647
stats: 200 118 3758
stats: size_rcv 3264334 71087283
stats: 422 7 253
stats: newphase 1 5
stats: 502 2918 13713
stats: size_sent 694884 7250682
stats: connected 11 225
stats: 404 18 181
stats: 500 11 71
# stats: dump at 1575617398
stats: users 234 258
stats: {freemem,"tsung_controller@ip-172-31-24-118"} 1 718.03515625 0.0 777.53515625 717.3203125 749.6820816532259 31
stats: {load,"tsung_controller@ip-172-31-24-118"} 1 0.0 0.0 0.12890625 0.0 0.029737903225806453 31
stats: {recvpackets,"tsung_controller@ip-172-31-24-118"} 1 7902.0 0.0 7902 124 2689.9 30
stats: {sentpackets,"tsung_controller@ip-172-31-24-118"} 1 8743.0 0.0 8743 79 2190.766666666667 30
stats: {cpu,"tsung_controller@ip-172-31-24-118"} 1 9.099950273495773 0.0 9.099950273495773 0.14985014985014986 2.0172736103584414 31
stats: session 586 4202.083532423205 7346.650341125242 57284.735 5.544 7694.457502101358 4045
stats: users_count 601 4865
stats: finish_users_count 586 4631
stats: connect 597 2.5537370184254633 5.414690605004697 210.255 0.633 4.305476235294118 4250
stats: page 1639 1241.9287315436259 3623.3726589385406 38926.977 0.723 2519.0978613492684 11547
stats: tr_create_post_comment 127 4427.026480314958 8463.375024346196 38927.124 4.883 7568.987736566186 763
stats: request 3165 597.546698894153 1546.0530989073015 8935.267 0.688 1350.806396402943 22018
stats: 302 225 4268
stats: 200 156 3914
stats: size_rcv 2949721 74037004
stats: 422 5 258
stats: newphase 0 5
stats: 502 2731 16444
stats: size_sent 705973 7956655
stats: connected 3 228
stats: 404 30 211
stats: 500 17 88
# stats: dump at 1575617408
stats: users 230 258
stats: {freemem,"tsung_controller@ip-172-31-24-118"} 1 720.58984375 0.0 777.53515625 717.3203125 748.693115234375 32
stats: {load,"tsung_controller@ip-172-31-24-118"} 1 0.0 0.0 0.12890625 0.0 0.02880859375 32
stats: {recvpackets,"tsung_controller@ip-172-31-24-118"} 1 6996.0 0.0 7902 124 2858.032258064516 31
stats: {sentpackets,"tsung_controller@ip-172-31-24-118"} 1 7855.0 0.0 8743 79 2402.1290322580644 31
stats: {cpu,"tsung_controller@ip-172-31-24-118"} 1 6.826108619830593 0.0 9.099950273495773 0.14985014985014986 2.238607256081483 32
stats: session 561 4667.855165775405 6976.725270070733 57284.735 5.544 7252.537582811486 4631
stats: users_count 557 5422
stats: finish_users_count 561 5192
stats: connect 565 27.623277876106208 52.072611502862934 238.423 0.633 4.089716319372808 4847
stats: request 3033 683.0958305308276 1874.735400884436 8935.267 0.688 1256.1367008696338 25183
stats: tr_create_post_comment 113 4226.967884955749 8133.605010060213 38927.124 4.883 7120.640456179775 890
stats: page 1614 1344.175545229247 3679.5615051162135 38926.977 0.723 2360.347656302139 13186
stats: 302 199 4467
stats: 200 129 4043
stats: size_rcv 2991746 77028750
stats: 422 4 262
stats: newphase 0 5
stats: 502 2679 19123
stats: size_sent 667365 8624020
stats: connected -1 227
stats: 404 10 221
stats: 500 12 100
# stats: dump at 1575617418
stats: users 236 258
stats: {freemem,"tsung_controller@ip-172-31-24-118"} 1 720.51171875 0.0 777.53515625 717.3203125 747.8415009469697 33
stats: {load,"tsung_controller@ip-172-31-24-118"} 1 0.078125 0.0 0.12890625 0.0 0.02793560606060606 33
stats: {recvpackets,"tsung_controller@ip-172-31-24-118"} 1 7017.0 0.0 7902 124 2987.34375 32
stats: {sentpackets,"tsung_controller@ip-172-31-24-118"} 1 7872.0 0.0 8743 79 2572.53125 32
stats: {cpu,"tsung_controller@ip-172-31-24-118"} 1 8.944954128440367 0.0 9.099950273495773 0.14985014985014986 2.377622448922365 33
stats: session 617 3484.793810372776 5560.301454712717 57284.735 5.544 6973.2604572419095 5192
stats: users_count 623 6045
stats: finish_users_count 617 5809
stats: request 3299 569.4981943013019 1642.1442892134767 8935.267 0.685 1194.539275304791 28216
stats: connect 622 2.7251993569131865 5.489750576989439 238.423 0.633 6.546564486326684 5412
stats: 302 198 4665
stats: page 1720 969.7826593023262 2912.5925728555653 38926.977 0.723 2249.5299679729737 14800
stats: tr_create_post_comment 105 2115.875628571429 5092.046591681889 38927.124 4.883 6794.633476570289 1003
stats: 200 116 4159
stats: size_rcv 3153535 80182285
stats: 422 5 267
stats: newphase 0 5
stats: 502 2934 22057
stats: size_sent 696978 9320998
stats: connected 14 241
stats: 404 32 253
stats: 500 14 114
# stats: dump at 1575617428
stats: users 228 258
stats: {freemem,"tsung_controller@ip-172-31-24-118"} 1 720.0625 0.0 777.53515625 717.3203125 747.0376838235294 34
stats: {load,"tsung_controller@ip-172-31-24-118"} 1 0.05859375 0.0 0.12890625 0.0 0.029411764705882353 34
stats: {recvpackets,"tsung_controller@ip-172-31-24-118"} 1 7655.0 0.0 7902 124 3109.4545454545455 33
stats: {sentpackets,"tsung_controller@ip-172-31-24-118"} 1 8769.0 0.0 8769 79 2733.121212121212 33
stats: {cpu,"tsung_controller@ip-172-31-24-118"} 1 9.12718204488778 0.0 9.12718204488778 0.14985014985014986 2.570779263025836 34
stats: session 618 4069.473873786403 6391.0321229205165 57284.735 5.544 6602.734734894129 5809
stats: users_count 610 6655
stats: finish_users_count 618 6427
stats: connect 607 2.326901153212521 4.5543854507191055 238.423 0.633 6.1526484918793525 6034
stats: tr_create_post_comment 122 4622.67609836066 7737.056304176023 38927.124 4.883 6351.249384476533 1108
stats: request 3206 613.840124454149 1623.4997519663098 8935.267 0.685 1129.1097805806753 31515
stats: page 1714 1206.068779463245 3533.059844550066 38926.977 0.723 2116.287512106538 16520
stats: 302 228 4893
stats: 200 133 4292
stats: size_rcv 3229132 83411417
stats: 422 8 275
stats: newphase 0 5
stats: 502 2780 24837
stats: size_sent 697961 10018959
stats: connected -14 227
stats: 404 40 293
stats: 500 17 131
# stats: dump at 1575617438
stats: users 243 258
stats: {freemem,"tsung_controller@ip-172-31-24-118"} 1 719.1015625 0.0 777.53515625 717.3203125 746.2669642857143 35
stats: {load,"tsung_controller@ip-172-31-24-118"} 1 0.05078125 0.0 0.12890625 0.0 0.030245535714285714 35
stats: {recvpackets,"tsung_controller@ip-172-31-24-118"} 1 7537.0 0.0 7902 124 3243.1470588235293 34
stats: {sentpackets,"tsung_controller@ip-172-31-24-118"} 1 8308.0 0.0 8769 79 2910.6470588235293 34
stats: {cpu,"tsung_controller@ip-172-31-24-118"} 1 9.25925925925926 0.0 9.25925925925926 0.14985014985014986 2.75810505679332 35
stats: session 633 3469.2075860979467 5840.916029321616 57284.735 5.544 6359.144379803951 6427
stats: users_count 648 7303
stats: finish_users_count 633 7060
stats: 302 196 5089
stats: request 3485 553.6025394548066 1674.8053468900707 8935.267 0.685 1081.5318157311133 34721
stats: 200 118 4410
stats: connect 652 2.2707193251533786 4.123729515006948 238.423 0.633 5.802967926517092 6641
stats: page 1801 1075.5693459189358 3245.5695664486975 38926.977 0.723 2030.726751563015 18234
stats: tr_create_post_comment 142 3475.64561971831 6916.151150581347 38927.124 4.883 6179.7973999999995 1230
stats: size_rcv 3093300 86504717
stats: 422 6 281
stats: newphase 0 5
stats: 502 3130 27967
stats: size_sent 740657 10759616
stats: connected 14 241
stats: 404 22 315
stats: 500 13 144
# stats: dump at 1575617448
stats: users 270 287
stats: {freemem,"tsung_controller@ip-172-31-24-118"} 1 718.265625 0.0 777.53515625 717.3203125 745.5123697916666 36
stats: {load,"tsung_controller@ip-172-31-24-118"} 1 0.05078125 0.0 0.12890625 0.0 0.030815972222222224 36
stats: {recvpackets,"tsung_controller@ip-172-31-24-118"} 1 7605.0 0.0 7902 124 3365.8285714285716 35
stats: {sentpackets,"tsung_controller@ip-172-31-24-118"} 1 8692.0 0.0 8769 79 3064.8571428571427 35
stats: {cpu,"tsung_controller@ip-172-31-24-118"} 1 9.502262443438914 0.0 9.502262443438914 0.14985014985014986 2.938692673528485 36
stats: session 1155 2517.3132320346335 4923.404326092063 57284.735 5.544 6100.032483144475 7060
stats: users_count 1182 8485
stats: finish_users_count 1155 8215
stats: connect 1173 2.631391304347828 5.395600547643271 238.423 0.633 5.487182092417388 7293
stats: page 3274 624.7214352474041 2453.360297927659 38926.977 0.723 1944.865085101074 20035
stats: tr_create_post_comment 241 1811.790995850623 5061.801691512894 38927.124 4.883 5899.92163265306 1372
stats: request 6364 304.2022133878047 1249.3610982435323 8935.267 0.685 1033.3761980840702 38206
stats: 302 203 5292
stats: 200 115 4525
stats: size_rcv 3877001 90381718
stats: 422 4 285
stats: newphase 1 6
stats: 502 5998 33965
stats: size_sent 1240059 11999675
stats: connected 27 268
stats: 404 24 339
stats: 500 20 164
# stats: dump at 1575617458
stats: users 279 298
stats: {freemem,"tsung_controller@ip-172-31-24-118"} 1 717.375 0.0 777.53515625 717.3203125 744.7759712837837 37
stats: {load,"tsung_controller@ip-172-31-24-118"} 1 0.19140625 0.0 0.19140625 0.0 0.03135557432432432 37
stats: {recvpackets,"tsung_controller@ip-172-31-24-118"} 1 13313.0 0.0 13313 124 3483.583333333334 36
stats: {sentpackets,"tsung_controller@ip-172-31-24-118"} 1 16198.0 0.0 16198 79 3221.1666666666665 36
stats: {cpu,"tsung_controller@ip-172-31-24-118"} 1 16.73469387755102 0.0 16.73469387755102 0.14985014985014986 3.116086451093632 37
stats: session 1229 2314.479323026853 4178.164312347202 57284.735 5.544 5596.314803895312 8215
stats: users_count 1238 9723
stats: finish_users_count 1229 9444
stats: request 6734 285.96729254529384 1132.5379616453558 9042.898 0.685 929.2599037469146 44570
stats: connect 1240 2.5391677419354823 5.296758857798708 238.423 0.633 5.091500236239076 8466
stats: 302 238 5530
stats: page 3460 577.1067586705179 2267.8428985930586 38926.977 0.723 1759.4366965120778 23309
stats: tr_create_post_comment 286 1980.7993041958014 4952.295635750469 38927.124 4.883 5289.109801611903 1613
stats: 200 117 4642
stats: size_rcv 3599887 93981605
stats: 422 3 288
stats: newphase 0 6
stats: 502 6314 40279
stats: size_sent 1301696 13301371
stats: connected 13 281
stats: 404 32 371
stats: 500 30 194
# stats: dump at 1575617468
stats: users 281 301
stats: {freemem,"tsung_controller@ip-172-31-24-118"} 1 717.640625 0.0 777.53515625 717.3203125 744.0548930921053 38
stats: {load,"tsung_controller@ip-172-31-24-118"} 1 0.16015625 0.0 0.19140625 0.0 0.035567434210526314 38
stats: {recvpackets,"tsung_controller@ip-172-31-24-118"} 1 12675.0 0.0 13313 124 3749.2432432432443 37
stats: {sentpackets,"tsung_controller@ip-172-31-24-118"} 1 15828.0 0.0 16198 79 3571.891891891892 37
stats: {cpu,"tsung_controller@ip-172-31-24-118"} 1 15.9547092125579 0.0 16.73469387755102 0.14985014985014986 3.4744708570530363 38
stats: session 1208 2190.3272880794625 3868.670625436769 57284.735 5.312 5169.231385218127 9444
stats: users_count 1210 10933
stats: finish_users_count 1208 10652
stats: request 6493 304.6665006930547 1211.6776953058609 9067.08 0.685 844.8233599329485 51304
stats: connect 1217 19.19333689400164 45.038784417225635 238.423 0.63 4.765424376674224 9706
stats: 302 212 5742
stats: page 3447 538.9704714244265 2061.479403816733 38926.977 0.723 1606.615837125033 26769
stats: tr_create_post_comment 233 2043.154454935624 4593.161004620054 38927.124 4.883 4790.859774091627 1899
stats: 200 114 4756
stats: size_rcv 3828006 97809611
stats: 422 2 290
stats: newphase 0 6
stats: 502 6097 46376
stats: size_sent 1230139 14531510
stats: connected 0 281
stats: 404 35 406
stats: 500 33 227
# stats: dump at 1575617478
stats: users 265 301
stats: {freemem,"tsung_controller@ip-172-31-24-118"} 1 722.12109375 0.0 777.53515625 717.3203125 743.3776041666667 39
stats: {load,"tsung_controller@ip-172-31-24-118"} 1 0.12890625 0.0 0.19140625 0.0 0.03876201923076923 39
stats: {recvpackets,"tsung_controller@ip-172-31-24-118"} 1 12727.0 0.0 13313 124 3984.1315789473692 38
stats: {sentpackets,"tsung_controller@ip-172-31-24-118"} 1 15441.0 0.0 16198 79 3894.4210526315787 38
stats: {cpu,"tsung_controller@ip-172-31-24-118"} 1 15.160796324655438 0.0 16.73469387755102 0.14985014985014986 3.7944769687326483 39
stats: session 1213 2280.65543363561 4008.8279144921385 57284.735 5.312 4831.405986293652 10652
stats: users_count 1197 12130
stats: finish_users_count 1213 11865
stats: connect 1199 2.455883236030026 4.801155933379453 238.423 0.63 6.372928682596358 10923
stats: page 3372 564.925255338081 2174.3427137229705 38926.977 0.723 1484.8203123841677 30216
stats: tr_create_post_comment 254 1947.9646299212586 4603.415825386014 38927.124 4.883 4490.57115337711 2132
stats: request 6420 289.85295077881744 1104.4862773611296 9067.08 0.685 784.1413437894699 57797
stats: 302 247 5989
stats: 200 123 4879
stats: size_rcv 3659846 101469457
stats: 422 3 293
stats: newphase 0 6
stats: 502 5985 52361
stats: size_sent 1229445 15760955
stats: connected -22 259
stats: 404 41 447
stats: 500 21 248
# stats: dump at 1575617488
stats: users 283 301
stats: {freemem,"tsung_controller@ip-172-31-24-118"} 1 721.453125 0.0 777.53515625 717.3203125 742.8461914062501 40
stats: {load,"tsung_controller@ip-172-31-24-118"} 1 0.109375 0.0 0.19140625 0.0 0.041015625 40
stats: {recvpackets,"tsung_controller@ip-172-31-24-118"} 1 12456.0 0.0 13313 124 4208.307692307693 39
stats: {sentpackets,"tsung_controller@ip-172-31-24-118"} 1 15562.0 0.0 16198 79 4190.48717948718 39
stats: {cpu,"tsung_controller@ip-172-31-24-118"} 1 14.860681114551083 0.0 16.73469387755102 0.14985014985014986 4.078634952630718 40
stats: session 1173 2449.2066692242133 4322.14619181916 57284.735 5.294 4570.633932321953 11865
stats: users_count 1191 13321
stats: finish_users_count 1173 13038
stats: request 6325 331.19701565217457 1247.2420335715688 9067.08 0.685 734.7255896569444 64217
stats: connect 1192 2.6092374161073772 5.498271045956912 238.423 0.614 5.985489523180995 12122
stats: page 3290 670.0522759878435 2430.9865721955443 38926.977 0.723 1392.469290222699 33588
stats: 302 232 6221
stats: tr_create_post_comment 244 2269.913032786885 5345.130964027086 38927.124 4.772 4219.899712908633 2386
stats: 200 140 5019
stats: size_rcv 3694526 105163983
stats: 422 3 296
stats: newphase 0 6
stats: 502 5889 58250
stats: size_sent 1242835 17003790
stats: connected 19 278
stats: 404 31 478
stats: 500 30 278
# stats: dump at 1575617498
stats: users 268 301
stats: {freemem,"tsung_controller@ip-172-31-24-118"} 1 721.89453125 0.0 777.53515625 717.3203125 742.3244092987806 41
stats: {load,"tsung_controller@ip-172-31-24-118"} 1 0.23828125 0.0 0.23828125 0.0 0.042682926829268296 41
stats: {recvpackets,"tsung_controller@ip-172-31-24-118"} 1 12559.0 0.0 13313 124 4414.500000000001 40
stats: {sentpackets,"tsung_controller@ip-172-31-24-118"} 1 15435.0 0.0 16198 79 4474.775 40
stats: {cpu,"tsung_controller@ip-172-31-24-118"} 1 14.746543778801843 0.0 16.73469387755102 0.14985014985014986 4.341611688287313 41
stats: session 1201 1965.81867860117 3688.7606257866223 57284.735 5.294 4379.773817303265 13038
stats: users_count 1186 14507
stats: finish_users_count 1201 14239
stats: connect 1189 2.629567703952899 5.559813676818836 238.423 0.573 5.683214285714287 13314
stats: page 3358 461.62643359142265 1913.2940750707382 38926.977 0.723 1328.0202426378878 36878
stats: request 6474 249.4443419833182 1162.397805332393 9067.08 0.685 698.5440491480254 70542
stats: tr_create_post_comment 238 1159.6201890756304 3671.149955266266 38927.124 4.772 4038.9884011406834 2630
stats: 302 164 6385
stats: 200 96 5115
stats: size_rcv 3019175 108183158
stats: 422 1 297
stats: newphase 0 6
stats: 502 6178 64428
stats: size_sent 1243461 18247251
stats: connected -8 270
stats: 404 16 494
stats: 500 19 297
# stats: dump at 1575617508
stats: users 354 371
stats: {freemem,"tsung_controller@ip-172-31-24-118"} 1 726.03515625 0.0 777.53515625 717.3203125 741.8379836309525 42
stats: {load,"tsung_controller@ip-172-31-24-118"} 1 0.19921875 0.0 0.23828125 0.0 0.04734002976190477 42
stats: {recvpackets,"tsung_controller@ip-172-31-24-118"} 1 12057.0 0.0 13313 124 4613.146341463415 41
stats: {sentpackets,"tsung_controller@ip-172-31-24-118"} 1 15282.0 0.0 16198 79 4742.09756097561 41
stats: {cpu,"tsung_controller@ip-172-31-24-118"} 1 13.990707279297885 0.0 16.73469387755102 0.14985014985014986 4.589348166632897 42
stats: session 2154 1696.8183407613722 3495.3988692866137 57284.735 5.294 4176.166813891423 14239
stats: users_count 2240 16747
stats: finish_users_count 2154 16393
stats: connect 2244 2.6875989304812817 5.210628095213656 238.423 0.527 5.432867061987176 14503
stats: page 6202 363.38257465333794 1781.7733140758933 38926.977 0.697 1255.7130945422016 40236
stats: tr_create_post_comment 454 1209.1886013215849 3668.2502566196313 38927.124 4.772 3800.045013947001 2868
stats: request 11893 180.27300420415438 993.3288368708801 9274.478 0.685 660.7925234366886 77016
stats: 302 233 6618
stats: 200 102 5217
stats: size_rcv 5322700 113505858
stats: 422 3 300
stats: newphase 1 7
stats: 502 11495 75923
stats: size_sent 2110115 20357366
stats: connected 83 353
stats: 404 28 522
stats: 500 32 329
# stats: dump at 1575617518
stats: users 349 387
stats: {freemem,"tsung_controller@ip-172-31-24-118"} 1 720.48046875 0.0 777.53515625 717.3203125 741.470476017442 43
stats: {load,"tsung_controller@ip-172-31-24-118"} 1 0.171875 0.0 0.23828125 0.0 0.050872093023255814 43
stats: {recvpackets,"tsung_controller@ip-172-31-24-118"} 1 22964.0 0.0 22964 124 4790.380952380953 42
stats: {sentpackets,"tsung_controller@ip-172-31-24-118"} 1 29603.0 0.0 29603 79 4993.047619047619 42
stats: {cpu,"tsung_controller@ip-172-31-24-118"} 1 27.335092348284963 0.0 27.335092348284963 0.14985014985014986 4.807984425066966 43
stats: session 2393 1558.6671638111109 2910.2934936330817 57284.735 5.028 3850.38650454462 16393
stats: users_count 2388 19135
stats: finish_users_count 2393 18786
stats: request 12102 161.5238323417621 899.4158862827691 9274.478 0.685 596.51535642061 88909
stats: connect 2270 2.562646255506607 5.054225941464804 238.423 0.527 5.06501719710993 16747
stats: page 6378 315.6688312950778 1578.2130512946164 38926.977 0.697 1136.538412506999 46438
stats: tr_create_post_comment 455 1110.6259428571434 3519.6035511216573 38927.124 4.772 3445.966503612281 3322
stats: 302 235 6853
stats: 200 85 5302
stats: size_rcv 4753329 118259187
stats: 422 2 302
stats: newphase 0 7
stats: 502 11721 87644
stats: size_sent 2140508 22497874
stats: connected 7 360
stats: 404 22 544
stats: 500 37 366
# stats: dump at 1575617528
stats: users 349 398
stats: {freemem,"tsung_controller@ip-172-31-24-118"} 1 720.12890625 0.0 777.53515625 717.3203125 740.9934303977275 44
stats: {load,"tsung_controller@ip-172-31-24-118"} 1 0.23046875 0.0 0.23828125 0.0 0.05362215909090909 44
stats: {recvpackets,"tsung_controller@ip-172-31-24-118"} 1 22724.0 0.0 22964 124 5213.023255813954 43
stats: {sentpackets,"tsung_controller@ip-172-31-24-118"} 1 29681.0 0.0 29681 79 5565.372093023256 43
stats: {cpu,"tsung_controller@ip-172-31-24-118"} 1 27.176220806794056 0.0 27.335092348284963 0.14985014985014986 5.319964150594648 44
stats: session 2378 1541.6349142136257 2733.170976097988 57284.735 5.028 3558.4624982433697 18786
stats: users_count 2378 21513
stats: finish_users_count 2378 21164
stats: page 6709 310.44119108659993 1434.8782445396907 38926.977 0.697 1037.4111368903368 52816
stats: request 12874 161.14868440267182 854.2019240761631 9274.478 0.685 544.3995727495028 101011
stats: tr_create_post_comment 498 1127.4255361445785 3021.4460837671686 38927.124 4.772 3164.6374183214184 3777
stats: connect 2376 19.03758585858587 45.89594278786058 240.974 0.527 4.7663169795446185 19017
stats: 302 257 7110
stats: 200 92 5394
stats: size_rcv 5279450 123538637
stats: 422 1 303
stats: newphase 0 7
stats: 502 12449 100093
stats: size_sent 2266536 24764410
stats: connected -32 328
stats: 404 39 583
stats: 500 36 402
# stats: dump at 1575617538
stats: users 345 398
stats: {freemem,"tsung_controller@ip-172-31-24-118"} 1 719.42578125 0.0 777.53515625 717.3203125 740.5297743055557 45
stats: {load,"tsung_controller@ip-172-31-24-118"} 1 0.41015625 0.0 0.41015625 0.0 0.05755208333333333 45
stats: {recvpackets,"tsung_controller@ip-172-31-24-118"} 1 22769.0 0.0 22964 124 5611.000000000001 44
stats: {sentpackets,"tsung_controller@ip-172-31-24-118"} 1 29562.0 0.0 29681 79 6113.454545454545 44
stats: {cpu,"tsung_controller@ip-172-31-24-118"} 1 26.62473794549266 0.0 27.335092348284963 0.14985014985014986 5.805658742954635 45
stats: session 2311 1386.4978437905659 2552.590026093728 57284.735 5.028 3331.850515876013 21164
stats: users_count 2307 23820
stats: finish_users_count 2311 23475
stats: request 12415 146.70791582762772 824.8440535456317 9274.478 0.685 501.0754129692236 113885
stats: connect 2321 2.555248168892718 5.0062003549159755 240.974 0.527 6.351346421726736 21393
stats: 302 231 7341
stats: page 6474 272.166888322521 1327.6605017718584 38926.977 0.697 955.4751206551873 59525
stats: tr_create_post_comment 461 880.8793579175706 2777.7267777971747 38927.124 4.772 2927.320104327485 4275
stats: 200 94 5488
stats: size_rcv 5046039 128584676
stats: 422 3 306
stats: newphase 0 7
stats: 502 12030 112123
stats: size_sent 2182540 26946950
stats: connected 13 341
stats: 404 28 611
stats: 500 29 431
# stats: dump at 1575617548
stats: users 343 398
stats: {freemem,"tsung_controller@ip-172-31-24-118"} 1 719.05859375 0.0 777.53515625 717.3203125 740.0709918478262 46
stats: {load,"tsung_controller@ip-172-31-24-118"} 1 0.51171875 0.0 0.51171875 0.0 0.06521739130434782 46
stats: {recvpackets,"tsung_controller@ip-172-31-24-118"} 1 22430.0 0.0 22964 124 5992.288888888889 45
stats: {sentpackets,"tsung_controller@ip-172-31-24-118"} 1 29307.0 0.0 29681 79 6634.533333333334 45
stats: {cpu,"tsung_controller@ip-172-31-24-118"} 1 27.17101758124667 0.0 27.335092348284963 0.14985014985014986 6.258247421270679 46
stats: session 2411 1475.2681999170502 2784.9853964253953 57284.735 5.028 3140.339971671989 23475
stats: users_count 2409 26229
stats: finish_users_count 2411 25886
stats: connect 2434 2.5013956450287504 4.983151094593707 240.974 0.527 5.979804545837903 23714
stats: request 13041 149.091231500653 848.9196299904911 9274.478 0.685 466.2419016706257 126300
stats: page 6827 291.4097149553258 1468.729239364696 38926.977 0.697 888.4477793905972 65999
stats: tr_create_post_comment 491 1054.1973401222015 3145.720517918364 38927.124 4.772 2728.1205299831076 4736
stats: 302 216 7557
stats: 200 103 5591
stats: size_rcv 5452555 134037231
stats: 422 3 309
stats: newphase 0 7
stats: 502 12646 124769
stats: size_sent 2302898 29249848
stats: connected 17 358
stats: 404 32 643
stats: 500 41 472
# stats: dump at 1575617558
stats: users 359 398
stats: {freemem,"tsung_controller@ip-172-31-24-118"} 1 720.08984375 0.0 777.53515625 717.3203125 739.6239195478724 47
stats: {load,"tsung_controller@ip-172-31-24-118"} 1 0.578125 0.0 0.578125 0.0 0.07471742021276596 47
stats: {recvpackets,"tsung_controller@ip-172-31-24-118"} 1 23128.0 0.0 23128 124 6349.630434782609 46
stats: {sentpackets,"tsung_controller@ip-172-31-24-118"} 1 29995.0 0.0 29995 79 7127.413043478261 46
stats: {cpu,"tsung_controller@ip-172-31-24-118"} 1 26.655982905982906 0.0 27.335092348284963 0.14985014985014986 6.703199977865912 47
stats: session 2322 1435.0046490094815 2755.016941730469 57284.735 5.028 2985.2566045352683 25886
stats: users_count 2338 28567
stats: finish_users_count 2322 28208
stats: request 12417 154.06349786582837 925.8984742243711 9274.478 0.685 436.5595979001158 139341
stats: 302 214 7771
stats: page 6459 286.39705511689124 1473.5409819822803 38926.977 0.697 832.4790475379677 72826
stats: connect 2312 2.304647923875433 4.458095447472604 240.974 0.527 5.656015068074041 26148
stats: tr_create_post_comment 478 993.5720606694563 2841.324823259638 38927.124 4.772 2570.879993112684 5227
stats: 200 71 5662
stats: size_rcv 4990446 139027677
stats: 422 0 309
stats: newphase 0 7
stats: 502 12080 136849
stats: size_sent 2157006 31406854
stats: connected -13 345
stats: 404 30 673
stats: 500 22 494
# stats: dump at 1575617568
stats: users 18 398
stats: {freemem,"tsung_controller@ip-172-31-24-118"} 1 719.7734375 0.0 777.53515625 717.3203125 739.2169596354169 48
stats: {load,"tsung_controller@ip-172-31-24-118"} 1 0.48828125 0.0 0.578125 0.0 0.085205078125 48
stats: {recvpackets,"tsung_controller@ip-172-31-24-118"} 1 22304.0 0.0 23128 124 6706.617021276596 47
stats: {sentpackets,"tsung_controller@ip-172-31-24-118"} 1 28940.0 0.0 29995 79 7613.95744680851 47
stats: {cpu,"tsung_controller@ip-172-31-24-118"} 1 26.53276955602537 0.0 27.335092348284963 0.14985014985014986 7.118882955535017 48
stats: session 600 5096.659191666661 5321.341233720018 57284.735 5.028 2857.6444008791823 28208
stats: users_count 259 28826
stats: finish_users_count 600 28808
stats: connect 366 2.1127622950819682 3.736970520756697 240.974 0.527 5.383760646521434 28460
stats: tr_create_post_comment 120 3062.038824999999 5944.996792651372 38927.124 4.772 2438.723430148992 5705
stats: request 2796 809.6990622317579 1744.2515695683717 9274.478 0.685 413.4454683377485 151758
stats: 302 371 8142
stats: page 1390 1499.9989453237406 3307.5439519422453 38926.977 0.697 787.9921510373973 79285
stats: 200 138 5800
stats: size_rcv 4249316 143276993
stats: 422 6 315
stats: newphase 0 7
stats: 502 2178 139027
stats: size_sent 574042 31980896
stats: connected -263 82
stats: 404 78 751
stats: 500 25 519
# stats: dump at 1575617575
stats: users 0 398
stats: {freemem,"tsung_controller@ip-172-31-24-118"} 1 722.18359375 0.0 777.53515625 717.3203125 738.8201530612247 49
stats: {load,"tsung_controller@ip-172-31-24-118"} 1 0.41015625 0.0 0.578125 0.0 0.0934311224489796 49
stats: {recvpackets,"tsung_controller@ip-172-31-24-118"} 1 3848.0 0.0 23128 124 7031.5625 48
stats: {sentpackets,"tsung_controller@ip-172-31-24-118"} 1 2750.0 0.0 29995 79 8058.25 48
stats: {cpu,"tsung_controller@ip-172-31-24-118"} 1 3.4722222222222223 0.0 27.335092348284963 0.14985014985014986 7.515084722891962 49
stats: session 18 11047.654444444444 1346.1373046826006 57284.735 5.028 2904.2775886906406 28808
stats: users_count 0 28826
stats: finish_users_count 18 28826
stats: request 184 155.5240108695651 206.40075788862762 9274.478 0.685 420.6139987447755 154554
stats: page 83 5787.214783132531 4577.562570536757 38926.977 0.697 800.2597611279832 80675
stats: connect 0 0 0 240.974 0.527 5.342229202803026 28826
stats: tr_create_post_comment 45 7137.046155555556 4030.0934342844107 38927.124 4.772 2451.5642623175963 5825
stats: 302 114 8256
stats: 200 24 5824
stats: size_rcv 363064 143640057
stats: 422 14 329
stats: newphase 0 7
stats: 502 0 139027
stats: size_sent 61070 32041966
stats: connected -82 0
stats: 404 32 783
stats: 500 0 519
EndMonitor:{1575,617575,116557}