# stats: dump at 1575618813
stats: users 2 6
stats: {freemem,"tsung_controller@ip-172-31-24-118"} 1 775.09765625 0 775.09765625 775.09765625 0 0
stats: {load,"tsung_controller@ip-172-31-24-118"} 1 0.0 0 0.0 0.0 0 0
stats: {cpu,"tsung_controller@ip-172-31-24-118"} 1 3.333531991087401 0 3.333531991087401 3.333531991087401 0 0
stats: session 18 1039.1878888888887 985.092416124773 3918.544 317.48 0 0
stats: users_count 20 20
stats: finish_users_count 18 18
stats: request 93 92.56119354838712 112.78948103352545 453.261 5.37 0 0
stats: connect 19 3.131157894736842 6.262781610545352 27.772 0.87 0 0
stats: page 48 177.19785416666662 199.20732445756408 617.361 5.589 0 0
stats: tr_create_post_comment 1 100.462 0 100.462 100.462 0 0
stats: 302 40 40
stats: 200 48 48
stats: size_rcv 930929 930929
stats: 422 5 5
stats: size_sent 52510 52510
stats: connected 4 4
# stats: dump at 1575618823
stats: users 0 6
stats: {freemem,"tsung_controller@ip-172-31-24-118"} 1 772.5625 0.0 775.09765625 772.5625 775.09765625 1
stats: {load,"tsung_controller@ip-172-31-24-118"} 1 0.0 0.0 0.0 0.0 0.0 1
stats: {recvpackets,"tsung_controller@ip-172-31-24-118"} 1 945 0 945 945 0 0
stats: {sentpackets,"tsung_controller@ip-172-31-24-118"} 1 522 0 522 522 0 0
stats: {cpu,"tsung_controller@ip-172-31-24-118"} 1 0.5002501250625313 0.0 3.333531991087401 0.5002501250625313 3.333531991087401 1
stats: session 21 1006.371857142857 967.5823970665624 4240.99 274.963 1039.1878888888887 18
stats: users_count 19 39
stats: finish_users_count 21 39
stats: request 113 59.683424778761086 97.34991070649691 520.911 3.922 92.56119354838712 93
stats: connect 20 5.0738 8.983595068790668 31.157 0.87 3.131157894736842 19
stats: page 61 112.40050819672133 133.84765744970855 617.361 4.943 177.19785416666662 48
stats: 302 62 102
stats: tr_create_post_comment 7 66.90214285714286 7.932893913114852 100.462 54.691 100.462 1
stats: 200 49 97
stats: size_rcv 880177 1811106
stats: 422 2 7
stats: size_sent 62789 115299
stats: connected -3 1
# stats: dump at 1575618833
stats: users 1 6
stats: {freemem,"tsung_controller@ip-172-31-24-118"} 1 771.71875 0.0 775.09765625 771.71875 773.830078125 2
stats: {load,"tsung_controller@ip-172-31-24-118"} 1 0.0 0.0 0.0 0.0 0.0 2
stats: {recvpackets,"tsung_controller@ip-172-31-24-118"} 1 706.0 0.0 945 706 945.0 1
stats: {sentpackets,"tsung_controller@ip-172-31-24-118"} 1 434.0 0.0 522 434 522.0 1
stats: {cpu,"tsung_controller@ip-172-31-24-118"} 1 0.4992511233150275 0.0 3.333531991087401 0.4992511233150275 1.916891058074966 2
stats: session 22 594.4956363636363 295.35571899714813 4240.99 274.963 1021.5177179487177 39
stats: users_count 23 62
stats: finish_users_count 22 61
stats: request 117 60.81430769230767 90.67568580918017 520.911 3.918 74.5263009708738 206
stats: connect 22 3.7513181818181818 5.202660983367189 31.157 0.854 4.127384615384615 39
stats: 302 56 158
stats: page 58 122.76765517241377 140.49041207076067 617.361 4.749 140.93511926605504 109
stats: tr_create_post_comment 5 56.581399999999995 3.012160858918397 100.462 51.087 71.097125 8
stats: 200 55 152
stats: size_rcv 1069983 2881089
stats: 422 6 13
stats: size_sent 66615 181914
stats: connected 1 2
# stats: dump at 1575618843
stats: users 4 6
stats: {freemem,"tsung_controller@ip-172-31-24-118"} 1 771.109375 0.0 775.09765625 771.109375 773.1263020833334 3
stats: {load,"tsung_controller@ip-172-31-24-118"} 1 0.0 0.0 0.0 0.0 0.0 3
stats: {recvpackets,"tsung_controller@ip-172-31-24-118"} 1 1057.0 0.0 1057 706 825.5 2
stats: {sentpackets,"tsung_controller@ip-172-31-24-118"} 1 595.0 0.0 595 434 478.0 2
stats: {cpu,"tsung_controller@ip-172-31-24-118"} 1 0.6986027944111777 0.0 3.333531991087401 0.4992511233150275 1.4443444131549865 3
stats: session 19 659.9794210526316 502.2173365813603 4240.99 268.071 867.5097540983604 61
stats: users_count 22 84
stats: finish_users_count 19 80
stats: request 108 62.69250925925926 91.70516314592261 520.911 3.918 69.55941795665636 323
stats: connect 21 6.2829999999999995 9.602540135173559 37.849 0.824 3.9917540983606554 61
stats: tr_create_post_comment 4 60.36825 4.484086048181948 100.462 51.087 65.51415384615385 13
stats: page 58 112.63605172413793 135.81691964799427 617.361 4.749 134.6254610778443 167
stats: 302 54 212
stats: 200 50 202
stats: size_rcv 1099940 3981029
stats: 422 4 17
stats: size_sent 60493 242407
stats: connected 0 2
# stats: dump at 1575618853
stats: users 1 6
stats: {freemem,"tsung_controller@ip-172-31-24-118"} 1 770.96484375 0.0 775.09765625 770.96484375 772.6220703125 4
stats: {load,"tsung_controller@ip-172-31-24-118"} 1 0.0 0.0 0.0 0.0 0.0 4
stats: {recvpackets,"tsung_controller@ip-172-31-24-118"} 1 952.0 0.0 1057 706 902.6666666666666 3
stats: {sentpackets,"tsung_controller@ip-172-31-24-118"} 1 550.0 0.0 595 434 517.0 3
stats: {cpu,"tsung_controller@ip-172-31-24-118"} 1 0.6490264603095357 0.0 3.333531991087401 0.4992511233150275 1.2579090084690343 4
stats: session 22 857.4489545454545 975.8567167405672 4924.506 265.705 818.2212999999998 80
stats: users_count 19 103
stats: finish_users_count 22 102
stats: request 132 54.268022727272715 84.9147529296174 520.911 3.918 67.83870765661254 431
stats: connect 21 14.35890476190476 38.37363413533874 176.022 0.824 4.578536585365853 82
stats: page 61 121.52018032786886 126.47991019862691 617.361 4.186 128.95708 225
stats: tr_create_post_comment 8 61.951499999999996 10.161311369601858 100.462 51.087 64.30335294117647 17
stats: 302 71 283
stats: 200 57 259
stats: size_rcv 1054259 5035288
stats: 422 4 21
stats: size_sent 76744 319151
stats: connected -1 1
# stats: dump at 1575618863
stats: users 0 6
stats: {freemem,"tsung_controller@ip-172-31-24-118"} 1 771.12890625 0.0 775.09765625 770.96484375 772.290625 5
stats: {load,"tsung_controller@ip-172-31-24-118"} 1 0.0 0.0 0.0 0.0 0.0 5
stats: {recvpackets,"tsung_controller@ip-172-31-24-118"} 1 758.0 0.0 1057 706 915.0 4
stats: {sentpackets,"tsung_controller@ip-172-31-24-118"} 1 510.0 0.0 595 434 525.25 4
stats: {cpu,"tsung_controller@ip-172-31-24-118"} 1 0.7477567298105683 0.0 3.333531991087401 0.4992511233150275 1.1361324988371346 5
stats: session 18 941.4561111111111 816.887271338782 4924.506 265.705 826.6821666666665 102
stats: users_count 17 120
stats: finish_users_count 18 120
stats: request 91 61.928549450549454 93.82915409815344 520.911 3.761 64.6569484902309 563
stats: connect 17 3.2329999999999997 7.4662596431428465 176.022 0.824 6.572592233009708 103
stats: page 49 115.0833469387755 132.4307868815379 617.361 4.141 127.3708881118881 286
stats: tr_create_post_comment 3 61.805 1.9519233249968257 100.462 51.087 63.55075999999999 25
stats: 302 44 327
stats: 200 43 302
stats: size_rcv 983598 6018886
stats: 422 4 25
stats: size_sent 50047 369198
stats: connected -1 0
# stats: dump at 1575618873
stats: users 1 6
stats: {freemem,"tsung_controller@ip-172-31-24-118"} 1 771.2109375 0.0 775.09765625 770.96484375 772.0970052083334 6
stats: {load,"tsung_controller@ip-172-31-24-118"} 1 0.0 0.0 0.0 0.0 0.0 6
stats: {recvpackets,"tsung_controller@ip-172-31-24-118"} 1 750.0 0.0 1057 706 883.6 5
stats: {sentpackets,"tsung_controller@ip-172-31-24-118"} 1 478.0 0.0 595 434 522.2 5
stats: {cpu,"tsung_controller@ip-172-31-24-118"} 1 0.3498250874562719 0.0 3.333531991087401 0.3498250874562719 1.0714032039993737 6
stats: session 25 869.9865599999998 897.5186583233167 4924.506 265.705 843.898258333333 120
stats: users_count 26 146
stats: finish_users_count 25 145
stats: request 141 58.35229787234043 90.53832210967958 520.911 3.7 64.27730886850154 654
stats: connect 26 2.8457692307692306 5.420521272887183 176.022 0.772 6.099483333333333 120
stats: page 70 117.62721428571427 133.14215542493272 617.361 4.141 125.57360597014926 335
stats: tr_create_post_comment 6 58.991166666666665 7.890995784577648 100.462 51.087 63.36371428571427 28
stats: 302 68 395
stats: 200 67 369
stats: size_rcv 1339740 7358626
stats: 422 6 31
stats: newphase 1 1
stats: size_sent 79806 449004
stats: connected 2 2
# stats: dump at 1575618883
stats: users 6 9
stats: {freemem,"tsung_controller@ip-172-31-24-118"} 1 770.8984375 0.0 775.09765625 770.8984375 771.9704241071429 7
stats: {load,"tsung_controller@ip-172-31-24-118"} 1 0.0 0.0 0.0 0.0 0.0 7
stats: {recvpackets,"tsung_controller@ip-172-31-24-118"} 1 1356.0 0.0 1356 706 861.3333333333334 6
stats: {sentpackets,"tsung_controller@ip-172-31-24-118"} 1 887.0 0.0 887 434 514.8333333333334 6
stats: {cpu,"tsung_controller@ip-172-31-24-118"} 1 0.5982053838484547 0.0 3.333531991087401 0.3498250874562719 0.9683206159217876 7
stats: session 43 1009.0540465116281 997.7974139261765 4924.506 265.705 848.39624137931 145
stats: users_count 48 194
stats: finish_users_count 43 188
stats: request 249 59.20679518072291 94.02657343069933 520.911 3.7 63.22645786163522 795
stats: connect 46 1.8125869565217396 3.2978468507700915 176.022 0.769 5.520054794520547 146
stats: page 129 114.35986046511628 129.18390092192948 617.361 4.141 124.20015555555555 405
stats: tr_create_post_comment 11 55.16163636363637 2.717992215947357 100.462 49.782 62.59208823529411 34
stats: 302 127 522
stats: 200 116 485
stats: size_rcv 2153508 9512134
stats: 422 6 37
stats: newphase 0 1
stats: size_sent 140656 589660
stats: connected 3 5
# stats: dump at 1575618893
stats: users 4 9
stats: {freemem,"tsung_controller@ip-172-31-24-118"} 1 770.73828125 0.0 775.09765625 770.73828125 771.83642578125 8
stats: {load,"tsung_controller@ip-172-31-24-118"} 1 0.0 0.0 0.0 0.0 0.0 8
stats: {recvpackets,"tsung_controller@ip-172-31-24-118"} 1 1780.0 0.0 1780 706 932.0 7
stats: {sentpackets,"tsung_controller@ip-172-31-24-118"} 1 1187.0 0.0 1187 434 568.0 7
stats: {cpu,"tsung_controller@ip-172-31-24-118"} 1 0.5985037406483791 0.0 3.333531991087401 0.3498250874562719 0.922056211912621 8
stats: session 41 992.6633414634147 857.5588648861432 4924.506 264.801 885.1424414893615 188
stats: users_count 39 233
stats: finish_users_count 41 229
stats: request 207 59.495971014492724 91.61902606474433 520.911 3.7 62.26774521072797 1044
stats: connect 40 2.5599999999999996 4.99713913654603 176.022 0.769 4.631807291666666 192
stats: page 112 110.0327946428571 132.43981563324056 617.361 4.141 121.82300561797753 534
stats: tr_create_post_comment 7 59.94714285714286 11.53628264499904 100.462 48.038 60.77575555555555 45
stats: 302 100 622
stats: 200 100 585
stats: size_rcv 1983223 11495357
stats: 422 7 44
stats: newphase 0 1
stats: size_sent 115987 705647
stats: connected 0 5
# stats: dump at 1575618903
stats: users 7 11
stats: {freemem,"tsung_controller@ip-172-31-24-118"} 1 770.95703125 0.0 775.09765625 770.73828125 771.7144097222222 9
stats: {load,"tsung_controller@ip-172-31-24-118"} 1 0.0 0.0 0.0 0.0 0.0 9
stats: {recvpackets,"tsung_controller@ip-172-31-24-118"} 1 1707.0 0.0 1780 706 1038.0 8
stats: {sentpackets,"tsung_controller@ip-172-31-24-118"} 1 1128.0 0.0 1187 434 645.375 8
stats: {cpu,"tsung_controller@ip-172-31-24-118"} 1 0.49800796812749004 0.0 3.333531991087401 0.3498250874562719 0.8861059373277053 9
stats: session 45 919.2820222222224 795.0454583359647 4924.506 264.214 904.3929082969431 229
stats: users_count 48 281
stats: finish_users_count 45 274
stats: request 248 63.469838709677425 92.44713928156432 520.911 3.7 61.80910631494804 1251
stats: connect 48 18.28854166666666 50.03760397647551 214.042 0.769 4.274599137931034 232
stats: page 127 123.58564566929135 134.7292249276261 617.361 4.141 119.77888235294117 646
stats: tr_create_post_comment 10 82.2097 85.24107339076626 337.616 45.907 60.66421153846154 52
stats: 302 123 745
stats: 200 117 702
stats: size_rcv 2181592 13676949
stats: 422 8 52
stats: newphase 0 1
stats: size_sent 141489 847136
stats: connected 6 11
# stats: dump at 1575618913
stats: users 5 11
stats: {freemem,"tsung_controller@ip-172-31-24-118"} 1 770.71484375 0.0 775.09765625 770.71484375 771.638671875 10
stats: {load,"tsung_controller@ip-172-31-24-118"} 1 0.0 0.0 0.0 0.0 0.0 10
stats: {recvpackets,"tsung_controller@ip-172-31-24-118"} 1 2042.0 0.0 2042 706 1112.3333333333333 9
stats: {sentpackets,"tsung_controller@ip-172-31-24-118"} 1 1326.0 0.0 1326 434 699.0 9
stats: {cpu,"tsung_controller@ip-172-31-24-118"} 1 0.5 0.0 3.333531991087401 0.3498250874562719 0.8472961404076838 10
stats: session 37 1245.4271351351358 1175.688310196826 4924.506 264.214 906.8382007299268 274
stats: users_count 35 316
stats: finish_users_count 37 311
stats: request 205 58.61726829268293 90.79200032135216 520.911 3.7 62.08386390927285 1499
stats: connect 34 2.5089411764705885 5.6874989331152275 214.042 0.769 6.676989285714284 280
stats: page 105 115.06244761904757 134.51254113760126 617.361 4.141 120.40431435963778 773
stats: tr_create_post_comment 10 61.18650000000001 10.651474097513452 337.616 45.907 64.13929032258064 62
stats: 302 107 852
stats: 200 91 793
stats: size_rcv 2008624 15685573
stats: 422 7 59
stats: newphase 0 1
stats: size_sent 115248 962384
stats: connected -7 4
# stats: dump at 1575618923
stats: users 5 11
stats: {freemem,"tsung_controller@ip-172-31-24-118"} 1 770.71484375 0.0 775.09765625 770.71484375 771.5546875 11
stats: {load,"tsung_controller@ip-172-31-24-118"} 1 0.0 0.0 0.0 0.0 0.0 11
stats: {recvpackets,"tsung_controller@ip-172-31-24-118"} 1 1551.0 0.0 2042 706 1205.3 10
stats: {sentpackets,"tsung_controller@ip-172-31-24-118"} 1 1038.0 0.0 1326 434 761.7 10
stats: {cpu,"tsung_controller@ip-172-31-24-118"} 1 0.3996003996003996 0.0 3.333531991087401 0.3498250874562719 0.8157237640069852 11
stats: session 40 1149.223675 1201.4303752944734 5483.831 262.523 947.1204855305465 311
stats: users_count 40 356
stats: finish_users_count 40 351
stats: request 241 55.71721991701241 91.12319609569437 520.911 3.7 61.66681455399061 1704
stats: connect 42 2.3436428571428563 5.538046822711435 214.042 0.769 6.2256719745222915 314
stats: page 115 116.86110434782604 135.11905009881656 617.361 4.141 119.76548063781321 878
stats: tr_create_post_comment 12 75.55149999999999 65.12017620458859 337.616 45.907 63.729180555555544 72
stats: 302 121 973
stats: 200 111 904
stats: size_rcv 1663837 17349410
stats: 422 9 68
stats: newphase 0 1
stats: size_sent 139470 1101854
stats: connected 1 5
# stats: dump at 1575618933
stats: users 6 13
stats: {freemem,"tsung_controller@ip-172-31-24-118"} 1 770.67578125 0.0 775.09765625 770.67578125 771.4847005208334 12
stats: {load,"tsung_controller@ip-172-31-24-118"} 1 0.0 0.0 0.0 0.0 0.0 12
stats: {recvpackets,"tsung_controller@ip-172-31-24-118"} 1 1438.0 0.0 2042 706 1236.7272727272727 11
stats: {sentpackets,"tsung_controller@ip-172-31-24-118"} 1 1019.0 0.0 1326 434 786.8181818181819 11
stats: {cpu,"tsung_controller@ip-172-31-24-118"} 1 0.30045067601402103 0.0 3.333531991087401 0.30045067601402103 0.7810468169731032 12
stats: session 65 1113.5852307692298 936.4103811833745 5483.831 262.523 970.1521880341879 351
stats: users_count 66 422
stats: finish_users_count 65 416
stats: request 334 62.641862275449114 94.7475851445805 520.911 3.7 60.929615424164524 1945
stats: connect 61 2.4575737704918033 4.8584848088679395 214.042 0.762 5.7676797752808975 356
stats: page 177 118.28537853107346 135.34734139630825 617.361 4.141 119.42912286002014 993
stats: tr_create_post_comment 14 95.86364285714285 74.57349248091457 337.616 45.907 65.41808333333331 84
stats: 302 172 1145
stats: 200 153 1057
stats: size_rcv 3294647 20644057
stats: 422 9 77
stats: newphase 1 2
stats: size_sent 187185 1289039
stats: connected -1 4
# stats: dump at 1575618943
stats: users 7 13
stats: {freemem,"tsung_controller@ip-172-31-24-118"} 1 770.55078125 0.0 775.09765625 770.55078125 771.4224759615385 13
stats: {load,"tsung_controller@ip-172-31-24-118"} 1 0.0 0.0 0.0 0.0 0.0 13
stats: {recvpackets,"tsung_controller@ip-172-31-24-118"} 1 3060.0 0.0 3060 706 1253.5 12
stats: {sentpackets,"tsung_controller@ip-172-31-24-118"} 1 1977.0 0.0 1977 434 806.1666666666666 12
stats: {cpu,"tsung_controller@ip-172-31-24-118"} 1 0.7972097658196312 0.0 3.333531991087401 0.30045067601402103 0.7440778830531738 13
stats: session 81 680.027938271605 465.1103592263749 5483.831 262.523 992.5636009615381 416
stats: users_count 82 504
stats: finish_users_count 81 497
stats: request 423 66.09036406619381 99.20675379612922 520.911 3.7 61.180554629223344 2279
stats: connect 85 1.8775529411764704 3.285225996365734 214.042 0.707 5.283467625899279 417
stats: page 232 120.5666163793103 143.52451448243082 741.058 3.952 119.25609487179487 1170
stats: tr_create_post_comment 13 69.69869230769228 47.58798945820842 337.616 44.896 69.76744897959183 98
stats: 302 199 1344
stats: 200 206 1263
stats: size_rcv 4157778 24801835
stats: 422 18 95
stats: newphase 0 2
stats: size_sent 234631 1523670
stats: connected 2 6
# stats: dump at 1575618953
stats: users 9 15
stats: {freemem,"tsung_controller@ip-172-31-24-118"} 1 770.3125 0.0 775.09765625 770.3125 771.3602120535714 14
stats: {load,"tsung_controller@ip-172-31-24-118"} 1 0.0 0.0 0.0 0.0 0.0 14
stats: {recvpackets,"tsung_controller@ip-172-31-24-118"} 1 3741.0 0.0 3741 706 1392.4615384615386 13
stats: {sentpackets,"tsung_controller@ip-172-31-24-118"} 1 2461.0 0.0 2461 434 896.2307692307693 13
stats: {cpu,"tsung_controller@ip-172-31-24-118"} 1 0.846613545816733 0.0 3.333531991087401 0.30045067601402103 0.7478730175364922 14
stats: session 71 871.1440704225358 825.6401960312983 5483.831 262.523 941.627205231388 497
stats: users_count 73 577
stats: finish_users_count 71 568
stats: request 374 68.44950534759352 99.02114949987556 520.911 3.587 61.94918874907475 2702
stats: connect 73 1.9581917808219187 4.88754430217117 214.042 0.635 4.7067689243027875 502
stats: page 203 126.173960591133 144.26219688657287 741.058 3.587 119.47295720399428 1402
stats: tr_create_post_comment 12 82.48041666666666 86.94148767653866 370.6 44.896 69.7593963963964 111
stats: 302 178 1522
stats: 200 181 1444
stats: size_rcv 3694238 28496073
stats: 422 15 110
stats: newphase 0 2
stats: size_sent 206459 1730129
stats: connected 2 8
# stats: dump at 1575618963
stats: users 7 15
stats: {freemem,"tsung_controller@ip-172-31-24-118"} 1 770.07421875 0.0 775.09765625 770.07421875 771.2903645833334 15
stats: {load,"tsung_controller@ip-172-31-24-118"} 1 0.0 0.0 0.0 0.0 0.0 15
stats: {recvpackets,"tsung_controller@ip-172-31-24-118"} 1 2689.0 0.0 3741 706 1560.2142857142858 14
stats: {sentpackets,"tsung_controller@ip-172-31-24-118"} 1 1734.0 0.0 2461 434 1008.0 14
stats: {cpu,"tsung_controller@ip-172-31-24-118"} 1 0.8440913604766633 0.0 3.333531991087401 0.30045067601402103 0.7544557194218415 15
stats: session 75 1095.3248266666662 1168.4151858765315 6067.95 262.523 932.8168133802814 568
stats: users_count 73 650
stats: finish_users_count 75 643
stats: request 388 63.273585051546355 97.97191585521179 520.911 3.587 62.73953933680103 3076
stats: connect 75 4.60404 15.410483584400158 214.042 0.635 4.357819130434781 575
stats: page 212 115.87546698113199 133.7378912321081 741.058 3.587 120.32049844236758 1605
stats: tr_create_post_comment 13 61.26330769230769 12.304294362192383 370.6 44.896 71.00047154471544 123
stats: 302 189 1711
stats: 200 187 1631
stats: size_rcv 3272046 31768119
stats: 422 12 122
stats: newphase 0 2
stats: size_sent 216512 1946641
stats: connected 0 8
# stats: dump at 1575618973
stats: users 12 17
stats: {freemem,"tsung_controller@ip-172-31-24-118"} 1 770.49609375 0.0 775.09765625 770.07421875 771.21435546875 16
stats: {load,"tsung_controller@ip-172-31-24-118"} 1 0.0 0.0 0.0 0.0 0.0 16
stats: {recvpackets,"tsung_controller@ip-172-31-24-118"} 1 2936.0 0.0 3741 706 1635.4666666666667 15
stats: {sentpackets,"tsung_controller@ip-172-31-24-118"} 1 1990.0 0.0 2461 434 1056.4 15
stats: {cpu,"tsung_controller@ip-172-31-24-118"} 1 0.9457441513190642 0.0 3.333531991087401 0.30045067601402103 0.760057946987768 16
stats: session 66 1064.15906060606 835.0549096757848 6067.95 262.523 951.7718693623636 643
stats: users_count 71 721
stats: finish_users_count 66 709
stats: request 377 66.75856233421739 100.6100221772994 520.911 3.587 62.799357390300216 3464
stats: connect 69 8.176333333333337 31.486623396577066 214.042 0.635 4.38622923076923 650
stats: page 193 130.4847823834197 149.42659233001996 773.671 3.587 119.80187066593282 1817
stats: tr_create_post_comment 15 83.8502 78.32062870380958 370.6 44.896 70.06971323529412 136
stats: 302 184 1895
stats: 200 180 1811
stats: size_rcv 3652626 35420745
stats: 422 13 135
stats: newphase 0 2
stats: size_sent 211959 2158600
stats: connected 3 11
# stats: dump at 1575618983
stats: users 7 17
stats: {freemem,"tsung_controller@ip-172-31-24-118"} 1 769.7734375 0.0 775.09765625 769.7734375 771.1721047794117 17
stats: {load,"tsung_controller@ip-172-31-24-118"} 1 0.0 0.0 0.0 0.0 0.0 17
stats: {recvpackets,"tsung_controller@ip-172-31-24-118"} 1 3070.0 0.0 3741 706 1716.75 16
stats: {sentpackets,"tsung_controller@ip-172-31-24-118"} 1 1975.0 0.0 2461 434 1114.75 16
stats: {cpu,"tsung_controller@ip-172-31-24-118"} 1 0.7473841554559043 0.0 3.333531991087401 0.30045067601402103 0.7709806648896089 17
stats: session 82 1045.2321219512194 1163.5464811743886 6067.95 262.523 962.2338645980251 709
stats: users_count 77 798
stats: finish_users_count 82 791
stats: request 411 62.57095620437953 96.82122444945132 580.526 3.533 63.18795938557665 3841
stats: connect 79 3.157569620253166 6.722298513785606 214.042 0.635 4.749952712100138 719
stats: page 217 117.39788940092168 136.0046301772361 773.671 3.587 120.82764278606963 2010
stats: tr_create_post_comment 14 56.83892857142856 4.604114176694666 370.6 44.896 71.43863576158941 151
stats: 302 195 2090
stats: 200 196 2007
stats: size_rcv 2942883 38363628
stats: 422 20 155
stats: newphase 0 2
stats: size_sent 232177 2390777
stats: connected -4 7
# stats: dump at 1575618993
stats: users 25 26
stats: {freemem,"tsung_controller@ip-172-31-24-118"} 1 770.0234375 0.0 775.09765625 769.7734375 771.0944010416666 18
stats: {load,"tsung_controller@ip-172-31-24-118"} 1 0.0 0.0 0.0 0.0 0.0 18
stats: {recvpackets,"tsung_controller@ip-172-31-24-118"} 1 3136.0 0.0 3741 706 1796.3529411764705 17
stats: {sentpackets,"tsung_controller@ip-172-31-24-118"} 1 2111.0 0.0 2461 434 1165.3529411764705 17
stats: {cpu,"tsung_controller@ip-172-31-24-118"} 1 1.0447761194029852 0.0 3.333531991087401 0.30045067601402103 0.7696697476988477 18
stats: session 123 918.6727967479673 761.5386608213937 6067.95 262.523 970.8379823008847 791
stats: users_count 141 939
stats: finish_users_count 123 914
stats: request 666 75.15063363363372 107.93163291119888 580.526 3.376 63.12831961429912 4252
stats: connect 140 2.028071428571429 4.537513177694925 214.042 0.635 4.592310776942355 798
stats: page 369 134.99572086720875 156.0980087918001 773.671 3.587 120.49344589133362 2227
stats: tr_create_post_comment 19 122.46726315789475 91.89157579901155 370.6 44.896 70.19987272727272 165
stats: 302 307 2397
stats: 200 333 2340
stats: size_rcv 6835688 45199316
stats: 422 26 181
stats: newphase 1 3
stats: size_sent 368905 2759682
stats: connected 18 25
# stats: dump at 1575619003
stats: users 13 27
stats: {freemem,"tsung_controller@ip-172-31-24-118"} 1 769.54296875 0.0 775.09765625 769.54296875 771.0380345394736 19
stats: {load,"tsung_controller@ip-172-31-24-118"} 1 0.0 0.0 0.0 0.0 0.0 19
stats: {recvpackets,"tsung_controller@ip-172-31-24-118"} 1 5829.0 0.0 5829 706 1870.7777777777778 18
stats: {sentpackets,"tsung_controller@ip-172-31-24-118"} 1 3804.0 0.0 3804 434 1217.888888888889 18
stats: {cpu,"tsung_controller@ip-172-31-24-118"} 1 1.394422310756972 0.0 3.333531991087401 0.30045067601402103 0.7841490304201181 19
stats: session 174 1038.9711896551717 837.452523123175 6067.95 262.523 963.8179409190369 914
stats: users_count 162 1101
stats: finish_users_count 174 1088
stats: request 893 84.38824412094075 128.4187556857901 1033.796 3.376 64.75639223261487 4918
stats: connect 161 1.991024844720497 4.262038817440581 214.042 0.635 4.209588486140724 938
stats: page 472 160.8195529661016 189.94846557904057 1240.768 3.587 122.5548247303544 2596
stats: tr_create_post_comment 31 124.64016129032258 115.15367861284659 553.311 43.635 75.59704891304348 184
stats: 302 433 2830
stats: 200 428 2768
stats: size_rcv 7848012 53047328
stats: 422 32 213
stats: newphase 0 3
stats: size_sent 497537 3257219
stats: connected -13 12
# stats: dump at 1575619013
stats: users 20 27
stats: {freemem,"tsung_controller@ip-172-31-24-118"} 1 769.3046875 0.0 775.09765625 769.3046875 770.96328125 20
stats: {load,"tsung_controller@ip-172-31-24-118"} 1 0.0 0.0 0.0 0.0 0.0 20
stats: {recvpackets,"tsung_controller@ip-172-31-24-118"} 1 6604.0 0.0 6604 706 2079.1052631578946 19
stats: {sentpackets,"tsung_controller@ip-172-31-24-118"} 1 4389.0 0.0 4389 434 1354.0 19
stats: {cpu,"tsung_controller@ip-172-31-24-118"} 1 1.7839444995044598 0.0 3.333531991087401 0.30045067601402103 0.8146626944369608 20
stats: session 135 1017.4815629629632 879.9150316769827 6067.95 262.523 975.8369347426468 1088
stats: users_count 142 1243
stats: finish_users_count 135 1223
stats: request 746 70.01558847184987 105.72451858287167 1033.796 3.376 67.77329874376184 5811
stats: connect 143 2.67913986013986 5.585165783894513 214.042 0.635 3.884575978161965 1099
stats: page 382 135.1948298429318 162.2367985070644 1240.768 3.587 128.44170599739243 3068
stats: tr_create_post_comment 27 83.9768518518519 70.40872833765854 553.311 43.635 82.66838139534885 215
stats: 302 348 3178
stats: 200 364 3132
stats: size_rcv 6551565 59598893
stats: 422 34 247
stats: newphase 0 3
stats: size_sent 423381 3680600
stats: connected 8 20
# stats: dump at 1575619023
stats: users 14 30
stats: {freemem,"tsung_controller@ip-172-31-24-118"} 1 768.69921875 0.0 775.09765625 768.69921875 770.8843005952381 21
stats: {load,"tsung_controller@ip-172-31-24-118"} 1 0.0 0.0 0.0 0.0 0.0 21
stats: {recvpackets,"tsung_controller@ip-172-31-24-118"} 1 6.0e3 0.0 6604 706 2305.35 20
stats: {sentpackets,"tsung_controller@ip-172-31-24-118"} 1 3954.0 0.0 4389 434 1505.75 20
stats: {cpu,"tsung_controller@ip-172-31-24-118"} 1 1.634472511144131 0.0 3.333531991087401 0.30045067601402103 0.8608189708687465 21
stats: session 176 1052.1626420454534 841.6225231803153 6067.95 262.523 980.4338479149629 1223
stats: users_count 170 1413
stats: finish_users_count 176 1399
stats: request 907 87.0239680264608 121.96574747387997 1033.796 3.376 68.02840750343147 6557
stats: connect 171 7.8977426900584815 29.218311653601884 214.042 0.635 3.745785829307568 1242
stats: page 488 162.56626639344248 185.13996628953817 1240.768 3.385 129.18944318840576 3450
stats: tr_create_post_comment 30 162.21116666666668 166.8806619054633 567.769 40.103 82.81436776859505 242
stats: 302 436 3614
stats: 200 437 3569
stats: size_rcv 8462249 68061142
stats: 422 34 281
stats: newphase 0 3
stats: size_sent 504256 4184856
stats: connected -6 14
# stats: dump at 1575619033
stats: users 24 30
stats: {freemem,"tsung_controller@ip-172-31-24-118"} 1 764.21484375 0.0 775.09765625 764.21484375 770.7849786931819 22
stats: {load,"tsung_controller@ip-172-31-24-118"} 1 0.0 0.0 0.0 0.0 0.0 22
stats: {recvpackets,"tsung_controller@ip-172-31-24-118"} 1 6897.0 0.0 6897 706 2481.285714285714 21
stats: {sentpackets,"tsung_controller@ip-172-31-24-118"} 1 4508.0 0.0 4508 434 1622.3333333333333 21
stats: {cpu,"tsung_controller@ip-172-31-24-118"} 1 2.465483234714004 0.0 3.333531991087401 0.30045067601402103 0.8959850408812641 22
stats: session 164 1025.276268292682 841.7213264463911 6067.95 262.523 989.4576275911361 1399
stats: users_count 174 1587
stats: finish_users_count 164 1563
stats: request 919 83.37701088139276 117.509503360755 1033.796 2.971 70.33668368167204 7464
stats: connect 173 17.42723699421967 42.764608474446895 216.94 0.635 4.248251946213729 1413
stats: page 474 161.07355907172973 182.24887773043153 1240.768 3.385 133.32552488572875 3938
stats: tr_create_post_comment 36 129.1389444444444 148.62773868534478 736.508 33.304 91.57136764705884 272
stats: 302 446 4060
stats: 200 439 4008
stats: size_rcv 7636333 75697475
stats: 422 34 315
stats: newphase 0 3
stats: size_sent 517700 4702556
stats: connected 9 23
# stats: dump at 1575619043
stats: users 15 30
stats: {freemem,"tsung_controller@ip-172-31-24-118"} 1 764.11328125 0.0 775.09765625 764.11328125 770.4993206521739 23
stats: {load,"tsung_controller@ip-172-31-24-118"} 1 0.0 0.0 0.0 0.0 0.0 23
stats: {recvpackets,"tsung_controller@ip-172-31-24-118"} 1 6927.0 0.0 6927 706 2682.0 22
stats: {sentpackets,"tsung_controller@ip-172-31-24-118"} 1 4612.0 0.0 4612 434 1753.5 22
stats: {cpu,"tsung_controller@ip-172-31-24-118"} 1 2.957121734844751 0.0 3.333531991087401 0.30045067601402103 0.9642240927870354 23
stats: session 154 1140.8178571428573 1018.4189724958991 6347.243 262.523 993.2159494561735 1563
stats: users_count 145 1732
stats: finish_users_count 154 1717
stats: request 771 69.69047211413762 106.61723782569098 1033.796 2.971 71.76625074555649 8383
stats: connect 136 2.419426470588236 5.226934236175094 216.94 0.635 5.685808322824718 1586
stats: page 391 138.32869053708458 164.31189318097145 1240.768 3.385 136.3066146872166 4412
stats: tr_create_post_comment 31 90.72709677419354 69.04596989213398 736.508 33.304 95.96238311688313 308
stats: 302 379 4439
stats: 200 361 4369
stats: size_rcv 6617841 82315316
stats: 422 31 346
stats: newphase 0 3
stats: size_sent 439145 5141701
stats: connected -13 10
# stats: dump at 1575619053
stats: users 203 203
stats: {freemem,"tsung_controller@ip-172-31-24-118"} 1 765.03515625 0.0 775.09765625 764.11328125 770.2332356770834 24
stats: {load,"tsung_controller@ip-172-31-24-118"} 1 0.0 0.0 0.0 0.0 0.0 24
stats: {recvpackets,"tsung_controller@ip-172-31-24-118"} 1 5970.0 0.0 6927 706 2866.5652173913045 23
stats: {sentpackets,"tsung_controller@ip-172-31-24-118"} 1 3971.0 0.0 4612 434 1877.7826086956522 23
stats: {cpu,"tsung_controller@ip-172-31-24-118"} 1 1.3986013986013985 0.0 3.333531991087401 0.30045067601402103 1.04726149453944 24
stats: session 113 2262.9113982300887 1751.4552653886283 9237.555 262.523 1006.4545596971457 1717
stats: users_count 301 2033
stats: finish_users_count 113 1830
stats: request 1026 491.0122417153995 620.6431602681462 3951.778 2.971 71.59141730391089 9154
stats: page 562 580.0751992882558 862.1358854788095 5816.444 3.385 136.47122673329162 4803
stats: connect 299 2.11322408026756 4.376692534142282 216.94 0.635 5.427836236933799 1722
stats: tr_create_post_comment 22 1048.2920454545456 1558.4740752884907 5816.589 33.304 95.48364011799411 339
stats: 302 463 4902
stats: 200 550 4919
stats: size_rcv 8624325 90939641
stats: 422 14 360
stats: newphase 1 4
stats: size_sent 625357 5767058
stats: connected 185 195
# stats: dump at 1575619063
stats: users 412 412
stats: {freemem,"tsung_controller@ip-172-31-24-118"} 1 723.49609375 0.0 775.09765625 723.49609375 770.0253125 25
stats: {load,"tsung_controller@ip-172-31-24-118"} 1 0.0 0.0 0.0 0.0 0.0 25
stats: {recvpackets,"tsung_controller@ip-172-31-24-118"} 1 8748.0 0.0 8748 706 2995.875 24
stats: {sentpackets,"tsung_controller@ip-172-31-24-118"} 1 5919.0 0.0 5919 434 1965.0 24
stats: {cpu,"tsung_controller@ip-172-31-24-118"} 1 5.784313725490196 0.0 5.784313725490196 0.30045067601402103 1.0613150907019184 25
stats: session 143 8076.4636643356625 2037.7639148805845 14933.647 262.523 1084.039053005464 1830
stats: users_count 352 2385
stats: finish_users_count 143 1973
stats: request 1129 2097.649215234723 1308.1594987919566 5553.28 2.971 113.86310353634579 10180
stats: connect 350 2.5552714285714315 4.851640991079877 216.94 0.613 4.937450766947058 2021
stats: page 643 2595.979486780717 2590.5813569422317 13069.475 3.385 182.9400864864864 5365
stats: tr_create_post_comment 12 8331.540500000001 2088.873865659297 13069.576 33.304 153.5495263157895 361
stats: 302 486 5388
stats: 200 617 5536
stats: size_rcv 10391993 101331634
stats: 422 27 387
stats: newphase 0 4
stats: size_sent 685779 6452837
stats: connected 212 407
# stats: dump at 1575619073
stats: users 566 568
stats: {freemem,"tsung_controller@ip-172-31-24-118"} 1 677.71875 0.0 775.09765625 677.71875 768.2357271634615 26
stats: {load,"tsung_controller@ip-172-31-24-118"} 1 0.0 0.0 0.0 0.0 0.0 26
stats: {recvpackets,"tsung_controller@ip-172-31-24-118"} 1 9.9e3 0.0 9900 706 3225.96 25
stats: {sentpackets,"tsung_controller@ip-172-31-24-118"} 1 6490.0 0.0 6490 434 2123.16 25
stats: {cpu,"tsung_controller@ip-172-31-24-118"} 1 7.533234859675036 0.0 7.533234859675036 0.30045067601402103 1.2429688843476212 26
stats: session 156 13599.240589743584 3246.4466364319965 25417.623 262.523 1590.8392149011652 1973
stats: users_count 310 2695
stats: finish_users_count 156 2129
stats: connect 309 2.5108705501618087 4.659967559931951 216.94 0.613 4.585800506115565 2371
stats: tr_create_post_comment 13 16766.89253846154 1504.6676263390736 18790.483 33.304 416.6484316353888 373
stats: request 1165 3557.457466952786 1243.8734266132315 6778.557 2.971 311.90842320275914 11309
stats: page 633 5032.913981042647 3960.217696384952 18790.355 3.385 441.1931381491346 6008
stats: 302 533 5921
stats: 200 593 6129
stats: size_rcv 10839957 112171591
stats: 422 38 425
stats: newphase 0 4
stats: size_sent 695542 7148379
stats: connected 153 560
# stats: dump at 1575619083
stats: users 694 695
stats: {freemem,"tsung_controller@ip-172-31-24-118"} 1 642.203125 0.0 775.09765625 642.203125 764.8832465277778 27
stats: {load,"tsung_controller@ip-172-31-24-118"} 1 0.0 0.0 0.0 0.0 0.0 27
stats: {recvpackets,"tsung_controller@ip-172-31-24-118"} 1 10520.0 0.0 10520 706 3482.653846153846 26
stats: {sentpackets,"tsung_controller@ip-172-31-24-118"} 1 6760.0 0.0 6760 434 2291.1153846153848 26
stats: {cpu,"tsung_controller@ip-172-31-24-118"} 1 8.058968058968059 0.0 8.058968058968059 0.30045067601402103 1.4759416982486366 27
stats: session 193 17884.21694300517 4209.728559797794 32552.248 262.523 2470.7408656646303 2129
stats: users_count 321 3016
stats: finish_users_count 193 2322
stats: connect 322 8.319698757763975 27.414335544626148 216.94 0.613 4.346564179104479 2680
stats: request 1349 4273.87740770942 1173.0935689710093 9164.164 2.971 615.0240746352413 12474
stats: page 709 6514.645442877283 5044.203018481789 25990.674 3.385 878.8620575214571 6641
stats: tr_create_post_comment 20 22441.105199999998 2321.5119090471567 25990.867 33.304 967.3043212435233 386
stats: 302 597 6518
stats: 200 709 6838
stats: size_rcv 11660154 123831745
stats: 422 44 469
stats: newphase 0 4
stats: size_sent 802401 7950780
stats: connected 124 684
# stats: dump at 1575619093
stats: users 782 789
stats: {freemem,"tsung_controller@ip-172-31-24-118"} 1 608.10546875 0.0 775.09765625 608.10546875 760.5018136160714 28
stats: {load,"tsung_controller@ip-172-31-24-118"} 1 0.0 0.0 0.0 0.0 0.0 28
stats: {recvpackets,"tsung_controller@ip-172-31-24-118"} 1 10620.0 0.0 10620 706 3743.296296296296 27
stats: {sentpackets,"tsung_controller@ip-172-31-24-118"} 1 6697.0 0.0 6760 434 2456.6296296296296 27
stats: {cpu,"tsung_controller@ip-172-31-24-118"} 1 8.369829683698297 0.0 8.369829683698297 0.30045067601402103 1.7110497825600446 28
stats: session 228 22422.68265350878 6258.169658284482 39496.453 262.523 3751.8781968130897 2322
stats: users_count 316 3332
stats: finish_users_count 228 2550
stats: request 1370 4763.941711678836 1889.432542836799 9164.164 0.742 972.0951262388777 13823
stats: connect 322 10.440350931677006 33.046859998334455 216.94 0.613 4.772729846768821 3002
stats: page 726 8141.4844765840135 6635.349355235717 30619.962 0.849 1422.5042915646245 7350
stats: tr_create_post_comment 39 26580.35394871795 4745.162048510072 30620.11 6.359 2025.1270246305417 406
stats: 302 580 7098
stats: 200 623 7461
stats: size_rcv 10743979 134575724
stats: 422 46 515
stats: newphase 0 4
stats: 502 118 118
stats: size_sent 767935 8718715
stats: connected 101 785
stats: 500 1 1
# stats: dump at 1575619103
stats: users 781 792
stats: {freemem,"tsung_controller@ip-172-31-24-118"} 1 571.4765625 0.0 775.09765625 571.4765625 755.2467672413793 29
stats: {load,"tsung_controller@ip-172-31-24-118"} 1 0.0 0.0 0.0 0.0 0.0 29
stats: {recvpackets,"tsung_controller@ip-172-31-24-118"} 1 10380.0 0.0 10620 706 3988.8928571428573 28
stats: {sentpackets,"tsung_controller@ip-172-31-24-118"} 1 6753.0 0.0 6760 434 2608.0714285714284 28
stats: {cpu,"tsung_controller@ip-172-31-24-118"} 1 7.968519429414658 0.0 8.369829683698297 0.30045067601402103 1.9406628825992949 29
stats: session 313 22869.89333226838 8348.225587036915 44141.502 12.222 5421.267771764705 2550
stats: users_count 312 3644
stats: finish_users_count 313 2863
stats: connect 308 3.3009740259740257 6.022832074748891 216.94 0.613 5.321759326113116 3324
stats: request 1677 4612.691138938593 2812.783679025216 9164.164 0.741 1314.017710458765 15193
stats: page 916 8488.388802401758 7628.2246349160305 35873.473 0.849 2026.5136544081208 8076
stats: tr_create_post_comment 50 28226.440020000002 7053.966205561389 35873.603 6.359 4177.158148314607 445
stats: 302 595 7693
stats: 200 596 8057
stats: size_rcv 11602800 146178524
stats: 422 46 561
stats: newphase 0 4
stats: 502 407 525
stats: size_sent 859690 9578405
stats: connected -11 774
stats: 500 25 26
stats: 404 8 8
# stats: dump at 1575619113
stats: users 805 817
stats: {freemem,"tsung_controller@ip-172-31-24-118"} 1 560.203125 0.0 775.09765625 560.203125 749.12109375 30
stats: {load,"tsung_controller@ip-172-31-24-118"} 1 0.0 0.0 0.0 0.0 0.0 30
stats: {recvpackets,"tsung_controller@ip-172-31-24-118"} 1 11413.0 0.0 11413 706 4209.275862068966 29
stats: {sentpackets,"tsung_controller@ip-172-31-24-118"} 1 7580.0 0.0 7580 434 2751.0 29
stats: {cpu,"tsung_controller@ip-172-31-24-118"} 1 8.732116428219044 0.0 8.732116428219044 0.30045067601402103 2.141591434159807 30
stats: session 492 19815.331703252046 11617.031130365278 48013.574 6.895 7328.854149842823 2863
stats: users_count 516 4160
stats: finish_users_count 492 3355
stats: request 2633 2947.0085563995412 2862.9481633285873 9164.164 0.723 1641.9297045050407 16870
stats: connect 508 2.368122047244095 4.316992128811746 216.94 0.584 5.150393171806167 3632
stats: tr_create_post_comment 83 22615.471228915674 11469.566185452311 36466.855 5.398 6606.37853939394 495
stats: page 1408 6140.627849431821 7592.226506824436 36466.7 0.8 2684.7740676156577 8992
stats: 302 686 8379
stats: 200 601 8658
stats: size_rcv 11371523 157550047
stats: 422 55 616
stats: newphase 1 5
stats: 502 1222 1747
stats: size_sent 1148340 10726745
stats: connected 28 802
stats: 500 36 62
stats: 404 34 42
# stats: dump at 1575619123
stats: users 809 825
stats: {freemem,"tsung_controller@ip-172-31-24-118"} 1 551.703125 0.0 775.09765625 551.703125 743.0269657258065 31
stats: {load,"tsung_controller@ip-172-31-24-118"} 1 0.0 0.0 0.0 0.0 0.0 31
stats: {recvpackets,"tsung_controller@ip-172-31-24-118"} 1 1.28e4 0.0 12800 706 4449.4 30
stats: {sentpackets,"tsung_controller@ip-172-31-24-118"} 1 9761.0 0.0 9761 434 2911.9666666666667 30
stats: {cpu,"tsung_controller@ip-172-31-24-118"} 1 11.444277861069466 0.0 11.444277861069466 0.30045067601402103 2.3541890146133304 31
stats: session 664 13924.264183734933 12095.90275452179 50303.571 6.138 9159.956074217587 3355
stats: users_count 668 4828
stats: finish_users_count 664 4019
stats: connect 666 2.411590090090088 4.689699599331909 216.94 0.584 4.808993719806764 4140
stats: page 1826 4217.531400876229 6249.382091593927 38224.269 0.785 3152.6435026923073 10400
stats: tr_create_post_comment 130 15591.872484615378 11839.405544822965 38224.427 5.227 8905.262091695504 578
stats: 302 738 9117
stats: request 3472 2151.0535956221165 2694.578024469667 9164.164 0.686 1818.1217066092408 19503
stats: 200 489 9147
stats: size_rcv 8226523 165776570
stats: 422 35 651
stats: newphase 0 5
stats: 502 2055 3802
stats: size_sent 1273674 12000419
stats: connected 14 816
stats: 500 88 150
stats: 404 67 109
# stats: dump at 1575619133
stats: users 809 825
stats: {freemem,"tsung_controller@ip-172-31-24-118"} 1 573.7109375 0.0 775.09765625 551.703125 737.048095703125 32
stats: {load,"tsung_controller@ip-172-31-24-118"} 1 0.078125 0.0 0.078125 0.0 0.0 32
stats: {recvpackets,"tsung_controller@ip-172-31-24-118"} 1 12327.0 0.0 12800 706 4718.774193548387 31
stats: {sentpackets,"tsung_controller@ip-172-31-24-118"} 1 10955.0 0.0 10955 434 3132.9032258064517 31
stats: {cpu,"tsung_controller@ip-172-31-24-118"} 1 13.141993957703926 0.0 13.141993957703926 0.30045067601402103 2.638254291065085 32
stats: session 593 14076.196423271493 9758.885195889901 51246.26 6.138 9947.092323214729 4019
stats: users_count 593 5421
stats: finish_users_count 593 4612
stats: request 3256 2441.475293918912 2794.697327411688 9164.164 0.686 1868.4346345157787 22975
stats: connect 599 2.024063439065109 3.7922818894693893 216.94 0.584 4.4767692467748645 4806
stats: page 1714 4712.4739661610365 5821.780581373314 38224.269 0.732 3311.688595288728 12226
stats: 302 766 9883
stats: tr_create_post_comment 118 13628.824152542371 9876.339996529288 38224.427 5.212 10133.029536723165 708
stats: 200 495 9642
stats: size_rcv 9561123 175337693
stats: 422 29 680
stats: newphase 0 5
stats: 502 1772 5574
stats: size_sent 1238293 13238712
stats: connected -18 798
stats: 500 95 245
stats: 404 99 208
# stats: dump at 1575619143
stats: users 793 825
stats: {freemem,"tsung_controller@ip-172-31-24-118"} 1 601.69921875 0.0 775.09765625 551.703125 732.0984848484849 33
stats: {load,"tsung_controller@ip-172-31-24-118"} 1 0.0703125 0.0 0.078125 0.0 0.0023674242424242425 33
stats: {recvpackets,"tsung_controller@ip-172-31-24-118"} 1 13159.0 0.0 13159 706 4956.53125 32
stats: {sentpackets,"tsung_controller@ip-172-31-24-118"} 1 10488.0 0.0 10955 434 3377.34375 32
stats: {cpu,"tsung_controller@ip-172-31-24-118"} 1 12.400398406374503 0.0 13.141993957703926 0.30045067601402103 2.956549432478383 33
stats: session 647 13063.840615146832 9644.91987641255 55157.894 6.138 10478.002715958368 4612
stats: users_count 631 6052
stats: finish_users_count 647 5259
stats: request 3500 2178.808553428578 2590.445458799396 9164.164 0.686 1939.5649912317485 26231
stats: connect 636 4.1355141509434015 13.218188784650302 216.94 0.584 4.204952266419982 5405
stats: page 1810 4258.230676243103 5602.231494939504 38224.269 0.732 3483.922894117647 13940
stats: tr_create_post_comment 138 13663.391130434777 9176.405540761407 38224.427 5.212 10632.42876755448 826
stats: 302 783 10666
stats: 200 498 10140
stats: size_rcv 9116462 184454155
stats: 422 25 705
stats: newphase 0 5
stats: 502 1967 7541
stats: size_sent 1298549 14537261
stats: connected -8 790
stats: 500 104 349
stats: 404 123 331
# stats: dump at 1575619153
stats: users 820 825
stats: {freemem,"tsung_controller@ip-172-31-24-118"} 1 603.91015625 0.0 775.09765625 551.703125 728.2632123161765 34
stats: {load,"tsung_controller@ip-172-31-24-118"} 1 0.19921875 0.0 0.19921875 0.0 0.004365808823529412 34
stats: {recvpackets,"tsung_controller@ip-172-31-24-118"} 1 12554.0 0.0 13159 706 5205.090909090909 33
stats: {sentpackets,"tsung_controller@ip-172-31-24-118"} 1 10422.0 0.0 10955 434 3592.818181818182 33
stats: {cpu,"tsung_controller@ip-172-31-24-118"} 1 12.821782178217822 0.0 13.141993957703926 0.30045067601402103 3.2343096964165046 34
stats: session 627 13048.912867623587 8697.91729307727 55157.894 6.138 10796.131090321353 5259
stats: users_count 654 6706
stats: finish_users_count 627 5886
stats: connect 649 10.221371340523877 31.732582652615854 216.94 0.584 4.19764178116206 6041
stats: page 1751 4442.226033123921 5431.57037657224 38224.269 0.732 3572.9068360634933 15750
stats: tr_create_post_comment 118 13519.91725423729 8535.758889859317 38224.427 5.212 11066.321719917012 964
stats: request 3278 2278.2773123856055 2606.5533485837577 9752.243 0.686 1967.729279943494 29731
stats: 302 754 11420
stats: 200 524 10664
stats: size_rcv 9859649 194313804
stats: 422 37 742
stats: newphase 0 5
stats: 502 1774 9315
stats: size_sent 1239740 15777001
stats: connected 23 813
stats: 500 80 429
stats: 404 108 439
# stats: dump at 1575619163
stats: users 803 825
stats: {freemem,"tsung_controller@ip-172-31-24-118"} 1 608.25390625 0.0 775.09765625 551.703125 724.7102678571429 35
stats: {load,"tsung_controller@ip-172-31-24-118"} 1 0.171875 0.0 0.19921875 0.0 0.009933035714285714 35
stats: {recvpackets,"tsung_controller@ip-172-31-24-118"} 1 12998.0 0.0 13159 706 5421.235294117647 34
stats: {sentpackets,"tsung_controller@ip-172-31-24-118"} 1 10576.0 0.0 10955 434 3793.676470588235 34
stats: {cpu,"tsung_controller@ip-172-31-24-118"} 1 11.793855302279486 0.0 13.141993957703926 0.30045067601402103 3.5082374816108275 35
stats: session 640 12086.000759375005 8965.917842330015 55157.894 6.106 11036.106315324496 5886
stats: users_count 623 7329
stats: finish_users_count 640 6526
stats: connect 624 2.512932692307688 5.519830929681137 216.94 0.584 4.782006576980568 6690
stats: page 1774 4096.577863021415 5354.951380085535 38224.269 0.732 3659.8834610593685 17501
stats: request 3369 2318.1091867022787 2792.2299751348937 9752.243 0.686 1998.5686404313985 33009
stats: tr_create_post_comment 118 12319.588627118645 8947.540792382619 38224.427 5.212 11333.904227356747 1082
stats: 302 746 12166
stats: 200 469 11133
stats: size_rcv 8266693 202580497
stats: 422 28 770
stats: newphase 0 5
stats: 502 1925 11240
stats: size_sent 1226420 17003421
stats: connected -9 804
stats: 500 92 521
stats: 404 109 548
# stats: dump at 1575619173
stats: users 853 866
stats: {freemem,"tsung_controller@ip-172-31-24-118"} 1 603.671875 0.0 775.09765625 551.703125 721.4753689236111 36
stats: {load,"tsung_controller@ip-172-31-24-118"} 1 0.1484375 0.0 0.19921875 0.0 0.014431423611111112 36
stats: {recvpackets,"tsung_controller@ip-172-31-24-118"} 1 12433.0 0.0 13159 706 5637.714285714285 35
stats: {sentpackets,"tsung_controller@ip-172-31-24-118"} 1 10301.0 0.0 10955 434 3987.457142857143 35
stats: {cpu,"tsung_controller@ip-172-31-24-118"} 1 11.438561438561438 0.0 13.141993957703926 0.30045067601402103 3.738393532184957 36
stats: session 1015 9250.393302463048 9019.126997842208 55157.894 6.089 11139.06868801716 6526
stats: users_count 1065 8394
stats: finish_users_count 1015 7541
stats: connect 1052 2.4578564638783322 5.1124268705736995 216.94 0.556 4.588418649165982 7314
stats: page 2886 2841.2437997227994 4975.63830803313 38224.269 0.722 3700.075205239948 19275
stats: tr_create_post_comment 197 9693.376279187825 9320.055235738046 38224.427 5.212 11430.82986 1200
stats: request 5427 1354.5183851114791 2351.00613657353 9752.243 0.686 2028.1615839793285 36378
stats: 302 734 12900
stats: 200 503 11636
stats: size_rcv 9980838 212561335
stats: 422 30 800
stats: newphase 1 6
stats: 502 3992 15232
stats: size_sent 1686809 18690230
stats: connected 57 861
stats: 500 70 591
stats: 404 99 647
# stats: dump at 1575619183
stats: users 844 866
stats: {freemem,"tsung_controller@ip-172-31-24-118"} 1 609.6484375 0.0 775.09765625 551.703125 718.2914907094595 37
stats: {load,"tsung_controller@ip-172-31-24-118"} 1 0.12109375 0.0 0.19921875 0.0 0.01805320945945946 37
stats: {recvpackets,"tsung_controller@ip-172-31-24-118"} 1 16824.0 0.0 16824 706 5826.472222222223 36
stats: {sentpackets,"tsung_controller@ip-172-31-24-118"} 1 16218.0 0.0 16218 434 4162.833333333333 36
stats: {cpu,"tsung_controller@ip-172-31-24-118"} 1 16.497975708502025 0.0 16.497975708502025 0.30045067601402103 3.94650617830324 37
stats: session 1192 7577.206863255037 7888.3343034794 55157.894 6.089 10884.857639570346 7541
stats: users_count 1183 9577
stats: finish_users_count 1192 8733
stats: request 6444 1222.6948744568551 2426.852969541551 9752.243 0.666 1940.7112397560102 41805
stats: connect 1190 2.0200722689075667 4.140432246523848 216.94 0.556 4.32050669376046 8366
stats: page 3361 2335.4375745313887 4302.636141626234 38224.269 0.722 3588.230638824963 22161
stats: tr_create_post_comment 250 7200.436752000006 7882.200534005574 38224.427 4.606 11185.82029992842 1397
stats: 302 778 13678
stats: 200 361 11997
stats: size_rcv 7214745 219776080
stats: 422 22 822
stats: newphase 0 6
stats: 502 5061 20293
stats: size_sent 1771074 20461304
stats: connected -20 841
stats: 500 120 711
stats: 404 101 748
# stats: dump at 1575619193
stats: users 850 866
stats: {freemem,"tsung_controller@ip-172-31-24-118"} 1 625.65625 0.0 775.09765625 551.703125 715.432462993421 38
stats: {load,"tsung_controller@ip-172-31-24-118"} 1 0.1015625 0.0 0.19921875 0.0 0.020764802631578948 38
stats: {recvpackets,"tsung_controller@ip-172-31-24-118"} 1 16167.0 0.0 16824 706 6123.7027027027025 37
stats: {sentpackets,"tsung_controller@ip-172-31-24-118"} 1 16630.0 0.0 16630 434 4488.648648648648 37
stats: {cpu,"tsung_controller@ip-172-31-24-118"} 1 16.974358974358974 0.0 16.974358974358974 0.30045067601402103 4.276808008045314 38
stats: session 1228 6885.24119625407 7335.443676195177 55157.894 6.089 10433.383950646969 8733
stats: users_count 1234 10811
stats: finish_users_count 1228 9961
stats: request 6770 1142.2077868537772 2202.9122207318355 9752.243 0.666 1844.8150044353245 48249
stats: 302 820 14498
stats: connect 1236 2.2316067961165045 4.4106228486860966 216.94 0.556 4.034035684386774 9556
stats: page 3482 2197.613909247548 4069.5699952561386 38224.269 0.722 3423.2499363294414 25522
stats: tr_create_post_comment 250 6345.183204000003 7544.675717437935 38224.427 4.606 10580.874406193081 1647
stats: 200 420 12417
stats: size_rcv 8161341 227937421
stats: 422 26 848
stats: newphase 0 6
stats: 502 5258 25551
stats: size_sent 1826116 22287420
stats: connected 4 845
stats: 500 123 834
stats: 404 124 872
# stats: dump at 1575619203
stats: users 901 902
stats: {freemem,"tsung_controller@ip-172-31-24-118"} 1 638.8828125 0.0 775.09765625 551.703125 713.1305088141025 39
stats: {load,"tsung_controller@ip-172-31-24-118"} 1 0.25 0.0 0.25 0.0 0.02283653846153846 39
stats: {recvpackets,"tsung_controller@ip-172-31-24-118"} 1 16984.0 0.0 16984 706 6388.0 38
stats: {sentpackets,"tsung_controller@ip-172-31-24-118"} 1 17325.0 0.0 17325 434 4808.1578947368425 38
stats: {cpu,"tsung_controller@ip-172-31-24-118"} 1 18.781725888324875 0.0 18.781725888324875 0.30045067601402103 4.602386237950792 39
stats: session 1101 7704.823905540412 7145.3629727057805 55157.894 5.796 9995.966090753938 9961
stats: users_count 1152 11963
stats: finish_users_count 1101 11062
stats: request 5959 1323.630446887058 2327.7334188266623 9752.243 0.666 1758.3603094567338 55019
stats: connect 1156 10.605852076124549 29.388491312460758 216.94 0.556 3.827604799851743 10792
stats: page 3092 2564.199460866752 4358.4204916985 38224.269 0.722 3276.10938170597 29004
stats: 302 822 15320
stats: tr_create_post_comment 242 8473.132214876043 7391.480670072579 38224.427 4.606 10022.665233526623 1897
stats: 200 422 12839
stats: size_rcv 7831725 235769146
stats: 422 20 868
stats: newphase 0 6
stats: 502 4431 29982
stats: size_sent 1695926 23983346
stats: connected 44 889
stats: 500 122 956
stats: 404 143 1015
# stats: dump at 1575619213
stats: users 857 964
stats: {freemem,"tsung_controller@ip-172-31-24-118"} 1 637.71484375 0.0 775.09765625 551.703125 711.27431640625 40
stats: {load,"tsung_controller@ip-172-31-24-118"} 1 0.37109375 0.0 0.37109375 0.0 0.028515625 40
stats: {recvpackets,"tsung_controller@ip-172-31-24-118"} 1 16053.0 0.0 16984 706 6659.692307692308 39
stats: {sentpackets,"tsung_controller@ip-172-31-24-118"} 1 15322.0 0.0 17325 434 5129.102564102564 39
stats: {cpu,"tsung_controller@ip-172-31-24-118"} 1 15.965626413387607 0.0 18.781725888324875 0.30045067601402103 4.956869729210143 40
stats: session 1200 7358.842781666651 6899.864977594224 55157.894 5.796 9767.928887181339 11062
stats: users_count 1156 13119
stats: finish_users_count 1200 12262
stats: request 6374 1235.357449011607 2301.5852442738374 9752.243 0.666 1715.8768686903477 60978
stats: connect 1165 21.317755364806835 44.851795175419106 262.461 0.556 4.483417810512218 11948
stats: page 3360 2397.8677059523857 4048.9276841620085 38224.269 0.722 3207.526833250248 32096
stats: tr_create_post_comment 243 7442.635769547329 7113.462547639491 38224.427 4.606 9847.355747545585 2139
stats: 302 755 16075
stats: 200 390 13229
stats: size_rcv 7357354 243126500
stats: 422 15 883
stats: newphase 0 6
stats: 502 5007 34989
stats: size_sent 1769016 25752362
stats: connected -35 854
stats: 500 89 1045
stats: 404 116 1131
# stats: dump at 1575619223
stats: users 835 964
stats: {freemem,"tsung_controller@ip-172-31-24-118"} 1 632.30078125 0.0 775.09765625 551.703125 709.4801829268292 41
stats: {load,"tsung_controller@ip-172-31-24-118"} 1 0.55078125 0.0 0.55078125 0.0 0.036871189024390245 41
stats: {recvpackets,"tsung_controller@ip-172-31-24-118"} 1 17375.0 0.0 17375 706 6894.525 40
stats: {sentpackets,"tsung_controller@ip-172-31-24-118"} 1 17011.0 0.0 17325 434 5383.925 40
stats: {cpu,"tsung_controller@ip-172-31-24-118"} 1 16.82938168293817 0.0 18.781725888324875 0.30045067601402103 5.225375989799837 41
stats: session 1178 7545.856713073004 7129.9101520721115 55157.894 5.796 9532.167728592394 12262
stats: users_count 1156 14275
stats: finish_users_count 1178 13440
stats: request 6328 1308.2459141909037 2410.243657959049 9752.243 0.666 1670.4018897582848 67352
stats: page 3295 2432.6737359635827 4239.321047993891 38224.269 0.722 3130.799208370938 35456
stats: connect 1162 2.602947504302923 5.376399831151349 262.461 0.556 5.9790330969267105 13113
stats: tr_create_post_comment 221 7277.194669683256 7689.82132075023 38224.427 4.606 9602.03796641478 2382
stats: 302 810 16885
stats: 200 417 13646
stats: size_rcv 8316947 251443447
stats: 422 18 901
stats: newphase 0 6
stats: 502 4810 39799
stats: size_sent 1772383 27524745
stats: connected -17 837
stats: 500 158 1203
stats: 404 115 1246
# stats: dump at 1575619233
stats: users 918 964
stats: {freemem,"tsung_controller@ip-172-31-24-118"} 1 634.2734375 0.0 775.09765625 551.703125 707.642578125 42
stats: {load,"tsung_controller@ip-172-31-24-118"} 1 0.4609375 0.0 0.55078125 0.0 0.049107142857142856 42
stats: {recvpackets,"tsung_controller@ip-172-31-24-118"} 1 16387.0 0.0 17375 706 7150.1463414634145 41
stats: {sentpackets,"tsung_controller@ip-172-31-24-118"} 1 16394.0 0.0 17325 434 5667.512195121952 41
stats: {cpu,"tsung_controller@ip-172-31-24-118"} 1 17.840851495185 0.0 18.781725888324875 0.30045067601402103 5.501661839636465 42
stats: session 2016 4789.51714732143 6157.250793113314 55157.894 5.796 9358.06993273809 13440
stats: users_count 2099 16374
stats: finish_users_count 2016 15456
stats: request 10514 673.0758841544585 1739.0476302260186 9752.243 0.666 1639.298157220413 73680
stats: connect 1974 2.3301803444782125 5.01877993039799 262.461 0.488 5.7042161821366 14275
stats: page 5478 1405.6531683096057 3360.1959581931233 38224.269 0.722 3071.4375549534197 38751
stats: tr_create_post_comment 398 4869.203143216079 6688.919605764984 38224.427 4.606 9404.654036880525 2603
stats: 302 787 17672
stats: 200 391 14037
stats: size_rcv 8605379 260048826
stats: 422 15 916
stats: newphase 1 7
stats: 502 9085 48884
stats: size_sent 2471020 29995765
stats: connected 75 912
stats: 500 98 1301
stats: 404 138 1384
# stats: dump at 1575619243
stats: users 954 964
stats: {freemem,"tsung_controller@ip-172-31-24-118"} 1 637.03125 0.0 775.09765625 551.703125 705.9363190406976 43
stats: {load,"tsung_controller@ip-172-31-24-118"} 1 0.69921875 0.0 0.69921875 0.0 0.058684593023255814 43
stats: {recvpackets,"tsung_controller@ip-172-31-24-118"} 1 25484.0 0.0 25484 706 7370.071428571428 42
stats: {sentpackets,"tsung_controller@ip-172-31-24-118"} 1 28894.0 0.0 28894 434 5922.904761904762 42
stats: {cpu,"tsung_controller@ip-172-31-24-118"} 1 28.63049095607235 0.0 28.63049095607235 0.30045067601402103 5.788619738602709 43
stats: session 2356 3858.1938064516135 5301.410648306822 55157.894 5.792 8762.171743335915 15456
stats: users_count 2392 18766
stats: finish_users_count 2356 17812
stats: page 6597 1124.4812717902118 2842.0353747154154 38224.269 0.72 2865.1211817585745 44229
stats: tr_create_post_comment 487 3757.5297207392196 5780.509409105527 38224.427 4.606 8803.151385871379 3001
stats: 302 826 18498
stats: request 12541 599.4872431225621 1690.9372136442094 9752.243 0.666 1518.6380035394448 84194
stats: connect 2377 2.560466975178797 5.128113925198006 262.461 0.488 5.294323466059447 16249
stats: 200 346 14383
stats: size_rcv 8186492 268235318
stats: 422 12 928
stats: newphase 0 7
stats: 502 11090 59974
stats: size_sent 2731721 32727486
stats: connected 17 929
stats: 500 143 1444
stats: 404 124 1508
# stats: dump at 1575619253
stats: users 925 980
stats: {freemem,"tsung_controller@ip-172-31-24-118"} 1 638.6796875 0.0 775.09765625 551.703125 704.3702947443181 44
stats: {load,"tsung_controller@ip-172-31-24-118"} 1 0.75 0.0 0.75 0.0 0.0732421875 44
stats: {recvpackets,"tsung_controller@ip-172-31-24-118"} 1 26375.0 0.0 26375 706 7791.325581395349 43
stats: {sentpackets,"tsung_controller@ip-172-31-24-118"} 1 31002.0 0.0 31002 434 6457.116279069767 43
stats: {cpu,"tsung_controller@ip-172-31-24-118"} 1 31.815803244374674 0.0 31.815803244374674 0.30045067601402103 6.307753175363382 44
stats: session 2455 3804.6140309572356 5084.057634586983 55157.894 5.792 8113.520720469342 17812
stats: users_count 2426 21192
stats: finish_users_count 2455 20267
stats: connect 2460 3.026410569105683 6.246422386634293 262.461 0.488 4.945436057124447 18626
stats: page 6915 1121.3258831525675 2882.0332171789455 38224.269 0.72 2639.19347770826 50826
stats: tr_create_post_comment 465 3368.488144086024 5375.706639806359 38224.427 4.606 8098.673819667433 3488
stats: 302 789 19287
stats: request 13099 585.9900458813602 1719.982738348515 9752.243 0.666 1399.476689781362 96735
stats: 200 390 14773
stats: size_rcv 9173398 277408716
stats: 422 15 943
stats: newphase 0 7
stats: 502 11675 71649
stats: size_sent 2898407 35625893
stats: connected 14 943
stats: 500 123 1567
stats: 404 107 1615
# stats: dump at 1575619263
stats: users 969 983
stats: {freemem,"tsung_controller@ip-172-31-24-118"} 1 637.12890625 0.0 775.09765625 551.703125 702.9105034722221 45
stats: {load,"tsung_controller@ip-172-31-24-118"} 1 0.78125 0.0 0.78125 0.0 0.08828125 45
stats: {recvpackets,"tsung_controller@ip-172-31-24-118"} 1 27001.0 0.0 27001 706 8213.681818181818 44
stats: {sentpackets,"tsung_controller@ip-172-31-24-118"} 1 31587.0 0.0 31587 434 7014.954545454545 44
stats: {cpu,"tsung_controller@ip-172-31-24-118"} 1 30.910041841004183 0.0 31.815803244374674 0.30045067601402103 6.8745987324525215 45
stats: session 2456 3881.278300081433 5210.437921242167 55157.894 5.792 7591.570460304926 20267
stats: users_count 2500 23692
stats: finish_users_count 2456 22723
stats: request 13137 589.0492843114866 1733.0760936874644 9766.922 0.666 1302.458812362292 109834
stats: 302 820 20107
stats: connect 2462 9.447354995938259 30.49422503616628 262.461 0.488 4.721552783837614 21086
stats: page 6887 1123.5395932917106 2921.3278634144635 38224.269 0.72 2457.4152886164084 57741
stats: tr_create_post_comment 488 3555.4103893442602 5447.845709531684 38224.427 4.606 7542.251775866433 3953
stats: 200 334 15107
stats: size_rcv 8595302 286004018
stats: 422 15 958
stats: newphase 0 7
stats: 502 11731 83380
stats: size_sent 2824445 38450338
stats: connected 4 947
stats: 500 132 1699
stats: 404 105 1720
# stats: dump at 1575619273
stats: users 932 986
stats: {freemem,"tsung_controller@ip-172-31-24-118"} 1 637.2421875 0.0 775.09765625 551.703125 701.4804687499999 46
stats: {load,"tsung_controller@ip-172-31-24-118"} 1 0.8203125 0.0 0.8203125 0.0 0.10334578804347826 46
stats: {recvpackets,"tsung_controller@ip-172-31-24-118"} 1 26515.0 0.0 27001 706 8631.177777777777 45
stats: {sentpackets,"tsung_controller@ip-172-31-24-118"} 1 31351.0 0.0 31587 434 7561.0 45
stats: {cpu,"tsung_controller@ip-172-31-24-118"} 1 33.24924318869829 0.0 33.24924318869829 0.30045067601402103 7.397108365247123 46
stats: session 2426 4006.6155395713095 5294.680094011431 55157.894 5.792 7190.546055714472 22723
stats: users_count 2389 26081
stats: finish_users_count 2426 25149
stats: request 12971 634.0966094364362 1814.2796979772988 9766.922 0.666 1226.2452256629613 122971
stats: connect 2440 14.086391803278689 40.03756400907674 262.461 0.488 5.215646764056393 23548
stats: page 6817 1193.6355393868203 3053.873091872742 38224.269 0.72 2315.2725344896958 64628
stats: tr_create_post_comment 454 3374.3128590308393 5639.53784505424 38224.427 4.606 7104.157068227878 4441
stats: 302 879 20986
stats: 200 348 15455
stats: size_rcv 9011584 295015602
stats: 422 16 974
stats: newphase 0 7
stats: 502 11503 94883
stats: size_sent 2775541 41225879
stats: connected -22 925
stats: 500 122 1821
stats: 404 103 1823
# stats: dump at 1575619283
stats: users 924 986
stats: {freemem,"tsung_controller@ip-172-31-24-118"} 1 637.94921875 0.0 775.09765625 551.703125 700.1136968085107 47
stats: {load,"tsung_controller@ip-172-31-24-118"} 1 0.94140625 0.0 0.94140625 0.0 0.1186003989361702 47
stats: {recvpackets,"tsung_controller@ip-172-31-24-118"} 1 26830.0 0.0 27001 706 9019.95652173913 46
stats: {sentpackets,"tsung_controller@ip-172-31-24-118"} 1 31031.0 0.0 31587 434 8078.173913043478 46
stats: {cpu,"tsung_controller@ip-172-31-24-118"} 1 31.256490134994806 0.0 33.24924318869829 0.30045067601402103 7.94715378702268 47
stats: session 2417 3824.260862225907 4990.74972216051 55157.894 5.792 6883.407981351144 25149
stats: users_count 2409 28490
stats: finish_users_count 2417 27566
stats: connect 2407 2.808173660157872 5.873201182012362 262.461 0.478 6.048516469139601 25988
stats: page 6732 1138.9561094771245 2851.0618241480342 38224.269 0.72 2208.250358051648 71445
stats: tr_create_post_comment 515 3633.0366893203877 5398.130448990766 38224.427 4.606 6758.222589989788 4895
stats: 302 810 21796
stats: request 12952 575.6278763897483 1632.1443782183262 9766.922 0.666 1169.7449556869844 135942
stats: 200 399 15854
stats: size_rcv 9239232 304254834
stats: 422 9 983
stats: newphase 0 7
stats: 502 11454 106337
stats: size_sent 2899356 44125235
stats: connected 1 926
stats: 500 133 1954
stats: 404 147 1970
# stats: dump at 1575619293
stats: users 559 986
stats: {freemem,"tsung_controller@ip-172-31-24-118"} 1 637.41796875 0.0 775.09765625 551.703125 698.818603515625 48
stats: {load,"tsung_controller@ip-172-31-24-118"} 1 0.7890625 0.0 0.94140625 0.0 0.1357421875 48
stats: {recvpackets,"tsung_controller@ip-172-31-24-118"} 1 27389.0 0.0 27389 706 9398.893617021276 47
stats: {sentpackets,"tsung_controller@ip-172-31-24-118"} 1 31872.0 0.0 31872 434 8566.531914893618 47
stats: {cpu,"tsung_controller@ip-172-31-24-118"} 1 32.7300930713547 0.0 33.24924318869829 0.30045067601402103 8.432764960938766 48
stats: session 946 6004.379454545452 5738.0276888791495 55157.894 5.792 6615.180505949355 27566
stats: users_count 581 29071
stats: finish_users_count 946 28512
stats: page 2544 2424.4695632861653 3866.434965844413 38224.269 0.72 2116.1709883981225 78177
stats: request 5129 1525.7146322869962 2351.5913107967012 9766.922 0.666 1118.0638643665968 148894
stats: tr_create_post_comment 219 5534.849547945203 6165.114505556544 38224.427 4.606 6460.723377634014 5410
stats: connect 676 2.4510162721893547 5.232745578393503 262.461 0.478 5.773837647473146 28395
stats: 302 946 22742
stats: 200 358 16212
stats: size_rcv 7586339 311841173
stats: 422 14 997
stats: newphase 0 7
stats: 502 3511 109848
stats: size_sent 1357881 45483116
stats: connected -350 576
stats: 500 150 2104
stats: 404 150 2120
# stats: dump at 1575619301
stats: users 0 986
stats: {freemem,"tsung_controller@ip-172-31-24-118"} 1 632.33984375 0.0 775.09765625 551.703125 697.5655293367347 49
stats: {load,"tsung_controller@ip-172-31-24-118"} 1 0.671875 0.0 0.94140625 0.0 0.1490752551020408 49
stats: {recvpackets,"tsung_controller@ip-172-31-24-118"} 1 12106.0 0.0 27389 706 9773.6875 48
stats: {sentpackets,"tsung_controller@ip-172-31-24-118"} 1 9269.0 0.0 31872 434 9052.062500000002 48
stats: {cpu,"tsung_controller@ip-172-31-24-118"} 1 11.301369863013697 0.0 33.24924318869829 0.30045067601402103 8.928628799926846 49
stats: session 559 13700.893293381036 3945.427736129434 55157.894 5.792 6594.914730324072 28512
stats: users_count 0 29071
stats: finish_users_count 559 29071
stats: request 1663 1435.6487336139498 1964.4766993487372 9766.922 0.666 1131.638725190394 154023
stats: page 692 7354.081043352607 5074.465047938306 38224.269 0.72 2125.887314688867 80721
stats: connect 0 0 0 262.461 0.478 5.696570706202056 29071
stats: tr_create_post_comment 233 8623.743789699582 5390.611871829035 38224.427 4.606 6424.701638656957 5629
stats: 302 1001 23743
stats: 200 339 16551
stats: size_rcv 8990860 320832033
stats: 422 73 1070
stats: newphase 0 7
stats: 502 0 109848
stats: size_sent 590999 46074115
stats: connected -576 0
stats: 500 4 2108
stats: 404 246 2366
EndMonitor:{1575,619301,253935}