# stats: dump at 1575452395
stats: users 17 24
stats: {cpu,"tsung_controller@ip-172-31-27-70"} 1 5.01915738064971 0 5.01915738064971 5.01915738064971 0 0
stats: {load,"tsung_controller@ip-172-31-27-70"} 1 0.0 0 0.0 0.0 0 0
stats: {freemem,"tsung_controller@ip-172-31-27-70"} 1 738.18359375 0 738.18359375 738.18359375 0 0
stats: session 146 951.0228561643837 985.638011554702 4579.063 269.623 0 0
stats: users_count 163 163
stats: finish_users_count 146 146
stats: request 826 55.75711016949157 82.17558857128743 276.935 3.682 0 0
stats: connect 156 1.6581538461538463 2.7785439674216903 26.068 0.637 0 0
stats: page 394 115.86031725888324 126.22478465238697 472.493 3.682 0 0
stats: tr_create_post_comment 34 66.65394117647057 22.056900282119503 150.381 44.355 0 0
stats: 302 377 377
stats: 200 401 401
stats: size_rcv 9330326 9330326
stats: 422 48 48
stats: size_sent 471983 471983
stats: connected 17 17
# stats: dump at 1575452405
stats: users 19 24
stats: {recvpackets,"tsung_controller@ip-172-31-27-70"} 1 8997 0 8997 8997 0 0
stats: {sentpackets,"tsung_controller@ip-172-31-27-70"} 1 5602 0 5602 5602 0 0
stats: {cpu,"tsung_controller@ip-172-31-27-70"} 1 4.085603112840467 0.0 5.01915738064971 4.085603112840467 5.01915738064971 1
stats: {load,"tsung_controller@ip-172-31-27-70"} 1 0.0 0.0 0.0 0.0 0.0 1
stats: {freemem,"tsung_controller@ip-172-31-27-70"} 1 727.78515625 0.0 738.18359375 727.78515625 738.18359375 1
stats: session 146 991.2672123287667 927.3886074584682 5384.04 268.228 951.0228561643837 146
stats: users_count 148 311
stats: finish_users_count 146 292
stats: request 826 57.368755447941936 82.02575164690917 314.449 3.637 55.75711016949157 826
stats: connect 147 18.65235374149659 45.83655435174914 207.721 0.637 1.6581538461538463 156
stats: page 399 119.9631654135339 118.52764985860986 472.493 3.637 115.86031725888324 394
stats: tr_create_post_comment 33 66.57821212121212 29.982218224845827 173.602 44.355 66.65394117647057 34
stats: 302 382 759
stats: 200 396 797
stats: size_rcv 9514348 18844674
stats: 422 48 96
stats: size_sent 468612 940595
stats: connected -2 15
# stats: dump at 1575452415
stats: users 23 24
stats: {recvpackets,"tsung_controller@ip-172-31-27-70"} 1 7499.0 0.0 8997 7499 8997.0 1
stats: {sentpackets,"tsung_controller@ip-172-31-27-70"} 1 4716.0 0.0 5602 4716 5602.0 1
stats: {cpu,"tsung_controller@ip-172-31-27-70"} 1 2.9901960784313726 0.0 5.01915738064971 2.9901960784313726 4.552380246745088 2
stats: {load,"tsung_controller@ip-172-31-27-70"} 1 0.0 0.0 0.0 0.0 0.0 2
stats: {freemem,"tsung_controller@ip-172-31-27-70"} 1 727.640625 0.0 738.18359375 727.640625 732.984375 2
stats: session 151 1029.1409536423841 1066.846384054004 6149.051 268.228 971.1450342465753 292
stats: users_count 155 466
stats: finish_users_count 151 443
stats: request 866 50.77139145496528 78.88994984395286 314.449 3.36 56.56293280871676 1652
stats: connect 150 1.7503533333333332 3.6097570816453692 207.721 0.637 9.902864686468643 303
stats: page 399 109.58758145363414 116.81171916965866 472.493 3.637 117.92467591424972 793
stats: tr_create_post_comment 40 55.713874999999994 5.575069233594773 173.602 44.355 66.61664179104477 67
stats: 302 410 1169
stats: 200 408 1205
stats: size_rcv 9241313 28085987
stats: 422 48 144
stats: size_sent 502137 1442732
stats: connected 1 16
# stats: dump at 1575452425
stats: users 19 27
stats: {recvpackets,"tsung_controller@ip-172-31-27-70"} 1 8019.0 0.0 8997 7499 8248.0 2
stats: {sentpackets,"tsung_controller@ip-172-31-27-70"} 1 5052.0 0.0 5602 4716 5159.0 2
stats: {cpu,"tsung_controller@ip-172-31-27-70"} 1 3.560975609756097 0.0 5.01915738064971 2.9901960784313726 4.031652190640516 3
stats: {load,"tsung_controller@ip-172-31-27-70"} 1 0.0 0.0 0.0 0.0 0.0 3
stats: {freemem,"tsung_controller@ip-172-31-27-70"} 1 727.7265625 0.0 738.18359375 727.640625 731.203125 3
stats: session 176 1063.0612897727283 1120.9871602746312 6969.719 268.118 990.91339503386 443
stats: users_count 172 638
stats: finish_users_count 176 619
stats: request 994 52.29944668008049 80.46241281905272 314.449 3.36 54.571084193804616 2518
stats: connect 172 1.477627906976745 2.0530573941983117 207.721 0.633 7.203357615894037 453
stats: tr_create_post_comment 45 55.64642222222222 5.71126891714535 173.602 44.355 62.54084112149532 107
stats: page 471 110.56867091295115 117.24574529798427 472.493 3.637 115.13398741610742 1192
stats: 302 479 1648
stats: 200 466 1671
stats: size_rcv 11028728 39114715
stats: 422 49 193
stats: size_sent 569298 2012030
stats: connected 0 16
# stats: dump at 1575452435
stats: users 16 27
stats: {recvpackets,"tsung_controller@ip-172-31-27-70"} 1 8871.0 0.0 8997 7499 8171.666666666667 3
stats: {sentpackets,"tsung_controller@ip-172-31-27-70"} 1 5544.0 0.0 5602 4716 5123.333333333333 3
stats: {cpu,"tsung_controller@ip-172-31-27-70"} 1 3.9805825242718447 0.0 5.01915738064971 2.9901960784313726 3.9139830454194113 4
stats: {load,"tsung_controller@ip-172-31-27-70"} 1 0.0 0.0 0.0 0.0 0.0 4
stats: {freemem,"tsung_controller@ip-172-31-27-70"} 1 727.30078125 0.0 738.18359375 727.30078125 730.333984375 4
stats: session 166 1040.844030120482 1104.5108569646022 6969.719 267.776 1011.4271744749598 619
stats: users_count 163 801
stats: finish_users_count 166 785
stats: request 933 54.23905894962484 80.48918017398447 314.449 3.36 53.92814350797267 3512
stats: connect 172 1.9723023255813954 3.9607191459109155 207.721 0.633 5.627636799999998 625
stats: page 462 110.1203831168831 116.74194882033848 472.493 3.637 113.84098436560434 1663
stats: tr_create_post_comment 33 58.8170909090909 14.061050677074267 173.602 44.355 60.499730263157886 152
stats: 302 421 2069
stats: 200 459 2130
stats: size_rcv 11056967 50171682
stats: 422 53 246
stats: size_sent 528180 2540210
stats: connected -1 15
# stats: dump at 1575452445
stats: users 10 27
stats: {recvpackets,"tsung_controller@ip-172-31-27-70"} 1 8554.0 0.0 8997 7499 8346.5 4
stats: {sentpackets,"tsung_controller@ip-172-31-27-70"} 1 5356.0 0.0 5602 4716 5228.5 4
stats: {cpu,"tsung_controller@ip-172-31-27-70"} 1 3.4752814488497306 0.0 5.01915738064971 2.9901960784313726 3.927302941189898 5
stats: {load,"tsung_controller@ip-172-31-27-70"} 1 0.0 0.0 0.0 0.0 0.0 5
stats: {freemem,"tsung_controller@ip-172-31-27-70"} 1 731.0625 0.0 738.18359375 727.30078125 729.72734375 5
stats: session 165 984.9393575757576 1009.7355527402867 7874.059 267.776 1017.6478089171976 785
stats: users_count 159 960
stats: finish_users_count 165 950
stats: request 962 50.54628690228691 80.05914544862082 474.29 3.251 53.99340427446569 4445
stats: connect 163 2.714779141104294 5.9180286584938955 207.721 0.633 4.838781681304891 797
stats: page 439 110.87108428246015 118.98310591808053 511.648 3.637 113.03208188235295 2125
stats: tr_create_post_comment 46 56.09567391304348 8.199194825406433 173.602 44.355 60.19958378378378 185
stats: 302 459 2528
stats: 200 447 2577
stats: size_rcv 10069789 60241471
stats: 422 56 302
stats: size_sent 556121 3096331
stats: connected -4 11
# stats: dump at 1575452455
stats: users 30 35
stats: {recvpackets,"tsung_controller@ip-172-31-27-70"} 1 7420.0 0.0 8997 7420 8388.0 5
stats: {sentpackets,"tsung_controller@ip-172-31-27-70"} 1 4662.0 0.0 5602 4662 5254.0 5
stats: {cpu,"tsung_controller@ip-172-31-27-70"} 1 3.0392156862745097 0.0 5.01915738064971 2.9901960784313726 3.8519660257998702 6
stats: {load,"tsung_controller@ip-172-31-27-70"} 1 0.0 0.0 0.0 0.0 0.0 6
stats: {freemem,"tsung_controller@ip-172-31-27-70"} 1 726.234375 0.0 738.18359375 726.234375 729.9498697916666 6
stats: session 113 897.3882035398229 878.2082618631894 7874.059 267.137 1011.9668673684213 950
stats: users_count 133 1093
stats: finish_users_count 113 1063
stats: connect 121 2.513429752066115 5.143406522752054 207.721 0.598 4.478143749999997 960
stats: request 681 53.1486549192364 81.48470647556847 474.29 3.251 53.38010171999261 5407
stats: tr_create_post_comment 35 64.25882857142857 39.250062431605095 285.681 43.342 59.382354978354975 231
stats: page 311 115.03418971061099 117.12840262033652 511.648 3.592 112.66208268330733 2564
stats: 302 334 2862
stats: 200 319 2896
stats: size_rcv 7070479 67311950
stats: 422 28 330
stats: newphase 1 1
stats: size_sent 395587 3491918
stats: connected 17 28
# stats: dump at 1575452465
stats: users 32 51
stats: {recvpackets,"tsung_controller@ip-172-31-27-70"} 1 8062.0 0.0 8997 7420 8226.666666666666 6
stats: {sentpackets,"tsung_controller@ip-172-31-27-70"} 1 4907.0 0.0 5602 4662 5155.333333333333 6
stats: {cpu,"tsung_controller@ip-172-31-27-70"} 1 4.221894943544428 0.0 5.01915738064971 2.9901960784313726 3.7358588344391044 7
stats: {load,"tsung_controller@ip-172-31-27-70"} 1 0.0 0.0 0.0 0.0 0.0 7
stats: {freemem,"tsung_controller@ip-172-31-27-70"} 1 716.609375 0.0 738.18359375 716.609375 729.4190848214286 7
stats: session 333 1031.4064264264268 932.596326048106 7874.059 266.769 999.7868212605836 1063
stats: users_count 335 1428
stats: finish_users_count 333 1396
stats: connect 331 12.056480362537757 34.37134617762742 207.721 0.558 4.258226641998148 1081
stats: page 892 114.03222645739903 117.96316714131262 514.576 3.2 112.91868278260871 2875
stats: request 1893 53.706632329635504 80.32669576944669 474.29 3.2 53.35421222076216 6088
stats: tr_create_post_comment 84 56.77480952380951 10.22472044265199 285.681 40.232 60.0239962406015 266
stats: 302 895 3757
stats: 200 895 3791
stats: size_rcv 20597326 87909276
stats: 422 103 433
stats: newphase 0 1
stats: size_sent 1090451 4582369
stats: connected -4 24
# stats: dump at 1575452475
stats: users 21 51
stats: {recvpackets,"tsung_controller@ip-172-31-27-70"} 1 17045.0 0.0 17045 7420 8203.142857142857 7
stats: {sentpackets,"tsung_controller@ip-172-31-27-70"} 1 10665.0 0.0 10665 4662 5119.857142857143 7
stats: {cpu,"tsung_controller@ip-172-31-27-70"} 1 9.425837320574162 0.0 9.425837320574162 2.9901960784313726 3.79661334807727 8
stats: {load,"tsung_controller@ip-172-31-27-70"} 1 0.0 0.0 0.0 0.0 0.0 8
stats: {freemem,"tsung_controller@ip-172-31-27-70"} 1 713.73046875 0.0 738.18359375 713.73046875 727.81787109375 8
stats: session 338 956.7100443786978 920.670660425799 7874.059 266.769 1007.3293202005733 1396
stats: users_count 327 1755
stats: finish_users_count 338 1734
stats: page 901 114.66581132075463 120.215940813236 514.576 3.2 113.18236235731351 3767
stats: request 1957 52.87305212059264 81.03218980305489 474.29 3.2 53.43780215511841 7981
stats: connect 337 2.0212403560830867 3.4720777425398777 207.721 0.558 6.086287535410761 1412
stats: 302 933 4690
stats: tr_create_post_comment 92 64.03406521739132 38.89116505063517 285.681 40.232 59.24419142857142 350
stats: 200 920 4711
stats: size_rcv 21101390 109010666
stats: 422 105 538
stats: newphase 0 1
stats: size_sent 1128851 5711220
stats: connected 6 30
# stats: dump at 1575452485
stats: users 36 51
stats: {recvpackets,"tsung_controller@ip-172-31-27-70"} 1 16764.0 0.0 17045 7420 9308.375 8
stats: {sentpackets,"tsung_controller@ip-172-31-27-70"} 1 10394.0 0.0 10665 4662 5813.0 8
stats: {cpu,"tsung_controller@ip-172-31-27-70"} 1 10.603112840466926 0.0 10.603112840466926 2.9901960784313726 4.422082678354702 9
stats: {load,"tsung_controller@ip-172-31-27-70"} 1 0.0 0.0 0.0 0.0 0.0 9
stats: {freemem,"tsung_controller@ip-172-31-27-70"} 1 714.71875 0.0 738.18359375 713.73046875 726.2526041666666 9
stats: session 294 940.686088435375 972.9533759487972 7874.059 266.769 997.4623564013842 1734
stats: users_count 309 2064
stats: finish_users_count 294 2028
stats: request 1676 55.54583890214799 83.0546301288232 474.29 3.2 53.3265910646005 9938
stats: connect 305 2.363616393442622 4.51822757070899 207.721 0.558 5.3030280160091445 1749
stats: 302 762 5452
stats: page 814 114.49380589680597 123.51696396557995 519.577 3.2 113.46869215938301 4668
stats: tr_create_post_comment 63 64.35066666666664 39.951817211585464 285.681 40.232 60.241178733031674 442
stats: 200 814 5525
stats: size_rcv 19419842 128430508
stats: 422 99 637
stats: newphase 0 1
stats: size_sent 951871 6663091
stats: connected 3 33
# stats: dump at 1575452495
stats: users 25 52
stats: {recvpackets,"tsung_controller@ip-172-31-27-70"} 1 15995.0 0.0 17045 7420 10136.777777777777 9
stats: {sentpackets,"tsung_controller@ip-172-31-27-70"} 1 9850.0 0.0 10665 4662 6322.0 9
stats: {cpu,"tsung_controller@ip-172-31-27-70"} 1 9.240445089501694 0.0 10.603112840466926 2.9901960784313726 5.040185694565924 10
stats: {load,"tsung_controller@ip-172-31-27-70"} 1 0.0 0.0 0.0 0.0 0.0 10
stats: {freemem,"tsung_controller@ip-172-31-27-70"} 1 714.44140625 0.0 738.18359375 713.73046875 725.09921875 10
stats: session 356 1103.9436741573008 1081.5904120224473 7874.059 265.631 989.2314773175544 2028
stats: users_count 345 2409
stats: finish_users_count 356 2384
stats: request 2011 52.39247787170549 80.49926534330862 474.29 3.13 53.64684759772686 11614
stats: connect 348 2.1372614942528743 3.527974521145334 207.721 0.558 4.866552580331058 2054
stats: page 957 110.85762068965514 117.57642317776208 544.396 3.2 113.62090715067492 5482
stats: tr_create_post_comment 90 57.903955555555555 23.843905538085323 285.681 40.232 60.753847524752466 505
stats: 302 969 6421
stats: 200 946 6471
stats: size_rcv 22253809 150684317
stats: 422 96 733
stats: newphase 0 1
stats: size_sent 1158012 7821103
stats: connected -6 27
# stats: dump at 1575452505
stats: users 25 52
stats: {recvpackets,"tsung_controller@ip-172-31-27-70"} 1 17899.0 0.0 17899 7420 10722.6 10
stats: {sentpackets,"tsung_controller@ip-172-31-27-70"} 1 11411.0 0.0 11411 4662 6674.8 10
stats: {cpu,"tsung_controller@ip-172-31-27-70"} 1 11.581508515815084 0.0 11.581508515815084 2.9901960784313726 5.422027457741904 11
stats: {load,"tsung_controller@ip-172-31-27-70"} 1 0.21875 0.0 0.21875 0.0 0.0 11
stats: {freemem,"tsung_controller@ip-172-31-27-70"} 1 712.6328125 0.0 738.18359375 712.6328125 724.1303267045455 11
stats: session 319 927.0103072100306 857.7853495469803 7874.059 262.203 1006.3613187919461 2384
stats: users_count 319 2728
stats: finish_users_count 319 2703
stats: request 1808 53.67716980088499 81.35752849123996 474.29 3.13 53.461707229357756 13625
stats: connect 317 2.643151419558361 5.1094357917057955 207.721 0.558 4.471134887593669 2402
stats: page 853 113.38456037514642 119.61241941160792 544.396 3.2 113.21021214474295 6439
stats: tr_create_post_comment 75 56.20967999999997 7.313626573568002 285.681 40.232 60.32277142857143 595
stats: 302 834 7255
stats: 200 869 7340
stats: size_rcv 20202766 170887083
stats: 422 105 838
stats: newphase 0 1
stats: size_sent 1034181 8855284
stats: connected -5 22
# stats: dump at 1575452515
stats: users 0 52
stats: {recvpackets,"tsung_controller@ip-172-31-27-70"} 1 16677.0 0.0 17899 7420 11375.0 11
stats: {sentpackets,"tsung_controller@ip-172-31-27-70"} 1 10339.0 0.0 11411 4662 7105.363636363636 11
stats: {cpu,"tsung_controller@ip-172-31-27-70"} 1 8.236434108527131 0.0 11.581508515815084 2.9901960784313726 5.9353175459146685 12
stats: {load,"tsung_controller@ip-172-31-27-70"} 1 0.19140625 0.0 0.21875 0.0 0.018229166666666668 12
stats: {freemem,"tsung_controller@ip-172-31-27-70"} 1 707.80078125 0.0 738.18359375 707.80078125 723.1722005208334 12
stats: session 177 1148.8979717514117 1149.9836401990615 7874.059 262.203 996.9965490196076 2703
stats: users_count 152 2880
stats: finish_users_count 177 2880
stats: request 1019 48.34690088321884 77.88925908182084 474.29 3.13 53.48694900537806 15433
stats: page 472 105.44767796610174 115.17598863207174 544.396 3.2 113.23060696653864 7292
stats: connect 161 2.237254658385093 3.623446541039377 207.721 0.558 4.258015814637732 2719
stats: tr_create_post_comment 57 58.53526315789473 30.707011044983084 285.681 40.232 59.862350746268646 670
stats: 302 537 7792
stats: 200 444 7784
stats: size_rcv 10711518 181598601
stats: 422 38 876
stats: newphase 0 1
stats: size_sent 595135 9450419
stats: connected -22 0
# stats: dump at 1575452525
stats: users 56 77
stats: {recvpackets,"tsung_controller@ip-172-31-27-70"} 1 6701.0 0.0 17899 6701 11816.833333333334 12
stats: {sentpackets,"tsung_controller@ip-172-31-27-70"} 1 4222.0 0.0 11411 4222 7374.833333333333 12
stats: {cpu,"tsung_controller@ip-172-31-27-70"} 1 4.259534422981674 0.0 11.581508515815084 2.9901960784313726 6.112326512269474 13
stats: {load,"tsung_controller@ip-172-31-27-70"} 1 0.16015625 0.0 0.21875 0.0 0.03155048076923077 13
stats: {freemem,"tsung_controller@ip-172-31-27-70"} 1 710.5859375 0.0 738.18359375 707.80078125 721.9897836538462 13
stats: session 492 917.3769451219507 820.7733470301309 7874.059 262.203 1006.3321572916664 2880
stats: users_count 548 3428
stats: finish_users_count 492 3372
stats: connect 536 16.45563619402987 39.81256464448132 207.721 0.558 4.145049652777775 2880
stats: request 2899 58.71004380820969 83.59733178635346 474.29 3.13 53.1685859469973 16452
stats: page 1371 123.90171480671032 121.67072816713244 544.396 3.2 112.75745620814011 7764
stats: tr_create_post_comment 118 65.46228813559314 42.8627201083467 312.189 40.232 59.75830123796423 727
stats: 302 1310 9102
stats: 200 1422 9206
stats: size_rcv 31901970 213500571
stats: 422 167 1043
stats: newphase 1 2
stats: size_sent 1658023 11108442
stats: connected 53 53
# stats: dump at 1575452535
stats: users 80 81
stats: {recvpackets,"tsung_controller@ip-172-31-27-70"} 1 29515.0 0.0 29515 6701 11423.307692307691 13
stats: {sentpackets,"tsung_controller@ip-172-31-27-70"} 1 17924.0 0.0 17924 4222 7132.307692307692 13
stats: {cpu,"tsung_controller@ip-172-31-27-70"} 1 17.16779825412221 0.0 17.16779825412221 2.9901960784313726 5.979984220177488 14
stats: {load,"tsung_controller@ip-172-31-27-70"} 1 0.28125 0.0 0.28125 0.0 0.040736607142857144 14
stats: {freemem,"tsung_controller@ip-172-31-27-70"} 1 694.1484375 0.0 738.18359375 694.1484375 721.1752232142857 14
stats: session 606 969.5325346534657 910.3771875792024 7874.059 262.203 993.3529270462631 3372
stats: users_count 630 4058
stats: finish_users_count 606 3978
stats: connect 630 2.5237920634920656 4.681084059387114 207.721 0.558 6.0766873536299775 3416
stats: page 1676 115.34894570405682 122.4146738910401 550.59 3.2 114.43000996168578 9135
stats: tr_create_post_comment 152 63.037947368421015 34.97323838699449 312.189 40.232 60.554834319526606 845
stats: request 3535 54.66244780763785 82.30148229241533 474.29 3.13 53.99875939227944 19351
stats: 302 1658 10760
stats: 200 1688 10894
stats: size_rcv 39138106 252638677
stats: 422 189 1232
stats: newphase 0 2
stats: size_sent 2024989 13133431
stats: connected 24 77
# stats: dump at 1575452545
stats: users 56 86
stats: {recvpackets,"tsung_controller@ip-172-31-27-70"} 1 33238.0 0.0 33238 6701 12715.57142857143 14
stats: {sentpackets,"tsung_controller@ip-172-31-27-70"} 1 20581.0 0.0 20581 4222 7903.142857142857 14
stats: {cpu,"tsung_controller@ip-172-31-27-70"} 1 20.134874759152215 0.0 20.134874759152215 2.9901960784313726 6.7258384891071366 15
stats: {load,"tsung_controller@ip-172-31-27-70"} 1 0.46875 0.0 0.46875 0.0 0.05677083333333333 15
stats: {freemem,"tsung_controller@ip-172-31-27-70"} 1 694.74609375 0.0 738.18359375 694.1484375 719.3734375 15
stats: session 664 1051.2453328313245 1011.5204583061952 7874.059 262.203 989.7241794871793 3978
stats: users_count 640 4698
stats: finish_users_count 664 4642
stats: request 3757 53.39853074261376 82.01866427212897 474.29 3.033 54.10127352966877 22886
stats: 302 1797 12557
stats: connect 647 2.2474111282843934 4.459739083558093 207.721 0.558 5.523468363816116 4046
stats: page 1761 113.88571323111843 121.63299182975956 550.59 3.2 114.57247007677354 10811
stats: tr_create_post_comment 171 60.30645029239764 29.59847486235318 312.189 40.232 60.93340320962887 997
stats: 200 1765 12659
stats: size_rcv 40974238 293612915
stats: 422 196 1428
stats: newphase 0 2
stats: size_sent 2168649 15302080
stats: connected -18 59
# stats: dump at 1575452555
stats: users 69 86
stats: {recvpackets,"tsung_controller@ip-172-31-27-70"} 1 32805.0 0.0 33238 6701 14083.733333333334 15
stats: {sentpackets,"tsung_controller@ip-172-31-27-70"} 1 20525.0 0.0 20581 4222 8748.333333333334 15
stats: {cpu,"tsung_controller@ip-172-31-27-70"} 1 17.827569410618608 0.0 20.134874759152215 2.9901960784313726 7.563903255984954 16
stats: {load,"tsung_controller@ip-172-31-27-70"} 1 0.5390625 0.0 0.5390625 0.0 0.08251953125 16
stats: {freemem,"tsung_controller@ip-172-31-27-70"} 1 697.953125 0.0 738.18359375 694.1484375 717.834228515625 16
stats: session 624 981.1429871794869 895.5117322391333 7874.059 262.203 998.5242755277895 4642
stats: users_count 637 5335
stats: finish_users_count 624 5266
stats: request 3603 54.54932167638075 82.79837560106415 474.29 3.033 54.00217790789322 26643
stats: connect 633 2.4175560821485 4.4012950381731395 207.721 0.558 5.071815043682081 4693
stats: 302 1705 14262
stats: tr_create_post_comment 159 65.39846540880497 39.4235995149379 312.189 40.232 60.84161472602738 1168
stats: page 1706 115.59648065650654 122.6204047932238 550.59 3.2 114.47627386255157 12572
stats: 200 1704 14363
stats: size_rcv 39998017 333610932
stats: 422 193 1621
stats: newphase 0 2
stats: size_sent 2065307 17367387
stats: connected 4 63
# stats: dump at 1575452565
stats: users 62 86
stats: {recvpackets,"tsung_controller@ip-172-31-27-70"} 1 32533.0 0.0 33238 6701 15253.8125 16
stats: {sentpackets,"tsung_controller@ip-172-31-27-70"} 1 20118.0 0.0 20581 4222 9484.375 16
stats: {cpu,"tsung_controller@ip-172-31-27-70"} 1 18.928054080154517 0.0 20.134874759152215 2.9901960784313726 8.16764832390458 17
stats: {load,"tsung_controller@ip-172-31-27-70"} 1 0.609375 0.0 0.609375 0.0 0.109375 17
stats: {freemem,"tsung_controller@ip-172-31-27-70"} 1 695.1640625 0.0 738.18359375 694.1484375 716.6647518382352 17
stats: session 608 1023.4422269736838 1020.5993974626256 7874.059 262.203 996.4646621724266 5266
stats: users_count 601 5936
stats: finish_users_count 608 5874
stats: request 3455 53.36665065123017 82.47441027991512 474.29 3.033 54.06735541889833 30246
stats: tr_create_post_comment 155 57.785225806451606 19.37767362632487 312.189 40.201 61.387612660135616 1327
stats: connect 608 2.209927631578946 4.180277136213852 207.721 0.558 4.756353924145702 5326
stats: page 1627 113.25526859250157 122.42479607511788 581.972 3.191 114.61012123546703 14278
stats: 302 1643 15905
stats: 200 1627 15990
stats: size_rcv 38317894 371928826
stats: 422 186 1807
stats: newphase 0 2
stats: size_sent 1987939 19355326
stats: connected 1 64
# stats: dump at 1575452575
stats: users 55 94
stats: {recvpackets,"tsung_controller@ip-172-31-27-70"} 1 31398.0 0.0 33238 6701 16270.235294117647 17
stats: {sentpackets,"tsung_controller@ip-172-31-27-70"} 1 19531.0 0.0 20581 4222 10109.882352941177 17
stats: {cpu,"tsung_controller@ip-172-31-27-70"} 1 17.338513841670714 0.0 20.134874759152215 2.9901960784313726 8.765448643696242 18
stats: {load,"tsung_controller@ip-172-31-27-70"} 1 0.51171875 0.0 0.609375 0.0 0.1371527777777778 18
stats: {freemem,"tsung_controller@ip-172-31-27-70"} 1 699.1328125 0.0 738.18359375 694.1484375 715.4702690972222 18
stats: session 621 1020.9873719806757 974.2363997425964 7874.059 262.203 999.2570284303708 5874
stats: users_count 614 6550
stats: finish_users_count 621 6495
stats: connect 611 2.7342700490998357 5.24552889159953 207.721 0.555 4.495446073474891 5934
stats: page 1687 113.85096621221071 120.68326321987318 581.972 3.013 114.47152675259343 15905
stats: request 3552 54.14077899774767 82.06927230978846 474.29 3.013 53.995519717515776 33701
stats: tr_create_post_comment 159 62.663999999999994 35.27777700679111 312.189 40.201 61.01084480431846 1482
stats: 302 1710 17615
stats: 200 1667 17657
stats: size_rcv 39496653 411425479
stats: 422 174 1981
stats: newphase 0 2
stats: size_sent 2039250 21394576
stats: connected -14 50
# stats: dump at 1575452585
stats: users 121 131
stats: {recvpackets,"tsung_controller@ip-172-31-27-70"} 1 32069.0 0.0 33238 6701 17110.666666666668 18
stats: {sentpackets,"tsung_controller@ip-172-31-27-70"} 1 19868.0 0.0 20581 4222 10633.277777777777 18
stats: {cpu,"tsung_controller@ip-172-31-27-70"} 1 18.612603810454324 0.0 20.134874759152215 2.9901960784313726 9.216662601484373 19
stats: {load,"tsung_controller@ip-172-31-27-70"} 1 0.4296875 0.0 0.609375 0.0 0.15686677631578946 19
stats: {freemem,"tsung_controller@ip-172-31-27-70"} 1 699.22265625 0.0 738.18359375 694.1484375 714.6104029605264 19
stats: session 469 907.955906183369 787.9113916554082 7874.059 262.203 1001.3347102386448 6495
stats: users_count 535 7085
stats: finish_users_count 469 6964
stats: connect 536 21.15984701492537 45.34074930484831 207.721 0.555 4.331033766233767 6545
stats: request 2816 69.00529083806856 96.76427970629298 804.606 3.013 54.00936990309502 37253
stats: page 1354 143.1236617429841 145.30615618933948 989.862 3.013 114.41201756480206 17592
stats: tr_create_post_comment 111 109.99894594594593 104.17222446167871 543.103 40.201 61.171022547227274 1641
stats: 302 1272 18887
stats: 200 1381 19038
stats: size_rcv 31627052 443052531
stats: 422 164 2145
stats: newphase 1 3
stats: size_sent 1603035 22997611
stats: connected 68 118
# stats: dump at 1575452595
stats: users 138 145
stats: {recvpackets,"tsung_controller@ip-172-31-27-70"} 1 29405.0 0.0 33238 6701 17897.947368421053 19
stats: {sentpackets,"tsung_controller@ip-172-31-27-70"} 1 17554.0 0.0 20581 4222 11119.315789473685 19
stats: {cpu,"tsung_controller@ip-172-31-27-70"} 1 14.531173294059894 0.0 20.134874759152215 2.9901960784313726 9.68645966193287 20
stats: {load,"tsung_controller@ip-172-31-27-70"} 1 0.53125 0.0 0.609375 0.0 0.1705078125 20
stats: {freemem,"tsung_controller@ip-172-31-27-70"} 1 668.56640625 0.0 738.18359375 668.56640625 713.841015625 20
stats: session 1171 1032.6013672075144 896.7496113841929 7874.059 262.203 995.0459883687533 6964
stats: users_count 1188 8273
stats: finish_users_count 1171 8135
stats: connect 1192 2.249135906040266 3.727406974021745 207.721 0.504 5.604899590453326 7081
stats: tr_create_post_comment 283 98.2891201413427 93.73757605935734 803.297 38.778 64.26457248858445 1752
stats: request 6681 63.71210118245763 91.55294589216096 804.606 3.013 55.06326476827472 40069
stats: page 3203 132.95777115204422 142.6545996480475 989.862 3.013 116.46393175340432 18946
stats: 302 3139 22026
stats: 200 3194 22232
stats: size_rcv 75388427 518440958
stats: 422 347 2492
stats: newphase 0 3
stats: size_sent 3823004 26820615
stats: connected 20 138
# stats: dump at 1575452605
stats: users 133 169
stats: {recvpackets,"tsung_controller@ip-172-31-27-70"} 1 62153.0 0.0 62153 6701 18473.3 20
stats: {sentpackets,"tsung_controller@ip-172-31-27-70"} 1 37586.0 0.0 37586 4222 11441.050000000001 20
stats: {cpu,"tsung_controller@ip-172-31-27-70"} 1 31.75840233804189 0.0 31.75840233804189 2.9901960784313726 9.917160311081776 21
stats: {load,"tsung_controller@ip-172-31-27-70"} 1 0.53125 0.0 0.609375 0.0 0.18768601190476192 21
stats: {freemem,"tsung_controller@ip-172-31-27-70"} 1 664.421875 0.0 738.18359375 664.421875 711.6850818452381 21
stats: session 1250 1092.6209680000015 968.5139310927078 7874.059 262.203 1000.4519316533494 8135
stats: users_count 1245 9518
stats: finish_users_count 1250 9385
stats: request 6827 65.28504277134894 95.82465153394557 812.649 3.013 56.29926211764705 46750
stats: connect 1185 2.546045569620254 4.647714311025449 207.721 0.457 5.121390547564365 8273
stats: page 3199 138.66842044388872 151.52456640535007 1022.953 3.013 118.84913052507994 22149
stats: tr_create_post_comment 318 107.48894339622632 96.02472378659778 803.297 38.778 68.99624176904175 2035
stats: 302 3304 25330
stats: 200 3175 25407
stats: size_rcv 74994018 593434976
stats: 422 348 2840
stats: newphase 0 3
stats: size_sent 3938591 30759206
stats: connected -3 135
# stats: dump at 1575452615
stats: users 140 169
stats: {recvpackets,"tsung_controller@ip-172-31-27-70"} 1 65311.0 0.0 65311 6701 20553.285714285714 21
stats: {sentpackets,"tsung_controller@ip-172-31-27-70"} 1 39259.0 0.0 39259 4222 12686.047619047618 21
stats: {cpu,"tsung_controller@ip-172-31-27-70"} 1 32.18503937007874 0.0 32.18503937007874 2.9901960784313726 10.909944039579964 22
stats: {load,"tsung_controller@ip-172-31-27-70"} 1 0.44140625 0.0 0.609375 0.0 0.20330255681818182 22
stats: {freemem,"tsung_controller@ip-172-31-27-70"} 1 664.9765625 0.0 738.18359375 664.421875 709.5367542613636 22
stats: session 1193 1116.2857585917848 1006.7291983533789 8442.584 262.203 1012.7280419818859 9385
stats: users_count 1200 10718
stats: finish_users_count 1193 10578
stats: connect 1201 2.5191523730224765 4.648647285638542 207.721 0.457 4.79872362021569 9458
stats: page 3255 138.263624270353 150.53003244360247 1078.147 3.013 121.35038934038172 25348
stats: tr_create_post_comment 292 106.75985616438363 98.9692183647314 803.297 34.438 74.19840033999147 2353
stats: 302 3217 28547
stats: request 6768 66.2026348995275 94.75410721399628 812.649 3.013 57.444266961569305 53577
stats: 200 3210 28617
stats: size_rcv 75974050 669409026
stats: 422 341 3181
stats: newphase 0 3
stats: size_sent 3872270 34631476
stats: connected 5 140
# stats: dump at 1575452625
stats: users 106 169
stats: {recvpackets,"tsung_controller@ip-172-31-27-70"} 1 63030.0 0.0 65311 6701 22587.727272727272 22
stats: {sentpackets,"tsung_controller@ip-172-31-27-70"} 1 37942.0 0.0 39259 4222 13893.90909090909 22
stats: {cpu,"tsung_controller@ip-172-31-27-70"} 1 31.687041564792175 0.0 32.18503937007874 2.9901960784313726 11.834948184384258 23
stats: {load,"tsung_controller@ip-172-31-27-70"} 1 0.6796875 0.0 0.6796875 0.0 0.21365489130434784 23
stats: {freemem,"tsung_controller@ip-172-31-27-70"} 1 659.9296875 0.0 738.18359375 659.9296875 707.5993546195652 23
stats: session 1223 1091.0057914963231 957.5343942223101 8442.584 262.203 1024.4074100964265 10578
stats: users_count 1189 11907
stats: finish_users_count 1223 11801
stats: request 7073 64.06175144917324 94.11891895865641 812.649 3.002 58.42656266467811 60345
stats: connect 1199 2.3371651376146843 3.836384021625936 207.721 0.457 4.541873534102636 10659
stats: tr_create_post_comment 334 97.44526347305386 87.41490601566186 803.297 34.438 77.79308657844989 2645
stats: page 3308 137.2564368198308 147.8857834673566 1078.147 3.002 123.2751028213822 28603
stats: 302 3433 31980
stats: 200 3296 31913
stats: size_rcv 76970533 746379559
stats: 422 345 3526
stats: newphase 0 3
stats: size_sent 4079755 38711231
stats: connected -33 107
# stats: dump at 1575452635
stats: users 127 169
stats: {recvpackets,"tsung_controller@ip-172-31-27-70"} 1 61644.0 0.0 65311 6701 24346.08695652174 23
stats: {sentpackets,"tsung_controller@ip-172-31-27-70"} 1 37063.0 0.0 39259 4222 14939.478260869566 23
stats: {cpu,"tsung_controller@ip-172-31-27-70"} 1 31.488736532810968 0.0 32.18503937007874 2.9901960784313726 12.662118741901255 24
stats: {load,"tsung_controller@ip-172-31-27-70"} 1 0.578125 0.0 0.6796875 0.0 0.23307291666666666 24
stats: {freemem,"tsung_controller@ip-172-31-27-70"} 1 662.52734375 0.0 738.18359375 659.9296875 705.6131184895834 24
stats: session 1163 1052.5718950988826 944.5267800317826 8442.584 262.203 1031.3093523430218 11801
stats: users_count 1184 13091
stats: finish_users_count 1163 12964
stats: connect 1182 2.7638307952622667 5.157350931396482 207.721 0.457 4.318948473604318 11858
stats: page 3177 134.80113125590194 147.40260303009316 1078.147 3.002 124.72445423208285 31911
stats: request 6752 63.204418394549904 94.09530548251863 863.041 3.002 59.01776516657277 67418
stats: tr_create_post_comment 303 95.31879207920797 91.94362431754877 803.297 34.438 79.99645250083918 2979
stats: 302 3206 35186
stats: 200 3184 35097
stats: size_rcv 74205509 820585068
stats: 422 361 3887
stats: newphase 0 3
stats: size_sent 3879263 42590494
stats: connected 5 112
# stats: dump at 1575452645
stats: users 1 171
stats: {recvpackets,"tsung_controller@ip-172-31-27-70"} 1 61931.0 0.0 65311 6701 25900.166666666668 24
stats: {sentpackets,"tsung_controller@ip-172-31-27-70"} 1 37512.0 0.0 39259 4222 15861.291666666666 24
stats: {cpu,"tsung_controller@ip-172-31-27-70"} 1 31.45792563600783 0.0 32.18503937007874 2.9901960784313726 13.415183453537644 25
stats: {load,"tsung_controller@ip-172-31-27-70"} 1 0.48828125 0.0 0.6796875 0.0 0.246875 25
stats: {freemem,"tsung_controller@ip-172-31-27-70"} 1 659.47265625 0.0 738.18359375 659.47265625 703.8896875 25
stats: session 884 1253.0440712669679 1154.9948848931774 10113.955 262.203 1033.2168143319964 12964
stats: users_count 758 13849
stats: finish_users_count 884 13848
stats: request 4894 70.00851042092354 100.27325982099164 863.041 3.002 59.39889342052049 74170
stats: connect 809 9.297059332509267 29.340964973837945 207.721 0.457 4.177986119631902 13040
stats: page 2341 146.79789021785533 159.2099238821312 1078.147 3.002 125.63683461582295 35088
stats: tr_create_post_comment 219 105.5729863013699 104.73411862711207 803.297 34.438 81.41103778184032 3282
stats: 302 2398 37584
stats: 200 2266 37363
stats: size_rcv 54902918 875487986
stats: 422 230 4117
stats: newphase 0 3
stats: size_sent 2819065 45409559
stats: connected -111 1
# stats: dump at 1575452647
stats: users 0 171
stats: {recvpackets,"tsung_controller@ip-172-31-27-70"} 1 35696.0 0.0 65311 6701 27341.4 25
stats: {sentpackets,"tsung_controller@ip-172-31-27-70"} 1 21020.0 0.0 39259 4222 16727.32 25
stats: {cpu,"tsung_controller@ip-172-31-27-70"} 1 18.634146341463413 0.0 32.18503937007874 2.9901960784313726 14.109135075940342 26
stats: {load,"tsung_controller@ip-172-31-27-70"} 1 0.41015625 0.0 0.6796875 0.0 0.2561598557692308 26
stats: {freemem,"tsung_controller@ip-172-31-27-70"} 1 677.37109375 0.0 738.18359375 659.47265625 702.1813401442307 26
stats: session 1 6869.738 0.0 10113.955 262.203 1047.2496923743502 13848
stats: users_count 0 13849
stats: finish_users_count 1 13849
stats: connect 0 0 0 207.721 0.457 4.477020723517944 13849
stats: request 6 8.005 1.790853613969234 863.041 3.002 60.05562044672675 79064
stats: page 1 48.512 0.0 1078.147 3.002 126.96035464479402 37429
stats: tr_create_post_comment 1 48.649 0.0 803.297 34.438 82.92245358469007 3501
stats: 302 5 37589
stats: 200 1 37364
stats: size_rcv 8831 875496817
stats: 422 0 4117
stats: newphase 0 3
stats: size_sent 4365 45413924
stats: connected -1 0
EndMonitor:{1575,452647,531187}