# stats: dump at 1575453774
stats: users 16 24
stats: {cpu,"tsung_controller@ip-172-31-27-70"} 1 5.167239267582288 0 5.167239267582288 5.167239267582288 0 0
stats: {load,"tsung_controller@ip-172-31-27-70"} 1 0.0 0 0.0 0.0 0 0
stats: {freemem,"tsung_controller@ip-172-31-27-70"} 1 737.30078125 0 737.30078125 737.30078125 0 0
stats: session 129 969.6580697674422 950.0796138059493 5935.447 269.421 0 0
stats: users_count 145 145
stats: finish_users_count 129 129
stats: request 746 53.34079088471842 82.70993251452215 269.944 3.522 0 0
stats: connect 138 2.398391304347826 5.148687330154408 32.045 0.671 0 0
stats: page 358 110.53249441340772 122.44695784397582 474.949 3.53 0 0
stats: tr_create_post_comment 33 54.7380606060606 13.691066332819377 110.012 39.211 0 0
stats: 302 356 356
stats: 200 352 352
stats: size_rcv 8592326 8592326
stats: 422 38 38
stats: size_sent 426838 426838
stats: connected 13 13
# stats: dump at 1575453784
stats: users 9 24
stats: {recvpackets,"tsung_controller@ip-172-31-27-70"} 1 8578 0 8578 8578 0 0
stats: {sentpackets,"tsung_controller@ip-172-31-27-70"} 1 5297 0 5297 5297 0 0
stats: {cpu,"tsung_controller@ip-172-31-27-70"} 1 1.5952143569292123 0.0 5.167239267582288 1.5952143569292123 5.167239267582288 1
stats: {load,"tsung_controller@ip-172-31-27-70"} 1 0.078125 0.0 0.078125 0.0 0.0 1
stats: {freemem,"tsung_controller@ip-172-31-27-70"} 1 732.8515625 0.0 737.30078125 732.8515625 737.30078125 1
stats: session 151 895.4783509933777 915.2711194710726 5935.447 269.142 969.6580697674422 129
stats: users_count 144 289
stats: finish_users_count 151 280
stats: request 841 54.08215814506539 81.97807156222083 269.944 3.471 53.34079088471842 746
stats: connect 146 7.802808219178085 26.6937746255141 181.273 0.654 2.398391304347826 138
stats: page 389 117.04061696658097 120.85597804034029 518.607 3.492 110.53249441340772 358
stats: 302 380 736
stats: tr_create_post_comment 35 57.557942857142855 38.07038427510126 275.346 37.747 54.7380606060606 33
stats: 200 404 756
stats: size_rcv 9478908 18071234
stats: 422 57 95
stats: size_sent 481471 908309
stats: connected -6 7
# stats: dump at 1575453794
stats: users 21 24
stats: {recvpackets,"tsung_controller@ip-172-31-27-70"} 1 7050.0 0.0 8578 7050 8578.0 1
stats: {sentpackets,"tsung_controller@ip-172-31-27-70"} 1 4462.0 0.0 5297 4462 5297.0 1
stats: {cpu,"tsung_controller@ip-172-31-27-70"} 1 2.4353876739562623 0.0 5.167239267582288 1.5952143569292123 3.3812268122557505 2
stats: {load,"tsung_controller@ip-172-31-27-70"} 1 0.0703125 0.0 0.078125 0.0 0.0390625 2
stats: {freemem,"tsung_controller@ip-172-31-27-70"} 1 731.78125 0.0 737.30078125 731.78125 735.076171875 2
stats: session 150 940.3201000000003 1014.7056407110633 7459.938 268.728 929.6540071428574 280
stats: users_count 162 451
stats: finish_users_count 150 430
stats: request 852 55.202451877934315 82.32467214651825 269.944 3.19 53.733664146187735 1587
stats: connect 159 12.181867924528312 37.056403863699465 195.526 0.654 5.176718309859157 284
stats: page 406 115.87260344827574 117.8785470057219 518.607 3.463 113.92159705488616 747
stats: tr_create_post_comment 35 55.49548571428572 15.287248485250574 275.346 36.458 56.189470588235295 68
stats: 302 390 1126
stats: 200 414 1170
stats: size_rcv 9771064 27842298
stats: 422 48 143
stats: size_sent 488375 1396684
stats: connected 15 22
# stats: dump at 1575453804
stats: users 13 30
stats: {recvpackets,"tsung_controller@ip-172-31-27-70"} 1 8569.0 0.0 8578 7050 7814.0 2
stats: {sentpackets,"tsung_controller@ip-172-31-27-70"} 1 5369.0 0.0 5369 4462 4879.5 2
stats: {cpu,"tsung_controller@ip-172-31-27-70"} 1 2.0438683948155534 0.0 5.167239267582288 1.5952143569292123 3.065947099489254 3
stats: {load,"tsung_controller@ip-172-31-27-70"} 1 0.140625 0.0 0.140625 0.0 0.049479166666666664 3
stats: {freemem,"tsung_controller@ip-172-31-27-70"} 1 727.42578125 0.0 737.30078125 727.42578125 733.9778645833334 3
stats: session 178 986.7243876404492 887.1390700646426 7459.938 264.509 933.3747372093026 430
stats: users_count 170 621
stats: finish_users_count 178 608
stats: request 1063 51.48439134524929 81.66740430072724 438.782 3.143 54.24674620746207 2439
stats: connect 172 1.963755813953488 4.13587441033303 195.526 0.654 7.690981941309261 443
stats: page 480 114.68292083333327 119.35694085081337 518.607 3.179 114.60859496964433 1153
stats: tr_create_post_comment 53 56.223188679245276 31.359832883685804 275.346 35.844 55.953650485436896 103
stats: 302 517 1643
stats: 200 489 1659
stats: size_rcv 11140469 38982767
stats: 422 57 200
stats: size_sent 616368 2013052
stats: connected -12 10
# stats: dump at 1575453814
stats: users 16 30
stats: {recvpackets,"tsung_controller@ip-172-31-27-70"} 1 8632.0 0.0 8632 7050 8065.666666666667 3
stats: {sentpackets,"tsung_controller@ip-172-31-27-70"} 1 5465.0 0.0 5465 4462 5042.666666666667 3
stats: {cpu,"tsung_controller@ip-172-31-27-70"} 1 2.617283950617284 0.0 5.167239267582288 1.5952143569292123 2.810427423320829 4
stats: {load,"tsung_controller@ip-172-31-27-70"} 1 0.19921875 0.0 0.19921875 0.0 0.072265625 4
stats: {freemem,"tsung_controller@ip-172-31-27-70"} 1 723.32421875 0.0 737.30078125 723.32421875 732.33984375 4
stats: session 131 966.8496564885495 846.8695039095618 7459.938 264.355 948.9935493421054 608
stats: users_count 134 755
stats: finish_users_count 131 739
stats: request 783 50.21390549169853 79.76668706617704 438.782 3.143 53.40825870930896 3502
stats: connect 132 2.594765151515154 6.2486704268937965 195.526 0.654 6.089221138211386 615
stats: page 355 110.89040281690139 116.03749741322865 518.607 3.179 114.63044213104708 1633
stats: tr_create_post_comment 40 52.913525000000014 8.131106520601916 275.346 35.844 56.04522435897436 156
stats: 302 382 2025
stats: 200 362 2021
stats: size_rcv 8202983 47185750
stats: 422 39 239
stats: size_sent 455158 2468210
stats: connected 1 11
# stats: dump at 1575453824
stats: users 14 30
stats: {recvpackets,"tsung_controller@ip-172-31-27-70"} 1 7041.0 0.0 8632 7041 8207.25 4
stats: {sentpackets,"tsung_controller@ip-172-31-27-70"} 1 4454.0 0.0 5465 4454 5148.25 4
stats: {cpu,"tsung_controller@ip-172-31-27-70"} 1 1.9801980198019802 0.0 5.167239267582288 1.5952143569292123 2.7717987287801202 5
stats: {load,"tsung_controller@ip-172-31-27-70"} 1 0.16015625 0.0 0.19921875 0.0 0.09765625 5
stats: {freemem,"tsung_controller@ip-172-31-27-70"} 1 723.1015625 0.0 737.30078125 723.1015625 730.53671875 5
stats: session 157 833.8242993630572 885.1714732163224 7459.938 264.05 952.1588403247632 739
stats: users_count 155 910
stats: finish_users_count 157 896
stats: request 902 50.4990432372506 80.66222580243362 438.782 3.143 52.824553092182015 4285
stats: page 407 111.99017199017193 117.84352505849105 518.607 3.179 113.96257796780678 1988
stats: tr_create_post_comment 41 63.300000000000004 47.73062812717463 275.346 35.844 55.406102040816336 196
stats: connect 157 2.074171974522292 4.2726823615594745 195.526 0.654 5.471726907630526 747
stats: 302 415 2440
stats: 200 427 2448
stats: size_rcv 9680782 56866532
stats: 422 60 299
stats: size_sent 520861 2989071
stats: connected 3 14
# stats: dump at 1575453834
stats: users 40 53
stats: {recvpackets,"tsung_controller@ip-172-31-27-70"} 1 7852.0 0.0 8632 7041 7974.0 5
stats: {sentpackets,"tsung_controller@ip-172-31-27-70"} 1 5041.0 0.0 5465 4454 5009.4 5
stats: {cpu,"tsung_controller@ip-172-31-27-70"} 1 2.2211253701875617 0.0 5.167239267582288 1.5952143569292123 2.6398652772837634 6
stats: {load,"tsung_controller@ip-172-31-27-70"} 1 0.140625 0.0 0.19921875 0.0 0.10807291666666667 6
stats: {freemem,"tsung_controller@ip-172-31-27-70"} 1 723.6796875 0.0 737.30078125 723.1015625 729.2975260416666 6
stats: session 128 895.1195937499997 870.9535711330594 7459.938 264.05 931.4238816964286 896
stats: users_count 154 1064
stats: finish_users_count 128 1024
stats: request 737 64.43295793758485 91.94452191891493 471.295 3.143 52.420155581260836 5187
stats: connect 153 1.894712418300654 3.65231223864261 195.526 0.654 4.881664823008852 904
stats: page 368 126.8007907608697 135.8265407152679 556.867 3.179 113.62739248434232 2395
stats: tr_create_post_comment 22 102.61795454545454 109.86930711965232 425.336 35.844 56.77171308016878 237
stats: 302 312 2752
stats: 200 382 2830
stats: size_rcv 8966945 65833477
stats: 422 43 342
stats: newphase 1 1
stats: size_sent 415451 3404522
stats: connected 37 51
# stats: dump at 1575453844
stats: users 40 53
stats: {recvpackets,"tsung_controller@ip-172-31-27-70"} 1 8734.0 0.0 8734 7041 7953.666666666667 6
stats: {sentpackets,"tsung_controller@ip-172-31-27-70"} 1 5348.0 0.0 5465 4454 5014.666666666667 6
stats: {cpu,"tsung_controller@ip-172-31-27-70"} 1 2.8898854010961634 0.0 5.167239267582288 1.5952143569292123 2.5800452905557347 7
stats: {load,"tsung_controller@ip-172-31-27-70"} 1 0.12109375 0.0 0.19921875 0.0 0.11272321428571429 7
stats: {freemem,"tsung_controller@ip-172-31-27-70"} 1 717.87890625 0.0 737.30078125 717.87890625 728.4949776785714 7
stats: session 312 1148.325849358975 985.7031576175319 7459.938 264.05 926.8858457031249 1024
stats: users_count 312 1376
stats: finish_users_count 312 1336
stats: connect 300 5.928946666666665 23.162732094548392 195.526 0.65 4.449305581835386 1057
stats: page 840 129.63846071428625 137.84378993080887 738.512 3.179 115.3819384726746 2763
stats: request 1831 59.214539595849224 91.5344859144315 585.52 3.068 53.91465850776502 5924
stats: tr_create_post_comment 91 86.35515384615385 80.67211987550037 425.336 35.201 60.66598841698842 259
stats: 302 897 3649
stats: 200 838 3668
stats: size_rcv 19934399 85767876
stats: 422 96 438
stats: newphase 0 1
stats: size_sent 1056855 4461377
stats: connected -24 27
# stats: dump at 1575453854
stats: users 33 53
stats: {recvpackets,"tsung_controller@ip-172-31-27-70"} 1 15997.0 0.0 15997 7041 8065.142857142857 7
stats: {sentpackets,"tsung_controller@ip-172-31-27-70"} 1 9856.0 0.0 9856 4454 5062.285714285715 7
stats: {cpu,"tsung_controller@ip-172-31-27-70"} 1 8.712677435144396 0.0 8.712677435144396 1.5952143569292123 2.618775304373288 8
stats: {load,"tsung_controller@ip-172-31-27-70"} 1 0.1015625 0.0 0.19921875 0.0 0.11376953125 8
stats: {freemem,"tsung_controller@ip-172-31-27-70"} 1 713.6953125 0.0 737.30078125 713.6953125 727.16796875 8
stats: session 306 1041.9824313725485 1002.6009385050596 7468.392 264.05 978.5993794910181 1336
stats: users_count 299 1675
stats: finish_users_count 306 1642
stats: request 1690 61.435745562130194 88.93930349719422 585.52 3.068 55.16599084461637 7755
stats: connect 309 13.477372168284795 39.21830601863781 205.127 0.578 4.776418570375831 1357
stats: page 825 126.50607151515153 126.48647000177057 738.512 3.179 118.70569053566483 3603
stats: tr_create_post_comment 64 68.5645 51.11551637620666 425.336 35.201 67.34517142857143 350
stats: 302 769 4418
stats: 200 827 4495
stats: size_rcv 20006083 105773959
stats: 422 94 532
stats: newphase 0 1
stats: size_sent 960537 5421914
stats: connected 6 33
# stats: dump at 1575453864
stats: users 45 53
stats: {recvpackets,"tsung_controller@ip-172-31-27-70"} 1 16311.0 0.0 16311 7041 9056.625 8
stats: {sentpackets,"tsung_controller@ip-172-31-27-70"} 1 10166.0 0.0 10166 4454 5661.5 8
stats: {cpu,"tsung_controller@ip-172-31-27-70"} 1 5.182625863770977 0.0 8.712677435144396 1.5952143569292123 3.2958755411256337 9
stats: {load,"tsung_controller@ip-172-31-27-70"} 1 0.16015625 0.0 0.19921875 0.0 0.11241319444444445 9
stats: {freemem,"tsung_controller@ip-172-31-27-70"} 1 715.87890625 0.0 737.30078125 713.6953125 725.6710069444445 9
stats: session 316 1029.280360759494 933.5792317620372 7468.392 264.05 990.4113246041413 1642
stats: users_count 328 2003
stats: finish_users_count 316 1958
stats: request 1837 57.79351224823083 88.44255009183257 585.52 3.068 56.28784213869773 9445
stats: connect 328 2.417320121951218 4.39131381369253 205.127 0.578 6.390220888355344 1666
stats: page 860 121.70449767441877 132.65387709000623 738.512 3.179 120.1590135501356 4428
stats: tr_create_post_comment 88 81.45077272727278 81.28808422430336 531.699 35.201 67.53366666666668 414
stats: 302 894 5312
stats: 200 855 5350
stats: size_rcv 20059683 125833642
stats: 422 88 620
stats: newphase 0 1
stats: size_sent 1066777 6488691
stats: connected 14 47
# stats: dump at 1575453874
stats: users 34 53
stats: {recvpackets,"tsung_controller@ip-172-31-27-70"} 1 16799.0 0.0 16799 7041 9862.666666666666 9
stats: {sentpackets,"tsung_controller@ip-172-31-27-70"} 1 10461.0 0.0 10461 4454 6162.0 9
stats: {cpu,"tsung_controller@ip-172-31-27-70"} 1 9.425625920471282 0.0 9.425625920471282 1.5952143569292123 3.4845505733901683 10
stats: {load,"tsung_controller@ip-172-31-27-70"} 1 0.12890625 0.0 0.19921875 0.0 0.1171875 10
stats: {freemem,"tsung_controller@ip-172-31-27-70"} 1 713.875 0.0 737.30078125 713.6953125 724.691796875 10
stats: session 314 1020.9075573248408 928.8411417217065 7468.392 264.05 996.6843661899898 1958
stats: users_count 303 2306
stats: finish_users_count 314 2272
stats: request 1741 64.36542848937378 97.93104112798684 765.409 3.068 56.5330039886545 11282
stats: connect 304 1.9851776315789444 3.852021083661581 205.127 0.578 5.7367046138415265 1994
stats: page 849 133.3865736160188 146.48155154433567 799.506 3.179 120.41035930408482 5288
stats: tr_create_post_comment 66 74.09886363636365 55.84647027447454 531.699 35.201 69.97331872509962 502
stats: 302 802 6114
stats: 200 846 6196
stats: size_rcv 20705511 146539153
stats: 422 93 713
stats: newphase 0 1
stats: size_sent 988839 7477530
stats: connected -13 34
# stats: dump at 1575453884
stats: users 38 58
stats: {recvpackets,"tsung_controller@ip-172-31-27-70"} 1 16042.0 0.0 16799 7041 10556.3 10
stats: {sentpackets,"tsung_controller@ip-172-31-27-70"} 1 10084.0 0.0 10461 4454 6591.9 10
stats: {cpu,"tsung_controller@ip-172-31-27-70"} 1 4.241516966067864 0.0 9.425625920471282 1.5952143569292123 4.024648332215724 11
stats: {load,"tsung_controller@ip-172-31-27-70"} 1 0.109375 0.0 0.19921875 0.0 0.11825284090909091 11
stats: {freemem,"tsung_controller@ip-172-31-27-70"} 1 715.2890625 0.0 737.30078125 713.6953125 723.7084517045455 11
stats: session 339 1111.9303185840706 1048.7931058165857 7468.392 264.05 1000.0321135563381 2272
stats: users_count 343 2649
stats: finish_users_count 339 2611
stats: page 917 135.07896292257374 147.15398033437435 906.313 3.179 122.20550448101687 6137
stats: request 1902 64.84609516298634 96.63177074925498 765.409 3.068 57.58009383398601 13023
stats: 302 871 6985
stats: connect 345 2.3228840579710117 4.9790676094045185 205.127 0.578 5.24041906005222 2298
stats: tr_create_post_comment 75 113.22062666666667 132.33241508350838 755.34 35.201 70.45269542253523 568
stats: 200 920 7116
stats: size_rcv 22405766 168944919
stats: 422 111 824
stats: newphase 0 1
stats: size_sent 1081147 8558677
stats: connected 6 40
# stats: dump at 1575453894
stats: users 0 58
stats: {recvpackets,"tsung_controller@ip-172-31-27-70"} 1 18979.0 0.0 18979 7041 11055.0 11
stats: {sentpackets,"tsung_controller@ip-172-31-27-70"} 1 11991.0 0.0 11991 4454 6909.363636363636 11
stats: {cpu,"tsung_controller@ip-172-31-27-70"} 1 6.163021868787276 0.0 9.425625920471282 1.5952143569292123 4.042720718370069 12
stats: {load,"tsung_controller@ip-172-31-27-70"} 1 0.08984375 0.0 0.19921875 0.0 0.11751302083333333 12
stats: {freemem,"tsung_controller@ip-172-31-27-70"} 1 711.20703125 0.0 737.30078125 711.20703125 723.0068359375 12
stats: session 232 1230.1420086206901 1333.9085931969682 8874.471 264.05 1014.560451934125 2611
stats: users_count 194 2843
stats: finish_users_count 232 2843
stats: request 1271 54.70034146341462 85.70132890658974 765.409 3.068 58.506052596314895 14925
stats: connect 200 2.228919999999997 4.001852502729204 205.127 0.578 4.859583049564889 2643
stats: page 583 119.37481818181818 128.2396914790131 906.313 3.179 123.87901757867886 7054
stats: tr_create_post_comment 63 92.04777777777778 103.6866746357987 755.34 35.201 75.44117884914465 643
stats: 302 633 7618
stats: 200 570 7686
stats: size_rcv 13712323 182657242
stats: 422 68 892
stats: newphase 0 1
stats: size_sent 738279 9296956
stats: connected -40 0
# stats: dump at 1575453904
stats: users 338 341
stats: {recvpackets,"tsung_controller@ip-172-31-27-70"} 1 8742.0 0.0 18979 7041 11715.333333333334 12
stats: {sentpackets,"tsung_controller@ip-172-31-27-70"} 1 5386.0 0.0 11991 4454 7332.833333333333 12
stats: {cpu,"tsung_controller@ip-172-31-27-70"} 1 4.776119402985075 0.0 9.425625920471282 1.5952143569292123 4.2058208068637 13
stats: {load,"tsung_controller@ip-172-31-27-70"} 1 0.078125 0.0 0.19921875 0.0 0.11538461538461539 13
stats: {freemem,"tsung_controller@ip-172-31-27-70"} 1 711.09375 0.0 737.30078125 711.09375 722.0991586538462 13
stats: session 233 3100.133733905578 1612.0330222230175 8874.471 264.05 1032.152756243405 2843
stats: users_count 571 3414
stats: finish_users_count 233 3076
stats: request 2041 566.4809666829993 618.3034813029243 4182.544 3.068 58.20739497406766 16196
stats: connect 563 7.826531083481347 26.268935452923312 205.127 0.578 4.674520576855435 2843
stats: page 1057 819.3860851466409 1131.9723102711691 5090.223 3.179 123.53517205709056 7637
stats: tr_create_post_comment 28 2911.048785714286 1556.9301439656904 5090.69 35.201 76.92307082152976 706
stats: 302 811 8429
stats: 200 1141 8827
stats: size_rcv 24573471 207230713
stats: 422 90 982
stats: newphase 1 2
stats: size_sent 1229353 10526309
stats: connected 338 338
# stats: dump at 1575453914
stats: users 625 625
stats: {recvpackets,"tsung_controller@ip-172-31-27-70"} 1 24347.0 0.0 24347 7041 11486.615384615385 13
stats: {sentpackets,"tsung_controller@ip-172-31-27-70"} 1 14637.0 0.0 14637 4454 7183.076923076923 13
stats: {cpu,"tsung_controller@ip-172-31-27-70"} 1 12.47534516765286 0.0 12.47534516765286 1.5952143569292123 4.24655642087237 14
stats: {load,"tsung_controller@ip-172-31-27-70"} 1 0.140625 0.0 0.19921875 0.0 0.11272321428571429 14
stats: {freemem,"tsung_controller@ip-172-31-27-70"} 1 617.44140625 0.0 737.30078125 617.44140625 721.3130580357143 14
stats: session 359 6901.571746518111 2293.356882516738 15683.803 264.05 1188.79760923277 3076
stats: users_count 646 4060
stats: finish_users_count 359 3435
stats: connect 640 10.498448437499986 31.899073694777435 210.264 0.563 5.19553699354081 3406
stats: page 1317 2186.1721100987093 2455.069622415602 11776.642 3.179 208.13540384172993 8694
stats: request 2597 1465.5337697343086 1049.7478290871682 7504.606 3.068 115.09100301584698 18237
stats: tr_create_post_comment 51 7559.3970196078435 2080.7839164060965 11776.771 35.201 185.0368583106267 734
stats: 302 1138 9567
stats: 200 1350 10177
stats: size_rcv 29964588 237195301
stats: 422 108 1090
stats: newphase 0 2
stats: size_sent 1555461 12081770
stats: connected 281 619
# stats: dump at 1575453924
stats: users 841 847
stats: {recvpackets,"tsung_controller@ip-172-31-27-70"} 1 26602.0 0.0 26602 7041 12405.214285714286 14
stats: {sentpackets,"tsung_controller@ip-172-31-27-70"} 1 16228.0 0.0 16228 4454 7715.5 14
stats: {cpu,"tsung_controller@ip-172-31-27-70"} 1 13.471241170534814 0.0 13.471241170534814 1.5952143569292123 4.795142337324402 15
stats: {load,"tsung_controller@ip-172-31-27-70"} 1 0.12109375 0.0 0.19921875 0.0 0.11458333333333333 15
stats: {freemem,"tsung_controller@ip-172-31-27-70"} 1 560.54296875 0.0 737.30078125 560.54296875 714.38828125 15
stats: session 394 11132.220862944163 3197.052701923606 25967.543 264.05 1785.8531886462886 3435
stats: users_count 610 4670
stats: finish_users_count 394 3829
stats: request 2696 2348.665658753709 1085.626358601874 7504.606 3.068 283.42640981088607 20834
stats: connect 617 3.00521393841167 5.394724506894103 210.264 0.563 6.0343564013840805 4046
stats: page 1340 3941.1750492537303 3639.0170877425044 17092.339 3.179 468.35659474577966 10011
stats: tr_create_post_comment 60 12661.112550000002 1901.344026290213 17092.455 35.201 664.1354165605096 785
stats: 302 1200 10767
stats: 200 1374 11551
stats: size_rcv 30249756 267445057
stats: 422 123 1213
stats: newphase 0 2
stats: size_sent 1609120 13690890
stats: connected 225 844
# stats: dump at 1575453934
stats: users 1043 1047
stats: {recvpackets,"tsung_controller@ip-172-31-27-70"} 1 26729.0 0.0 26729 7041 13351.666666666666 15
stats: {sentpackets,"tsung_controller@ip-172-31-27-70"} 1 16156.0 0.0 16228 4454 8283.0 15
stats: {cpu,"tsung_controller@ip-172-31-27-70"} 1 14.822233350025037 0.0 14.822233350025037 1.5952143569292123 5.337398514400053 16
stats: {load,"tsung_controller@ip-172-31-27-70"} 1 0.3203125 0.0 0.3203125 0.0 0.114990234375 16
stats: {freemem,"tsung_controller@ip-172-31-27-70"} 1 507.74609375 0.0 737.30078125 507.74609375 704.77294921875 16
stats: session 429 14276.838244755229 4198.003599896195 27429.327 264.05 2747.5844144685298 3829
stats: users_count 631 5301
stats: finish_users_count 429 4258
stats: connect 631 3.275085578446912 6.544739595024835 210.264 0.563 5.633545571520479 4663
stats: request 2884 2987.722184466014 1262.187475067836 7643.974 0.852 520.0556072248194 23530
stats: page 1412 5131.320108356939 4473.856786468698 20350.131 0.957 878.3272342524887 11351
stats: tr_create_post_comment 74 16893.224770270266 1703.9438024630886 20350.236 35.201 1515.9917810650888 845
stats: 302 1250 12017
stats: 200 1371 12922
stats: size_rcv 30161737 297606794
stats: 422 106 1319
stats: newphase 0 2
stats: 502 155 155
stats: size_sent 1687777 15378667
stats: connected 202 1046
stats: 500 1 1
# stats: dump at 1575453944
stats: users 1020 1080
stats: {recvpackets,"tsung_controller@ip-172-31-27-70"} 1 26773.0 0.0 26773 7041 14187.75 16
stats: {sentpackets,"tsung_controller@ip-172-31-27-70"} 1 16314.0 0.0 16314 4454 8775.0625 16
stats: {cpu,"tsung_controller@ip-172-31-27-70"} 1 15.18796992481203 0.0 15.18796992481203 1.5952143569292123 5.895329975319169 17
stats: {load,"tsung_controller@ip-172-31-27-70"} 1 0.26953125 0.0 0.3203125 0.0 0.12706801470588236 17
stats: {freemem,"tsung_controller@ip-172-31-27-70"} 1 450.1171875 0.0 737.30078125 450.1171875 693.1831341911765 17
stats: session 669 15580.416452914811 6148.476732935603 30395.043 9.51 3909.174337717237 4258
stats: users_count 646 5947
stats: finish_users_count 669 4927
stats: connect 648 2.6253148148148147 5.275327290147557 210.264 0.563 5.35243709860219 5294
stats: page 1842 5648.779442996744 5436.760903942018 23179.776 0.917 1348.8456028363237 12763
stats: request 3848 2645.8888076923095 1692.3618305683667 7643.974 0.784 789.4866062694019 26414
stats: tr_create_post_comment 154 17553.411077922072 4110.736357062633 23179.878 35.201 2754.202054406964 919
stats: 302 1426 13443
stats: 200 1311 14233
stats: size_rcv 29332911 326939705
stats: 422 143 1462
stats: newphase 0 2
stats: 502 819 974
stats: size_sent 2002955 17381622
stats: connected -26 1020
stats: 500 86 87
stats: 404 63 63
# stats: dump at 1575453954
stats: users 1027 1080
stats: {recvpackets,"tsung_controller@ip-172-31-27-70"} 1 27416.0 0.0 27416 7041 14928.058823529413 17
stats: {sentpackets,"tsung_controller@ip-172-31-27-70"} 1 17464.0 0.0 17464 4454 9218.529411764706 17
stats: {cpu,"tsung_controller@ip-172-31-27-70"} 1 17.1875 0.0 17.1875 1.5952143569292123 6.411587750290995 18
stats: {load,"tsung_controller@ip-172-31-27-70"} 1 0.30859375 0.0 0.3203125 0.0 0.1349826388888889 18
stats: {freemem,"tsung_controller@ip-172-31-27-70"} 1 437.625 0.0 737.30078125 437.625 679.6794704861111 18
stats: session 584 16214.732087328768 6166.683917548517 33552.788 9.51 5493.923875989446 4927
stats: users_count 591 6538
stats: finish_users_count 584 5511
stats: request 3361 2857.925430229104 1365.653597160651 7817.525 0.782 1025.5395991672722 30262
stats: 302 1436 14879
stats: connect 592 2.4559459459459467 4.807652256916 210.264 0.563 5.055032985526758 5942
stats: tr_create_post_comment 145 16267.839227586212 4477.446032245681 24553.629 35.201 4878.226462255358 1073
stats: page 1566 5833.6609655172415 5243.245640103187 24553.496 0.882 1891.1583815816502 14605
stats: 200 1311 15544
stats: size_rcv 28110506 355050211
stats: 422 118 1580
stats: newphase 0 2
stats: 502 350 1324
stats: size_sent 1834405 19216027
stats: connected 9 1029
stats: 500 28 115
stats: 404 120 183
# stats: dump at 1575453964
stats: users 7 1080
stats: {recvpackets,"tsung_controller@ip-172-31-27-70"} 1 26606.0 0.0 27416 7041 15621.833333333334 18
stats: {sentpackets,"tsung_controller@ip-172-31-27-70"} 1 16461.0 0.0 17464 4454 9676.611111111111 18
stats: {cpu,"tsung_controller@ip-172-31-27-70"} 1 15.551082033215904 0.0 17.1875 1.5952143569292123 6.978741026591468 19
stats: {load,"tsung_controller@ip-172-31-27-70"} 1 0.421875 0.0 0.421875 0.0 0.14412006578947367 19
stats: {freemem,"tsung_controller@ip-172-31-27-70"} 1 442.11328125 0.0 737.30078125 437.625 666.9397615131579 19
stats: session 1077 15232.085323119793 6219.114583156602 34173.855 9.51 6630.006618762474 5511
stats: users_count 57 6595
stats: finish_users_count 1077 6588
stats: request 3901 1987.0817764675667 1573.4681827228997 8396.624 0.782 1208.7073348898077 33623
stats: connect 61 1.4861967213114753 1.3601623193836896 210.264 0.563 4.819547903275176 6534
stats: page 1622 7174.981290382242 5340.285037248312 24553.496 0.882 2272.9504195782574 16171
stats: tr_create_post_comment 421 10520.923235154392 6789.714660400242 24553.629 35.201 6234.132743842364 1218
stats: 302 2214 17093
stats: 200 1275 16819
stats: size_rcv 34147478 389197689
stats: 422 261 1841
stats: newphase 0 2
stats: 502 23 1347
stats: size_sent 1954565 21170592
stats: connected -1022 7
stats: 500 27 142
stats: 404 99 282
# stats: dump at 1575453974
stats: users 0 1080
stats: {recvpackets,"tsung_controller@ip-172-31-27-70"} 1 25572.0 0.0 27416 7041 16199.947368421053 19
stats: {sentpackets,"tsung_controller@ip-172-31-27-70"} 1 13790.0 0.0 17464 4454 10033.684210526315 19
stats: {cpu,"tsung_controller@ip-172-31-27-70"} 1 13.89847215377033 0.0 17.1875 1.5952143569292123 7.407358076922689 20
stats: {load,"tsung_controller@ip-172-31-27-70"} 1 0.359375 0.0 0.421875 0.0 0.1580078125 20
stats: {freemem,"tsung_controller@ip-172-31-27-70"} 1 609.65625 0.0 737.30078125 437.625 655.6984375 20
stats: session 7 11555.322142857143 1912.0915219009655 34173.855 9.51 8036.266297662418 6588
stats: users_count 0 6595
stats: finish_users_count 7 6595
stats: request 18 13.119444444444447 18.777042017143707 8396.624 0.782 1289.6272447233766 37524
stats: connect 0 0 0 210.264 0.563 4.788716300227445 6595
stats: page 7 33.89300000000001 32.887149665832354 24553.496 0.882 2719.8168317877817 17793
stats: tr_create_post_comment 2 50.4075 4.076500000000001 24553.629 35.201 7335.254645515557 1639
stats: 302 15 17108
stats: 200 3 16822
stats: size_rcv 52134 389249823
stats: 422 0 1841
stats: newphase 0 2
stats: 502 0 1347
stats: size_sent 12652 21183244
stats: connected -7 0
stats: 500 0 142
stats: 404 0 282
# stats: dump at 1575453984
stats: users 0 1080
stats: {recvpackets,"tsung_controller@ip-172-31-27-70"} 1 36.0 0.0 27416 36 16668.55 20
stats: {sentpackets,"tsung_controller@ip-172-31-27-70"} 1 26.0 0.0 17464 26 10221.499999999998 20
stats: {cpu,"tsung_controller@ip-172-31-27-70"} 1 0.09995002498750624 0.0 17.1875 0.09995002498750624 7.716458747248768 21
stats: {load,"tsung_controller@ip-172-31-27-70"} 1 0.30078125 0.0 0.421875 0.0 0.1675967261904762 21
stats: {freemem,"tsung_controller@ip-172-31-27-70"} 1 620.421875 0.0 737.30078125 437.625 653.5059523809524 21
stats: session 0 0 0 34173.855 9.51 8040.001459287341 6595
stats: users_count 0 6595
stats: finish_users_count 0 6595
stats: request 0 0 0 8396.624 0.782 1289.0152064620954 37542
stats: page 0 0 0 24553.496 0.882 2718.7605696067417 17800
stats: connect 0 0 0 210.264 0.563 4.788716300227445 6595
stats: tr_create_post_comment 0 0 0 24553.629 35.201 7326.3760993296755 1641
stats: 302 0 17108
stats: 200 0 16822
stats: size_rcv 0 389249823
stats: 422 0 1841
stats: newphase 0 2
stats: 502 0 1347
stats: size_sent 0 21183244
stats: connected 0 0
stats: 500 0 142
stats: 404 0 282
# stats: dump at 1575453994
stats: users 0 1080
stats: {recvpackets,"tsung_controller@ip-172-31-27-70"} 1 0.0 0.0 27416 0 15876.52380952381 21
stats: {sentpackets,"tsung_controller@ip-172-31-27-70"} 1 0.0 0.0 17464 0 9735.999999999998 21
stats: {cpu,"tsung_controller@ip-172-31-27-70"} 1 0.0 0.0 17.1875 0.0 7.370253805327801 22
stats: {load,"tsung_controller@ip-172-31-27-70"} 1 0.25 0.0 0.421875 0.0 0.17365056818181818 22
stats: {freemem,"tsung_controller@ip-172-31-27-70"} 1 621.56640625 0.0 737.30078125 437.625 652.0021306818181 22
stats: session 0 0 0 34173.855 9.51 8040.001459287341 6595
stats: users_count 0 6595
stats: finish_users_count 0 6595
stats: request 0 0 0 8396.624 0.782 1289.0152064620954 37542
stats: connect 0 0 0 210.264 0.563 4.788716300227445 6595
stats: page 0 0 0 24553.496 0.882 2718.7605696067417 17800
stats: tr_create_post_comment 0 0 0 24553.629 35.201 7326.3760993296755 1641
stats: 302 0 17108
stats: 200 0 16822
stats: size_rcv 0 389249823
stats: 422 0 1841
stats: newphase 0 2
stats: 502 0 1347
stats: size_sent 0 21183244
stats: connected 0 0
stats: 500 0 142
stats: 404 0 282
# stats: dump at 1575454004
stats: users 0 1080
stats: {recvpackets,"tsung_controller@ip-172-31-27-70"} 1 0.0 0.0 27416 0 15154.863636363636 22
stats: {sentpackets,"tsung_controller@ip-172-31-27-70"} 1 1.0 0.0 17464 0 9293.454545454544 22
stats: {cpu,"tsung_controller@ip-172-31-27-70"} 1 0.0 0.0 17.1875 0.0 7.049807987704853 23
stats: {load,"tsung_controller@ip-172-31-27-70"} 1 0.21875 0.0 0.421875 0.0 0.17697010869565216 23
stats: {freemem,"tsung_controller@ip-172-31-27-70"} 1 621.765625 0.0 737.30078125 437.625 650.6788383152173 23
stats: session 0 0 0 34173.855 9.51 8040.001459287341 6595
stats: users_count 0 6595
stats: finish_users_count 0 6595
stats: request 0 0 0 8396.624 0.782 1289.0152064620954 37542
stats: page 0 0 0 24553.496 0.882 2718.7605696067417 17800
stats: tr_create_post_comment 0 0 0 24553.629 35.201 7326.3760993296755 1641
stats: 302 0 17108
stats: connect 0 0 0 210.264 0.563 4.788716300227445 6595
stats: 200 0 16822
stats: size_rcv 0 389249823
stats: 422 0 1841
stats: newphase 0 2
stats: 502 0 1347
stats: size_sent 0 21183244
stats: connected 0 0
stats: 500 0 142
stats: 404 0 282
# stats: dump at 1575454014
stats: users 0 1080
stats: {recvpackets,"tsung_controller@ip-172-31-27-70"} 1 1.0 0.0 27416 0 14495.95652173913 23
stats: {sentpackets,"tsung_controller@ip-172-31-27-70"} 1 1.0 0.0 17464 0 8889.434782608694 23
stats: {cpu,"tsung_controller@ip-172-31-27-70"} 1 0.0 0.0 17.1875 0.0 6.756065988217151 24
stats: {load,"tsung_controller@ip-172-31-27-70"} 1 0.1796875 0.0 0.421875 0.0 0.1787109375 24
stats: {freemem,"tsung_controller@ip-172-31-27-70"} 1 621.95703125 0.0 737.30078125 437.625 649.4741210937499 24
stats: session 0 0 0 34173.855 9.51 8040.001459287341 6595
stats: users_count 0 6595
stats: finish_users_count 0 6595
stats: request 0 0 0 8396.624 0.782 1289.0152064620954 37542
stats: connect 0 0 0 210.264 0.563 4.788716300227445 6595
stats: page 0 0 0 24553.496 0.882 2718.7605696067417 17800
stats: tr_create_post_comment 0 0 0 24553.629 35.201 7326.3760993296755 1641
stats: 302 0 17108
stats: 200 0 16822
stats: size_rcv 0 389249823
stats: 422 0 1841
stats: newphase 0 2
stats: 502 0 1347
stats: size_sent 0 21183244
stats: connected 0 0
stats: 500 0 142
stats: 404 0 282
# stats: dump at 1575454024
stats: users 1071 1080
stats: {recvpackets,"tsung_controller@ip-172-31-27-70"} 1 6.0 0.0 27416 0 13892.0 24
stats: {sentpackets,"tsung_controller@ip-172-31-27-70"} 1 6.0 0.0 17464 0 8519.083333333332 24
stats: {cpu,"tsung_controller@ip-172-31-27-70"} 1 0.0 0.0 17.1875 0.0 6.485823348688465 25
stats: {load,"tsung_controller@ip-172-31-27-70"} 1 0.1484375 0.0 0.421875 0.0 0.17875 25
stats: {freemem,"tsung_controller@ip-172-31-27-70"} 1 622.3203125 0.0 737.30078125 437.625 648.3734374999999 25
stats: session 50 4799.896880000001 2792.466208605881 34173.855 7.731 8040.001459287341 6595
stats: users_count 1121 7716
stats: finish_users_count 50 6645
stats: connect 1073 6.798412861136999 24.09745910826423 210.264 0.563 4.788716300227445 6595
stats: tr_create_post_comment 0 0 0 24553.629 35.201 7326.3760993296755 1641
stats: 302 541 17649
stats: request 1675 1439.5173444776142 1411.0512764380535 8396.624 0.782 1289.0152064620954 37542
stats: page 1033 1073.84759535334 1504.05440162652 24553.496 0.882 2718.7605696067417 17800
stats: 200 1089 17911
stats: size_rcv 13778206 403028029
stats: 422 9 1850
stats: newphase 1 3
stats: 502 38 1385
stats: size_sent 1133106 22316350
stats: connected 1045 1045
stats: 500 0 142
stats: 404 0 282
# stats: dump at 1575454034
stats: users 1097 1166
stats: {recvpackets,"tsung_controller@ip-172-31-27-70"} 1 20462.0 0.0 27416 0 13336.56 25
stats: {sentpackets,"tsung_controller@ip-172-31-27-70"} 1 15358.0 0.0 17464 0 8178.559999999999 25
stats: {cpu,"tsung_controller@ip-172-31-27-70"} 1 13.57035553329995 0.0 17.1875 0.0 6.236368604508139 26
stats: {load,"tsung_controller@ip-172-31-27-70"} 1 0.12890625 0.0 0.421875 0.0 0.1775841346153846 26
stats: {freemem,"tsung_controller@ip-172-31-27-70"} 1 526.453125 0.0 737.30078125 437.625 647.3713942307693 26
stats: session 1185 7078.3660632911415 4736.848906278848 34173.855 7.592 8015.62143987961 6645
stats: users_count 1211 8927
stats: finish_users_count 1185 7830
stats: connect 1223 11.315863450531486 34.17789743177703 210.264 0.563 5.069937532603026 7668
stats: page 3616 2602.3292184734614 3590.414801740062 24553.496 0.754 2628.5362239154674 18833
stats: request 7713 1398.0078960196981 2151.6082440473706 9466.76 0.753 1295.443313690491 39217
stats: tr_create_post_comment 158 2833.7391392405057 3378.9184872216038 24553.629 6.359 7326.3760993296755 1641
stats: 302 1160 18809
stats: 200 1106 19017
stats: size_rcv 25875189 428903218
stats: 422 90 1940
stats: newphase 0 3
stats: 502 5107 6492
stats: size_sent 3000411 25316761
stats: connected 59 1104
stats: 500 133 275
stats: 404 115 397
# stats: dump at 1575454044
stats: users 1114 1166
stats: {recvpackets,"tsung_controller@ip-172-31-27-70"} 1 30896.0 0.0 30896 0 13610.615384615385 26
stats: {sentpackets,"tsung_controller@ip-172-31-27-70"} 1 24069.0 0.0 24069 0 8454.692307692307 26
stats: {cpu,"tsung_controller@ip-172-31-27-70"} 1 23.147675012774656 0.0 23.147675012774656 0.0 6.507997750018948 27
stats: {load,"tsung_controller@ip-172-31-27-70"} 1 0.109375 0.0 0.421875 0.0 0.17578125 27
stats: {freemem,"tsung_controller@ip-172-31-27-70"} 1 486.09375 0.0 737.30078125 437.625 642.8929398148148 27
stats: session 1204 9638.954132059791 5915.21357984826 34173.855 7.516 7873.776277522352 7830
stats: users_count 1221 10148
stats: finish_users_count 1204 9034
stats: request 6880 1437.3256831395443 1593.721315756687 9466.76 0.725 1312.2999219049632 46930
stats: connect 1214 2.6101630971993437 5.321813632042189 210.264 0.501 5.929094814981443 8891
stats: page 3221 3204.681097485258 3958.7341801873495 24553.496 0.749 2624.3148986146393 22449
stats: tr_create_post_comment 304 8499.945990131571 4789.673351743448 24553.629 5.969 6931.803203446358 1799
stats: 302 1760 20569
stats: 200 1084 20101
stats: size_rcv 22516660 451419878
stats: 422 110 2050
stats: newphase 0 3
stats: 502 3448 9940
stats: size_sent 2800963 28117724
stats: connected 11 1115
stats: 500 199 474
stats: 404 279 676
# stats: dump at 1575454054
stats: users 1105 1166
stats: {recvpackets,"tsung_controller@ip-172-31-27-70"} 1 28464.0 0.0 30896 0 14250.814814814816 27
stats: {sentpackets,"tsung_controller@ip-172-31-27-70"} 1 21894.0 0.0 24069 0 9032.999999999998 27
stats: {cpu,"tsung_controller@ip-172-31-27-70"} 1 22.616632860040568 0.0 23.147675012774656 0.0 7.102271937974509 28
stats: {load,"tsung_controller@ip-172-31-27-70"} 1 0.25 0.0 0.421875 0.0 0.17340959821428573 28
stats: {freemem,"tsung_controller@ip-172-31-27-70"} 1 480.33203125 0.0 737.30078125 437.625 637.29296875 28
stats: session 1191 9402.154448362686 5613.791670550417 34173.855 7.465 8109.029115342041 9034
stats: users_count 1182 11330
stats: finish_users_count 1191 10225
stats: connect 1182 2.3922690355329888 4.382101659750111 210.264 0.501 5.530363186541318 10105
stats: page 3210 3191.2478271028044 3753.295739269711 24553.496 0.749 2697.1376304635783 25670
stats: request 6747 1514.3879933303733 1705.7878731247317 9466.76 0.685 1328.285375116149 53810
stats: tr_create_post_comment 301 8751.39384717607 4733.333940149451 24553.629 5.86 7158.486706609603 2103
stats: 302 1685 22254
stats: 200 1082 21183
stats: size_rcv 22780174 474200052
stats: 422 93 2143
stats: newphase 0 3
stats: 502 3432 13372
stats: size_sent 2663366 30781090
stats: connected -12 1103
stats: 500 196 670
stats: 404 260 936
# stats: dump at 1575454064
stats: users 1106 1166
stats: {recvpackets,"tsung_controller@ip-172-31-27-70"} 1 28475.0 0.0 30896 0 14758.42857142857 28
stats: {sentpackets,"tsung_controller@ip-172-31-27-70"} 1 21811.0 0.0 24069 0 9492.321428571426 28
stats: {cpu,"tsung_controller@ip-172-31-27-70"} 1 22.391084093211752 0.0 23.147675012774656 0.0 7.637249900804373 29
stats: {load,"tsung_controller@ip-172-31-27-70"} 1 0.2109375 0.0 0.421875 0.0 0.17605064655172414 29
stats: {freemem,"tsung_controller@ip-172-31-27-70"} 1 490.1875 0.0 737.30078125 437.625 631.8805226293103 29
stats: session 1234 8945.770626418138 5444.786838856706 34173.855 7.465 8259.651342396084 10225
stats: users_count 1235 12565
stats: finish_users_count 1234 11459
stats: request 7188 1414.8244753756217 1656.9972006656913 9466.76 0.685 1349.0201269217432 60557
stats: 302 1719 23973
stats: connect 1238 2.494704361873996 4.8837567619293045 210.264 0.501 5.201734916275361 11287
stats: page 3349 3033.794379814876 3714.2452902985065 24553.496 0.741 2752.0577735110824 28880
stats: tr_create_post_comment 319 8470.330360501566 4668.048791012668 24553.629 5.86 7357.931402662227 2404
stats: 200 1038 22221
stats: size_rcv 22685324 496885376
stats: 422 109 2252
stats: newphase 0 3
stats: 502 3811 17183
stats: size_sent 2834675 33615765
stats: connected 2 1105
stats: 500 198 868
stats: 404 312 1248
# stats: dump at 1575454074
stats: users 1083 1166
stats: {recvpackets,"tsung_controller@ip-172-31-27-70"} 1 29227.0 0.0 30896 0 15231.413793103447 29
stats: {sentpackets,"tsung_controller@ip-172-31-27-70"} 1 22465.0 0.0 24069 0 9917.10344827586 29
stats: {cpu,"tsung_controller@ip-172-31-27-70"} 1 23.319755600814666 0.0 23.319755600814666 0.0 8.12904437388462 30
stats: {load,"tsung_controller@ip-172-31-27-70"} 1 0.1796875 0.0 0.421875 0.0 0.17721354166666667 30
stats: {freemem,"tsung_controller@ip-172-31-27-70"} 1 492.75390625 0.0 737.30078125 437.625 627.157421875 30
stats: session 1245 9015.760221686756 5358.408048413804 34173.855 7.465 8333.538347936115 11459
stats: users_count 1222 13787
stats: finish_users_count 1245 12704
stats: connect 1226 2.657830342577484 4.98822681234646 210.264 0.501 4.934165748502995 12525
stats: page 3287 3144.894711591113 3736.945712974006 24553.496 0.741 2781.333763908284 32229
stats: request 6941 1462.883753205589 1651.724029363926 9584.86 0.685 1356.00221647354 67745
stats: tr_create_post_comment 308 8945.106782467521 4497.138345608103 24553.629 5.86 7488.249165258902 2723
stats: 302 1712 25685
stats: 200 1087 23308
stats: size_rcv 23138789 520024165
stats: 422 82 2334
stats: newphase 0 3
stats: 502 3559 20742
stats: size_sent 2722329 36338094
stats: connected -3 1102
stats: 500 219 1087
stats: 404 283 1531
# stats: dump at 1575454084
stats: users 13 1166
stats: {recvpackets,"tsung_controller@ip-172-31-27-70"} 1 28899.0 0.0 30896 0 15697.933333333332 30
stats: {sentpackets,"tsung_controller@ip-172-31-27-70"} 1 22436.0 0.0 24069 0 10335.366666666665 30
stats: {cpu,"tsung_controller@ip-172-31-27-70"} 1 23.104145601617795 0.0 23.319755600814666 0.0 8.619067316688815 31
stats: {load,"tsung_controller@ip-172-31-27-70"} 1 0.1484375 0.0 0.421875 0.0 0.17729334677419356 31
stats: {freemem,"tsung_controller@ip-172-31-27-70"} 1 501.078125 0.0 737.30078125 437.625 622.8218245967741 31
stats: session 1230 10684.54702764225 4574.233021994008 34173.855 7.465 8400.396521174429 12704
stats: users_count 160 13947
stats: finish_users_count 1230 13934
stats: page 2078 4942.647193455245 3981.8170524083944 24553.496 0.741 2814.9812702443987 35516
stats: request 4861 1692.6281643694679 1637.863356358186 9584.86 0.685 1365.9353330744714 74686
stats: 302 2404 28089
stats: connect 196 1.9243214285714285 2.319487103260951 210.264 0.501 4.731214166242455 13751
stats: tr_create_post_comment 451 7347.092439024384 4750.456603126152 24553.629 5.86 7636.290124051465 3031
stats: 200 1087 24395
stats: size_rcv 30315522 550339687
stats: 422 188 2522
stats: newphase 0 3
stats: 502 690 21432
stats: size_sent 2032685 38370779
stats: connected -1087 15
stats: 500 97 1184
stats: 404 394 1925
# stats: dump at 1575454094
stats: users 0 1166
stats: {recvpackets,"tsung_controller@ip-172-31-27-70"} 1 23912.0 0.0 30896 0 16123.774193548386 31
stats: {sentpackets,"tsung_controller@ip-172-31-27-70"} 1 13161.0 0.0 24069 0 10725.709677419352 31
stats: {cpu,"tsung_controller@ip-172-31-27-70"} 1 13.251231527093596 0.0 23.319755600814666 0.0 9.071726013092846 32
stats: {load,"tsung_controller@ip-172-31-27-70"} 1 0.12890625 0.0 0.421875 0.0 0.1763916015625 32
stats: {freemem,"tsung_controller@ip-172-31-27-70"} 1 585.78125 0.0 737.30078125 437.625 619.017333984375 32
stats: session 13 12052.619230769233 2016.5371165284291 34173.855 7.465 8602.025997488152 13934
stats: users_count 0 13947
stats: finish_users_count 13 13947
stats: request 45 18.70320000000001 29.639632684483644 9584.86 0.685 1385.8990507875842 79547
stats: page 15 56.30420000000001 44.45010611940839 24553.496 0.741 2932.587531574189 37594
stats: connect 0 0 0 210.264 0.501 4.691768337276834 13947
stats: tr_create_post_comment 5 52.4616 9.695010378540085 24553.629 5.86 7598.832296381386 3482
stats: 302 35 28124
stats: 200 10 24405
stats: size_rcv 196554 550536241
stats: 422 0 2522
stats: newphase 0 3
stats: 502 0 21432
stats: size_sent 32128 38402907
stats: connected -15 0
stats: 500 0 1184
stats: 404 0 1925
# stats: dump at 1575454104
stats: users 0 1166
stats: {recvpackets,"tsung_controller@ip-172-31-27-70"} 1 41.0 0.0 30896 0 16367.15625 32
stats: {sentpackets,"tsung_controller@ip-172-31-27-70"} 1 33.0 0.0 24069 0 10801.812499999998 32
stats: {cpu,"tsung_controller@ip-172-31-27-70"} 1 0.14992503748125938 0.0 23.319755600814666 0.0 9.198377695335292 33
stats: {load,"tsung_controller@ip-172-31-27-70"} 1 0.109375 0.0 0.421875 0.0 0.17495265151515152 33
stats: {freemem,"tsung_controller@ip-172-31-27-70"} 1 619.08984375 0.0 737.30078125 437.625 618.0101799242424 33
stats: session 0 0 0 34173.855 7.465 8605.242295762522 13947
stats: users_count 0 13947
stats: finish_users_count 0 13947
stats: request 0 0 0 9584.86 0.685 1385.1260608729515 79592
stats: connect 0 0 0 210.264 0.501 4.691768337276834 13947
stats: page 0 0 0 24553.496 0.741 2931.44035270813 37609
stats: tr_create_post_comment 0 0 0 24553.629 5.86 7588.0115755663855 3487
stats: 302 0 28124
stats: 200 0 24405
stats: size_rcv 0 550536241
stats: 422 0 2522
stats: newphase 0 3
stats: 502 0 21432
stats: size_sent 0 38402907
stats: connected 0 0
stats: 500 0 1184
stats: 404 0 1925
# stats: dump at 1575454114
stats: users 0 1166
stats: {recvpackets,"tsung_controller@ip-172-31-27-70"} 1 0.0 0.0 30896 0 15872.424242424242 33
stats: {sentpackets,"tsung_controller@ip-172-31-27-70"} 1 1.0 0.0 24069 0 10475.484848484846 33
stats: {cpu,"tsung_controller@ip-172-31-27-70"} 1 0.1 0.0 23.319755600814666 0.0 8.932246734810173 34
stats: {load,"tsung_controller@ip-172-31-27-70"} 1 0.08984375 0.0 0.421875 0.0 0.17302389705882354 34
stats: {freemem,"tsung_controller@ip-172-31-27-70"} 1 620.7421875 0.0 737.30078125 437.625 618.0419347426471 34
stats: session 0 0 0 34173.855 7.465 8605.242295762522 13947
stats: users_count 0 13947
stats: finish_users_count 0 13947
stats: request 0 0 0 9584.86 0.685 1385.1260608729515 79592
stats: page 0 0 0 24553.496 0.741 2931.44035270813 37609
stats: tr_create_post_comment 0 0 0 24553.629 5.86 7588.0115755663855 3487
stats: connect 0 0 0 210.264 0.501 4.691768337276834 13947
stats: 302 0 28124
stats: 200 0 24405
stats: size_rcv 0 550536241
stats: 422 0 2522
stats: newphase 0 3
stats: 502 0 21432
stats: size_sent 0 38402907
stats: connected 0 0
stats: 500 0 1184
stats: 404 0 1925
# stats: dump at 1575454124
stats: users 0 1166
stats: {recvpackets,"tsung_controller@ip-172-31-27-70"} 1 1.0 0.0 30896 0 15405.588235294117 34
stats: {sentpackets,"tsung_controller@ip-172-31-27-70"} 1 1.0 0.0 24069 0 10167.411764705881 34
stats: {cpu,"tsung_controller@ip-172-31-27-70"} 1 0.1 0.0 23.319755600814666 0.0 8.679896828101311 35
stats: {load,"tsung_controller@ip-172-31-27-70"} 1 0.078125 0.0 0.421875 0.0 0.17064732142857142 35
stats: {freemem,"tsung_controller@ip-172-31-27-70"} 1 621.35546875 0.0 737.30078125 437.625 618.1190848214286 35
stats: session 0 0 0 34173.855 7.465 8605.242295762522 13947
stats: users_count 0 13947
stats: finish_users_count 0 13947
stats: request 0 0 0 9584.86 0.685 1385.1260608729515 79592
stats: connect 0 0 0 210.264 0.501 4.691768337276834 13947
stats: 302 0 28124
stats: page 0 0 0 24553.496 0.741 2931.44035270813 37609
stats: tr_create_post_comment 0 0 0 24553.629 5.86 7588.0115755663855 3487
stats: 200 0 24405
stats: size_rcv 0 550536241
stats: 422 0 2522
stats: newphase 0 3
stats: 502 0 21432
stats: size_sent 0 38402907
stats: connected 0 0
stats: 500 0 1184
stats: 404 0 1925
# stats: dump at 1575454134
stats: users 0 1166
stats: {recvpackets,"tsung_controller@ip-172-31-27-70"} 1 0.0 0.0 30896 0 14965.457142857143 35
stats: {sentpackets,"tsung_controller@ip-172-31-27-70"} 1 0.0 0.0 24069 0 9876.942857142856 35
stats: {cpu,"tsung_controller@ip-172-31-27-70"} 1 0.0 0.0 23.319755600814666 0.0 8.441566360654054 36
stats: {load,"tsung_controller@ip-172-31-27-70"} 1 0.05859375 0.0 0.421875 0.0 0.16807725694444445 36
stats: {freemem,"tsung_controller@ip-172-31-27-70"} 1 621.421875 0.0 737.30078125 437.625 618.208984375 36
stats: session 0 0 0 34173.855 7.465 8605.242295762522 13947
stats: users_count 0 13947
stats: finish_users_count 0 13947
stats: request 0 0 0 9584.86 0.685 1385.1260608729515 79592
stats: connect 0 0 0 210.264 0.501 4.691768337276834 13947
stats: 302 0 28124
stats: page 0 0 0 24553.496 0.741 2931.44035270813 37609
stats: tr_create_post_comment 0 0 0 24553.629 5.86 7588.0115755663855 3487
stats: 200 0 24405
stats: size_rcv 0 550536241
stats: 422 0 2522
stats: newphase 0 3
stats: 502 0 21432
stats: size_sent 0 38402907
stats: connected 0 0
stats: 500 0 1184
stats: 404 0 1925
# stats: dump at 1575454135
stats: users 0 1166
stats: {recvpackets,"tsung_controller@ip-172-31-27-70"} 1 0.0 0.0 30896 0 14549.75 36
stats: {sentpackets,"tsung_controller@ip-172-31-27-70"} 1 0.0 0.0 24069 0 9602.583333333332 36
stats: {cpu,"tsung_controller@ip-172-31-27-70"} 1 0.1 0.0 23.319755600814666 0.0 8.213415918474215 37
stats: {load,"tsung_controller@ip-172-31-27-70"} 1 0.05078125 0.0 0.421875 0.0 0.16511824324324326 37
stats: {freemem,"tsung_controller@ip-172-31-27-70"} 1 621.73046875 0.0 737.30078125 437.625 618.2958192567568 37
stats: session 0 0 0 34173.855 7.465 8605.242295762522 13947
stats: users_count 0 13947
stats: finish_users_count 0 13947
stats: request 0 0 0 9584.86 0.685 1385.1260608729515 79592
stats: connect 0 0 0 210.264 0.501 4.691768337276834 13947
stats: 302 0 28124
stats: page 0 0 0 24553.496 0.741 2931.44035270813 37609
stats: tr_create_post_comment 0 0 0 24553.629 5.86 7588.0115755663855 3487
stats: 200 0 24405
stats: size_rcv 0 550536241
stats: 422 0 2522
stats: newphase 0 3
stats: 502 0 21432
stats: size_sent 0 38402907
stats: connected 0 0
stats: 500 0 1184
stats: 404 0 1925
EndMonitor:{1575,454135,820539}