# stats: dump at 1575451719
stats: users 14 25
stats: {cpu,"tsung_controller@ip-172-31-27-70"} 1 4.987813449298864 0 4.987813449298864 4.987813449298864 0 0
stats: {load,"tsung_controller@ip-172-31-27-70"} 1 0.0 0 0.0 0.0 0 0
stats: {freemem,"tsung_controller@ip-172-31-27-70"} 1 738.5390625 0 738.5390625 738.5390625 0 0
stats: session 127 956.3994803149603 834.0220844222563 4444.34 307.391 0 0
stats: users_count 141 141
stats: finish_users_count 127 127
stats: request 736 64.60573913043478 82.0010909726928 300.592 3.76 0 0
stats: 302 344 344
stats: connect 136 2.154661764705884 4.33323130215199 31.533 0.634 0 0
stats: page 348 136.7334195402299 147.50800806239852 567.81 4.116 0 0
stats: tr_create_post_comment 33 86.29924242424242 56.896935182960036 293.67 49.564 0 0
stats: 200 354 354
stats: size_rcv 8033012 8033012
stats: 422 38 38
stats: size_sent 421564 421564
stats: connected 17 17
# stats: dump at 1575451729
stats: users 19 29
stats: {recvpackets,"tsung_controller@ip-172-31-27-70"} 1 7740 0 7740 7740 0 0
stats: {sentpackets,"tsung_controller@ip-172-31-27-70"} 1 4779 0 4779 4779 0 0
stats: {cpu,"tsung_controller@ip-172-31-27-70"} 1 3.9350713231677323 0.0 4.987813449298864 3.9350713231677323 4.987813449298864 1
stats: {load,"tsung_controller@ip-172-31-27-70"} 1 0.0 0.0 0.0 0.0 0.0 1
stats: {freemem,"tsung_controller@ip-172-31-27-70"} 1 725.13671875 0.0 738.5390625 725.13671875 738.5390625 1
stats: session 173 1127.646173410404 906.4512413187197 4444.34 271.541 956.3994803149603 127
stats: users_count 178 319
stats: finish_users_count 173 300
stats: connect 174 1.768011494252873 3.0825760592055826 31.533 0.634 2.154661764705884 136
stats: request 977 55.995110542477 80.57589670616217 442.513 3.704 64.60573913043478 736
stats: page 474 115.50763502109713 125.71228049717887 567.81 3.704 136.7334195402299 348
stats: tr_create_post_comment 42 61.78509523809525 10.103713406959704 293.67 43.637 86.29924242424242 33
stats: 302 470 814
stats: 200 461 815
stats: size_rcv 11283686 19316698
stats: 422 46 84
stats: size_sent 558304 979868
stats: connected 0 17
# stats: dump at 1575451739
stats: users 18 29
stats: {recvpackets,"tsung_controller@ip-172-31-27-70"} 1 9421.0 0.0 9421 7740 7740.0 1
stats: {sentpackets,"tsung_controller@ip-172-31-27-70"} 1 5869.0 0.0 5869 4779 4779.0 1
stats: {cpu,"tsung_controller@ip-172-31-27-70"} 1 3.9744847890088324 0.0 4.987813449298864 3.9350713231677323 4.461442386233298 2
stats: {load,"tsung_controller@ip-172-31-27-70"} 1 0.0 0.0 0.0 0.0 0.0 2
stats: {freemem,"tsung_controller@ip-172-31-27-70"} 1 724.01171875 0.0 738.5390625 724.01171875 731.837890625 2
stats: session 172 1039.7639011627905 944.0242799412154 5503.757 271.541 1055.1517399999996 300
stats: users_count 171 490
stats: finish_users_count 172 472
stats: request 977 54.61144933469803 80.11839790039896 442.513 3.492 59.6947151196731 1713
stats: connect 172 2.8573372093023255 5.819460216538238 31.533 0.634 1.9376387096774197 310
stats: page 454 116.5482885462555 126.64125507147162 567.81 3.704 124.49373357664238 822
stats: tr_create_post_comment 42 60.48642857142857 15.059678821186022 293.67 43.56 72.57132 75
stats: 302 451 1265
stats: 200 467 1282
stats: size_rcv 10440526 29757224
stats: 422 59 143
stats: size_sent 562332 1542200
stats: connected 3 20
# stats: dump at 1575451749
stats: users 16 29
stats: {recvpackets,"tsung_controller@ip-172-31-27-70"} 1 8952.0 0.0 9421 7740 8580.5 2
stats: {sentpackets,"tsung_controller@ip-172-31-27-70"} 1 5568.0 0.0 5869 4779 5324.0 2
stats: {cpu,"tsung_controller@ip-172-31-27-70"} 1 2.235469448584203 0.0 4.987813449298864 2.235469448584203 4.299123187158476 3
stats: {load,"tsung_controller@ip-172-31-27-70"} 1 0.0 0.0 0.0 0.0 0.0 3
stats: {freemem,"tsung_controller@ip-172-31-27-70"} 1 722.9765625 0.0 738.5390625 722.9765625 729.2291666666666 3
stats: session 150 1145.7729866666668 1084.230997888666 5503.757 271.541 1049.5443072033895 472
stats: users_count 148 638
stats: finish_users_count 150 622
stats: connect 145 18.625406896551727 44.67322968223062 191.643 0.634 2.2658298755186723 482
stats: request 886 55.31305869074492 79.20465933746607 442.513 3.492 57.84848810408921 2690
stats: page 414 119.08906763285029 118.93687714820987 567.81 3.702 121.66674921630099 1276
stats: tr_create_post_comment 44 67.89497727272726 37.517388571221595 296.715 43.56 68.23315384615385 117
stats: 302 444 1709
stats: 200 402 1684
stats: size_rcv 9409908 39167132
stats: 422 40 183
stats: size_sent 512340 2054540
stats: connected -13 7
# stats: dump at 1575451759
stats: users 20 29
stats: {recvpackets,"tsung_controller@ip-172-31-27-70"} 1 7316.0 0.0 9421 7316 8704.333333333334 3
stats: {sentpackets,"tsung_controller@ip-172-31-27-70"} 1 4610.0 0.0 5869 4610 5405.333333333333 3
stats: {cpu,"tsung_controller@ip-172-31-27-70"} 1 3.100393700787402 0.0 4.987813449298864 2.235469448584203 3.783209752514908 4
stats: {load,"tsung_controller@ip-172-31-27-70"} 1 0.0 0.0 0.0 0.0 0.0 4
stats: {freemem,"tsung_controller@ip-172-31-27-70"} 1 723.26953125 0.0 738.5390625 722.9765625 727.666015625 4
stats: session 172 966.450965116279 915.4780123892124 5503.757 271.541 1072.7505803858517 622
stats: users_count 176 814
stats: finish_users_count 172 794
stats: request 981 54.03719266055045 79.96944259116152 442.513 3.492 57.220302852348986 3576
stats: connect 178 1.8928146067415736 3.9607731489621383 191.643 0.634 6.049145135566189 627
stats: page 466 113.86551502145913 122.28031766351143 567.81 3.702 121.03529349112429 1690
stats: tr_create_post_comment 42 56.033309523809535 6.170098600308455 296.715 41.138 68.14073291925466 161
stats: 302 456 2165
stats: 200 474 2158
stats: size_rcv 10537002 49704134
stats: 422 51 234
stats: size_sent 562748 2617288
stats: connected 11 18
# stats: dump at 1575451769
stats: users 14 29
stats: {recvpackets,"tsung_controller@ip-172-31-27-70"} 1 9047.0 0.0 9421 7316 8357.25 4
stats: {sentpackets,"tsung_controller@ip-172-31-27-70"} 1 5662.0 0.0 5869 4610 5206.5 4
stats: {cpu,"tsung_controller@ip-172-31-27-70"} 1 3.443187407771766 0.0 4.987813449298864 2.235469448584203 3.6466465421694068 5
stats: {load,"tsung_controller@ip-172-31-27-70"} 1 0.0 0.0 0.0 0.0 0.0 5
stats: {freemem,"tsung_controller@ip-172-31-27-70"} 1 722.31640625 0.0 738.5390625 722.31640625 726.78671875 5
stats: session 150 1068.7882200000004 1074.3047331584141 6218.553 270.312 1049.7234596977326 794
stats: users_count 144 958
stats: finish_users_count 150 944
stats: request 860 53.49401279069774 79.50947202030396 442.513 3.492 56.53506451612903 4557
stats: connect 146 2.2084315068493137 4.473935616752094 191.643 0.634 5.130105590062112 805
stats: page 402 115.02400000000002 121.62421838374831 567.81 3.702 119.4856103896104 2156
stats: tr_create_post_comment 38 58.58115789473684 6.514178174632525 296.715 41.138 65.63574876847291 203
stats: 302 408 2573
stats: 200 407 2565
stats: size_rcv 9294422 58998556
stats: 422 45 279
stats: size_sent 495433 3112721
stats: connected -3 15
# stats: dump at 1575451779
stats: users 29 34
stats: {recvpackets,"tsung_controller@ip-172-31-27-70"} 1 6662.0 0.0 9421 6662 8495.2 5
stats: {sentpackets,"tsung_controller@ip-172-31-27-70"} 1 4178.0 0.0 5869 4178 5297.6 5
stats: {cpu,"tsung_controller@ip-172-31-27-70"} 1 1.8389662027833 0.0 4.987813449298864 1.8389662027833 3.6127366864364667 6
stats: {load,"tsung_controller@ip-172-31-27-70"} 1 0.0703125 0.0 0.0703125 0.0 0.0 6
stats: {freemem,"tsung_controller@ip-172-31-27-70"} 1 722.88671875 0.0 738.5390625 722.31640625 726.0416666666666 6
stats: session 97 911.4158453608244 786.3642647587396 6218.553 270.312 1052.7528177966099 944
stats: users_count 112 1070
stats: finish_users_count 97 1041
stats: request 572 55.31263461538461 80.52232346722586 442.513 3.492 56.05226878345948 5417
stats: connect 107 2.6502616822429914 5.626845540377016 191.643 0.634 4.681562565720294 951
stats: page 267 116.49441573033711 121.21166725113945 567.81 3.702 118.78445035183738 2558
stats: tr_create_post_comment 21 60.138 8.102300790222372 296.715 41.138 64.52340663900415 241
stats: 302 254 2827
stats: 200 284 2849
stats: size_rcv 6122215 65120771
stats: 422 34 313
stats: newphase 1 1
stats: size_sent 330836 3443557
stats: connected 14 29
# stats: dump at 1575451789
stats: users 35 49
stats: {recvpackets,"tsung_controller@ip-172-31-27-70"} 1 6647.0 0.0 9421 6647 8189.666666666667 6
stats: {sentpackets,"tsung_controller@ip-172-31-27-70"} 1 4219.0 0.0 5869 4178 5111.0 6
stats: {cpu,"tsung_controller@ip-172-31-27-70"} 1 1.8914883026381284 0.0 4.987813449298864 1.8389662027833 3.359340903057443 7
stats: {load,"tsung_controller@ip-172-31-27-70"} 1 0.05859375 0.0 0.0703125 0.0 0.010044642857142858 7
stats: {freemem,"tsung_controller@ip-172-31-27-70"} 1 722.73046875 0.0 738.5390625 722.31640625 725.5909598214286 7
stats: session 339 960.4782743362836 919.5808710420392 6218.553 270.312 1039.5830902977902 1041
stats: users_count 345 1415
stats: finish_users_count 339 1380
stats: connect 346 2.592132947976878 4.58280901499004 191.643 0.634 4.476128544423441 1058
stats: request 1963 54.78364340295463 80.68426471025266 442.513 3.314 55.98162748372015 5989
stats: page 924 117.11201731601739 124.31943593183166 567.81 3.386 118.56801168141594 2825
stats: tr_create_post_comment 89 69.00406741573032 48.21600604065324 307.784 41.138 64.17190458015267 262
stats: 302 923 3750
stats: 200 935 3784
stats: size_rcv 21420862 86541633
stats: 422 105 418
stats: newphase 0 1
stats: size_sent 1125618 4569175
stats: connected 6 35
# stats: dump at 1575451799
stats: users 31 49
stats: {recvpackets,"tsung_controller@ip-172-31-27-70"} 1 17788.0 0.0 17788 6647 7969.285714285715 7
stats: {sentpackets,"tsung_controller@ip-172-31-27-70"} 1 11131.0 0.0 11131 4178 4983.571428571428 7
stats: {cpu,"tsung_controller@ip-172-31-27-70"} 1 9.579667644183774 0.0 9.579667644183774 1.8389662027833 3.1758593280050285 8
stats: {load,"tsung_controller@ip-172-31-27-70"} 1 0.05078125 0.0 0.0703125 0.0 0.01611328125 8
stats: {freemem,"tsung_controller@ip-172-31-27-70"} 1 714.203125 0.0 738.5390625 714.203125 725.2333984375 8
stats: session 307 995.3414006514653 1047.7633387813707 8935.396 270.312 1020.1508202898549 1380
stats: users_count 303 1718
stats: finish_users_count 307 1687
stats: connect 303 2.3697953795379543 4.74971805288407 191.643 0.634 4.011839031339032 1404
stats: page 823 116.19953341433775 123.54262754378107 567.81 3.277 118.2091589757269 3749
stats: request 1774 53.863865839909764 80.17289269745763 442.513 3.277 55.685897761569414 7952
stats: tr_create_post_comment 80 65.28653750000002 36.446420016218234 307.784 38.976 65.39715384615384 351
stats: 302 839 4589
stats: 200 835 4619
stats: size_rcv 18976363 105517996
stats: 422 100 518
stats: newphase 0 1
stats: size_sent 1021833 5591008
stats: connected -9 26
# stats: dump at 1575451809
stats: users 40 49
stats: {recvpackets,"tsung_controller@ip-172-31-27-70"} 1 15716.0 0.0 17788 6647 9196.625 8
stats: {sentpackets,"tsung_controller@ip-172-31-27-70"} 1 9971.0 0.0 11131 4178 5752.0 8
stats: {cpu,"tsung_controller@ip-172-31-27-70"} 1 9.526135808500245 0.0 9.579667644183774 1.8389662027833 3.887393585358222 9
stats: {load,"tsung_controller@ip-172-31-27-70"} 1 0.0390625 0.0 0.0703125 0.0 0.019965277777777776 9
stats: {freemem,"tsung_controller@ip-172-31-27-70"} 1 714.10546875 0.0 738.5390625 714.10546875 724.0078125 9
stats: session 300 1054.4080899999997 1002.9351321273286 8935.396 270.312 1015.636005927682 1687
stats: users_count 309 2027
stats: finish_users_count 300 1987
stats: connect 306 19.508803921568635 43.53852107553968 213.219 0.634 3.720369068541301 1707
stats: page 820 127.5179256097561 125.11487333848623 567.81 3.277 117.84740879265094 4572
stats: 302 760 5349
stats: request 1667 62.70921595680864 82.3135996590721 442.513 3.277 55.353563335389666 9726
stats: tr_create_post_comment 60 68.88154999999998 28.648646287055747 307.784 38.976 65.37662180974478 431
stats: 200 816 5435
stats: size_rcv 19505421 125023417
stats: 422 91 609
stats: newphase 0 1
stats: size_sent 946342 6537350
stats: connected 7 33
# stats: dump at 1575451819
stats: users 35 49
stats: {recvpackets,"tsung_controller@ip-172-31-27-70"} 1 16147.0 0.0 17788 6647 9921.0 9
stats: {sentpackets,"tsung_controller@ip-172-31-27-70"} 1 9689.0 0.0 11131 4178 6220.777777777777 9
stats: {cpu,"tsung_controller@ip-172-31-27-70"} 1 9.50334288443171 0.0 9.579667644183774 1.8389662027833 4.451267807672425 10
stats: {load,"tsung_controller@ip-172-31-27-70"} 1 0.0390625 0.0 0.0703125 0.0 0.021875 10
stats: {freemem,"tsung_controller@ip-172-31-27-70"} 1 708.82421875 0.0 738.5390625 708.82421875 723.017578125 10
stats: session 309 1011.0317766990288 920.4529286067993 8935.396 270.312 1021.4898686462001 1987
stats: users_count 304 2331
stats: finish_users_count 309 2296
stats: request 1792 52.949188058035695 79.93837160237581 442.513 3.277 56.42982708680768 11393
stats: connect 307 2.2833420195439746 4.591124221710732 213.219 0.634 6.120399403874815 2013
stats: 302 881 6230
stats: page 842 112.87441567695964 120.88036383618824 567.81 3.277 119.31807344213652 5392
stats: tr_create_post_comment 88 64.55422727272735 33.617153471691445 307.784 38.976 65.80492260692463 491
stats: 200 829 6264
stats: size_rcv 19183671 144207088
stats: 422 82 691
stats: newphase 0 1
stats: size_sent 1034888 7572238
stats: connected -5 28
# stats: dump at 1575451829
stats: users 29 49
stats: {recvpackets,"tsung_controller@ip-172-31-27-70"} 1 15762.0 0.0 17788 6647 10543.6 10
stats: {sentpackets,"tsung_controller@ip-172-31-27-70"} 1 9950.0 0.0 11131 4178 6567.6 10
stats: {cpu,"tsung_controller@ip-172-31-27-70"} 1 7.41825280624695 0.0 9.579667644183774 1.8389662027833 4.910547360105086 11
stats: {load,"tsung_controller@ip-172-31-27-70"} 1 0.03125 0.0 0.0703125 0.0 0.0234375 11
stats: {freemem,"tsung_controller@ip-172-31-27-70"} 1 710.62109375 0.0 738.5390625 708.82421875 721.7272727272727 11
stats: session 309 1087.0367508090628 962.1518792778991 8935.396 265.744 1020.0823989547034 2296
stats: users_count 303 2634
stats: finish_users_count 309 2605
stats: request 1692 55.77149645390055 81.05507287191384 442.513 3.208 55.956766401213486 13185
stats: connect 310 2.17897741935484 4.302833453120929 213.219 0.634 5.612650862068968 2320
stats: page 835 112.23437365269444 120.67180085523225 567.81 3.277 118.4477558549888 6234
stats: tr_create_post_comment 63 60.671460317460316 27.206526272858266 307.784 38.976 65.6148341968912 579
stats: 302 780 7010
stats: 200 825 7089
stats: size_rcv 19429939 163637027
stats: 422 87 778
stats: newphase 0 1
stats: size_sent 963583 8535821
stats: connected 3 31
# stats: dump at 1575451839
stats: users 1 49
stats: {recvpackets,"tsung_controller@ip-172-31-27-70"} 1 15623.0 0.0 17788 6647 11018.0 11
stats: {sentpackets,"tsung_controller@ip-172-31-27-70"} 1 9631.0 0.0 11131 4178 6875.090909090909 11
stats: {cpu,"tsung_controller@ip-172-31-27-70"} 1 6.943765281173595 0.0 9.579667644183774 1.8389662027833 5.119522813950241 12
stats: {load,"tsung_controller@ip-172-31-27-70"} 1 0.01953125 0.0 0.0703125 0.0 0.024088541666666668 12
stats: {freemem,"tsung_controller@ip-172-31-27-70"} 1 711.72265625 0.0 738.5390625 708.82421875 720.8017578125 12
stats: session 223 1060.0724125560541 852.6137736270593 8935.396 265.744 1028.024393090211 2605
stats: users_count 195 2829
stats: finish_users_count 223 2828
stats: request 1257 52.009264916467785 79.46832441880355 442.513 3.208 55.935695167036336 14877
stats: connect 199 2.000331658291458 3.858316024286905 213.219 0.634 5.2079212927756675 2630
stats: page 589 112.29321731748728 120.19264004316989 567.81 3.277 117.71382260574339 7069
stats: tr_create_post_comment 64 59.663093749999994 8.146484319782427 307.784 38.976 65.1297367601246 642
stats: 302 643 7653
stats: 200 564 7653
stats: size_rcv 13488487 177125514
stats: 422 50 828
stats: newphase 0 1
stats: size_sent 729025 9264846
stats: connected -30 1
# stats: dump at 1575451849
stats: users 60 78
stats: {recvpackets,"tsung_controller@ip-172-31-27-70"} 1 8782.0 0.0 17788 6647 11401.75 12
stats: {sentpackets,"tsung_controller@ip-172-31-27-70"} 1 5612.0 0.0 11131 4178 7104.75 12
stats: {cpu,"tsung_controller@ip-172-31-27-70"} 1 2.28287841191067 0.0 9.579667644183774 1.8389662027833 5.259849157582807 13
stats: {load,"tsung_controller@ip-172-31-27-70"} 1 0.01953125 0.0 0.0703125 0.0 0.023737980769230768 13
stats: {freemem,"tsung_controller@ip-172-31-27-70"} 1 712.234375 0.0 738.5390625 708.82421875 720.1033653846154 13
stats: session 192 739.4486145833342 769.2657268559248 8935.396 265.744 1030.5515176803394 2828
stats: users_count 251 3080
stats: finish_users_count 192 3020
stats: request 1140 60.54145701754392 86.3227037438785 442.513 3.208 55.62978697161272 16134
stats: connect 239 2.1239623430962333 4.314863504854767 213.219 0.634 4.982290208554262 2829
stats: page 573 120.46852356020949 130.93517095548847 567.81 3.277 117.29690741708018 7658
stats: tr_create_post_comment 34 74.08717647058823 52.056147887172855 307.784 38.976 64.63417705382435 706
stats: 302 474 8127
stats: 200 592 8245
stats: size_rcv 14009006 191134520
stats: 422 75 903
stats: newphase 1 2
stats: size_sent 636078 9900924
stats: connected 54 55
# stats: dump at 1575451859
stats: users 68 82
stats: {recvpackets,"tsung_controller@ip-172-31-27-70"} 1 14838.0 0.0 17788 6647 11200.23076923077 13
stats: {sentpackets,"tsung_controller@ip-172-31-27-70"} 1 9166.0 0.0 11131 4178 6989.923076923077 13
stats: {cpu,"tsung_controller@ip-172-31-27-70"} 1 5.870744943265911 0.0 9.579667644183774 1.8389662027833 5.047208390034798 14
stats: {load,"tsung_controller@ip-172-31-27-70"} 1 0.01953125 0.0 0.0703125 0.0 0.0234375 14
stats: {freemem,"tsung_controller@ip-172-31-27-70"} 1 704.33203125 0.0 738.5390625 704.33203125 719.5412946428571 14
stats: session 628 981.5563757961787 927.0362015998579 8935.396 265.744 1012.0443132450331 3020
stats: users_count 636 3716
stats: finish_users_count 628 3648
stats: connect 639 2.5649890453834114 5.042074407121885 213.219 0.577 4.759623859191658 3068
stats: page 1706 118.68963071512316 126.68052043120363 567.81 3.277 117.51769906451221 8231
stats: request 3608 56.26636668514413 83.14671125725211 457.663 3.115 55.95393331017712 17274
stats: tr_create_post_comment 157 64.37245222929944 31.5102942023564 307.784 38.856 65.06850405405403 740
stats: 302 1695 9822
stats: 200 1722 9967
stats: size_rcv 39137125 230271645
stats: 422 190 1093
stats: newphase 0 2
stats: size_sent 2072368 11973292
stats: connected 14 69
# stats: dump at 1575451869
stats: users 57 86
stats: {recvpackets,"tsung_controller@ip-172-31-27-70"} 1 32621.0 0.0 32621 6647 11460.07142857143 14
stats: {sentpackets,"tsung_controller@ip-172-31-27-70"} 1 20168.0 0.0 20168 4178 7145.357142857143 14
stats: {cpu,"tsung_controller@ip-172-31-27-70"} 1 18.37037037037037 0.0 18.37037037037037 1.8389662027833 5.102110826916872 15
stats: {load,"tsung_controller@ip-172-31-27-70"} 1 0.01171875 0.0 0.0703125 0.0 0.023177083333333334 15
stats: {freemem,"tsung_controller@ip-172-31-27-70"} 1 696.8125 0.0 738.5390625 696.8125 718.52734375 15
stats: session 611 1039.0471391162025 964.119266119123 8935.396 265.744 1006.7958415570175 3648
stats: users_count 600 4316
stats: finish_users_count 611 4259
stats: connect 606 18.665877887788778 44.81162979233349 214.502 0.577 4.381320205017536 3707
stats: page 1633 130.0572620943052 126.40064656119233 567.81 3.277 117.71889815839792 9937
stats: request 3512 60.216552961275596 83.96120986520562 457.663 3.115 56.00791566899721 20882
stats: tr_create_post_comment 154 81.88999350649354 61.1662869265666 309.379 38.856 64.94667558528428 897
stats: 302 1641 11463
stats: 200 1673 11640
stats: size_rcv 37767939 268039584
stats: 422 198 1291
stats: newphase 0 2
stats: size_sent 2022980 13996272
stats: connected -7 62
# stats: dump at 1575451879
stats: users 53 86
stats: {recvpackets,"tsung_controller@ip-172-31-27-70"} 1 30635.0 0.0 32621 6647 12870.8 15
stats: {sentpackets,"tsung_controller@ip-172-31-27-70"} 1 18648.0 0.0 20168 4178 8013.533333333334 15
stats: {cpu,"tsung_controller@ip-172-31-27-70"} 1 16.98022190062711 0.0 18.37037037037037 1.8389662027833 5.931377048382715 16
stats: {load,"tsung_controller@ip-172-31-27-70"} 1 0.25 0.0 0.25 0.0 0.0224609375 16
stats: {freemem,"tsung_controller@ip-172-31-27-70"} 1 689.59375 0.0 738.5390625 689.59375 717.170166015625 16
stats: session 637 1041.4668241758256 986.4050654846188 8935.396 265.744 1011.4226419347264 4259
stats: users_count 633 4949
stats: finish_users_count 637 4896
stats: request 3669 55.81546034341789 82.51557384098653 457.663 3.115 56.61383245880133 24394
stats: 302 1721 13184
stats: connect 629 2.5093227344992104 4.8383034902461395 214.502 0.577 6.3883783909112 4313
stats: page 1687 120.83619205690565 127.95910931261166 567.81 3.192 119.46034572169407 11570
stats: tr_create_post_comment 165 71.23766666666668 44.91102436600661 309.379 38.856 67.4293311132255 1051
stats: 200 1731 13371
stats: size_rcv 38866867 306906451
stats: 422 217 1508
stats: newphase 0 2
stats: size_sent 2114609 16110881
stats: connected -13 49
# stats: dump at 1575451889
stats: users 54 86
stats: {recvpackets,"tsung_controller@ip-172-31-27-70"} 1 31623.0 0.0 32621 6647 13981.0625 16
stats: {sentpackets,"tsung_controller@ip-172-31-27-70"} 1 19640.0 0.0 20168 4178 8678.1875 16
stats: {cpu,"tsung_controller@ip-172-31-27-70"} 1 18.314661471018024 0.0 18.37037037037037 1.8389662027833 6.581309098514739 17
stats: {load,"tsung_controller@ip-172-31-27-70"} 1 0.2109375 0.0 0.25 0.0 0.035845588235294115 17
stats: {freemem,"tsung_controller@ip-172-31-27-70"} 1 689.93359375 0.0 738.5390625 689.59375 715.5480238970588 17
stats: session 580 1010.3485758620685 941.7043617864748 8935.396 265.744 1015.3315765931372 4896
stats: users_count 581 5530
stats: finish_users_count 580 5476
stats: request 3317 55.90351251130556 82.95176763067545 562.849 3.115 56.50945205430639 28063
stats: page 1582 117.99754930467762 125.37628139033744 582.724 3.13 119.63542701968773 13257
stats: connect 586 2.398824232081913 4.708916764360888 214.502 0.469 5.8946661270740615 4942
stats: tr_create_post_comment 144 64.76393749999994 37.6913175864922 309.379 38.856 67.94608717105262 1216
stats: 302 1571 14755
stats: 200 1577 14948
stats: size_rcv 36708669 343615120
stats: 422 169 1677
stats: newphase 0 2
stats: size_sent 1904500 18015381
stats: connected 8 57
# stats: dump at 1575451899
stats: users 56 86
stats: {recvpackets,"tsung_controller@ip-172-31-27-70"} 1 30629.0 0.0 32621 6647 15018.823529411764 17
stats: {sentpackets,"tsung_controller@ip-172-31-27-70"} 1 18831.0 0.0 20168 4178 9323.0 17
stats: {cpu,"tsung_controller@ip-172-31-27-70"} 1 16.674840608141245 0.0 18.37037037037037 1.8389662027833 7.233162008098254 18
stats: {load,"tsung_controller@ip-172-31-27-70"} 1 0.1796875 0.0 0.25 0.0 0.045572916666666664 18
stats: {freemem,"tsung_controller@ip-172-31-27-70"} 1 693.3515625 0.0 738.5390625 689.59375 714.125 18
stats: session 633 965.7916919431269 909.7128477965779 8935.396 265.744 1014.8037934623812 5476
stats: users_count 635 6165
stats: finish_users_count 633 6109
stats: request 3503 57.43170596631472 84.03332675269425 562.849 3.115 56.44540165710646 31380
stats: connect 633 2.6558925750394944 5.2149607110243705 214.502 0.469 5.524086649782926 5528
stats: page 1696 118.3400595518869 129.57843452688903 691.245 3.13 119.46081130803962 14839
stats: tr_create_post_comment 139 67.00668345323747 37.7839399509414 309.379 38.856 67.60915367647058 1360
stats: 302 1619 16374
stats: 200 1683 16631
stats: size_rcv 40382121 383997241
stats: 422 201 1878
stats: newphase 0 2
stats: size_sent 1994249 20009630
stats: connected -2 55
# stats: dump at 1575451909
stats: users 4 86
stats: {recvpackets,"tsung_controller@ip-172-31-27-70"} 1 33107.0 0.0 33107 6647 15886.055555555555 18
stats: {sentpackets,"tsung_controller@ip-172-31-27-70"} 1 20174.0 0.0 20174 4178 9851.222222222223 18
stats: {cpu,"tsung_controller@ip-172-31-27-70"} 1 17.06718979892104 0.0 18.37037037037037 1.8389662027833 7.730092460732095 19
stats: {load,"tsung_controller@ip-172-31-27-70"} 1 0.30078125 0.0 0.30078125 0.0 0.05263157894736842 19
stats: {freemem,"tsung_controller@ip-172-31-27-70"} 1 693.390625 0.0 738.5390625 689.59375 713.0316611842105 19
stats: session 459 1161.4525337690632 1115.7528344386922 8935.396 265.744 1009.7252764773285 6109
stats: users_count 407 6572
stats: finish_users_count 459 6568
stats: request 2449 55.74601061657835 83.58057979903815 562.849 3.115 56.54444772525302 34883
stats: connect 411 2.1839051094890527 4.071009473052341 214.502 0.469 5.229399610452851 6161
stats: page 1156 118.77539359861592 130.13812388839784 767.347 3.13 119.34585545811916 16535
stats: tr_create_post_comment 103 64.78663106796114 32.31820350312985 309.379 38.856 67.55328752501667 1499
stats: 302 1153 17527
stats: 200 1153 17784
stats: size_rcv 27058918 411056159
stats: 422 143 2021
stats: newphase 0 2
stats: size_sent 1405970 21415600
stats: connected -51 4
# stats: dump at 1575451919
stats: users 118 131
stats: {recvpackets,"tsung_controller@ip-172-31-27-70"} 1 18856.0 0.0 33107 6647 16792.42105263158 19
stats: {sentpackets,"tsung_controller@ip-172-31-27-70"} 1 12004.0 0.0 20174 4178 10394.526315789473 19
stats: {cpu,"tsung_controller@ip-172-31-27-70"} 1 10.990099009900991 0.0 18.37037037037037 1.8389662027833 8.196947327641542 20
stats: {load,"tsung_controller@ip-172-31-27-70"} 1 0.25 0.0 0.30078125 0.0 0.0650390625 20
stats: {freemem,"tsung_controller@ip-172-31-27-70"} 1 695.45703125 0.0 738.5390625 689.59375 712.049609375 20
stats: session 318 887.8204654088048 831.981878342313 8935.396 265.744 1020.3286277405601 6568
stats: users_count 432 7004
stats: finish_users_count 318 6886
stats: connect 432 2.3803263888888844 3.7373707369506106 214.502 0.469 5.038940353012784 6572
stats: page 1022 144.41684637964772 163.28997587096472 834.085 3.13 119.30857922107288 17691
stats: request 2040 74.72833872549023 99.95586147599991 680.101 3.115 56.49206980606454 37332
stats: tr_create_post_comment 63 121.091619047619 110.60918906550167 573.642 38.856 67.3754063670412 1602
stats: 302 873 18400
stats: 200 1047 18831
stats: size_rcv 24481985 435538144
stats: 422 120 2141
stats: newphase 1 3
stats: size_sent 1150635 22566235
stats: connected 114 118
# stats: dump at 1575451929
stats: users 253 259
stats: {recvpackets,"tsung_controller@ip-172-31-27-70"} 1 26519.0 0.0 33107 6647 16895.6 20
stats: {sentpackets,"tsung_controller@ip-172-31-27-70"} 1 15642.0 0.0 20174 4178 10475.0 20
stats: {cpu,"tsung_controller@ip-172-31-27-70"} 1 12.901631240731588 0.0 18.37037037037037 1.8389662027833 8.329954550606278 21
stats: {load,"tsung_controller@ip-172-31-27-70"} 1 0.2109375 0.0 0.30078125 0.0 0.07384672619047619 21
stats: {freemem,"tsung_controller@ip-172-31-27-70"} 1 669.0859375 0.0 738.5390625 669.0859375 711.2594866071429 21
stats: session 1112 1460.0919928057563 1038.1130977665784 8935.396 265.744 1014.2093138251523 6886
stats: users_count 1247 8251
stats: finish_users_count 1112 7998
stats: connect 1186 17.624930016863402 43.511973785704285 214.502 0.469 4.874959594517421 7004
stats: page 3042 283.53862952005244 325.1755585680306 2227.012 3.13 120.67985315021643 18713
stats: tr_create_post_comment 251 385.3186015936257 313.350352125597 1669.179 38.856 69.4079117117117 1665
stats: request 6275 140.10163713147432 176.53722958330437 2194.703 3.115 57.43695420603479 39372
stats: 302 2923 21323
stats: 200 3035 21866
stats: size_rcv 70386675 505924819
stats: 422 318 2459
stats: newphase 0 3
stats: size_sent 3599403 26165638
stats: connected 126 244
# stats: dump at 1575451939
stats: users 186 259
stats: {recvpackets,"tsung_controller@ip-172-31-27-70"} 1 64335.0 0.0 64335 6647 17353.85714285714 21
stats: {sentpackets,"tsung_controller@ip-172-31-27-70"} 1 37544.0 0.0 37544 4178 10721.047619047618 21
stats: {cpu,"tsung_controller@ip-172-31-27-70"} 1 29.93503248375812 0.0 29.93503248375812 1.8389662027833 8.537758036521064 22
stats: {load,"tsung_controller@ip-172-31-27-70"} 1 0.328125 0.0 0.328125 0.0 0.080078125 22
stats: {freemem,"tsung_controller@ip-172-31-27-70"} 1 627.35546875 0.0 738.5390625 627.35546875 709.3425071022727 22
stats: session 1266 1521.7129581358606 1115.1467166699094 8935.396 265.744 1076.2025045011253 7998
stats: users_count 1199 9450
stats: finish_users_count 1266 9264
stats: connect 1192 2.3686384228187927 4.442536201916173 214.502 0.469 6.721292307692308 8190
stats: page 3354 276.6886514609423 339.0999598022678 2236.718 3.13 143.4523834980464 21755
stats: tr_create_post_comment 352 335.6247471590909 322.36970278610124 2236.805 38.856 110.79287160751568 1916
stats: request 7196 127.33867078932707 180.47739548980397 2194.703 3.115 68.80069958595314 45647
stats: 302 3523 24846
stats: 200 3324 25190
stats: size_rcv 76049781 581974600
stats: 422 349 2808
stats: newphase 0 3
stats: size_sent 4150733 30316371
stats: connected -90 154
# stats: dump at 1575451949
stats: users 199 259
stats: {recvpackets,"tsung_controller@ip-172-31-27-70"} 1 64863.0 0.0 64863 6647 19489.363636363632 22
stats: {sentpackets,"tsung_controller@ip-172-31-27-70"} 1 38438.0 0.0 38438 4178 11940.272727272728 22
stats: {cpu,"tsung_controller@ip-172-31-27-70"} 1 31.84302036761053 0.0 31.84302036761053 1.8389662027833 9.468074316835718 23
stats: {load,"tsung_controller@ip-172-31-27-70"} 1 0.421875 0.0 0.421875 0.0 0.09086277173913043 23
stats: {freemem,"tsung_controller@ip-172-31-27-70"} 1 641.77734375 0.0 738.5390625 627.35546875 705.7778532608696 23
stats: session 1197 1331.700934837095 977.1439859588673 9020.427 265.744 1137.085085924007 9264
stats: users_count 1210 10660
stats: finish_users_count 1197 10461
stats: request 6859 114.1124194488992 154.18190669328735 2194.703 3.115 76.77222354900366 52843
stats: 302 3260 28106
stats: connect 1220 2.670810655737701 5.363369400291652 214.502 0.469 6.16827979108932 9382
stats: page 3296 239.04954368932027 279.2485085862447 2236.718 3.13 161.24976462622965 25109
stats: tr_create_post_comment 296 300.00485135135176 268.4886810494762 2236.805 38.856 145.68741313932983 2268
stats: 200 3254 28444
stats: size_rcv 76695628 658670228
stats: 422 344 3152
stats: newphase 0 3
stats: size_sent 3923284 34239655
stats: connected 19 173
# stats: dump at 1575451959
stats: users 157 259
stats: {recvpackets,"tsung_controller@ip-172-31-27-70"} 1 63771.0 0.0 64863 6647 21462.130434782604 23
stats: {sentpackets,"tsung_controller@ip-172-31-27-70"} 1 37856.0 0.0 38438 4178 13092.347826086956 23
stats: {cpu,"tsung_controller@ip-172-31-27-70"} 1 30.512692882030862 0.0 31.84302036761053 1.8389662027833 10.400363735618003 24
stats: {load,"tsung_controller@ip-172-31-27-70"} 1 0.578125 0.0 0.578125 0.0 0.10465494791666667 24
stats: {freemem,"tsung_controller@ip-172-31-27-70"} 1 638.85546875 0.0 738.5390625 627.35546875 703.1111653645834 24
stats: session 1214 1329.8367158154867 1072.0084680399236 9020.427 265.744 1159.354005831183 10461
stats: users_count 1172 11832
stats: finish_users_count 1214 11675
stats: connect 1181 2.606917019475025 4.8108423533633315 214.502 0.469 5.765816827013771 10602
stats: request 6830 102.57672269399716 143.05896116382482 2194.703 3.055 81.06213684633681 59702
stats: page 3217 215.90993410009366 250.76138101947663 2236.718 3.13 170.27733272311212 28405
stats: 302 3292 31398
stats: tr_create_post_comment 311 252.4377877813508 231.65198891815353 2236.805 38.856 163.50253081123253 2564
stats: 200 3197 31641
stats: size_rcv 74030923 732701151
stats: 422 343 3495
stats: newphase 0 3
stats: size_sent 3935235 38174890
stats: connected -14 159
# stats: dump at 1575451969
stats: users 175 259
stats: {recvpackets,"tsung_controller@ip-172-31-27-70"} 1 62647.0 0.0 64863 6647 23224.999999999996 24
stats: {sentpackets,"tsung_controller@ip-172-31-27-70"} 1 37567.0 0.0 38438 4178 14124.166666666666 24
stats: {cpu,"tsung_controller@ip-172-31-27-70"} 1 30.996494742113168 0.0 31.84302036761053 1.8389662027833 11.204856901474518 25
stats: {load,"tsung_controller@ip-172-31-27-70"} 1 0.48828125 0.0 0.578125 0.0 0.12359375 25
stats: {freemem,"tsung_controller@ip-172-31-27-70"} 1 640.81640625 0.0 738.5390625 627.35546875 700.5409375 25
stats: session 1178 1385.0569736842085 1023.8528956291991 10115.379 265.744 1177.0812871948615 11675
stats: users_count 1196 13028
stats: finish_users_count 1178 12853
stats: connect 1189 2.3331177460050463 4.300702674559919 214.502 0.469 5.44920300432827 11783
stats: page 3225 225.20323317829457 262.29283682613396 2236.718 3.13 174.9196728227184 31622
stats: request 6793 108.25031620786103 149.3153908025148 2194.703 3.055 83.27076760055313 66532
stats: 302 3277 34675
stats: tr_create_post_comment 306 271.6590686274509 261.7526328913131 2236.805 38.856 173.1230055652175 2875
stats: 200 3187 34828
stats: size_rcv 74872942 807574093
stats: 422 330 3825
stats: newphase 0 3
stats: size_sent 3898612 42073502
stats: connected 12 171
# stats: dump at 1575451979
stats: users 2 259
stats: {recvpackets,"tsung_controller@ip-172-31-27-70"} 1 63201.0 0.0 64863 6647 24801.879999999994 25
stats: {sentpackets,"tsung_controller@ip-172-31-27-70"} 1 37714.0 0.0 38438 4178 15061.88 25
stats: {cpu,"tsung_controller@ip-172-31-27-70"} 1 30.315157578789393 0.0 31.84302036761053 1.8389662027833 11.96607374149908 26
stats: {load,"tsung_controller@ip-172-31-27-70"} 1 0.5 0.0 0.578125 0.0 0.13762019230769232 26
stats: {freemem,"tsung_controller@ip-172-31-27-70"} 1 642.71484375 0.0 738.5390625 627.35546875 698.2438401442307 26
stats: session 927 1453.0535059331182 1027.0804801205911 10115.379 265.744 1196.1426237454295 12853
stats: users_count 754 13782
stats: finish_users_count 927 13780
stats: request 5159 114.43161058344639 162.19017433017407 2194.703 3.055 85.5849315785885 73325
stats: connect 810 2.6934098765432117 4.905669658912183 214.502 0.469 5.163585877274129 12972
stats: tr_create_post_comment 254 271.34786614173237 252.06914246700833 2236.805 38.856 182.6017969192079 3181
stats: page 2402 254.9157893422143 295.766308518012 2236.718 3.13 179.5732866817804 34847
stats: 302 2532 37207
stats: 200 2357 37185
stats: size_rcv 54441358 862015451
stats: 422 267 4092
stats: newphase 0 3
stats: size_sent 2970775 45044277
stats: connected -166 5
# stats: dump at 1575451985
stats: users 0 259
stats: {recvpackets,"tsung_controller@ip-172-31-27-70"} 1 35650.0 0.0 64863 6647 26278.769230769227 26
stats: {sentpackets,"tsung_controller@ip-172-31-27-70"} 1 21419.0 0.0 38438 4178 15933.115384615385 26
stats: {cpu,"tsung_controller@ip-172-31-27-70"} 1 18.23587710604559 0.0 31.84302036761053 1.8389662027833 12.645669439176501 27
stats: {load,"tsung_controller@ip-172-31-27-70"} 1 0.421875 0.0 0.578125 0.0 0.15104166666666666 27
stats: {freemem,"tsung_controller@ip-172-31-27-70"} 1 666.4609375 0.0 738.5390625 627.35546875 696.1872106481482 27
stats: session 2 6058.4794999999995 1386.0945 10115.379 265.744 1213.4253804789555 13780
stats: users_count 0 13782
stats: finish_users_count 2 13782
stats: request 15 9.199533333333335 3.7478332916796364 2194.703 3.055 87.48111445644975 78484
stats: connect 0 0 0 214.502 0.469 5.018407923378319 13782
stats: 302 13 37220
stats: page 5 27.7942 23.92419272953635 2236.718 3.13 184.4317443958227 37249
stats: tr_create_post_comment 2 57.0485 3.6205 2236.805 38.856 189.16409723435237 3435
stats: 200 2 37187
stats: size_rcv 21237 862036688
stats: 422 0 4092
stats: newphase 0 3
stats: size_sent 10565 45054842
stats: connected -5 0
EndMonitor:{1575,451985,805480}