# stats: dump at 1575453027
stats: users 17 17
stats: {cpu,"tsung_controller@ip-172-31-27-70"} 1 5.1076872744133714 0 5.1076872744133714 5.1076872744133714 0 0
stats: {load,"tsung_controller@ip-172-31-27-70"} 1 0.0 0 0.0 0.0 0 0
stats: {freemem,"tsung_controller@ip-172-31-27-70"} 1 737.90625 0 737.90625 737.90625 0 0
stats: session 125 790.2997759999997 672.2988285025624 3342.125 267.487 0 0
stats: users_count 142 142
stats: finish_users_count 125 125
stats: request 688 55.49123691860463 83.06391450627163 288.993 3.256 0 0
stats: connect 131 2.5387709923664126 4.937719253711326 30.276 0.711 0 0
stats: page 330 115.78496363636368 123.83350090322969 597.725 3.256 0 0
stats: tr_create_post_comment 25 58.782080000000015 9.328200370575246 83.793 41.138 0 0
stats: 302 299 299
stats: 200 343 343
stats: size_rcv 7865841 7865841
stats: 422 46 46
stats: size_sent 390083 390083
stats: connected 13 13
# stats: dump at 1575453037
stats: users 15 22
stats: {recvpackets,"tsung_controller@ip-172-31-27-70"} 1 7773 0 7773 7773 0 0
stats: {sentpackets,"tsung_controller@ip-172-31-27-70"} 1 4857 0 4857 4857 0 0
stats: {cpu,"tsung_controller@ip-172-31-27-70"} 1 3.1480570585341856 0.0 5.1076872744133714 3.1480570585341856 5.1076872744133714 1
stats: {load,"tsung_controller@ip-172-31-27-70"} 1 0.0 0.0 0.0 0.0 0.0 1
stats: {freemem,"tsung_controller@ip-172-31-27-70"} 1 733.9453125 0.0 737.90625 733.9453125 737.90625 1
stats: session 148 845.784114864865 789.9286973615345 4460.389 267.269 790.2997759999997 125
stats: users_count 146 288
stats: finish_users_count 148 273
stats: request 857 51.65785180863475 80.09956031384709 288.993 3.251 55.49123691860463 688
stats: connect 151 2.3386225165562924 5.272026380389185 33.398 0.711 2.5387709923664126 131
stats: page 401 109.91558852867821 116.69358229822998 597.725 3.256 115.78496363636368 330
stats: tr_create_post_comment 37 55.39637837837838 11.346614797830378 103.009 41.138 58.782080000000015 25
stats: 302 400 699
stats: 200 408 751
stats: size_rcv 9407881 17273722
stats: 422 50 96
stats: size_sent 492952 883035
stats: connected 1 14
# stats: dump at 1575453047
stats: users 21 24
stats: {recvpackets,"tsung_controller@ip-172-31-27-70"} 1 7461.0 0.0 7773 7461 7773.0 1
stats: {sentpackets,"tsung_controller@ip-172-31-27-70"} 1 4646.0 0.0 4857 4646 4857.0 1
stats: {cpu,"tsung_controller@ip-172-31-27-70"} 1 2.6031434184675835 0.0 5.1076872744133714 2.6031434184675835 4.127872166473779 2
stats: {load,"tsung_controller@ip-172-31-27-70"} 1 0.0 0.0 0.0 0.0 0.0 2
stats: {freemem,"tsung_controller@ip-172-31-27-70"} 1 730.34375 0.0 737.90625 730.34375 735.92578125 2
stats: session 159 933.5400691823896 857.780355929274 4460.389 267.269 820.3791978021978 273
stats: users_count 165 453
stats: finish_users_count 159 432
stats: request 946 51.5750496828752 80.39567803969067 309.422 3.148 53.364886731391564 1545
stats: connect 162 2.0033703703703702 3.6273020155769373 33.398 0.642 2.4315992907801425 282
stats: page 427 114.90733723653399 119.55256090200744 597.725 3.256 112.56523803009574 731
stats: tr_create_post_comment 46 56.42552173913042 14.005572846951548 139.852 41.138 56.7615806451613 62
stats: 302 447 1146
stats: 200 444 1195
stats: size_rcv 10150142 27423864
stats: 422 54 150
stats: size_sent 546326 1429361
stats: connected 7 21
# stats: dump at 1575453057
stats: users 16 24
stats: {recvpackets,"tsung_controller@ip-172-31-27-70"} 1 8478.0 0.0 8478 7461 7617.0 2
stats: {sentpackets,"tsung_controller@ip-172-31-27-70"} 1 5375.0 0.0 5375 4646 4751.5 2
stats: {cpu,"tsung_controller@ip-172-31-27-70"} 1 3.143418467583497 0.0 5.1076872744133714 2.6031434184675835 3.619629250471714 3
stats: {load,"tsung_controller@ip-172-31-27-70"} 1 0.0 0.0 0.0 0.0 0.0 3
stats: {freemem,"tsung_controller@ip-172-31-27-70"} 1 730.44921875 0.0 737.90625 730.34375 734.0651041666666 3
stats: session 168 967.81075 893.924397205104 4859.429 263.672 862.0286851851852 432
stats: users_count 163 616
stats: finish_users_count 168 600
stats: request 963 49.91651194184843 79.51385054946797 309.422 3.148 52.68516539542349 2491
stats: connect 167 1.5213652694610778 2.4938237608962175 33.398 0.642 2.275353603603604 444
stats: page 457 105.19286214442022 117.0001753740136 597.725 3.256 113.42886183074266 1158
stats: tr_create_post_comment 47 55.98108510638298 11.780925146689704 139.852 41.138 56.61844444444444 108
stats: 302 481 1627
stats: 200 438 1633
stats: size_rcv 10551612 37975476
stats: 422 44 194
stats: size_sent 557382 1986743
stats: connected -6 15
# stats: dump at 1575453067
stats: users 11 31
stats: {recvpackets,"tsung_controller@ip-172-31-27-70"} 1 8742.0 0.0 8742 7461 7904.0 3
stats: {sentpackets,"tsung_controller@ip-172-31-27-70"} 1 5433.0 0.0 5433 4646 4959.333333333333 3
stats: {cpu,"tsung_controller@ip-172-31-27-70"} 1 3.192534381139489 0.0 5.1076872744133714 2.6031434184675835 3.5005765547496592 4
stats: {load,"tsung_controller@ip-172-31-27-70"} 1 0.0 0.0 0.0 0.0 0.0 4
stats: {freemem,"tsung_controller@ip-172-31-27-70"} 1 730.01953125 0.0 737.90625 730.01953125 733.1611328125 4
stats: session 176 1080.5589261363637 1080.490954850008 6121.363 263.672 891.6476633333333 600
stats: users_count 171 787
stats: finish_users_count 176 776
stats: request 1011 53.71039070227497 80.47612805824444 309.422 3.114 51.913244933410525 3454
stats: connect 169 16.057899408284037 42.19505929343938 198.002 0.642 2.069271685761048 611
stats: page 472 114.74922457627115 113.09844642804273 597.725 3.256 111.09830340557278 1615
stats: tr_create_post_comment 50 60.94496000000001 9.492328451881555 139.852 41.138 56.425180645161284 155
stats: 302 501 2128
stats: 200 466 2099
stats: size_rcv 10982928 48958404
stats: 422 45 239
stats: size_sent 582651 2569394
stats: connected -4 11
# stats: dump at 1575453077
stats: users 23 31
stats: {recvpackets,"tsung_controller@ip-172-31-27-70"} 1 8698.0 0.0 8742 7461 8113.5 4
stats: {sentpackets,"tsung_controller@ip-172-31-27-70"} 1 5450.0 0.0 5450 4646 5077.75 4
stats: {cpu,"tsung_controller@ip-172-31-27-70"} 1 3.992210321324245 0.0 5.1076872744133714 2.6031434184675835 3.438968120027625 5
stats: {load,"tsung_controller@ip-172-31-27-70"} 1 0.0 0.0 0.0 0.0 0.0 5
stats: {freemem,"tsung_controller@ip-172-31-27-70"} 1 728.95703125 0.0 737.90625 728.95703125 732.5328125 5
stats: session 129 1075.8071937984496 1173.6995447848997 7206.048 263.672 934.4935167525774 776
stats: users_count 141 928
stats: finish_users_count 129 905
stats: request 754 53.64526923076917 81.68182897478631 433.904 3.114 52.32016864501678 4465
stats: connect 138 2.2205144927536247 4.549635252517434 198.002 0.642 5.100141025641029 780
stats: page 364 111.81315934065925 117.94325497168228 597.725 3.256 111.92400287494011 2087
stats: 302 342 2470
stats: tr_create_post_comment 29 58.84441379310345 13.521379131652168 139.852 41.138 57.52756585365853 205
stats: 200 367 2466
stats: size_rcv 8634275 57592679
stats: 422 44 283
stats: size_sent 429122 2998516
stats: connected 6 17
# stats: dump at 1575453087
stats: users 39 42
stats: {recvpackets,"tsung_controller@ip-172-31-27-70"} 1 7221.0 0.0 8742 7221 8230.4 5
stats: {sentpackets,"tsung_controller@ip-172-31-27-70"} 1 4524.0 0.0 5450 4524 5152.2 5
stats: {cpu,"tsung_controller@ip-172-31-27-70"} 1 4.2947779404587605 0.0 5.1076872744133714 2.6031434184675835 3.5311751535770615 6
stats: {load,"tsung_controller@ip-172-31-27-70"} 1 0.0 0.0 0.0 0.0 0.0 6
stats: {freemem,"tsung_controller@ip-172-31-27-70"} 1 722.7109375 0.0 737.90625 722.7109375 731.9368489583334 6
stats: session 144 939.1620208333331 915.3400447578553 7206.048 263.672 954.6365712707183 905
stats: users_count 160 1088
stats: finish_users_count 144 1049
stats: request 806 52.78610545905717 81.14225944904616 433.904 3.114 52.51160873730598 5219
stats: connect 155 3.00616129032258 5.183092272284729 198.002 0.642 4.667255991285407 918
stats: page 383 109.81713315926896 118.53757090832637 597.725 3.256 111.90754141166872 2451
stats: tr_create_post_comment 33 55.91342424242424 5.975724558732317 139.852 41.138 57.690764957264946 234
stats: 302 369 2839
stats: 200 392 2858
stats: size_rcv 9090178 66682857
stats: 422 45 328
stats: newphase 1 1
stats: size_sent 463402 3461918
stats: connected 23 40
# stats: dump at 1575453097
stats: users 22 44
stats: {recvpackets,"tsung_controller@ip-172-31-27-70"} 1 9053.0 0.0 9053 7221 8062.166666666667 6
stats: {sentpackets,"tsung_controller@ip-172-31-27-70"} 1 5538.0 0.0 5538 4524 5047.5 6
stats: {cpu,"tsung_controller@ip-172-31-27-70"} 1 6.896551724137931 0.0 6.896551724137931 2.6031434184675835 3.640261265988733 7
stats: {load,"tsung_controller@ip-172-31-27-70"} 1 0.3203125 0.0 0.3203125 0.0 0.0 7
stats: {freemem,"tsung_controller@ip-172-31-27-70"} 1 716.3046875 0.0 737.90625 716.3046875 730.6188616071429 7
stats: session 325 976.1264215384615 1010.247994839344 7206.048 263.672 952.5123241182079 1049
stats: users_count 308 1396
stats: finish_users_count 325 1374
stats: request 1834 52.85650817884399 81.17823375064765 433.904 3.114 52.54832979253111 6025
stats: connect 312 1.8931730769230772 3.912932544556513 198.002 0.609 4.427302889095995 1073
stats: page 852 114.23753051643213 119.97380526309801 597.725 3.154 111.62503387438251 2834
stats: tr_create_post_comment 77 54.712948051948054 8.138100674893618 139.852 34.988 57.47109363295879 267
stats: 302 840 3679
stats: 200 877 3735
stats: size_rcv 20118639 86801496
stats: 422 117 445
stats: newphase 0 1
stats: size_sent 1051573 4513491
stats: connected -23 17
# stats: dump at 1575453107
stats: users 32 44
stats: {recvpackets,"tsung_controller@ip-172-31-27-70"} 1 15613.0 0.0 15613 7221 8203.714285714286 7
stats: {sentpackets,"tsung_controller@ip-172-31-27-70"} 1 9772.0 0.0 9772 4524 5117.571428571428 7
stats: {cpu,"tsung_controller@ip-172-31-27-70"} 1 7.149758454106281 0.0 7.149758454106281 2.6031434184675835 4.047297573257382 8
stats: {load,"tsung_controller@ip-172-31-27-70"} 1 0.26953125 0.0 0.3203125 0.0 0.0400390625 8
stats: {freemem,"tsung_controller@ip-172-31-27-70"} 1 718.671875 0.0 737.90625 716.3046875 728.82958984375 8
stats: session 298 1007.0689194630864 874.2223178156304 7206.048 263.672 958.0979002911209 1374
stats: users_count 308 1704
stats: finish_users_count 298 1672
stats: request 1755 52.3864871794872 80.49909979473117 433.904 3.114 52.62024723247231 7859
stats: page 831 110.98660649819494 116.36433110506273 597.725 3.154 112.22889907759094 3686
stats: connect 310 2.230809677419355 4.593494489500083 198.002 0.609 3.8564375451263557 1385
stats: tr_create_post_comment 82 55.431414634146336 9.485703086624138 139.852 34.988 56.8537180232558 344
stats: 302 850 4529
stats: 200 826 4561
stats: size_rcv 19349024 106150520
stats: 422 79 524
stats: newphase 0 1
stats: size_sent 1009488 5522979
stats: connected 17 34
# stats: dump at 1575453117
stats: users 28 44
stats: {recvpackets,"tsung_controller@ip-172-31-27-70"} 1 16526.0 0.0 16526 7221 9129.875 8
stats: {sentpackets,"tsung_controller@ip-172-31-27-70"} 1 10354.0 0.0 10354 4524 5699.375 8
stats: {cpu,"tsung_controller@ip-172-31-27-70"} 1 7.367910809500727 0.0 7.367910809500727 2.6031434184675835 4.3920154489072605 9
stats: {load,"tsung_controller@ip-172-31-27-70"} 1 0.23046875 0.0 0.3203125 0.0 0.06553819444444445 9
stats: {freemem,"tsung_controller@ip-172-31-27-70"} 1 721.4140625 0.0 737.90625 716.3046875 727.7009548611111 9
stats: session 312 946.1339006410263 909.7501520951635 7206.048 263.531 966.8259886363635 1672
stats: users_count 308 2012
stats: finish_users_count 312 1984
stats: request 1736 54.11341359447006 84.32708533325717 511.251 3.059 52.577575202829195 9614
stats: connect 310 2.0373580645161304 3.5484286541686707 198.002 0.608 3.5591250737463147 1695
stats: page 827 113.13150665054407 123.56294686168003 597.725 3.154 112.00035244631397 4517
stats: tr_create_post_comment 70 60.30767142857142 26.232696547695387 215.038 34.988 56.579941314553984 426
stats: 302 798 5327
stats: 200 832 5393
stats: size_rcv 19726441 125876961
stats: 422 106 630
stats: newphase 0 1
stats: size_sent 993628 6516607
stats: connected -5 29
# stats: dump at 1575453127
stats: users 31 44
stats: {recvpackets,"tsung_controller@ip-172-31-27-70"} 1 15833.0 0.0 16526 7221 9951.666666666666 9
stats: {sentpackets,"tsung_controller@ip-172-31-27-70"} 1 9703.0 0.0 10354 4524 6216.555555555556 9
stats: {cpu,"tsung_controller@ip-172-31-27-70"} 1 9.14750957854406 0.0 9.14750957854406 2.6031434184675835 4.689604984966607 10
stats: {load,"tsung_controller@ip-172-31-27-70"} 1 0.19140625 0.0 0.3203125 0.0 0.08203125 10
stats: {freemem,"tsung_controller@ip-172-31-27-70"} 1 720.1796875 0.0 737.90625 716.3046875 727.072265625 10
stats: session 325 956.4939107692328 873.3639401928658 7206.048 263.531 963.5719909274194 1984
stats: users_count 328 2340
stats: finish_users_count 325 2309
stats: request 1762 59.631374574347475 84.65862344412689 511.251 3.059 52.812484052863425 11350
stats: connect 329 14.807784194528866 38.83086723071733 202.297 0.608 3.323839401496261 2005
stats: page 881 119.32954597048818 119.35203044679821 597.725 3.154 112.17540194610781 5344
stats: tr_create_post_comment 59 67.13933898305085 49.158466910977126 293.654 34.988 57.10603225806451 496
stats: 302 786 6113
stats: 200 876 6269
stats: size_rcv 21382538 147259499
stats: 422 100 730
stats: newphase 0 1
stats: size_sent 992102 7508709
stats: connected 8 37
# stats: dump at 1575453137
stats: users 29 44
stats: {recvpackets,"tsung_controller@ip-172-31-27-70"} 1 16939.0 0.0 16939 7221 10539.8 10
stats: {sentpackets,"tsung_controller@ip-172-31-27-70"} 1 10408.0 0.0 10408 4524 6565.2 10
stats: {cpu,"tsung_controller@ip-172-31-27-70"} 1 7.736665064872657 0.0 9.14750957854406 2.6031434184675835 5.094869038928194 11
stats: {load,"tsung_controller@ip-172-31-27-70"} 1 0.16015625 0.0 0.3203125 0.0 0.09197443181818182 11
stats: {freemem,"tsung_controller@ip-172-31-27-70"} 1 713.5234375 0.0 737.90625 713.5234375 726.4456676136364 11
stats: session 302 1069.521195364239 1102.1628289936157 7206.048 263.531 962.575725855349 2309
stats: users_count 300 2640
stats: finish_users_count 302 2611
stats: request 1724 54.15121983758695 81.9577386715219 511.251 3.059 53.7288114704088 13112
stats: connect 298 2.2977416107382553 3.551916456474152 202.297 0.608 4.942613110539846 2334
stats: page 823 114.12816646415554 119.6499822529356 597.725 3.154 113.18790008032131 6225
stats: tr_create_post_comment 75 74.00348000000002 66.11305130604902 507.322 34.988 58.17263603603603 555
stats: 302 823 6936
stats: 200 812 7081
stats: size_rcv 19451460 166710959
stats: 422 89 819
stats: newphase 0 1
stats: size_sent 987338 8496047
stats: connected -12 25
# stats: dump at 1575453147
stats: users 1 44
stats: {recvpackets,"tsung_controller@ip-172-31-27-70"} 1 15764.0 0.0 16939 7221 11121.545454545454 11
stats: {sentpackets,"tsung_controller@ip-172-31-27-70"} 1 9782.0 0.0 10408 4524 6914.545454545455 11
stats: {cpu,"tsung_controller@ip-172-31-27-70"} 1 11.787072243346007 0.0 11.787072243346007 2.6031434184675835 5.3150187077568996 12
stats: {load,"tsung_controller@ip-172-31-27-70"} 1 0.2890625 0.0 0.3203125 0.0 0.09765625 12
stats: {freemem,"tsung_controller@ip-172-31-27-70"} 1 714.2890625 0.0 737.90625 713.5234375 725.3688151041666 12
stats: session 226 1090.032146017699 992.4868697042969 7206.048 263.531 974.9455197242439 2611
stats: users_count 198 2838
stats: finish_users_count 226 2837
stats: request 1233 54.062152473641554 82.14759130678365 511.251 3.059 53.77789693987598 14836
stats: connect 206 2.1743689320388357 4.156869898051423 202.297 0.608 4.643155775075988 2632
stats: page 576 115.81494618055552 123.89888587322855 597.725 3.154 113.29769565834282 7048
stats: tr_create_post_comment 54 84.21214814814813 84.64986102883026 507.322 34.988 60.05726031746032 630
stats: 302 586 7522
stats: 200 577 7658
stats: size_rcv 13529516 180240475
stats: 422 70 889
stats: newphase 0 1
stats: size_sent 712342 9208389
stats: connected -24 1
# stats: dump at 1575453157
stats: users 74 83
stats: {recvpackets,"tsung_controller@ip-172-31-27-70"} 1 8990.0 0.0 16939 7221 11508.416666666666 12
stats: {sentpackets,"tsung_controller@ip-172-31-27-70"} 1 5598.0 0.0 10408 4524 7153.5 12
stats: {cpu,"tsung_controller@ip-172-31-27-70"} 1 5.8765915768854065 0.0 11.787072243346007 2.6031434184675835 5.812868979725293 13
stats: {load,"tsung_controller@ip-172-31-27-70"} 1 0.23828125 0.0 0.3203125 0.0 0.1123798076923077 13
stats: {freemem,"tsung_controller@ip-172-31-27-70"} 1 710.23828125 0.0 737.90625 710.23828125 724.5165264423077 13
stats: session 474 924.4485126582275 791.5302898514319 7206.048 260.156 984.1135061684881 2837
stats: users_count 547 3385
stats: finish_users_count 474 3311
stats: request 2897 57.69954711770796 85.86617392202146 511.251 3.047 53.799708320368424 16069
stats: connect 539 2.2721818181818203 3.994340470748043 202.297 0.608 4.463955602536998 2838
stats: 302 1354 8876
stats: page 1379 120.69508701957967 127.11511770152417 597.725 3.154 113.48787618048271 7624
stats: tr_create_post_comment 126 80.47947619047622 78.45321606625393 583.695 33.286 61.96422514619883 684
stats: 200 1401 9059
stats: size_rcv 32533960 212774435
stats: 422 142 1031
stats: newphase 1 2
stats: size_sent 1656869 10865258
stats: connected 79 80
# stats: dump at 1575453167
stats: users 77 85
stats: {recvpackets,"tsung_controller@ip-172-31-27-70"} 1 30574.0 0.0 30574 7221 11314.692307692309 13
stats: {sentpackets,"tsung_controller@ip-172-31-27-70"} 1 18938.0 0.0 18938 4524 7033.846153846154 13
stats: {cpu,"tsung_controller@ip-172-31-27-70"} 1 19.63688485427616 0.0 19.63688485427616 2.6031434184675835 5.817420593808158 14
stats: {load,"tsung_controller@ip-172-31-27-70"} 1 0.19921875 0.0 0.3203125 0.0 0.12137276785714286 14
stats: {freemem,"tsung_controller@ip-172-31-27-70"} 1 699.27734375 0.0 737.90625 699.27734375 723.4966517857143 14
stats: session 643 1030.1123981337505 938.9904282102024 7206.048 260.156 975.571915433404 3311
stats: users_count 646 4031
stats: finish_users_count 643 3954
stats: request 3704 55.69969519438427 84.70586176645602 518.497 3.047 54.39539707898345 18966
stats: page 1728 119.482480324074 126.52569833617042 597.725 3.154 114.59181306231262 9003
stats: connect 639 2.093895148669798 3.640153191580922 202.297 0.608 4.114128516434707 3377
stats: tr_create_post_comment 170 71.98693529411769 54.565394039698624 583.695 33.286 64.84437530864199 810
stats: 302 1768 10644
stats: 200 1740 10799
stats: size_rcv 40188049 252962484
stats: 422 196 1227
stats: newphase 0 2
stats: size_sent 2136472 13001730
stats: connected -7 73
# stats: dump at 1575453177
stats: users 60 85
stats: {recvpackets,"tsung_controller@ip-172-31-27-70"} 1 33520.0 0.0 33520 7221 12690.357142857143 14
stats: {sentpackets,"tsung_controller@ip-172-31-27-70"} 1 20974.0 0.0 20974 4524 7884.142857142857 14
stats: {cpu,"tsung_controller@ip-172-31-27-70"} 1 19.55896452540748 0.0 19.63688485427616 2.6031434184675835 6.738718211172691 15
stats: {load,"tsung_controller@ip-172-31-27-70"} 1 0.3203125 0.0 0.3203125 0.0 0.1265625 15
stats: {freemem,"tsung_controller@ip-172-31-27-70"} 1 704.59765625 0.0 737.90625 699.27734375 721.88203125 15
stats: session 613 1034.6296345840137 889.9214776763106 7206.048 260.156 984.4412959028838 3954
stats: users_count 596 4627
stats: finish_users_count 613 4567
stats: connect 598 2.6442140468227415 5.2166947544917575 202.297 0.602 3.792682021912352 4016
stats: page 1643 119.06860133901398 128.2608848654372 597.725 3.154 115.37935131860966 10731
stats: request 3444 56.82751974448318 86.473815119793 549.773 3.047 54.60850339655931 22670
stats: tr_create_post_comment 152 69.45435526315795 55.26107832317044 583.695 33.286 66.08339081632654 980
stats: 302 1654 12298
stats: 200 1620 12419
stats: size_rcv 38880447 291842931
stats: 422 170 1397
stats: newphase 0 2
stats: size_sent 1977716 14979446
stats: connected -16 57
# stats: dump at 1575453187
stats: users 63 87
stats: {recvpackets,"tsung_controller@ip-172-31-27-70"} 1 31239.0 0.0 33520 7221 14079.0 15
stats: {sentpackets,"tsung_controller@ip-172-31-27-70"} 1 19378.0 0.0 20974 4524 8756.8 15
stats: {cpu,"tsung_controller@ip-172-31-27-70"} 1 17.99522673031026 0.0 19.63688485427616 2.6031434184675835 7.539983605812365 16
stats: {load,"tsung_controller@ip-172-31-27-70"} 1 0.4296875 0.0 0.4296875 0.0 0.138671875 16
stats: {freemem,"tsung_controller@ip-172-31-27-70"} 1 699.734375 0.0 737.90625 699.27734375 720.8017578125 16
stats: session 606 1058.37328547855 989.5469202759065 7206.048 260.156 991.1777643967599 4567
stats: users_count 609 5236
stats: finish_users_count 606 5173
stats: request 3385 62.75984490398827 90.7124674758999 549.773 3.047 54.90115455311325 26114
stats: page 1634 130.61612729498177 133.9734496898325 730.471 3.075 115.86920405689352 12374
stats: connect 610 16.472440983606553 39.84139089942286 202.866 0.602 3.643834200260079 4614
stats: tr_create_post_comment 140 80.71237857142854 65.7701693765568 583.695 33.286 66.53602915194348 1132
stats: 302 1576 13874
stats: 200 1619 14038
stats: size_rcv 38755955 330598886
stats: 422 191 1588
stats: newphase 0 2
stats: size_sent 1931133 16910579
stats: connected -1 56
# stats: dump at 1575453197
stats: users 68 87
stats: {recvpackets,"tsung_controller@ip-172-31-27-70"} 1 31894.0 0.0 33520 7221 15151.5 16
stats: {sentpackets,"tsung_controller@ip-172-31-27-70"} 1 19640.0 0.0 20974 4524 9420.625 16
stats: {cpu,"tsung_controller@ip-172-31-27-70"} 1 20.142857142857142 0.0 20.142857142857142 2.6031434184675835 8.154997907253417 17
stats: {load,"tsung_controller@ip-172-31-27-70"} 1 0.44140625 0.0 0.44140625 0.0 0.1557904411764706 17
stats: {freemem,"tsung_controller@ip-172-31-27-70"} 1 694.90625 0.0 737.90625 694.90625 719.5625 17
stats: session 608 1005.1970411184204 998.6520781689144 8130.281 260.156 999.0494995167221 5173
stats: users_count 613 5849
stats: finish_users_count 608 5781
stats: page 1649 118.14705336567603 124.76605450127057 730.471 3.075 117.58939770131359 14008
stats: request 3424 57.24422429906542 84.77045709858943 549.773 2.892 55.802936540221694 29499
stats: tr_create_post_comment 139 68.22141726618707 46.51841752674735 583.695 33.286 68.09631918238995 1272
stats: connect 618 2.6613737864077645 5.016323218466727 202.866 0.602 5.141814701378255 5224
stats: 302 1597 15471
stats: 200 1645 15683
stats: size_rcv 39327687 369926573
stats: 422 181 1769
stats: newphase 0 2
stats: size_sent 1957808 18868387
stats: connected 20 76
# stats: dump at 1575453207
stats: users 66 87
stats: {recvpackets,"tsung_controller@ip-172-31-27-70"} 1 32690.0 0.0 33520 7221 16136.35294117647 17
stats: {sentpackets,"tsung_controller@ip-172-31-27-70"} 1 20148.0 0.0 20974 4524 10021.764705882353 17
stats: {cpu,"tsung_controller@ip-172-31-27-70"} 1 20.807600950118765 0.0 20.807600950118765 2.6031434184675835 8.820990087009179 18
stats: {load,"tsung_controller@ip-172-31-27-70"} 1 0.51953125 0.0 0.51953125 0.0 0.1716579861111111 18
stats: {freemem,"tsung_controller@ip-172-31-27-70"} 1 694.27734375 0.0 737.90625 694.27734375 718.1927083333334 18
stats: session 642 952.404322429906 870.9818222965338 8951.232 260.156 999.6960494724102 5781
stats: users_count 640 6489
stats: finish_users_count 642 6423
stats: connect 645 2.0538868217054267 3.725428426273106 202.866 0.588 4.879419548099967 5842
stats: page 1754 121.85981527936147 130.94442588517038 730.471 3.075 117.64813016542125 15657
stats: tr_create_post_comment 162 68.6407777777778 57.10382605622202 583.695 33.286 68.10864280652021 1411
stats: request 3703 57.34346367809892 87.97930358804985 611.029 2.85 55.952830817361715 32923
stats: 302 1750 17221
stats: 200 1755 17438
stats: size_rcv 41148411 411074984
stats: 422 198 1967
stats: newphase 0 2
stats: size_sent 2120631 20989018
stats: connected -9 67
# stats: dump at 1575453217
stats: users 301 301
stats: {recvpackets,"tsung_controller@ip-172-31-27-70"} 1 32748.0 0.0 33520 7221 17056.0 18
stats: {sentpackets,"tsung_controller@ip-172-31-27-70"} 1 20447.0 0.0 20974 4524 10584.333333333334 18
stats: {cpu,"tsung_controller@ip-172-31-27-70"} 1 21.64461247637051 0.0 21.64461247637051 2.6031434184675835 9.451864342962315 19
stats: {load,"tsung_controller@ip-172-31-27-70"} 1 0.44140625 0.0 0.51953125 0.0 0.18996710526315788 19
stats: {freemem,"tsung_controller@ip-172-31-27-70"} 1 692.5625 0.0 737.90625 692.5625 716.9340049342105 19
stats: session 307 1395.070931596092 1056.8186265833463 8951.232 260.156 994.9690856297684 6423
stats: users_count 542 7031
stats: finish_users_count 307 6730
stats: connect 531 2.7596741996233503 5.095414393649121 202.866 0.588 4.5984778788345935 6487
stats: page 1094 273.63269561243163 407.88613921787476 2396.174 3.054 118.07241916030098 17411
stats: tr_create_post_comment 70 310.2417857142857 439.9114112726689 1888.857 33.286 68.16344628099175 1573
stats: 302 1008 18229
stats: request 2255 175.74313968957838 250.49975473406835 2237.111 2.85 56.09342802926883 36626
stats: 200 1150 18588
stats: size_rcv 24582979 435657963
stats: 422 98 2065
stats: newphase 1 3
stats: size_sent 1341331 22330349
stats: connected 225 292
# stats: dump at 1575453227
stats: users 768 775
stats: {recvpackets,"tsung_controller@ip-172-31-27-70"} 1 23955.0 0.0 33520 7221 17881.894736842107 19
stats: {sentpackets,"tsung_controller@ip-172-31-27-70"} 1 14459.0 0.0 20974 4524 11103.421052631578 19
stats: {cpu,"tsung_controller@ip-172-31-27-70"} 1 15.31791907514451 0.0 21.64461247637051 2.6031434184675835 10.061501749632725 20
stats: {load,"tsung_controller@ip-172-31-27-70"} 1 0.37109375 0.0 0.51953125 0.0 0.2025390625 20
stats: {freemem,"tsung_controller@ip-172-31-27-70"} 1 623.1328125 0.0 737.90625 623.1328125 715.7154296875 20
stats: session 732 4268.644538251371 1877.051162928842 10645.605 260.156 1013.2203882615161 6730
stats: users_count 1199 8230
stats: finish_users_count 732 7462
stats: request 5265 792.5599506172848 759.8546620600223 4479.625 2.85 63.03280972711605 38881
stats: connect 1205 2.2492771784232333 4.042003006544506 202.866 0.575 4.459349244799089 7018
stats: 302 2265 20494
stats: page 2609 1288.614763127636 1574.2526481531704 8084.672 3.054 127.26901156444207 18505
stats: tr_create_post_comment 123 3662.0542357723575 1719.7751089529497 8023.873 33.286 78.47719172245894 1643
stats: 200 2743 21331
stats: size_rcv 58899603 494557566
stats: 422 257 2322
stats: newphase 0 3
stats: size_sent 3135422 25465771
stats: connected 469 761
# stats: dump at 1575453237
stats: users 1339 1339
stats: {recvpackets,"tsung_controller@ip-172-31-27-70"} 1 50693.0 0.0 50693 7221 18185.55 20
stats: {sentpackets,"tsung_controller@ip-172-31-27-70"} 1 30494.0 0.0 30494 4524 11271.2 20
stats: {cpu,"tsung_controller@ip-172-31-27-70"} 1 30.18957345971564 0.0 30.18957345971564 2.6031434184675835 10.31180733656186 21
stats: {load,"tsung_controller@ip-172-31-27-70"} 1 0.390625 0.0 0.51953125 0.0 0.2105654761904762 21
stats: {freemem,"tsung_controller@ip-172-31-27-70"} 1 494.140625 0.0 737.90625 494.140625 711.3067336309524 21
stats: session 668 8017.092020958086 2641.954107264833 17795.107 260.156 1332.567812248728 7462
stats: users_count 1239 9469
stats: finish_users_count 668 8130
stats: request 4902 1682.72854834762 1064.4904593342624 5617.731 2.85 150.0386629592716 44146
stats: connect 1187 2.2002552653748957 3.804151209664747 202.866 0.557 4.135484859540314 8223
stats: page 2410 2564.912722406637 2788.7002660627645 12816.593 3.054 270.7733719806765 21114
stats: tr_create_post_comment 100 8716.899840000004 1770.9082244294675 12816.698 33.286 328.0694773499434 1766
stats: 302 2147 22641
stats: 200 2539 23870
stats: size_rcv 53315714 547873280
stats: 422 218 2540
stats: newphase 0 3
stats: size_sent 2985098 28450869
stats: connected 555 1316
# stats: dump at 1575453247
stats: users 1607 1609
stats: {recvpackets,"tsung_controller@ip-172-31-27-70"} 1 51274.0 0.0 51274 7221 19733.52380952381 21
stats: {sentpackets,"tsung_controller@ip-172-31-27-70"} 1 30636.0 0.0 30636 4524 12186.57142857143 21
stats: {cpu,"tsung_controller@ip-172-31-27-70"} 1 31.647940074906366 0.0 31.647940074906366 2.6031434184675835 11.215342160341576 22
stats: {load,"tsung_controller@ip-172-31-27-70"} 1 0.640625 0.0 0.640625 0.0 0.21875 22
stats: {freemem,"tsung_controller@ip-172-31-27-70"} 1 322.5390625 0.0 737.90625 322.5390625 701.435546875 22
stats: session 906 11732.5604348786 3416.339059699954 23327.438 260.156 1881.8005516605178 8130
stats: users_count 1174 10643
stats: finish_users_count 906 9036
stats: connect 1179 12.72585581000849 33.491501197102636 202.866 0.557 3.8913703506907553 9410
stats: page 2733 4268.04507866813 3970.779222335356 17296.081 3.054 505.80465214249267 23524
stats: request 5627 2355.5811151590506 1035.4847412828149 6847.27 2.85 303.2201549298653 49048
stats: tr_create_post_comment 156 13571.528891025642 1527.0610232173626 17296.165 33.286 777.6316618435158 1866
stats: 302 2481 25122
stats: 200 2845 26715
stats: size_rcv 60906972 608780252
stats: 422 299 2839
stats: newphase 0 3
stats: size_sent 3280917 31731786
stats: connected 274 1590
# stats: dump at 1575453257
stats: users 2006 2007
stats: {recvpackets,"tsung_controller@ip-172-31-27-70"} 1 52734.0 0.0 52734 7221 21167.18181818182 22
stats: {sentpackets,"tsung_controller@ip-172-31-27-70"} 1 31672.0 0.0 31672 4524 13025.181818181818 22
stats: {cpu,"tsung_controller@ip-172-31-27-70"} 1 31.781852374236014 0.0 31.781852374236014 2.6031434184675835 12.10371598271396 23
stats: {load,"tsung_controller@ip-172-31-27-70"} 1 0.69140625 0.0 0.69140625 0.0 0.23709239130434784 23
stats: {freemem,"tsung_controller@ip-172-31-27-70"} 1 259.4296875 0.0 737.90625 259.4296875 684.9617866847826 23
stats: session 856 14512.642434579433 4376.981377650382 27508.587 260.156 2869.492943669768 9036
stats: users_count 1255 11898
stats: finish_users_count 856 9892
stats: request 5441 2925.5924120566056 1091.8348504330106 7426.832 0.775 514.4434767992686 54675
stats: connect 1245 2.5264835341365464 4.639225048922309 202.866 0.557 4.875019265275287 10589
stats: page 2676 5227.57255044843 4645.32446890682 20086.178 1.118 897.4032005560421 26257
stats: tr_create_post_comment 163 16708.920766871175 1595.1486665949033 20086.329 33.286 1764.6979169139468 2022
stats: 302 2383 27505
stats: 200 2719 29434
stats: size_rcv 57681195 666461447
stats: 422 268 3107
stats: newphase 0 3
stats: 502 73 73
stats: size_sent 3188543 34920329
stats: connected 396 1986
stats: 500 1 1
# stats: dump at 1575453267
stats: users 2091 2128
stats: {recvpackets,"tsung_controller@ip-172-31-27-70"} 1 5.23e4 0.0 52734 7221 22539.652173913048 23
stats: {sentpackets,"tsung_controller@ip-172-31-27-70"} 1 31598.0 0.0 31672 4524 13835.91304347826 23
stats: {cpu,"tsung_controller@ip-172-31-27-70"} 1 31.60865475070555 0.0 31.781852374236014 2.6031434184675835 12.92363833236071 24
stats: {load,"tsung_controller@ip-172-31-27-70"} 1 0.80078125 0.0 0.80078125 0.0 0.2560221354166667 24
stats: {freemem,"tsung_controller@ip-172-31-27-70"} 1 180.578125 0.0 737.90625 180.578125 667.2312825520834 24
stats: session 1060 16091.79209905658 5399.847892819669 30971.064 33.961 3877.0279178123756 9892
stats: users_count 1145 13043
stats: finish_users_count 1060 10952
stats: connect 1152 2.3988055555555574 4.390576659327049 202.866 0.557 4.627940763900627 11834
stats: page 3133 5795.981755186732 5256.317754879622 22390.785 0.814 1297.898592679639 28933
stats: request 6573 2984.6582493534165 1545.4037680558793 8310.373 0.775 732.6725897930668 60116
stats: tr_create_post_comment 194 18763.215788659792 2054.1411778071833 22390.875 33.286 2879.5301020594975 2185
stats: 302 2562 30067
stats: 200 2701 32135
stats: size_rcv 58574274 725035721
stats: 422 280 3387
stats: newphase 0 3
stats: 502 937 1010
stats: size_sent 3685264 38605593
stats: connected 123 2109
stats: 500 62 63
stats: 404 27 27
# stats: dump at 1575453277
stats: users 1555 2128
stats: {recvpackets,"tsung_controller@ip-172-31-27-70"} 1 53088.0 0.0 53088 7221 23779.66666666667 24
stats: {sentpackets,"tsung_controller@ip-172-31-27-70"} 1 32316.0 0.0 32316 4524 14576.0 24
stats: {cpu,"tsung_controller@ip-172-31-27-70"} 1 33.48946135831382 0.0 33.48946135831382 2.6031434184675835 13.671038989094505 25
stats: {load,"tsung_controller@ip-172-31-27-70"} 1 0.6796875 0.0 0.80078125 0.0 0.2778125 25
stats: {freemem,"tsung_controller@ip-172-31-27-70"} 1 137.40625 0.0 737.90625 137.40625 647.76515625 25
stats: session 1277 16942.814403288954 6497.970420105809 34129.803 33.961 5059.245780496712 10952
stats: users_count 741 13784
stats: finish_users_count 1277 12229
stats: request 6823 2909.80963315257 1287.0663538242547 8310.373 0.775 954.6327592406545 66689
stats: connect 798 2.5003684210526305 4.553236271429797 202.866 0.557 4.430192129986141 12986
stats: page 3049 6611.3396976057875 5712.8240630168275 24172.294 0.814 1737.3826115199909 32066
stats: tr_create_post_comment 293 17960.699955631404 4103.3106883981245 24172.765 33.286 4174.794928961749 2379
stats: 302 3071 33138
stats: 200 2542 34677
stats: size_rcv 56750585 781786306
stats: 422 355 3742
stats: newphase 0 3
stats: 502 566 1576
stats: size_sent 3697688 42303281
stats: connected -491 1618
stats: 500 93 156
stats: 404 196 223
# stats: dump at 1575453287
stats: users 0 2128
stats: {recvpackets,"tsung_controller@ip-172-31-27-70"} 1 54533.0 0.0 54533 7221 24952.000000000004 25
stats: {sentpackets,"tsung_controller@ip-172-31-27-70"} 1 30841.0 0.0 32316 4524 15285.6 25
stats: {cpu,"tsung_controller@ip-172-31-27-70"} 1 30.057526366251196 0.0 33.48946135831382 2.6031434184675835 14.433286003295247 26
stats: {load,"tsung_controller@ip-172-31-27-70"} 1 0.71875 0.0 0.80078125 0.0 0.2932692307692308 26
stats: {freemem,"tsung_controller@ip-172-31-27-70"} 1 115.26171875 0.0 737.90625 115.26171875 628.1359675480769 26
stats: session 1555 14217.64496077173 6229.491230959218 34129.803 33.961 6300.174485321775 12229
stats: users_count 0 13784
stats: finish_users_count 1555 13784
stats: request 4889 1247.1378997750023 1365.788904005907 8310.373 0.775 1136.1020677984545 73512
stats: connect 0 0 0 202.866 0.557 4.318468441671505 13784
stats: tr_create_post_comment 723 9314.008067773162 6355.3137403743085 24952.015 33.286 5686.497837949103 2672
stats: page 2002 6867.842651348653 5165.943381239439 24951.914 0.814 2160.5833848497814 35115
stats: 302 3001 36139
stats: 200 1409 36086
stats: size_rcv 37931139 819717445
stats: 422 349 4091
stats: newphase 0 3
stats: 502 0 1576
stats: size_sent 2339489 44642770
stats: connected -1618 0
stats: 500 1 157
stats: 404 129 352
# stats: dump at 1575453297
stats: users 0 2128
stats: {recvpackets,"tsung_controller@ip-172-31-27-70"} 1 20698.0 0.0 54533 7221 26089.730769230773 26
stats: {sentpackets,"tsung_controller@ip-172-31-27-70"} 1 11385.0 0.0 32316 4524 15883.884615384615 26
stats: {cpu,"tsung_controller@ip-172-31-27-70"} 1 10.609816559246406 0.0 33.48946135831382 2.6031434184675835 15.011961572293615 27
stats: {load,"tsung_controller@ip-172-31-27-70"} 1 0.609375 0.0 0.80078125 0.0 0.3090277777777778 27
stats: {freemem,"tsung_controller@ip-172-31-27-70"} 1 529.08984375 0.0 737.90625 115.26171875 609.140625 27
stats: session 0 0 0 34129.803 33.961 7193.359815365643 13784
stats: users_count 0 13784
stats: finish_users_count 0 13784
stats: request 0 0 0 8310.373 0.775 1143.0261399727042 78401
stats: tr_create_post_comment 0 0 0 24952.015 33.286 6459.013271281296 3395
stats: connect 0 0 0 202.866 0.557 4.318468441671505 13784
stats: page 0 0 0 24951.914 0.814 2414.481411401786 37117
stats: 302 0 36139
stats: 200 0 36086
stats: size_rcv 0 819717445
stats: 422 0 4091
stats: newphase 0 3
stats: 502 0 1576
stats: size_sent 0 44642770
stats: connected 0 0
stats: 500 0 157
stats: 404 0 352
# stats: dump at 1575453307
stats: users 0 2128
stats: {recvpackets,"tsung_controller@ip-172-31-27-70"} 1 139.0 0.0 54533 139 25890.03703703704 27
stats: {sentpackets,"tsung_controller@ip-172-31-27-70"} 1 323.0 0.0 32316 323 15717.25925925926 27
stats: {cpu,"tsung_controller@ip-172-31-27-70"} 1 0.7481296758104738 0.0 33.48946135831382 0.7481296758104738 14.854742107541927 28
stats: {load,"tsung_controller@ip-172-31-27-70"} 1 0.51953125 0.0 0.80078125 0.0 0.3197544642857143 28
stats: {freemem,"tsung_controller@ip-172-31-27-70"} 1 554.41796875 0.0 737.90625 115.26171875 606.2816685267857 28
stats: session 0 0 0 34129.803 33.961 7193.359815365643 13784
stats: users_count 0 13784
stats: finish_users_count 0 13784
stats: request 0 0 0 8310.373 0.775 1143.0261399727042 78401
stats: connect 0 0 0 202.866 0.557 4.318468441671505 13784
stats: page 0 0 0 24951.914 0.814 2414.481411401786 37117
stats: tr_create_post_comment 0 0 0 24952.015 33.286 6459.013271281296 3395
stats: 302 0 36139
stats: 200 0 36086
stats: size_rcv 0 819717445
stats: 422 0 4091
stats: newphase 0 3
stats: 502 0 1576
stats: size_sent 0 44642770
stats: connected 0 0
stats: 500 0 157
stats: 404 0 352
# stats: dump at 1575453317
stats: users 0 2128
stats: {recvpackets,"tsung_controller@ip-172-31-27-70"} 1 0.0 0.0 54533 0 24970.35714285715 28
stats: {sentpackets,"tsung_controller@ip-172-31-27-70"} 1 0.0 0.0 32316 0 15167.464285714286 28
stats: {cpu,"tsung_controller@ip-172-31-27-70"} 1 0.1998001998001998 0.0 33.48946135831382 0.1998001998001998 14.368307196102911 29
stats: {load,"tsung_controller@ip-172-31-27-70"} 1 0.44140625 0.0 0.80078125 0.0 0.32664331896551724 29
stats: {freemem,"tsung_controller@ip-172-31-27-70"} 1 555.51171875 0.0 737.90625 115.26171875 604.4932650862069 29
stats: session 0 0 0 34129.803 33.961 7193.359815365643 13784
stats: users_count 0 13784
stats: finish_users_count 0 13784
stats: request 0 0 0 8310.373 0.775 1143.0261399727042 78401
stats: connect 0 0 0 202.866 0.557 4.318468441671505 13784
stats: page 0 0 0 24951.914 0.814 2414.481411401786 37117
stats: 302 0 36139
stats: tr_create_post_comment 0 0 0 24952.015 33.286 6459.013271281296 3395
stats: 200 0 36086
stats: size_rcv 0 819717445
stats: 422 0 4091
stats: newphase 0 3
stats: 502 0 1576
stats: size_sent 0 44642770
stats: connected 0 0
stats: 500 0 157
stats: 404 0 352
# stats: dump at 1575453327
stats: users 0 2128
stats: {recvpackets,"tsung_controller@ip-172-31-27-70"} 1 0.0 0.0 54533 0 24109.31034482759 29
stats: {sentpackets,"tsung_controller@ip-172-31-27-70"} 1 0.0 0.0 32316 0 14644.448275862069 29
stats: {cpu,"tsung_controller@ip-172-31-27-70"} 1 0.14985014985014986 0.0 33.48946135831382 0.14985014985014986 13.896023629559489 30
stats: {load,"tsung_controller@ip-172-31-27-70"} 1 0.37109375 0.0 0.80078125 0.0 0.33046875 30
stats: {freemem,"tsung_controller@ip-172-31-27-70"} 1 563.6328125 0.0 737.90625 115.26171875 602.860546875 30
stats: session 0 0 0 34129.803 33.961 7193.359815365643 13784
stats: users_count 0 13784
stats: finish_users_count 0 13784
stats: request 0 0 0 8310.373 0.775 1143.0261399727042 78401
stats: connect 0 0 0 202.866 0.557 4.318468441671505 13784
stats: 302 0 36139
stats: page 0 0 0 24951.914 0.814 2414.481411401786 37117
stats: tr_create_post_comment 0 0 0 24952.015 33.286 6459.013271281296 3395
stats: 200 0 36086
stats: size_rcv 0 819717445
stats: 422 0 4091
stats: newphase 0 3
stats: 502 0 1576
stats: size_sent 0 44642770
stats: connected 0 0
stats: 500 0 157
stats: 404 0 352
# stats: dump at 1575453334
stats: users 0 2128
stats: {recvpackets,"tsung_controller@ip-172-31-27-70"} 1 1.0 0.0 54533 0 23305.66666666667 30
stats: {sentpackets,"tsung_controller@ip-172-31-27-70"} 1 1.0 0.0 32316 0 14156.3 30
stats: {cpu,"tsung_controller@ip-172-31-27-70"} 1 0.0999000999000999 0.0 33.48946135831382 0.0999000999000999 13.452598678601122 31
stats: {load,"tsung_controller@ip-172-31-27-70"} 1 0.30859375 0.0 0.80078125 0.0 0.33177923387096775 31
stats: {freemem,"tsung_controller@ip-172-31-27-70"} 1 564.00390625 0.0 737.90625 115.26171875 601.5951360887096 31
stats: session 0 0 0 34129.803 33.961 7193.359815365643 13784
stats: users_count 0 13784
stats: finish_users_count 0 13784
stats: request 0 0 0 8310.373 0.775 1143.0261399727042 78401
stats: connect 0 0 0 202.866 0.557 4.318468441671505 13784
stats: 302 0 36139
stats: page 0 0 0 24951.914 0.814 2414.481411401786 37117
stats: tr_create_post_comment 0 0 0 24952.015 33.286 6459.013271281296 3395
stats: 200 0 36086
stats: size_rcv 0 819717445
stats: 422 0 4091
stats: newphase 0 3
stats: 502 0 1576
stats: size_sent 0 44642770
stats: connected 0 0
stats: 500 0 157
stats: 404 0 352
EndMonitor:{1575,453334,692951}