# stats: dump at 1575445395
stats: users 13 22
stats: {cpu,"tsung_controller@ip-172-31-27-70"} 1 2.6727577917007395 0 2.6727577917007395 2.6727577917007395 0 0
stats: {load,"tsung_controller@ip-172-31-27-70"} 1 0.0 0 0.0 0.0 0 0
stats: {freemem,"tsung_controller@ip-172-31-27-70"} 1 736.78125 0 736.78125 736.78125 0 0
stats: session 123 798.8247479674795 673.2597415727297 3056.735 293.476 0 0
stats: users_count 136 136
stats: finish_users_count 123 123
stats: request 680 59.126295588235294 91.18427273685627 262.843 3.629 0 0
stats: connect 127 2.5633779527559066 5.471277800526814 32.444 0.765 0 0
stats: page 323 124.57430030959745 134.8082311354294 336.495 4.174 0 0
stats: tr_create_post_comment 24 74.48908333333331 64.91315633978259 289.063 42.42 0 0
stats: 302 292 292
stats: 200 340 340
stats: size_rcv 7822359 7822359
stats: 422 48 48
stats: size_sent 384660 384660
stats: connected 9 9
# stats: dump at 1575445405
stats: users 10 23
stats: {recvpackets,"tsung_controller@ip-172-31-27-70"} 1 7806 0 7806 7806 0 0
stats: {sentpackets,"tsung_controller@ip-172-31-27-70"} 1 4979 0 4979 4979 0 0
stats: {cpu,"tsung_controller@ip-172-31-27-70"} 1 4.056695992179863 0.0 4.056695992179863 2.6727577917007395 2.6727577917007395 1
stats: {load,"tsung_controller@ip-172-31-27-70"} 1 0.0 0.0 0.0 0.0 0.0 1
stats: {freemem,"tsung_controller@ip-172-31-27-70"} 1 729.2578125 0.0 736.78125 729.2578125 736.78125 1
stats: session 166 943.6384036144582 825.0391173902289 4370.089 287.513 798.8247479674795 123
stats: users_count 163 299
stats: finish_users_count 166 289
stats: request 974 54.668128336755615 89.01080651029346 293.293 3.358 59.126295588235294 680
stats: connect 168 2.2242499999999987 4.827143772151791 32.549 0.685 2.5633779527559066 127
stats: page 448 118.41062053571424 133.78485600076786 545.46 3.358 124.57430030959745 323
stats: tr_create_post_comment 46 63.581152173913054 48.58859217649997 302.737 40.999 74.48908333333331 24
stats: 302 465 757
stats: 200 459 799
stats: size_rcv 10717845 18540204
stats: 422 50 98
stats: size_sent 563883 948543
stats: connected 4 13
# stats: dump at 1575445415
stats: users 12 30
stats: {recvpackets,"tsung_controller@ip-172-31-27-70"} 1 9048.0 0.0 9048 7806 7806.0 1
stats: {sentpackets,"tsung_controller@ip-172-31-27-70"} 1 5716.0 0.0 5716 4979 4979.0 1
stats: {cpu,"tsung_controller@ip-172-31-27-70"} 1 3.741496598639456 0.0 4.056695992179863 2.6727577917007395 3.3647268919403013 2
stats: {load,"tsung_controller@ip-172-31-27-70"} 1 0.0 0.0 0.0 0.0 0.0 2
stats: {freemem,"tsung_controller@ip-172-31-27-70"} 1 730.15625 0.0 736.78125 729.2578125 733.01953125 2
stats: session 172 977.0894011627911 857.0788014851271 5133.233 287.513 882.0049100346023 289
stats: users_count 174 473
stats: finish_users_count 172 461
stats: request 967 57.07251292657701 91.83419764250571 485.103 3.358 56.500990326481244 1654
stats: connect 173 1.705121387283237 3.6335903186465894 33.345 0.637 2.3702474576271184 295
stats: page 463 119.81358315334768 135.9917757928817 545.46 3.358 120.99281063553822 771
stats: tr_create_post_comment 39 67.36687179487178 53.89980758834381 302.737 40.999 67.32101428571428 70
stats: 302 445 1202
stats: 200 466 1265
stats: size_rcv 11347598 29887802
stats: 422 56 154
stats: size_sent 551800 1500343
stats: connected 0 13
# stats: dump at 1575445425
stats: users 20 30
stats: {recvpackets,"tsung_controller@ip-172-31-27-70"} 1 8695.0 0.0 9048 7806 8427.0 2
stats: {sentpackets,"tsung_controller@ip-172-31-27-70"} 1 5412.0 0.0 5716 4979 5347.5 2
stats: {cpu,"tsung_controller@ip-172-31-27-70"} 1 3.1862745098039214 0.0 4.056695992179863 2.6727577917007395 3.490316794173353 3
stats: {load,"tsung_controller@ip-172-31-27-70"} 1 0.0 0.0 0.0 0.0 0.0 3
stats: {freemem,"tsung_controller@ip-172-31-27-70"} 1 726.234375 0.0 736.78125 726.234375 732.0651041666666 3
stats: session 145 1048.3557172413798 978.3052939732738 5133.233 287.513 917.4811193058571 461
stats: users_count 153 626
stats: finish_users_count 145 606
stats: request 846 55.87050118203311 89.59426722117948 485.103 3.243 56.71184967569628 2621
stats: connect 153 1.9153790849673207 3.7252637280094265 33.345 0.637 2.124378205128205 468
stats: page 416 113.03080048076929 129.28725450142213 545.46 3.243 120.55036142625603 1234
stats: tr_create_post_comment 35 57.07691428571428 10.452099292545228 302.737 40.999 67.3374220183486 109
stats: 302 404 1606
stats: 200 408 1673
stats: size_rcv 10114800 40002602
stats: 422 34 188
stats: size_sent 483527 1983870
stats: connected 7 20
# stats: dump at 1575445435
stats: users 17 30
stats: {recvpackets,"tsung_controller@ip-172-31-27-70"} 1 8642.0 0.0 9048 7806 8516.333333333334 3
stats: {sentpackets,"tsung_controller@ip-172-31-27-70"} 1 5.4e3 0.0 5716 4979 5369.0 3
stats: {cpu,"tsung_controller@ip-172-31-27-70"} 1 3.4600389863547756 0.0 4.056695992179863 2.6727577917007395 3.414306223080995 4
stats: {load,"tsung_controller@ip-172-31-27-70"} 1 0.0 0.0 0.0 0.0 0.0 4
stats: {freemem,"tsung_controller@ip-172-31-27-70"} 1 726.26171875 0.0 736.78125 726.234375 730.607421875 4
stats: session 176 1026.832193181818 990.7343527372175 6538.857 285.314 948.7959983498354 606
stats: users_count 173 799
stats: finish_users_count 176 782
stats: request 957 55.86927377220471 89.49266455921587 485.103 3.243 56.50654802422843 3467
stats: connect 169 1.8623254437869825 3.45805156437798 33.345 0.637 2.0728856682769727 621
stats: page 454 117.93118061674012 134.92964472204616 550.463 3.243 118.65452060606059 1650
stats: tr_create_post_comment 38 56.21718421052632 8.811176395128319 302.737 40.999 64.84354861111109 144
stats: 302 438 2044
stats: 200 460 2133
stats: size_rcv 11191279 51193881
stats: 422 60 248
stats: size_sent 548722 2532592
stats: connected -7 13
# stats: dump at 1575445445
stats: users 18 30
stats: {recvpackets,"tsung_controller@ip-172-31-27-70"} 1 8768.0 0.0 9048 7806 8547.75 4
stats: {sentpackets,"tsung_controller@ip-172-31-27-70"} 1 5533.0 0.0 5716 4979 5376.75 4
stats: {cpu,"tsung_controller@ip-172-31-27-70"} 1 3.103448275862069 0.0 4.056695992179863 2.6727577917007395 3.4234527757357514 5
stats: {load,"tsung_controller@ip-172-31-27-70"} 1 0.0 0.0 0.0 0.0 0.0 5
stats: {freemem,"tsung_controller@ip-172-31-27-70"} 1 725.7265625 0.0 736.78125 725.7265625 729.73828125 5
stats: session 148 1112.1169459459463 1151.7110641919812 6538.857 285.314 966.3591317135553 782
stats: users_count 149 948
stats: finish_users_count 148 930
stats: connect 150 13.103600000000005 36.40322704816154 194.52 0.637 2.0278417721518993 790
stats: page 397 125.0998539042821 136.3177498946722 550.463 3.243 118.49843868821293 2104
stats: request 809 61.06455624227446 93.21587606704378 485.103 3.226 56.36869281193487 4424
stats: 302 357 2401
stats: tr_create_post_comment 27 54.650407407407414 11.098609229719692 302.737 40.999 63.042439560439554 182
stats: 200 400 2533
stats: size_rcv 10348399 61542280
stats: 422 51 299
stats: size_sent 455870 2988462
stats: connected 3 16
# stats: dump at 1575445455
stats: users 48 50
stats: {recvpackets,"tsung_controller@ip-172-31-27-70"} 1 8348.0 0.0 9048 7806 8591.8 5
stats: {sentpackets,"tsung_controller@ip-172-31-27-70"} 1 5359.0 0.0 5716 4979 5408.0 5
stats: {cpu,"tsung_controller@ip-172-31-27-70"} 1 5.301556420233463 0.0 5.301556420233463 2.6727577917007395 3.3701186924234707 6
stats: {load,"tsung_controller@ip-172-31-27-70"} 1 0.0 0.0 0.0 0.0 0.0 6
stats: {freemem,"tsung_controller@ip-172-31-27-70"} 1 721.96484375 0.0 736.78125 721.96484375 729.0696614583334 6
stats: session 130 878.8691538461541 689.9577859165952 6538.857 285.314 989.5549989247315 930
stats: users_count 160 1108
stats: finish_users_count 130 1060
stats: request 759 67.9209512516469 100.80978198219667 526.087 3.226 57.09465373590673 5233
stats: page 377 135.58914058355438 159.29314668417223 770.106 3.243 119.54632427029186 2501
stats: connect 152 2.538861842105263 5.003485194617299 194.52 0.637 3.795250000000001 940
stats: tr_create_post_comment 30 90.73643333333335 112.05326000632715 572.667 37.608 61.95830143540669 209
stats: 302 344 2745
stats: 200 376 2909
stats: size_rcv 9479876 71022156
stats: 422 40 339
stats: newphase 1 1
stats: size_sent 428015 3416477
stats: connected 29 45
# stats: dump at 1575445465
stats: users 38 58
stats: {recvpackets,"tsung_controller@ip-172-31-27-70"} 1 9587.0 0.0 9587 7806 8551.166666666666 6
stats: {sentpackets,"tsung_controller@ip-172-31-27-70"} 1 5865.0 0.0 5865 4979 5399.833333333333 6
stats: {cpu,"tsung_controller@ip-172-31-27-70"} 1 6.349975763451285 0.0 6.349975763451285 2.6727577917007395 3.646038367824898 7
stats: {load,"tsung_controller@ip-172-31-27-70"} 1 0.078125 0.0 0.078125 0.0 0.0 7
stats: {freemem,"tsung_controller@ip-172-31-27-70"} 1 712.48046875 0.0 736.78125 712.48046875 728.0546875 7
stats: session 384 1149.4028776041685 1047.873769366272 8464.37 285.314 975.980319811321 1060
stats: users_count 374 1482
stats: finish_users_count 384 1444
stats: connect 379 2.6793482849604224 4.894310805276348 194.52 0.633 3.6203681318681333 1092
stats: request 2209 68.82335626980525 105.65982053898169 669.182 3.045 58.466008845126815 5992
stats: tr_create_post_comment 103 107.32147572815528 100.76793006560034 572.667 37.608 65.57061924686192 239
stats: page 1026 147.61772417153986 171.23865949546575 957.186 3.243 121.64783287004865 2878
stats: 302 1061 3806
stats: 200 1029 3938
stats: size_rcv 25232273 96254429
stats: 422 118 457
stats: newphase 0 1
stats: size_sent 1274602 4691079
stats: connected -8 37
# stats: dump at 1575445475
stats: users 24 58
stats: {recvpackets,"tsung_controller@ip-172-31-27-70"} 1 20343.0 0.0 20343 7806 8699.142857142857 7
stats: {sentpackets,"tsung_controller@ip-172-31-27-70"} 1 12541.0 0.0 12541 4979 5466.285714285715 7
stats: {cpu,"tsung_controller@ip-172-31-27-70"} 1 13.041408852927178 0.0 13.041408852927178 2.6727577917007395 3.9840305422781963 8
stats: {load,"tsung_controller@ip-172-31-27-70"} 1 0.0703125 0.0 0.078125 0.0 0.009765625 8
stats: {freemem,"tsung_controller@ip-172-31-27-70"} 1 705.30078125 0.0 736.78125 705.30078125 726.10791015625 8
stats: session 314 1167.331917197452 1058.558751732056 8464.37 285.314 1022.0982299168982 1444
stats: users_count 300 1782
stats: finish_users_count 314 1758
stats: request 1774 60.525760428410194 96.82241350359602 669.182 3.045 61.25583697110105 8201
stats: connect 300 2.347596666666666 4.00621616083334 194.52 0.633 3.3779163834126456 1471
stats: page 847 128.25444037780414 149.08637328516383 957.186 3.205 128.47291188524588 3904
stats: tr_create_post_comment 80 79.297675 91.7206469041697 615.531 37.608 78.14470760233917 342
stats: 302 863 4669
stats: 200 827 4765
stats: size_rcv 20843478 117097907
stats: 422 84 541
stats: newphase 0 1
stats: size_sent 1018037 5709116
stats: connected -20 17
# stats: dump at 1575445485
stats: users 32 58
stats: {recvpackets,"tsung_controller@ip-172-31-27-70"} 1 16111.0 0.0 20343 7806 10154.625 8
stats: {sentpackets,"tsung_controller@ip-172-31-27-70"} 1 10051.0 0.0 12541 4979 6350.625 8
stats: {cpu,"tsung_controller@ip-172-31-27-70"} 1 10.726150925486474 0.0 13.041408852927178 2.6727577917007395 4.990405910128083 9
stats: {load,"tsung_controller@ip-172-31-27-70"} 1 0.05859375 0.0 0.078125 0.0 0.016493055555555556 9
stats: {freemem,"tsung_controller@ip-172-31-27-70"} 1 708.06640625 0.0 736.78125 705.30078125 723.7960069444445 9
stats: session 311 996.1095209003222 955.9068347431396 8897.59 285.314 1048.0387178612064 1758
stats: users_count 319 2101
stats: finish_users_count 311 2069
stats: request 1770 65.35642598870055 101.64817961631775 669.182 3.045 61.12599679197989 9975
stats: connect 320 1.5109468749999997 2.3105333786926208 194.52 0.601 3.203384528514964 1771
stats: page 852 135.86060446009387 159.90236220238714 957.186 3.205 128.43396316564935 4751
stats: tr_create_post_comment 74 100.0396081081081 116.98874988391182 655.818 37.285 78.36327962085308 422
stats: 302 827 5496
stats: 200 847 5612
stats: size_rcv 21423719 138521626
stats: 422 96 637
stats: newphase 0 1
stats: size_sent 1008182 6717298
stats: connected 12 29
# stats: dump at 1575445495
stats: users 33 58
stats: {recvpackets,"tsung_controller@ip-172-31-27-70"} 1 17101.0 0.0 20343 7806 10816.444444444445 9
stats: {sentpackets,"tsung_controller@ip-172-31-27-70"} 1 10652.0 0.0 12541 4979 6761.777777777777 9
stats: {cpu,"tsung_controller@ip-172-31-27-70"} 1 6.240858117991223 0.0 13.041408852927178 2.6727577917007395 5.5639804116639215 10
stats: {load,"tsung_controller@ip-172-31-27-70"} 1 0.05078125 0.0 0.078125 0.0 0.020703125 10
stats: {freemem,"tsung_controller@ip-172-31-27-70"} 1 714.7578125 0.0 736.78125 705.30078125 722.223046875 10
stats: session 308 1006.4213896103888 1017.5168810386394 8897.59 285.314 1040.2330241662646 2069
stats: users_count 309 2410
stats: finish_users_count 308 2377
stats: request 1766 61.17971460928638 97.09611530628236 669.182 3.045 61.76353273733498 11745
stats: connect 314 1.8668312101910833 3.9661522570732295 194.52 0.601 2.9443792443806798 2091
stats: page 810 132.7164765432101 151.9372550079903 957.186 3.205 129.5632686061039 5603
stats: tr_create_post_comment 74 83.99025675675674 107.4253671205019 676.07 37.285 81.59724798387096 496
stats: 302 798 6294
stats: 200 852 6464
stats: size_rcv 19227126 157748752
stats: 422 116 753
stats: newphase 0 1
stats: size_sent 1021739 7739037
stats: connected 3 32
# stats: dump at 1575445505
stats: users 38 58
stats: {recvpackets,"tsung_controller@ip-172-31-27-70"} 1 16288.0 0.0 20343 7806 11444.9 10
stats: {sentpackets,"tsung_controller@ip-172-31-27-70"} 1 10342.0 0.0 12541 4979 7150.8 10
stats: {cpu,"tsung_controller@ip-172-31-27-70"} 1 4.520884520884521 0.0 13.041408852927178 2.6727577917007395 5.625514748602767 11
stats: {load,"tsung_controller@ip-172-31-27-70"} 1 0.0390625 0.0 0.078125 0.0 0.0234375 11
stats: {freemem,"tsung_controller@ip-172-31-27-70"} 1 714.8125 0.0 736.78125 705.30078125 721.5443892045455 11
stats: session 302 1003.9325198675492 827.7186615015185 8897.59 285.314 1035.8518784181745 2377
stats: users_count 307 2717
stats: finish_users_count 302 2679
stats: connect 306 7.81066013071895 22.239285329997994 194.52 0.601 2.8036931392931397 2405
stats: page 823 137.13686634264894 153.6864527364517 957.186 3.202 129.9615375019492 6413
stats: request 1738 64.53191484464908 98.78666250293682 669.182 3.045 61.68722285545104 13511
stats: tr_create_post_comment 78 89.42079487179488 79.65650356926919 676.07 35.06 81.9079192982456 570
stats: 302 824 7118
stats: 200 822 7286
stats: size_rcv 20078606 177827358
stats: 422 93 846
stats: newphase 0 1
stats: size_sent 994399 8733436
stats: connected 4 36
# stats: dump at 1575445515
stats: users 1 58
stats: {recvpackets,"tsung_controller@ip-172-31-27-70"} 1 16559.0 0.0 20343 7806 11885.181818181818 11
stats: {sentpackets,"tsung_controller@ip-172-31-27-70"} 1 10149.0 0.0 12541 4979 7440.909090909091 11
stats: {cpu,"tsung_controller@ip-172-31-27-70"} 1 8.625592417061611 0.0 13.041408852927178 2.6727577917007395 5.533462229626246 12
stats: {load,"tsung_controller@ip-172-31-27-70"} 1 0.03125 0.0 0.078125 0.0 0.024739583333333332 12
stats: {freemem,"tsung_controller@ip-172-31-27-70"} 1 713.5390625 0.0 736.78125 705.30078125 720.9833984375 12
stats: session 200 1279.950375000001 1057.5130980807305 8897.59 285.314 1032.2536528555431 2679
stats: users_count 163 2880
stats: finish_users_count 200 2879
stats: request 1090 67.13206422018341 105.35476322680289 669.182 3.045 62.01144573414645 15249
stats: page 512 143.0144433593751 167.71464217025763 957.186 3.202 130.77763695411835 7236
stats: connect 169 11.019798816568045 36.2978386039785 203.566 0.601 3.3688469199557356 2711
stats: tr_create_post_comment 55 94.32467272727273 84.57609534895016 676.07 35.06 82.81224691358024 648
stats: 302 562 7680
stats: 200 482 7768
stats: size_rcv 13015829 190843187
stats: 422 45 891
stats: newphase 0 1
stats: size_sent 630551 9363987
stats: connected -35 1
# stats: dump at 1575445525
stats: users 276 277
stats: {recvpackets,"tsung_controller@ip-172-31-27-70"} 1 8320.0 0.0 20343 7806 12274.666666666666 12
stats: {sentpackets,"tsung_controller@ip-172-31-27-70"} 1 5141.0 0.0 12541 4979 7666.583333333333 12
stats: {cpu,"tsung_controller@ip-172-31-27-70"} 1 3.2337089661930425 0.0 13.041408852927178 2.6727577917007395 5.771318397890505 13
stats: {load,"tsung_controller@ip-172-31-27-70"} 1 0.03125 0.0 0.078125 0.0 0.025240384615384616 13
stats: {freemem,"tsung_controller@ip-172-31-27-70"} 1 717.10546875 0.0 736.78125 705.30078125 720.4107572115385 13
stats: session 247 2332.5821538461532 1323.6442781732537 8897.59 285.314 1049.460788815561 2879
stats: users_count 522 3402
stats: finish_users_count 247 3126
stats: request 2018 392.0658186323096 441.0182705477197 2881.671 3.045 62.35305012546662 16339
stats: connect 512 2.432814453125001 4.908519787735196 203.566 0.601 3.8178090277777774 2880
stats: page 1019 610.0011874386646 836.0500537599936 4776.567 3.202 131.5862643262778 7748
stats: tr_create_post_comment 53 1415.1902641509434 1166.3121844960424 4133.997 35.06 83.7129345661451 703
stats: 302 882 8562
stats: 200 1058 8826
stats: size_rcv 23324255 214167442
stats: 422 78 969
stats: newphase 1 2
stats: size_sent 1205274 10569261
stats: connected 267 268
# stats: dump at 1575445535
stats: users 549 550
stats: {recvpackets,"tsung_controller@ip-172-31-27-70"} 1 23345.0 0.0 23345 7806 11970.461538461539 13
stats: {sentpackets,"tsung_controller@ip-172-31-27-70"} 1 14274.0 0.0 14274 4979 7472.307692307692 13
stats: {cpu,"tsung_controller@ip-172-31-27-70"} 1 15.131578947368421 0.0 15.131578947368421 2.6727577917007395 5.590060581340687 14
stats: {load,"tsung_controller@ip-172-31-27-70"} 1 0.171875 0.0 0.171875 0.0 0.025669642857142856 14
stats: {freemem,"tsung_controller@ip-172-31-27-70"} 1 645.703125 0.0 736.78125 645.703125 720.1746651785714 14
stats: session 327 6503.200596330277 2000.9460655705693 14460.501 285.314 1150.8462581573897 3126
stats: users_count 600 4002
stats: finish_users_count 327 3453
stats: request 2423 1415.5055753198487 1026.486762505911 4453.706 3.045 98.59864400501169 18357
stats: page 1230 2035.4665821138217 2344.770846408585 11133.411 3.202 187.1930633055777 8767
stats: connect 605 2.545942148760331 5.162766813944403 203.566 0.601 3.608753242924528 3392
stats: tr_create_post_comment 39 6661.478897435899 2065.089251779923 11133.633 35.06 177.05724470899472 756
stats: 302 1024 9586
stats: 200 1296 10122
stats: size_rcv 26822823 240990265
stats: 422 103 1072
stats: newphase 0 2
stats: size_sent 1455948 12025209
stats: connected 281 549
# stats: dump at 1575445545
stats: users 870 871
stats: {recvpackets,"tsung_controller@ip-172-31-27-70"} 1 24134.0 0.0 24134 7806 12782.92857142857 14
stats: {sentpackets,"tsung_controller@ip-172-31-27-70"} 1 14762.0 0.0 14762 4979 7958.142857142857 14
stats: {cpu,"tsung_controller@ip-172-31-27-70"} 1 17.535545023696685 0.0 17.535545023696685 2.6727577917007395 6.226161805742536 15
stats: {load,"tsung_controller@ip-172-31-27-70"} 1 0.30078125 0.0 0.30078125 0.0 0.035416666666666666 15
stats: {freemem,"tsung_controller@ip-172-31-27-70"} 1 569.68359375 0.0 736.78125 569.68359375 715.2098958333333 15
stats: session 336 10767.088369047613 3047.0391184375476 22248.844 285.314 1657.7156090356214 3453
stats: users_count 657 4659
stats: finish_users_count 336 3789
stats: request 2516 2371.7215949920533 1217.06299431681 6012.021 3.045 252.15328763233848 20780
stats: connect 653 2.629641653905052 4.877808439583557 203.566 0.499 3.4478824118088567 3997
stats: page 1256 3644.2866250000025 3620.6944484262167 17479.761 3.202 414.5989278783636 9997
stats: tr_create_post_comment 54 12814.66727777778 2031.3678618584897 17479.947 35.06 495.16094842767296 795
stats: 302 1101 10687
stats: 200 1308 11430
stats: size_rcv 26074291 267064556
stats: 422 107 1179
stats: newphase 0 2
stats: size_sent 1517726 13542935
stats: connected 315 864
# stats: dump at 1575445555
stats: users 1054 1060
stats: {recvpackets,"tsung_controller@ip-172-31-27-70"} 1 23267.0 0.0 24134 7806 13539.666666666666 15
stats: {sentpackets,"tsung_controller@ip-172-31-27-70"} 1 14559.0 0.0 14762 4979 8411.733333333334 15
stats: {cpu,"tsung_controller@ip-172-31-27-70"} 1 18.63849765258216 0.0 18.63849765258216 2.6727577917007395 6.93299825686467 16
stats: {load,"tsung_controller@ip-172-31-27-70"} 1 0.26171875 0.0 0.30078125 0.0 0.052001953125 16
stats: {freemem,"tsung_controller@ip-172-31-27-70"} 1 500.0078125 0.0 736.78125 500.0078125 706.114501953125 16
stats: session 407 14651.671997543 4179.923715918731 28617.839 285.314 2465.5143019266293 3789
stats: users_count 591 5250
stats: finish_users_count 407 4196
stats: request 2824 3073.0208296742226 1535.0586022643906 6660.385 0.779 481.0695763221154 23296
stats: connect 594 2.7907306397306373 5.309932214196736 203.566 0.499 3.3329767741935483 4650
stats: page 1367 5416.740950987553 4782.984085755588 22570.144 0.944 775.0794884030929 11253
stats: tr_create_post_comment 63 17879.403222222216 1961.0960599259367 22570.382 35.06 1278.7337891637223 849
stats: 302 1101 11788
stats: 200 1271 12701
stats: size_rcv 26344986 293409542
stats: 422 115 1294
stats: newphase 0 2
stats: 502 331 331
stats: size_sent 1625274 15168209
stats: connected 188 1052
stats: 500 9 9
# stats: dump at 1575445565
stats: users 999 1074
stats: {recvpackets,"tsung_controller@ip-172-31-27-70"} 1 24171.0 0.0 24171 7806 14147.625 16
stats: {sentpackets,"tsung_controller@ip-172-31-27-70"} 1 15066.0 0.0 15066 4979 8795.9375 16
stats: {cpu,"tsung_controller@ip-172-31-27-70"} 1 19.49032562529495 0.0 19.49032562529495 2.6727577917007395 7.6215570448480525 17
stats: {load,"tsung_controller@ip-172-31-27-70"} 1 0.21875 0.0 0.30078125 0.0 0.06433823529411764 17
stats: {freemem,"tsung_controller@ip-172-31-27-70"} 1 458.0703125 0.0 736.78125 458.0703125 693.9905790441177 17
stats: session 681 15903.792048458157 5904.987296650792 33101.398 17.133 3647.536747616778 4196
stats: users_count 626 5876
stats: finish_users_count 681 4877
stats: page 1767 6022.920432371256 5607.8619137345 25117.136 0.909 1277.86484651347 12620
stats: request 3768 2772.1465570594437 1632.834637355192 7235.009 0.779 761.3019782924963 26120
stats: connect 624 14.404647435897433 39.76154666637076 211.089 0.499 3.2715553012967202 5244
stats: tr_create_post_comment 138 17934.242579710157 4031.2575311613914 25117.227 35.06 2425.490559210526 912
stats: 302 1432 13220
stats: 200 1312 14013
stats: size_rcv 26250707 319660249
stats: 422 157 1451
stats: newphase 0 2
stats: 502 691 1022
stats: size_sent 1987502 17155711
stats: connected -55 997
stats: 500 96 105
stats: 404 78 78
# stats: dump at 1575445575
stats: users 1059 1074
stats: {recvpackets,"tsung_controller@ip-172-31-27-70"} 1 25156.0 0.0 25156 7806 14737.235294117647 17
stats: {sentpackets,"tsung_controller@ip-172-31-27-70"} 1 16012.0 0.0 16012 4979 9164.764705882353 17
stats: {cpu,"tsung_controller@ip-172-31-27-70"} 1 20.75829383886256 0.0 20.75829383886256 2.6727577917007395 8.280933077095103 18
stats: {load,"tsung_controller@ip-172-31-27-70"} 1 0.1796875 0.0 0.30078125 0.0 0.07291666666666667 18
stats: {freemem,"tsung_controller@ip-172-31-27-70"} 1 451.6875 0.0 736.78125 451.6875 680.8838975694445 18
stats: session 560 16893.80255535714 6614.939916722682 34724.876 11.09 5358.939220422392 4877
stats: users_count 620 6496
stats: finish_users_count 560 5437
stats: request 3400 2756.1126479411696 1587.8471909023497 7235.009 0.778 1014.8104891595285 29888
stats: connect 625 3.1825407999999986 11.076441083684575 211.089 0.499 4.455442399454669 5868
stats: page 1614 5785.236956009915 5471.549195378276 27174.218 0.788 1860.648833460763 14387
stats: tr_create_post_comment 153 16473.0322745098 4613.417738767536 27174.324 35.06 4463.783681904763 1050
stats: 302 1329 14549
stats: 200 1232 15245
stats: size_rcv 24440418 344100667
stats: 422 126 1577
stats: newphase 0 2
stats: 502 595 1617
stats: size_sent 1833439 18989150
stats: connected 64 1061
stats: 500 28 133
stats: 404 92 170
# stats: dump at 1575445585
stats: users 9 1074
stats: {recvpackets,"tsung_controller@ip-172-31-27-70"} 1 23697.0 0.0 25156 7806 15316.055555555555 18
stats: {sentpackets,"tsung_controller@ip-172-31-27-70"} 1 15294.0 0.0 16012 4979 9545.166666666666 18
stats: {cpu,"tsung_controller@ip-172-31-27-70"} 1 20.5188679245283 0.0 20.75829383886256 2.6727577917007395 8.937636275082863 19
stats: {load,"tsung_controller@ip-172-31-27-70"} 1 0.37890625 0.0 0.37890625 0.0 0.07853618421052631 19
stats: {freemem,"tsung_controller@ip-172-31-27-70"} 1 448.44140625 0.0 736.78125 448.44140625 668.8209292763158 19
stats: session 1126 15165.953791296619 6283.91282995607 36268.843 11.09 6547.006806878794 5437
stats: users_count 76 6572
stats: finish_users_count 1126 6563
stats: request 4149 2045.526503012774 1793.2353591651386 7235.009 0.778 1192.66519175078 33288
stats: connect 79 1.9906582278481006 2.9998720305452187 211.089 0.499 4.332916063452949 6493
stats: page 1697 7120.590382439589 5376.70588766633 27174.218 0.788 2256.5169185675895 16001
stats: tr_create_post_comment 439 10145.242396355376 6854.937555054628 27174.324 35.06 5991.144475477972 1203
stats: 302 2363 16912
stats: 200 1252 16497
stats: size_rcv 29965440 374066107
stats: 422 251 1828
stats: newphase 0 2
stats: 502 92 1709
stats: size_sent 2055367 21044517
stats: connected -1050 11
stats: 500 44 177
stats: 404 144 314
# stats: dump at 1575445595
stats: users 0 1074
stats: {recvpackets,"tsung_controller@ip-172-31-27-70"} 1 23477.0 0.0 25156 7806 15757.157894736842 19
stats: {sentpackets,"tsung_controller@ip-172-31-27-70"} 1 13495.0 0.0 16012 4979 9847.736842105263 19
stats: {cpu,"tsung_controller@ip-172-31-27-70"} 1 14.880078316201665 0.0 20.75829383886256 2.6727577917007395 9.516697857555135 20
stats: {load,"tsung_controller@ip-172-31-27-70"} 1 0.3984375 0.0 0.3984375 0.0 0.0935546875 20
stats: {freemem,"tsung_controller@ip-172-31-27-70"} 1 606.59375 0.0 736.78125 448.44140625 657.801953125 20
stats: session 9 12145.552333333333 1985.1190495259702 36268.843 11.09 8025.741273502971 6563
stats: users_count 0 6572
stats: finish_users_count 9 6572
stats: connect 0 0 0 211.089 0.499 4.304760499087035 6572
stats: tr_create_post_comment 3 48.094 4.222631959651075 27174.324 35.06 7101.771142509141 1642
stats: request 29 9.394413793103446 4.878922489275831 7235.009 0.778 1287.1845597670745 37437
stats: page 11 25.82681818181818 17.41425373244146 27174.218 0.788 2722.9160974686392 17698
stats: 302 22 16934
stats: 200 7 16504
stats: size_rcv 54147 374120254
stats: 422 0 1828
stats: newphase 0 2
stats: 502 0 1709
stats: size_sent 19883 21064400
stats: connected -11 0
stats: 500 0 177
stats: 404 0 314
# stats: dump at 1575445605
stats: users 0 1074
stats: {recvpackets,"tsung_controller@ip-172-31-27-70"} 1 1.0 0.0 25156 1 16143.15 20
stats: {sentpackets,"tsung_controller@ip-172-31-27-70"} 1 1.0 0.0 16012 1 10030.1 20
stats: {cpu,"tsung_controller@ip-172-31-27-70"} 1 0.24937655860349126 0.0 20.75829383886256 0.24937655860349126 9.772096927014493 21
stats: {load,"tsung_controller@ip-172-31-27-70"} 1 0.33984375 0.0 0.3984375 0.0 0.10807291666666667 21
stats: {freemem,"tsung_controller@ip-172-31-27-70"} 1 612.2421875 0.0 736.78125 448.44140625 655.3634672619048 21
stats: session 0 0 0 36268.843 11.09 8031.383132836275 6572
stats: users_count 0 6572
stats: finish_users_count 0 6572
stats: connect 0 0 0 211.089 0.499 4.304760499087035 6572
stats: request 0 0 0 7235.009 0.778 1286.1955053114816 37466
stats: page 0 0 0 27174.218 0.788 2721.240792139589 17709
stats: tr_create_post_comment 0 0 0 27174.324 35.06 7088.907293617027 1645
stats: 302 0 16934
stats: 200 0 16504
stats: size_rcv 0 374120254
stats: 422 0 1828
stats: newphase 0 2
stats: 502 0 1709
stats: size_sent 0 21064400
stats: connected 0 0
stats: 500 0 177
stats: 404 0 314
# stats: dump at 1575445615
stats: users 0 1074
stats: {recvpackets,"tsung_controller@ip-172-31-27-70"} 1 1.0 0.0 25156 1 15374.47619047619 21
stats: {sentpackets,"tsung_controller@ip-172-31-27-70"} 1 1.0 0.0 16012 1 9552.52380952381 21
stats: {cpu,"tsung_controller@ip-172-31-27-70"} 1 0.14985014985014986 0.0 20.75829383886256 0.14985014985014986 9.33924600117763 22
stats: {load,"tsung_controller@ip-172-31-27-70"} 1 0.2890625 0.0 0.3984375 0.0 0.11860795454545454 22
stats: {freemem,"tsung_controller@ip-172-31-27-70"} 1 613.21875 0.0 736.78125 448.44140625 653.4034090909091 22
stats: session 0 0 0 36268.843 11.09 8031.383132836275 6572
stats: users_count 0 6572
stats: finish_users_count 0 6572
stats: connect 0 0 0 211.089 0.499 4.304760499087035 6572
stats: request 0 0 0 7235.009 0.778 1286.1955053114816 37466
stats: page 0 0 0 27174.218 0.788 2721.240792139589 17709
stats: tr_create_post_comment 0 0 0 27174.324 35.06 7088.907293617027 1645
stats: 302 0 16934
stats: 200 0 16504
stats: size_rcv 0 374120254
stats: 422 0 1828
stats: newphase 0 2
stats: 502 0 1709
stats: size_sent 0 21064400
stats: connected 0 0
stats: 500 0 177
stats: 404 0 314
# stats: dump at 1575445625
stats: users 0 1074
stats: {recvpackets,"tsung_controller@ip-172-31-27-70"} 1 2.0 0.0 25156 1 14675.681818181818 22
stats: {sentpackets,"tsung_controller@ip-172-31-27-70"} 1 2.0 0.0 16012 1 9118.363636363636 22
stats: {cpu,"tsung_controller@ip-172-31-27-70"} 1 0.19960079840319359 0.0 20.75829383886256 0.14985014985014986 8.939707051119912 23
stats: {load,"tsung_controller@ip-172-31-27-70"} 1 0.23828125 0.0 0.3984375 0.0 0.12601902173913043 23
stats: {freemem,"tsung_controller@ip-172-31-27-70"} 1 613.40625 0.0 736.78125 448.44140625 651.65625 23
stats: session 0 0 0 36268.843 11.09 8031.383132836275 6572
stats: users_count 0 6572
stats: finish_users_count 0 6572
stats: connect 0 0 0 211.089 0.499 4.304760499087035 6572
stats: page 0 0 0 27174.218 0.788 2721.240792139589 17709
stats: tr_create_post_comment 0 0 0 27174.324 35.06 7088.907293617027 1645
stats: request 0 0 0 7235.009 0.778 1286.1955053114816 37466
stats: 302 0 16934
stats: 200 0 16504
stats: size_rcv 0 374120254
stats: 422 0 1828
stats: newphase 0 2
stats: 502 0 1709
stats: size_sent 0 21064400
stats: connected 0 0
stats: 500 0 177
stats: 404 0 314
# stats: dump at 1575445635
stats: users 0 1074
stats: {recvpackets,"tsung_controller@ip-172-31-27-70"} 1 4.0 0.0 25156 1 14037.695652173914 23
stats: {sentpackets,"tsung_controller@ip-172-31-27-70"} 1 4.0 0.0 16012 1 8722.0 23
stats: {cpu,"tsung_controller@ip-172-31-27-70"} 1 0.14985014985014986 0.0 20.75829383886256 0.14985014985014986 8.575535957256715 24
stats: {load,"tsung_controller@ip-172-31-27-70"} 1 0.2109375 0.0 0.3984375 0.0 0.13069661458333334 24
stats: {freemem,"tsung_controller@ip-172-31-27-70"} 1 613.6171875 0.0 736.78125 448.44140625 650.0625 24
stats: session 0 0 0 36268.843 11.09 8031.383132836275 6572
stats: users_count 0 6572
stats: finish_users_count 0 6572
stats: request 0 0 0 7235.009 0.778 1286.1955053114816 37466
stats: page 0 0 0 27174.218 0.788 2721.240792139589 17709
stats: connect 0 0 0 211.089 0.499 4.304760499087035 6572
stats: tr_create_post_comment 0 0 0 27174.324 35.06 7088.907293617027 1645
stats: 302 0 16934
stats: 200 0 16504
stats: size_rcv 0 374120254
stats: 422 0 1828
stats: newphase 0 2
stats: 502 0 1709
stats: size_sent 0 21064400
stats: connected 0 0
stats: 500 0 177
stats: 404 0 314
# stats: dump at 1575445645
stats: users 996 1074
stats: {recvpackets,"tsung_controller@ip-172-31-27-70"} 1 42.0 0.0 25156 1 13452.958333333334 24
stats: {sentpackets,"tsung_controller@ip-172-31-27-70"} 1 58.0 0.0 16012 1 8358.75 24
stats: {cpu,"tsung_controller@ip-172-31-27-70"} 1 0.6989515726410384 0.0 20.75829383886256 0.14985014985014986 8.238508524960453 25
stats: {load,"tsung_controller@ip-172-31-27-70"} 1 0.171875 0.0 0.3984375 0.0 0.13390625 25
stats: {freemem,"tsung_controller@ip-172-31-27-70"} 1 614.23828125 0.0 736.78125 448.44140625 648.6046875 25
stats: session 36 5225.270611111111 2034.1569322616087 36268.843 11.09 8031.383132836275 6572
stats: users_count 1032 7604
stats: finish_users_count 36 6608
stats: request 1539 1352.2145068226105 1323.9089822875078 7235.009 0.778 1286.1955053114816 37466
stats: tr_create_post_comment 0 0 0 27174.324 35.06 7088.907293617027 1645
stats: connect 979 2.448408580183868 5.057484100471791 211.089 0.499 4.304760499087035 6572
stats: 302 509 17443
stats: page 949 993.0834394099054 1344.5868916974655 27174.218 0.788 2721.240792139589 17709
stats: 200 1020 17524
stats: size_rcv 13029911 387150165
stats: 422 11 1839
stats: newphase 1 3
stats: 502 0 1709
stats: size_sent 1055456 22119856
stats: connected 948 948
stats: 500 0 177
stats: 404 0 314
# stats: dump at 1575445655
stats: users 1104 1157
stats: {recvpackets,"tsung_controller@ip-172-31-27-70"} 1 18482.0 0.0 25156 1 12916.52 25
stats: {sentpackets,"tsung_controller@ip-172-31-27-70"} 1 14210.0 0.0 16012 1 8026.72 25
stats: {cpu,"tsung_controller@ip-172-31-27-70"} 1 19.158878504672895 0.0 20.75829383886256 0.14985014985014986 7.948525565255862 26
stats: {load,"tsung_controller@ip-172-31-27-70"} 1 0.1484375 0.0 0.3984375 0.0 0.13536658653846154 26
stats: {freemem,"tsung_controller@ip-172-31-27-70"} 1 543.27734375 0.0 736.78125 448.44140625 647.2829026442307 26
stats: session 1050 6862.137520952381 4955.357617286549 36268.843 7.136 8016.095594884988 6608
stats: users_count 1158 8762
stats: finish_users_count 1050 7658
stats: request 6996 1381.1316076329315 2347.817250207148 8443.512 0.735 1288.8003827201633 39005
stats: connect 1169 2.580514114627888 5.371953599940339 211.089 0.499 4.06408131373328 7551
stats: 302 867 18310
stats: page 3328 2438.0230781250134 3612.428741910402 27174.218 0.788 2633.3416964304843 18658
stats: tr_create_post_comment 148 2489.200472972972 3740.7154272869916 27174.324 5.648 7088.907293617027 1645
stats: 200 938 18462
stats: size_rcv 21574926 408725091
stats: 422 53 1892
stats: newphase 0 3
stats: 502 5008 6717
stats: size_sent 2685594 24805450
stats: connected 161 1109
stats: 500 78 255
stats: 404 51 365
# stats: dump at 1575445665
stats: users 1106 1157
stats: {recvpackets,"tsung_controller@ip-172-31-27-70"} 1 28249.0 0.0 28249 1 13130.576923076924 26
stats: {sentpackets,"tsung_controller@ip-172-31-27-70"} 1 22576.0 0.0 22576 1 8264.538461538461 26
stats: {cpu,"tsung_controller@ip-172-31-27-70"} 1 30.39889958734526 0.0 30.39889958734526 0.14985014985014986 8.363723822271307 27
stats: {load,"tsung_controller@ip-172-31-27-70"} 1 0.19921875 0.0 0.3984375 0.0 0.13585069444444445 27
stats: {freemem,"tsung_controller@ip-172-31-27-70"} 1 505.28515625 0.0 736.78125 448.44140625 643.4308449074074 27
stats: session 1282 9657.445280031206 5847.834310619817 36268.843 7.051 7857.874652389658 7658
stats: users_count 1284 10046
stats: finish_users_count 1282 8940
stats: connect 1277 2.269870007830855 4.163717852198725 211.089 0.499 3.865194839449541 8720
stats: request 7269 1478.9630682349755 1795.9473118256897 8443.512 0.734 1302.842452446685 46001
stats: page 3405 3333.517921879593 4249.497142437506 27174.218 0.788 2603.776502137725 21986
stats: tr_create_post_comment 304 7723.354249999995 4682.104119093681 27174.324 5.648 6709.23266480759 1793
stats: 302 1661 19971
stats: 200 1093 19555
stats: size_rcv 21707994 430433085
stats: 422 121 2013
stats: newphase 0 3
stats: 502 3876 10593
stats: size_sent 2782217 27587667
stats: connected -7 1102
stats: 500 210 465
stats: 404 309 674
# stats: dump at 1575445675
stats: users 1110 1157
stats: {recvpackets,"tsung_controller@ip-172-31-27-70"} 1 27790.0 0.0 28249 1 13690.518518518518 27
stats: {sentpackets,"tsung_controller@ip-172-31-27-70"} 1 2.23e4 0.0 22576 1 8794.592592592593 27
stats: {cpu,"tsung_controller@ip-172-31-27-70"} 1 31.492469192149702 0.0 31.492469192149702 0.14985014985014986 9.150694385309663 28
stats: {load,"tsung_controller@ip-172-31-27-70"} 1 0.171875 0.0 0.3984375 0.0 0.13811383928571427 28
stats: {freemem,"tsung_controller@ip-172-31-27-70"} 1 506.0703125 0.0 736.78125 448.44140625 638.4970703125 28
stats: session 1192 9234.98468959732 5722.939108652552 36268.843 7.051 8115.933885570471 8940
stats: users_count 1196 11242
stats: finish_users_count 1192 10132
stats: request 6796 1511.7744807239485 1797.2821956454632 8443.512 0.723 1326.8751304298855 53270
stats: connect 1205 2.3231195020746935 4.427273653050745 211.089 0.46 3.661410723216965 9997
stats: 302 1595 21566
stats: page 3230 3211.4848687306435 3838.3310752723023 27174.218 0.788 2701.6367492418585 25391
stats: tr_create_post_comment 315 8793.974495238084 5007.890326706017 27174.324 5.648 6856.248860276589 2097
stats: 200 954 20509
stats: size_rcv 19530470 449963555
stats: 422 72 2085
stats: newphase 0 3
stats: 502 3705 14298
stats: size_sent 2599235 30186902
stats: connected 3 1105
stats: 500 200 665
stats: 404 269 943
# stats: dump at 1575445685
stats: users 1108 1157
stats: {recvpackets,"tsung_controller@ip-172-31-27-70"} 1 25837.0 0.0 28249 1 14194.07142857143 28
stats: {sentpackets,"tsung_controller@ip-172-31-27-70"} 1 20646.0 0.0 22576 1 9276.92857142857 28
stats: {cpu,"tsung_controller@ip-172-31-27-70"} 1 28.776645041705283 0.0 31.492469192149702 0.14985014985014986 9.921100413131734 29
stats: {load,"tsung_controller@ip-172-31-27-70"} 1 0.140625 0.0 0.3984375 0.0 0.1392780172413793 29
stats: {freemem,"tsung_controller@ip-172-31-27-70"} 1 503.2109375 0.0 736.78125 448.44140625 633.930630387931 29
stats: session 1227 8971.64998370009 5425.668004206453 36268.843 6.967 8247.586921338334 10132
stats: users_count 1225 12467
stats: finish_users_count 1227 11359
stats: request 7308 1404.685559250132 1702.9733130053542 8443.512 0.723 1347.7950515932466 60066
stats: connect 1231 14.72887083671811 38.806895191385486 211.089 0.46 3.5174506338153906 11202
stats: page 3378 3006.497209295449 3663.29406258216 27174.218 0.788 2759.175249851508 28621
stats: 302 1630 23196
stats: tr_create_post_comment 322 7765.830149068326 4549.2516045191205 27174.324 5.648 7109.3100439469345 2412
stats: 200 1020 21529
stats: size_rcv 19212798 469176353
stats: 422 89 2174
stats: newphase 0 3
stats: 502 4029 18327
stats: size_sent 2862347 33049249
stats: connected 2 1107
stats: 500 226 891
stats: 404 314 1257
# stats: dump at 1575445695
stats: users 1101 1157
stats: {recvpackets,"tsung_controller@ip-172-31-27-70"} 1 27111.0 0.0 28249 1 14595.551724137931 29
stats: {sentpackets,"tsung_controller@ip-172-31-27-70"} 1 21330.0 0.0 22576 1 9668.965517241379 29
stats: {cpu,"tsung_controller@ip-172-31-27-70"} 1 28.597957288765087 0.0 31.492469192149702 0.14985014985014986 10.54961856741752 30
stats: {load,"tsung_controller@ip-172-31-27-70"} 1 0.19921875 0.0 0.3984375 0.0 0.13932291666666666 30
stats: {freemem,"tsung_controller@ip-172-31-27-70"} 1 504.94140625 0.0 736.78125 448.44140625 629.5733072916667 30
stats: session 1176 9276.821324829927 5621.26186653088 36268.843 6.967 8325.800265604368 11359
stats: users_count 1169 13636
stats: finish_users_count 1176 12535
stats: page 3194 3107.235746086405 3704.116813295131 27174.218 0.788 2785.2839900934414 31999
stats: request 6730 1507.1133017830573 1705.3317800918999 8443.512 0.723 1353.965916169441 67374
stats: tr_create_post_comment 304 8658.268154605259 4761.1584216984875 27174.324 5.648 7186.632455742504 2734
stats: connect 1176 4.3034625850340245 16.279548972360928 211.089 0.46 4.627501166251106 12433
stats: 302 1653 24849
stats: 200 1065 22594
stats: size_rcv 20177946 489354299
stats: 422 76 2250
stats: newphase 0 3
stats: 502 3471 21798
stats: size_sent 2660404 35709653
stats: connected 6 1113
stats: 500 191 1082
stats: 404 277 1534
# stats: dump at 1575445705
stats: users 10 1157
stats: {recvpackets,"tsung_controller@ip-172-31-27-70"} 1 26126.0 0.0 28249 1 15012.733333333334 30
stats: {sentpackets,"tsung_controller@ip-172-31-27-70"} 1 20847.0 0.0 22576 1 10057.666666666666 30
stats: {cpu,"tsung_controller@ip-172-31-27-70"} 1 29.25703737886479 0.0 31.492469192149702 0.14985014985014986 11.131823042299699 31
stats: {load,"tsung_controller@ip-172-31-27-70"} 1 0.25 0.0 0.3984375 0.0 0.14125504032258066 31
stats: {freemem,"tsung_controller@ip-172-31-27-70"} 1 505.35546875 0.0 736.78125 448.44140625 625.5529233870968 31
stats: session 1234 10947.150263371163 4824.5926220076835 36268.843 6.967 8415.022504587158 12535
stats: users_count 143 13779
stats: finish_users_count 1234 13769
stats: request 4771 1684.784348564244 1655.4606425256932 8443.512 0.723 1367.874502820359 74104
stats: connect 170 2.7576941176470595 5.29500777763919 211.089 0.46 4.599499889778824 13609
stats: page 2000 5178.009987499991 4278.524565618638 27174.218 0.788 2814.5032640581935 35193
stats: 302 2451 27300
stats: tr_create_post_comment 484 7600.63458264464 5113.131701297384 27174.324 5.648 7333.892907504939 3038
stats: 200 1017 23611
stats: size_rcv 26618167 515972466
stats: 422 189 2439
stats: newphase 0 3
stats: 502 592 22390
stats: size_sent 1971551 37681204
stats: connected -1103 10
stats: 500 101 1183
stats: 404 418 1952
# stats: dump at 1575445715
stats: users 0 1157
stats: {recvpackets,"tsung_controller@ip-172-31-27-70"} 1 21430.0 0.0 28249 1 15371.225806451614 31
stats: {sentpackets,"tsung_controller@ip-172-31-27-70"} 1 12264.0 0.0 22576 1 10405.709677419354 31
stats: {cpu,"tsung_controller@ip-172-31-27-70"} 1 13.825109916951636 0.0 31.492469192149702 0.14985014985014986 11.698235990317357 32
stats: {load,"tsung_controller@ip-172-31-27-70"} 1 0.2109375 0.0 0.3984375 0.0 0.1446533203125 32
stats: {freemem,"tsung_controller@ip-172-31-27-70"} 1 591.69140625 0.0 736.78125 448.44140625 621.7967529296875 32
stats: session 10 12156.328899999999 1496.159807696922 36268.843 6.967 8641.955880601352 13769
stats: users_count 0 13779
stats: finish_users_count 10 13779
stats: connect 0 0 0 211.089 0.46 4.576776398867843 13779
stats: request 18 10.688166666666667 7.033805728606511 8443.512 0.723 1387.043781730585 78875
stats: page 10 19.3268 20.21754691252131 27174.218 0.788 2941.5974335762103 37193
stats: 302 14 27314
stats: tr_create_post_comment 1 71.099 0.0 27174.324 5.648 7370.549060477004 3522
stats: 200 4 23615
stats: size_rcv 34933 516007399
stats: 422 0 2439
stats: newphase 0 3
stats: 502 0 22390
stats: size_sent 12478 37693682
stats: connected -10 0
stats: 500 0 1183
stats: 404 0 1952
# stats: dump at 1575445725
stats: users 0 1157
stats: {recvpackets,"tsung_controller@ip-172-31-27-70"} 1 32.0 0.0 28249 1 15560.5625 32
stats: {sentpackets,"tsung_controller@ip-172-31-27-70"} 1 32.0 0.0 22576 1 10463.78125 32
stats: {cpu,"tsung_controller@ip-172-31-27-70"} 1 0.29955067398901647 0.0 31.492469192149702 0.14985014985014986 11.76268671536688 33
stats: {load,"tsung_controller@ip-172-31-27-70"} 1 0.1796875 0.0 0.3984375 0.0 0.14666193181818182 33
stats: {freemem,"tsung_controller@ip-172-31-27-70"} 1 631.5 0.0 736.78125 448.44140625 620.8844696969697 33
stats: session 0 0 0 36268.843 6.967 8644.506408955658 13779
stats: users_count 0 13779
stats: finish_users_count 0 13779
stats: connect 0 0 0 211.089 0.46 4.576776398867843 13779
stats: request 0 0 0 8443.512 0.723 1386.7297563915668 78893
stats: 302 0 27314
stats: page 0 0 0 27174.218 0.788 2940.8119403005135 37203
stats: tr_create_post_comment 0 0 0 27174.324 5.648 7368.47711893273 3523
stats: 200 0 23615
stats: size_rcv 0 516007399
stats: 422 0 2439
stats: newphase 0 3
stats: 502 0 22390
stats: size_sent 0 37693682
stats: connected 0 0
stats: 500 0 1183
stats: 404 0 1952
# stats: dump at 1575445735
stats: users 0 1157
stats: {recvpackets,"tsung_controller@ip-172-31-27-70"} 1 1.0 0.0 28249 1 15090.0 33
stats: {sentpackets,"tsung_controller@ip-172-31-27-70"} 1 1.0 0.0 22576 1 10147.666666666666 33
stats: {cpu,"tsung_controller@ip-172-31-27-70"} 1 0.14985014985014986 0.0 31.492469192149702 0.14985014985014986 11.425535655326357 34
stats: {load,"tsung_controller@ip-172-31-27-70"} 1 0.1484375 0.0 0.3984375 0.0 0.14763327205882354 34
stats: {freemem,"tsung_controller@ip-172-31-27-70"} 1 633.203125 0.0 736.78125 448.44140625 621.1966911764706 34
stats: session 0 0 0 36268.843 6.967 8644.506408955658 13779
stats: users_count 0 13779
stats: finish_users_count 0 13779
stats: connect 0 0 0 211.089 0.46 4.576776398867843 13779
stats: tr_create_post_comment 0 0 0 27174.324 5.648 7368.47711893273 3523
stats: request 0 0 0 8443.512 0.723 1386.7297563915668 78893
stats: page 0 0 0 27174.218 0.788 2940.8119403005135 37203
stats: 302 0 27314
stats: 200 0 23615
stats: size_rcv 0 516007399
stats: 422 0 2439
stats: newphase 0 3
stats: 502 0 22390
stats: size_sent 0 37693682
stats: connected 0 0
stats: 500 0 1183
stats: 404 0 1952
# stats: dump at 1575445745
stats: users 0 1157
stats: {recvpackets,"tsung_controller@ip-172-31-27-70"} 1 7.0 0.0 28249 1 14646.20588235294 34
stats: {sentpackets,"tsung_controller@ip-172-31-27-70"} 1 7.0 0.0 22576 1 9849.235294117647 34
stats: {cpu,"tsung_controller@ip-172-31-27-70"} 1 0.19960079840319359 0.0 31.492469192149702 0.14985014985014986 11.103373212312752 35
stats: {load,"tsung_controller@ip-172-31-27-70"} 1 0.12890625 0.0 0.3984375 0.0 0.14765625 35
stats: {freemem,"tsung_controller@ip-172-31-27-70"} 1 633.51953125 0.0 736.78125 448.44140625 621.5397321428571 35
stats: session 0 0 0 36268.843 6.967 8644.506408955658 13779
stats: users_count 0 13779
stats: finish_users_count 0 13779
stats: request 0 0 0 8443.512 0.723 1386.7297563915668 78893
stats: page 0 0 0 27174.218 0.788 2940.8119403005135 37203
stats: 302 0 27314
stats: connect 0 0 0 211.089 0.46 4.576776398867843 13779
stats: tr_create_post_comment 0 0 0 27174.324 5.648 7368.47711893273 3523
stats: 200 0 23615
stats: size_rcv 0 516007399
stats: 422 0 2439
stats: newphase 0 3
stats: 502 0 22390
stats: size_sent 0 37693682
stats: connected 0 0
stats: 500 0 1183
stats: 404 0 1952
# stats: dump at 1575445755
stats: users 0 1157
stats: {recvpackets,"tsung_controller@ip-172-31-27-70"} 1 0.0 0.0 28249 0 14227.942857142858 35
stats: {sentpackets,"tsung_controller@ip-172-31-27-70"} 1 0.0 0.0 22576 0 9568.028571428571 35
stats: {cpu,"tsung_controller@ip-172-31-27-70"} 1 0.199700449326011 0.0 31.492469192149702 0.14985014985014986 10.800490645259709 36
stats: {load,"tsung_controller@ip-172-31-27-70"} 1 0.109375 0.0 0.3984375 0.0 0.14713541666666666 36
stats: {freemem,"tsung_controller@ip-172-31-27-70"} 1 634.3125 0.0 736.78125 448.44140625 621.8725043402778 36
stats: session 0 0 0 36268.843 6.967 8644.506408955658 13779
stats: users_count 0 13779
stats: finish_users_count 0 13779
stats: request 0 0 0 8443.512 0.723 1386.7297563915668 78893
stats: page 0 0 0 27174.218 0.788 2940.8119403005135 37203
stats: connect 0 0 0 211.089 0.46 4.576776398867843 13779
stats: tr_create_post_comment 0 0 0 27174.324 5.648 7368.47711893273 3523
stats: 302 0 27314
stats: 200 0 23615
stats: size_rcv 0 516007399
stats: 422 0 2439
stats: newphase 0 3
stats: 502 0 22390
stats: size_sent 0 37693682
stats: connected 0 0
stats: 500 0 1183
stats: 404 0 1952
# stats: dump at 1575445765
stats: users 1244 1259
stats: {recvpackets,"tsung_controller@ip-172-31-27-70"} 1 161.0 0.0 28249 0 13832.722222222223 36
stats: {sentpackets,"tsung_controller@ip-172-31-27-70"} 1 184.0 0.0 22576 0 9302.25 36
stats: {cpu,"tsung_controller@ip-172-31-27-70"} 1 0.3988035892323031 0.0 31.492469192149702 0.14985014985014986 10.513982802126367 37
stats: {load,"tsung_controller@ip-172-31-27-70"} 1 0.08984375 0.0 0.3984375 0.0 0.14611486486486486 37
stats: {freemem,"tsung_controller@ip-172-31-27-70"} 1 634.43359375 0.0 736.78125 448.44140625 622.2087204391892 37
stats: session 944 2104.4513930084763 2342.5094934705453 36268.843 6.967 8644.506408955658 13779
stats: users_count 2188 15967
stats: finish_users_count 944 14723
stats: connect 2144 2.256114272388062 4.4072817243998745 211.089 0.46 4.576776398867843 13779
stats: page 3934 695.5055470259281 1467.8514308170409 27174.218 0.788 2940.8119403005135 37203
stats: request 7475 454.92569565217525 1189.3872697934974 8443.512 0.723 1386.7297563915668 78893
stats: tr_create_post_comment 153 33.79464052287581 263.5838072797711 27174.324 5.648 7368.47711893273 3523
stats: 302 479 27793
stats: 200 1155 24770
stats: size_rcv 11818052 527825451
stats: 422 0 2439
stats: newphase 1 4
stats: 502 5816 28206
stats: size_sent 2605750 40299432
stats: connected 1242 1242
stats: 500 22 1205
stats: 404 3 1955
# stats: dump at 1575445775
stats: users 1199 1259
stats: {recvpackets,"tsung_controller@ip-172-31-27-70"} 1 26897.0 0.0 28249 0 13463.216216216217 37
stats: {sentpackets,"tsung_controller@ip-172-31-27-70"} 1 28625.0 0.0 28625 0 9055.81081081081 37
stats: {cpu,"tsung_controller@ip-172-31-27-70"} 1 34.49381584974805 0.0 34.49381584974805 0.14985014985014986 10.247793875471261 38
stats: {load,"tsung_controller@ip-172-31-27-70"} 1 0.3984375 0.0 0.3984375 0.0 0.14463404605263158 38
stats: {freemem,"tsung_controller@ip-172-31-27-70"} 1 542.1640625 0.0 736.78125 448.44140625 622.530427631579 38
stats: session 2462 4861.132362307083 4694.501894376993 36268.843 6.967 8225.175298784216 14723
stats: users_count 2417 18384
stats: finish_users_count 2462 17185
stats: connect 2430 2.3101617283950593 4.356869915415447 211.089 0.46 4.2643039000188425 15923
stats: page 6765 1609.1146146341462 3115.648321995335 27174.218 0.78 2726.0895407297567 41137
stats: tr_create_post_comment 501 2248.095131736527 3241.7805465860893 27174.324 5.648 7063.1978971708395 3676
stats: request 14177 823.0823327220138 1964.7906083403263 9771.498 0.72 1306.0837375648373 86368
stats: 302 1311 29104
stats: 200 714 25484
stats: size_rcv 18643915 546469366
stats: 422 41 2480
stats: newphase 0 4
stats: 502 11703 39909
stats: size_sent 3919545 44218977
stats: connected -39 1203
stats: 500 245 1450
stats: 404 163 2118
# stats: dump at 1575445785
stats: users 1202 1259
stats: {recvpackets,"tsung_controller@ip-172-31-27-70"} 1 35894.0 0.0 35894 0 13816.736842105263 38
stats: {sentpackets,"tsung_controller@ip-172-31-27-70"} 1 35584.0 0.0 35584 0 9570.789473684208 38
stats: {cpu,"tsung_controller@ip-172-31-27-70"} 1 44.58426966292135 0.0 44.58426966292135 0.14985014985014986 10.869486746606563 39
stats: {load,"tsung_controller@ip-172-31-27-70"} 1 0.5703125 0.0 0.5703125 0.0 0.15114182692307693 39
stats: {freemem,"tsung_controller@ip-172-31-27-70"} 1 523.609375 0.0 736.78125 448.44140625 620.4697516025641 39
stats: session 2430 5131.929324279835 4898.871731451664 36268.843 6.967 7743.227454175155 17185
stats: users_count 2433 20817
stats: finish_users_count 2430 19615
stats: request 13884 748.3428746038592 1461.6095150170418 9771.498 0.72 1237.9797948878597 100545
stats: connect 2435 2.355075975359335 4.370557366987552 211.089 0.46 4.005568789843624 18353
stats: page 6544 1587.8251292787206 2808.356991858473 27174.218 0.76 2568.343822909273 47902
stats: tr_create_post_comment 594 4119.375452861957 4187.922703572535 27174.324 5.648 6485.662229111804 4177
stats: 302 1745 30849
stats: 200 820 26304
stats: size_rcv 17121734 563591100
stats: 422 47 2527
stats: newphase 0 4
stats: 502 10710 50619
stats: size_sent 3955490 48174467
stats: connected -4 1199
stats: 500 248 1698
stats: 404 315 2433
# stats: dump at 1575445795
stats: users 1202 1259
stats: {recvpackets,"tsung_controller@ip-172-31-27-70"} 1 34809.0 0.0 35894 0 14382.820512820514 39
stats: {sentpackets,"tsung_controller@ip-172-31-27-70"} 1 34666.0 0.0 35584 0 10237.79487179487 39
stats: {cpu,"tsung_controller@ip-172-31-27-70"} 1 43.75 0.0 44.58426966292135 0.14985014985014986 11.712356319514434 40
stats: {load,"tsung_controller@ip-172-31-27-70"} 1 0.71875 0.0 0.71875 0.0 0.16162109375 40
stats: {freemem,"tsung_controller@ip-172-31-27-70"} 1 538.7421875 0.0 736.78125 448.44140625 618.0482421875 40
stats: session 2482 4875.156635374699 4512.830093904379 36268.843 6.967 7419.727354473619 19615
stats: users_count 2482 23299
stats: finish_users_count 2482 22097
stats: request 14073 711.0171291124899 1443.4710119007846 9771.498 0.72 1178.5707377325664 114429
stats: connect 2486 2.2478109412711182 4.101530410912757 211.089 0.46 3.8122385029824906 20788
stats: 302 1680 32529
stats: page 6689 1523.067791299151 2718.825808533571 27174.218 0.76 2450.4928452227887 54446
stats: tr_create_post_comment 627 4098.438111642741 4178.787605679003 27174.324 5.648 6191.054317753093 4771
stats: 200 770 27074
stats: size_rcv 16637866 580228966
stats: 422 48 2575
stats: newphase 0 4
stats: 502 11030 61649
stats: size_sent 3912361 52086828
stats: connected 4 1203
stats: 500 252 1950
stats: 404 292 2725
# stats: dump at 1575445805
stats: users 1186 1259
stats: {recvpackets,"tsung_controller@ip-172-31-27-70"} 1 35023.0 0.0 35894 0 14893.475 40
stats: {sentpackets,"tsung_controller@ip-172-31-27-70"} 1 35196.0 0.0 35584 0 10848.499999999996 40
stats: {cpu,"tsung_controller@ip-172-31-27-70"} 1 43.974533879035924 0.0 44.58426966292135 0.14985014985014986 12.493762262940912 41
stats: {load,"tsung_controller@ip-172-31-27-70"} 1 0.609375 0.0 0.71875 0.0 0.17520960365853658 41
stats: {freemem,"tsung_controller@ip-172-31-27-70"} 1 549.30078125 0.0 736.78125 448.44140625 616.1139481707318 41
stats: session 2401 4987.164880466474 4330.92623585656 36268.843 6.967 7133.913690863014 22097
stats: users_count 2385 25684
stats: finish_users_count 2401 24498
stats: request 13661 773.6769595930022 1464.451499724231 9771.498 0.718 1127.366227809683 128502
stats: connect 2390 6.183284937238505 21.02300295288201 211.089 0.46 3.6451350004296645 23274
stats: page 6518 1614.3576667689485 2732.8062681017464 27174.218 0.76 2349.01993795698 61135
stats: 302 1840 34369
stats: tr_create_post_comment 570 4400.854245614036 4219.168118413885 27174.324 5.648 5947.988300481661 5398
stats: 200 856 27930
stats: size_rcv 17157897 597386863
stats: 422 56 2631
stats: newphase 0 4
stats: 502 10368 72017
stats: size_sent 3894889 55981717
stats: connected -22 1181
stats: 500 264 2214
stats: 404 277 3002
# stats: dump at 1575445815
stats: users 1202 1259
stats: {recvpackets,"tsung_controller@ip-172-31-27-70"} 1 34395.0 0.0 35894 0 15384.439024390244 41
stats: {sentpackets,"tsung_controller@ip-172-31-27-70"} 1 34182.0 0.0 35584 0 11442.341463414632 41
stats: {cpu,"tsung_controller@ip-172-31-27-70"} 1 42.32515894641235 0.0 44.58426966292135 0.14985014985014986 13.243304444276507 42
stats: {load,"tsung_controller@ip-172-31-27-70"} 1 0.828125 0.0 0.828125 0.0 0.185546875 42
stats: {freemem,"tsung_controller@ip-172-31-27-70"} 1 544.90625 0.0 736.78125 448.44140625 614.5231584821429 42
stats: session 2404 4905.183394758728 4367.436524442941 36268.843 6.967 6923.515132051597 24498
stats: users_count 2420 28104
stats: finish_users_count 2404 26902
stats: request 13839 720.7527212226319 1393.8278566386834 9771.498 0.718 1093.3788394378275 142163
stats: connect 2431 10.548993418346393 32.50106233793225 216.527 0.46 3.881504169264341 25664
stats: page 6556 1533.3897736424656 2674.4248471798355 27174.218 0.76 2278.2392085938536 67653
stats: tr_create_post_comment 618 4490.434467637538 4144.497525494635 27174.324 5.648 5800.222480898125 5968
stats: 302 1783 36152
stats: 200 834 28764
stats: size_rcv 17902317 615289180
stats: 422 38 2669
stats: newphase 0 4
stats: 502 10624 82641
stats: size_sent 3872815 59854532
stats: connected 19 1200
stats: 500 238 2452
stats: 404 322 3324
# stats: dump at 1575445825
stats: users 5 1259
stats: {recvpackets,"tsung_controller@ip-172-31-27-70"} 1 35721.0 0.0 35894 0 15837.07142857143 42
stats: {sentpackets,"tsung_controller@ip-172-31-27-70"} 1 35244.0 0.0 35584 0 11983.761904761903 42
stats: {cpu,"tsung_controller@ip-172-31-27-70"} 1 45.062836624775585 0.0 45.062836624775585 0.14985014985014986 13.919626642000596 43
stats: {load,"tsung_controller@ip-172-31-27-70"} 1 1.01171875 0.0 1.01171875 0.0 0.20049055232558138 43
stats: {freemem,"tsung_controller@ip-172-31-27-70"} 1 535.5390625 0.0 736.78125 448.44140625 612.9041606104652 43
stats: session 1468 7985.400665531339 3933.7489548666445 36268.843 6.967 6743.154211062374 26902
stats: users_count 271 28375
stats: finish_users_count 1468 28370
stats: page 2394 3755.6667481202867 3399.994762001533 27174.218 0.76 2212.43542609387 74209
stats: request 5736 1351.7412916666678 1560.085382578749 9771.498 0.718 1060.3230270124736 156002
stats: connect 280 3.623939285714284 6.541445636414849 216.527 0.46 4.458427691760105 28095
stats: tr_create_post_comment 533 5473.22330018761 3745.3914724614306 27174.324 5.648 5677.317987701185 6586
stats: 302 2616 38768
stats: 200 850 29614
stats: size_rcv 23330957 638620137
stats: 422 150 2819
stats: newphase 0 4
stats: 502 1416 84057
stats: size_sent 1952653 61807185
stats: connected -1195 5
stats: 500 131 2583
stats: 404 573 3897
# stats: dump at 1575445835
stats: users 0 1259
stats: {recvpackets,"tsung_controller@ip-172-31-27-70"} 1 20433.0 0.0 35894 0 16299.488372093023 43
stats: {sentpackets,"tsung_controller@ip-172-31-27-70"} 1 12096.0 0.0 35584 0 12524.697674418605 43
stats: {cpu,"tsung_controller@ip-172-31-27-70"} 1 14.500484966052376 0.0 45.062836624775585 0.14985014985014986 14.627426868881848 44
stats: {load,"tsung_controller@ip-172-31-27-70"} 1 0.8515625 0.0 1.01171875 0.0 0.21892755681818182 44
stats: {freemem,"tsung_controller@ip-172-31-27-70"} 1 582.9453125 0.0 736.78125 448.44140625 611.1458629261365 44
stats: session 5 10716.7982 1112.0460192843468 36268.843 6.967 6807.434006450476 28370
stats: users_count 0 28375
stats: finish_users_count 5 28375
stats: request 6 9.1485 5.2721482892017875 9771.498 0.718 1070.6581069940269 161738
stats: page 5 10.9948 9.76500202560143 27174.218 0.76 2260.664552693758 76603
stats: connect 0 0 0 216.527 0.46 4.450193092511018 28375
stats: tr_create_post_comment 0 0 0 27174.324 5.648 5662.037404972608 7119
stats: 302 5 38773
stats: 200 1 29615
stats: size_rcv 11578 638631715
stats: 422 0 2819
stats: newphase 0 4
stats: 502 0 84057
stats: size_sent 3985 61811170
stats: connected -5 0
stats: 500 0 2583
stats: 404 0 3897
# stats: dump at 1575445845
stats: users 0 1259
stats: {recvpackets,"tsung_controller@ip-172-31-27-70"} 1 14.0 0.0 35894 0 16393.43181818182 44
stats: {sentpackets,"tsung_controller@ip-172-31-27-70"} 1 13.0 0.0 35584 0 12514.954545454546 44
stats: {cpu,"tsung_controller@ip-172-31-27-70"} 1 0.3491271820448878 0.0 45.062836624775585 0.14985014985014986 14.624605937707859 45
stats: {load,"tsung_controller@ip-172-31-27-70"} 1 0.71875 0.0 1.01171875 0.0 0.23298611111111112 45
stats: {freemem,"tsung_controller@ip-172-31-27-70"} 1 603.0234375 0.0 736.78125 448.44140625 610.5191840277779 45
stats: session 0 0 0 36268.843 6.967 6808.122881198238 28375
stats: users_count 0 28375
stats: finish_users_count 0 28375
stats: request 0 0 0 9771.498 0.718 1070.618729597388 161744
stats: page 0 0 0 27174.218 0.76 2260.5177227443605 76608
stats: tr_create_post_comment 0 0 0 27174.324 5.648 5662.037404972608 7119
stats: connect 0 0 0 216.527 0.46 4.450193092511018 28375
stats: 302 0 38773
stats: 200 0 29615
stats: size_rcv 0 638631715
stats: 422 0 2819
stats: newphase 0 4
stats: 502 0 84057
stats: size_sent 0 61811170
stats: connected 0 0
stats: 500 0 2583
stats: 404 0 3897
# stats: dump at 1575445855
stats: users 0 1259
stats: {recvpackets,"tsung_controller@ip-172-31-27-70"} 1 0.0 0.0 35894 0 16029.444444444447 45
stats: {sentpackets,"tsung_controller@ip-172-31-27-70"} 1 0.0 0.0 35584 0 12237.133333333333 45
stats: {cpu,"tsung_controller@ip-172-31-27-70"} 1 0.04997501249375312 0.0 45.062836624775585 0.04997501249375312 14.314269443019532 46
stats: {load,"tsung_controller@ip-172-31-27-70"} 1 0.609375 0.0 1.01171875 0.0 0.24354619565217392 46
stats: {freemem,"tsung_controller@ip-172-31-27-70"} 1 604.35546875 0.0 736.78125 448.44140625 610.3562330163044 46
stats: session 0 0 0 36268.843 6.967 6808.122881198238 28375
stats: users_count 0 28375
stats: finish_users_count 0 28375
stats: request 0 0 0 9771.498 0.718 1070.618729597388 161744
stats: page 0 0 0 27174.218 0.76 2260.5177227443605 76608
stats: tr_create_post_comment 0 0 0 27174.324 5.648 5662.037404972608 7119
stats: connect 0 0 0 216.527 0.46 4.450193092511018 28375
stats: 302 0 38773
stats: 200 0 29615
stats: size_rcv 0 638631715
stats: 422 0 2819
stats: newphase 0 4
stats: 502 0 84057
stats: size_sent 0 61811170
stats: connected 0 0
stats: 500 0 2583
stats: 404 0 3897
# stats: dump at 1575445865
stats: users 0 1259
stats: {recvpackets,"tsung_controller@ip-172-31-27-70"} 1 126.0 0.0 35894 0 15680.978260869568 46
stats: {sentpackets,"tsung_controller@ip-172-31-27-70"} 1 336.0 0.0 35584 0 11971.108695652174 46
stats: {cpu,"tsung_controller@ip-172-31-27-70"} 1 0.8 0.0 45.062836624775585 0.04997501249375312 14.010773816838133 47
stats: {load,"tsung_controller@ip-172-31-27-70"} 1 0.51953125 0.0 1.01171875 0.0 0.25132978723404253 47
stats: {freemem,"tsung_controller@ip-172-31-27-70"} 1 612.2890625 0.0 736.78125 448.44140625 610.2285571808511 47
stats: session 0 0 0 36268.843 6.967 6808.122881198238 28375
stats: users_count 0 28375
stats: finish_users_count 0 28375
stats: request 0 0 0 9771.498 0.718 1070.618729597388 161744
stats: page 0 0 0 27174.218 0.76 2260.5177227443605 76608
stats: connect 0 0 0 216.527 0.46 4.450193092511018 28375
stats: tr_create_post_comment 0 0 0 27174.324 5.648 5662.037404972608 7119
stats: 302 0 38773
stats: 200 0 29615
stats: size_rcv 0 638631715
stats: 422 0 2819
stats: newphase 0 4
stats: 502 0 84057
stats: size_sent 0 61811170
stats: connected 0 0
stats: 500 0 2583
stats: 404 0 3897
# stats: dump at 1575445875
stats: users 0 1259
stats: {recvpackets,"tsung_controller@ip-172-31-27-70"} 1 1.0 0.0 35894 0 15350.021276595748 47
stats: {sentpackets,"tsung_controller@ip-172-31-27-70"} 1 1.0 0.0 35584 0 11723.553191489362 47
stats: {cpu,"tsung_controller@ip-172-31-27-70"} 1 0.09980039920159679 0.0 45.062836624775585 0.04997501249375312 13.73554936232067 48
stats: {load,"tsung_controller@ip-172-31-27-70"} 1 0.44140625 0.0 1.01171875 0.0 0.2569173177083333 48
stats: {freemem,"tsung_controller@ip-172-31-27-70"} 1 612.546875 0.0 736.78125 448.44140625 610.2714843750001 48
stats: session 0 0 0 36268.843 6.967 6808.122881198238 28375
stats: users_count 0 28375
stats: finish_users_count 0 28375
stats: request 0 0 0 9771.498 0.718 1070.618729597388 161744
stats: connect 0 0 0 216.527 0.46 4.450193092511018 28375
stats: page 0 0 0 27174.218 0.76 2260.5177227443605 76608
stats: tr_create_post_comment 0 0 0 27174.324 5.648 5662.037404972608 7119
stats: 302 0 38773
stats: 200 0 29615
stats: size_rcv 0 638631715
stats: 422 0 2819
stats: newphase 0 4
stats: 502 0 84057
stats: size_sent 0 61811170
stats: connected 0 0
stats: 500 0 2583
stats: 404 0 3897
# stats: dump at 1575445885
stats: users 1426 1451
stats: {recvpackets,"tsung_controller@ip-172-31-27-70"} 1 398.0 0.0 35894 0 15030.250000000002 48
stats: {sentpackets,"tsung_controller@ip-172-31-27-70"} 1 491.0 0.0 35584 0 11479.333333333334 48
stats: {cpu,"tsung_controller@ip-172-31-27-70"} 1 0.6483790523690772 0.0 45.062836624775585 0.04997501249375312 13.457268771236608 49
stats: {load,"tsung_controller@ip-172-31-27-70"} 1 0.37109375 0.0 1.01171875 0.0 0.2606823979591837 49
stats: {freemem,"tsung_controller@ip-172-31-27-70"} 1 618.82421875 0.0 736.78125 448.44140625 610.3179209183675 49
stats: session 2971 1359.437270952545 1893.445668603467 36268.843 6.967 6808.122881198238 28375
stats: users_count 4397 32772
stats: finish_users_count 2971 31346
stats: request 18839 176.96862678486082 765.9116702364385 9771.498 0.709 1070.618729597388 161744
stats: connect 4202 2.4178664921465955 4.278478411245423 216.527 0.448 4.450193092511018 28375
stats: page 9414 321.4231384108745 1026.9737530790574 27174.218 0.76 2260.5177227443605 76608
stats: tr_create_post_comment 584 49.07032876712331 361.9446691254104 27174.324 5.648 5662.037404972608 7119
stats: 302 466 39239
stats: 200 1146 30761
stats: size_rcv 13391913 652023628
stats: 422 0 2819
stats: newphase 1 5
stats: 502 17215 101272
stats: size_sent 4793487 66604657
stats: connected 1420 1420
stats: 500 7 2590
stats: 404 5 3902
# stats: dump at 1575445895
stats: users 1405 1460
stats: {recvpackets,"tsung_controller@ip-172-31-27-70"} 1 48050.0 0.0 48050 0 14731.632653061228 49
stats: {sentpackets,"tsung_controller@ip-172-31-27-70"} 1 58687.0 0.0 58687 0 11255.081632653062 49
stats: {cpu,"tsung_controller@ip-172-31-27-70"} 1 57.650273224043715 0.0 57.650273224043715 0.04997501249375312 13.201090976859257 50
stats: {load,"tsung_controller@ip-172-31-27-70"} 1 0.62109375 0.0 1.01171875 0.0 0.262890625 50
stats: {freemem,"tsung_controller@ip-172-31-27-70"} 1 507.3671875 0.0 736.78125 448.44140625 610.4880468750001 50
stats: session 4976 3140.3733874598033 3825.6331549415986 36268.843 6.967 6291.691918777516 31346
stats: users_count 4955 37727
stats: finish_users_count 4976 36322
stats: request 28491 444.2449792215076 1492.4475425091987 9771.498 0.709 977.3902735030424 180583
stats: connect 4958 2.605873739411051 4.571062401081245 216.527 0.445 4.188049973907976 32577
stats: 302 1613 40852
stats: page 13458 895.9414071927501 2304.4538011283294 27174.218 0.748 2048.3087945990555 86022
stats: tr_create_post_comment 1192 1703.5940696308728 2846.124574527545 27174.324 5.648 5236.492452031675 7703
stats: 200 674 31435
stats: size_rcv 18183045 670206673
stats: 422 34 2853
stats: newphase 0 5
stats: 502 25630 126902
stats: size_sent 6428875 73033532
stats: connected -27 1393
stats: 500 288 2878
stats: 404 252 4154
# stats: dump at 1575445905
stats: users 1334 1460
stats: {recvpackets,"tsung_controller@ip-172-31-27-70"} 1 56271.0 0.0 56271 0 15398.000000000002 50
stats: {sentpackets,"tsung_controller@ip-172-31-27-70"} 1 65699.0 0.0 65699 0 12203.72 50
stats: {cpu,"tsung_controller@ip-172-31-27-70"} 1 63.03844372394627 0.0 63.03844372394627 0.04997501249375312 14.072643569941306 51
stats: {load,"tsung_controller@ip-172-31-27-70"} 1 0.76171875 0.0 1.01171875 0.0 0.2699142156862745 51
stats: {freemem,"tsung_controller@ip-172-31-27-70"} 1 518.90234375 0.0 736.78125 448.44140625 608.4660692401962 51
stats: session 5005 2812.2556943056993 3248.004900062522 36268.843 6.967 5859.971170695446 36322
stats: users_count 4934 42661
stats: finish_users_count 5005 41327
stats: connect 4952 2.4663539983844895 4.435022980746514 216.527 0.445 3.9790602371120323 37535
stats: page 13463 783.4843409344165 1871.5598705899822 27174.218 0.748 1892.412531031363 99480
stats: request 28399 368.7946710799687 1103.0299536542316 9771.498 0.707 904.7373248849684 209074
stats: tr_create_post_comment 1240 2007.1790330645192 2881.880189619582 27174.324 5.648 4763.056266329398 8895
stats: 302 1791 42643
stats: 200 730 32165
stats: size_rcv 18106908 688313581
stats: 422 28 2881
stats: newphase 0 5
stats: 502 25288 152190
stats: size_sent 6467652 79501184
stats: connected -53 1340
stats: 500 304 3182
stats: 404 258 4412
# stats: dump at 1575445915
stats: users 1374 1460
stats: {recvpackets,"tsung_controller@ip-172-31-27-70"} 1 55438.0 0.0 56271 0 16199.431372549021 51
stats: {sentpackets,"tsung_controller@ip-172-31-27-70"} 1 64764.0 0.0 65699 0 13252.64705882353 51
stats: {cpu,"tsung_controller@ip-172-31-27-70"} 1 63.341067285382834 0.0 63.341067285382834 0.04997501249375312 15.01429357290294 52
stats: {load,"tsung_controller@ip-172-31-27-70"} 1 0.80078125 0.0 1.01171875 0.0 0.2793719951923077 52
stats: {freemem,"tsung_controller@ip-172-31-27-70"} 1 543.34765625 0.0 736.78125 448.44140625 606.7436899038463 52
stats: session 4953 2752.150519685047 3096.90151386631 36268.843 6.967 5490.870680475235 41327
stats: users_count 4993 47654
stats: finish_users_count 4953 46280
stats: connect 5005 2.5201722277722265 4.52151434892121 216.527 0.445 3.8027493350907364 42487
stats: request 28466 360.59559681725744 1040.8648969803633 9771.498 0.707 840.6448367898662 237473
stats: page 13460 758.9943126300171 1793.1175925194732 27174.218 0.748 1760.2263820599774 112943
stats: tr_create_post_comment 1240 2153.3059508064525 2824.1105969342298 27174.324 5.648 4425.879377405032 10135
stats: 302 1928 44571
stats: 200 777 32942
stats: size_rcv 18761123 707074704
stats: 422 32 2913
stats: newphase 0 5
stats: 502 25103 177293
stats: size_sent 6429175 85930359
stats: connected 36 1376
stats: 500 294 3476
stats: 404 332 4744
# stats: dump at 1575445925
stats: users 1346 1460
stats: {recvpackets,"tsung_controller@ip-172-31-27-70"} 1 57320.0 0.0 57320 0 16954.019230769234 52
stats: {sentpackets,"tsung_controller@ip-172-31-27-70"} 1 66239.0 0.0 66239 0 14243.25 52
stats: {cpu,"tsung_controller@ip-172-31-27-70"} 1 63.6615811373093 0.0 63.6615811373093 0.04997501249375312 15.926119492006332 53
stats: {load,"tsung_controller@ip-172-31-27-70"} 1 1.1484375 0.0 1.1484375 0.0 0.28920990566037735 53
stats: {freemem,"tsung_controller@ip-172-31-27-70"} 1 542.375 0.0 736.78125 448.44140625 605.5475383254718 53
stats: session 4882 2800.9994844326015 3138.8133826611634 36268.843 6.967 5197.766078997409 46280
stats: users_count 4854 52508
stats: finish_users_count 4882 51162
stats: request 27914 371.4753409042007 1071.755843786857 9771.498 0.707 789.2605657161979 265939
stats: connect 4887 15.535956414978475 39.506529192031564 216.527 0.445 3.667583445632951 47492
stats: page 13196 778.3069298272161 1838.995127577522 27174.218 0.746 1653.6103709326524 126403
stats: tr_create_post_comment 1202 2174.5203544093188 3011.5446581616256 27174.324 5.648 4178.143900571428 11375
stats: 302 1835 46406
stats: 200 737 33679
stats: size_rcv 19492440 726567144
stats: 422 29 2942
stats: newphase 0 5
stats: 502 24689 201982
stats: size_sent 6298096 92228455
stats: connected -11 1365
stats: 500 316 3792
stats: 404 309 5053
# stats: dump at 1575445935
stats: users 1373 1460
stats: {recvpackets,"tsung_controller@ip-172-31-27-70"} 1 56507.0 0.0 57320 0 17715.641509433968 53
stats: {sentpackets,"tsung_controller@ip-172-31-27-70"} 1 64469.0 0.0 66239 0 15224.301886792453 53
stats: {cpu,"tsung_controller@ip-172-31-27-70"} 1 60.90364223144306 0.0 63.6615811373093 0.04997501249375312 16.810109522474907 54
stats: {load,"tsung_controller@ip-172-31-27-70"} 1 1.12109375 0.0 1.1484375 0.0 0.3051215277777778 54
stats: {freemem,"tsung_controller@ip-172-31-27-70"} 1 542.65625 0.0 736.78125 448.44140625 604.3776765046298 54
stats: session 4931 2808.979866152907 3060.043967092601 36268.843 6.967 4969.060897130683 51162
stats: users_count 4958 57466
stats: finish_users_count 4931 56093
stats: request 28115 367.025337079848 1031.6455650147905 9771.498 0.707 749.5738626183834 293853
stats: connect 4954 2.6076645135244214 4.84228239838204 216.527 0.442 4.774911548521352 52379
stats: 302 2002 48408
stats: page 13388 774.7246891245836 1801.1466529895138 27174.218 0.746 1570.8697767390884 139599
stats: tr_create_post_comment 1234 2164.7808290113453 2878.5938188818013 27174.324 5.648 3986.6550318040863 12577
stats: 200 835 34514
stats: size_rcv 20172075 746739219
stats: 422 31 2973
stats: newphase 0 5
stats: 502 24599 226581
stats: size_sent 6382562 98611017
stats: connected 11 1376
stats: 500 311 4103
stats: 404 336 5389
# stats: dump at 1575445945
stats: users 5 1460
stats: {recvpackets,"tsung_controller@ip-172-31-27-70"} 1 56918.0 0.0 57320 0 18434.000000000007 54
stats: {sentpackets,"tsung_controller@ip-172-31-27-70"} 1 65441.0 0.0 66239 0 16136.24074074074 54
stats: {cpu,"tsung_controller@ip-172-31-27-70"} 1 63.84650947757744 0.0 63.84650947757744 0.04997501249375312 17.611810117183417 55
stats: {load,"tsung_controller@ip-172-31-27-70"} 1 0.94921875 0.0 1.1484375 0.0 0.31995738636363635 55
stats: {freemem,"tsung_controller@ip-172-31-27-70"} 1 548.203125 0.0 736.78125 448.44140625 603.2554687500001 55
stats: session 1895 6040.697956200539 3654.0902032047493 36268.843 6.967 4779.173396662685 56093
stats: users_count 527 57993
stats: finish_users_count 1895 57988
stats: request 8405 963.8602979179058 1409.467374315207 9771.498 0.707 716.1688292128403 321968
stats: connect 660 2.085243939393942 3.011189647551922 216.527 0.442 4.5876451956116 57333
stats: 302 2839 51247
stats: page 3567 2534.085515839637 2960.597554545352 27174.218 0.746 1501.1985600149028 152987
stats: tr_create_post_comment 685 4257.172716788319 3367.1305896712047 27174.324 5.648 3823.8722668887112 13811
stats: 200 824 35338
stats: size_rcv 22600068 769339287
stats: 422 139 3112
stats: newphase 0 5
stats: 502 3776 230357
stats: size_sent 2408118 101019135
stats: connected -1366 10
stats: 500 180 4283
stats: 404 647 6036
# stats: dump at 1575445955
stats: users 0 1460
stats: {recvpackets,"tsung_controller@ip-172-31-27-70"} 1 20059.0 0.0 57320 0 19133.7090909091 55
stats: {sentpackets,"tsung_controller@ip-172-31-27-70"} 1 12406.0 0.0 66239 0 17032.69090909091 55
stats: {cpu,"tsung_controller@ip-172-31-27-70"} 1 15.295256534365926 0.0 63.84650947757744 0.04997501249375312 18.437429748619024 56
stats: {load,"tsung_controller@ip-172-31-27-70"} 1 0.87109375 0.0 1.1484375 0.0 0.33119419642857145 56
stats: {freemem,"tsung_controller@ip-172-31-27-70"} 1 565.00390625 0.0 736.78125 448.44140625 602.2723911830359 56
stats: session 5 11716.087599999999 1715.766698362059 36268.843 6.967 4820.398978512796 57988
stats: users_count 0 57993
stats: finish_users_count 5 57993
stats: request 35 8.485028571428575 3.336949218207846 9771.498 0.707 722.4703332536247 330373
stats: connect 0 0 0 216.527 0.442 4.559166157984582 57993
stats: page 10 29.949800000000003 23.96898072008904 27174.218 0.746 1524.7323424249773 156554
stats: tr_create_post_comment 5 53.483799999999995 6.987238321397086 27174.324 5.648 3844.3476261727365 14496
stats: 302 30 51277
stats: 200 5 35343
stats: size_rcv 49982 769389269
stats: 422 0 3112
stats: newphase 0 5
stats: 502 0 230357
stats: size_sent 24684 101043819
stats: connected -10 0
stats: 500 0 4283
stats: 404 0 6036
# stats: dump at 1575445965
stats: users 0 1460
stats: {recvpackets,"tsung_controller@ip-172-31-27-70"} 1 3.0 0.0 57320 0 19150.232142857152 56
stats: {sentpackets,"tsung_controller@ip-172-31-27-70"} 1 3.0 0.0 66239 0 16950.07142857143 56
stats: {cpu,"tsung_controller@ip-172-31-27-70"} 1 0.14992503748125938 0.0 63.84650947757744 0.04997501249375312 18.382303902754938 57
stats: {load,"tsung_controller@ip-172-31-27-70"} 1 0.73828125 0.0 1.1484375 0.0 0.34066611842105265 57
stats: {freemem,"tsung_controller@ip-172-31-27-70"} 1 570.07421875 0.0 736.78125 448.44140625 601.6185581140352 57
stats: session 0 0 0 36268.843 6.967 4820.993506181781 57993
stats: users_count 0 57993
stats: finish_users_count 0 57993
stats: request 0 0 0 9771.498 0.707 722.3947010484001 330408
stats: connect 0 0 0 216.527 0.442 4.559166157984582 57993
stats: page 0 0 0 27174.218 0.746 1524.63686820725 156564
stats: tr_create_post_comment 0 0 0 27174.324 5.648 3843.040521895041 14501
stats: 302 0 51277
stats: 200 0 35343
stats: size_rcv 0 769389269
stats: 422 0 3112
stats: newphase 0 5
stats: 502 0 230357
stats: size_sent 0 101043819
stats: connected 0 0
stats: 500 0 4283
stats: 404 0 6036
# stats: dump at 1575445975
stats: users 0 1460
stats: {recvpackets,"tsung_controller@ip-172-31-27-70"} 1 0.0 0.0 57320 0 18814.315789473694 57
stats: {sentpackets,"tsung_controller@ip-172-31-27-70"} 1 0.0 0.0 66239 0 16652.754385964916 57
stats: {cpu,"tsung_controller@ip-172-31-27-70"} 1 0.0998502246630055 0.0 63.84650947757744 0.04997501249375312 18.06795254300884 58
stats: {load,"tsung_controller@ip-172-31-27-70"} 1 0.62109375 0.0 1.1484375 0.0 0.34752155172413796 58
stats: {freemem,"tsung_controller@ip-172-31-27-70"} 1 570.5 0.0 736.78125 448.44140625 601.0746901939657 58
stats: session 0 0 0 36268.843 6.967 4820.993506181781 57993
stats: users_count 0 57993
stats: finish_users_count 0 57993
stats: request 0 0 0 9771.498 0.707 722.3947010484001 330408
stats: connect 0 0 0 216.527 0.442 4.559166157984582 57993
stats: page 0 0 0 27174.218 0.746 1524.63686820725 156564
stats: tr_create_post_comment 0 0 0 27174.324 5.648 3843.040521895041 14501
stats: 302 0 51277
stats: 200 0 35343
stats: size_rcv 0 769389269
stats: 422 0 3112
stats: newphase 0 5
stats: 502 0 230357
stats: size_sent 0 101043819
stats: connected 0 0
stats: 500 0 4283
stats: 404 0 6036
# stats: dump at 1575445985
stats: users 0 1460
stats: {recvpackets,"tsung_controller@ip-172-31-27-70"} 1 18.0 0.0 57320 0 18489.931034482768 58
stats: {sentpackets,"tsung_controller@ip-172-31-27-70"} 1 18.0 0.0 66239 0 16365.637931034487 58
stats: {cpu,"tsung_controller@ip-172-31-27-70"} 1 0.10005002501250625 0.0 63.84650947757744 0.04997501249375312 17.763408435918233 59
stats: {load,"tsung_controller@ip-172-31-27-70"} 1 0.53125 0.0 1.1484375 0.0 0.3521583686440678 59
stats: {freemem,"tsung_controller@ip-172-31-27-70"} 1 570.625 0.0 736.78125 448.44140625 600.5564751059323 59
stats: session 0 0 0 36268.843 6.967 4820.993506181781 57993
stats: users_count 0 57993
stats: finish_users_count 0 57993
stats: connect 0 0 0 216.527 0.442 4.559166157984582 57993
stats: request 0 0 0 9771.498 0.707 722.3947010484001 330408
stats: tr_create_post_comment 0 0 0 27174.324 5.648 3843.040521895041 14501
stats: page 0 0 0 27174.218 0.746 1524.63686820725 156564
stats: 302 0 51277
stats: 200 0 35343
stats: size_rcv 0 769389269
stats: 422 0 3112
stats: newphase 0 5
stats: 502 0 230357
stats: size_sent 0 101043819
stats: connected 0 0
stats: 500 0 4283
stats: 404 0 6036
# stats: dump at 1575445995
stats: users 0 1460
stats: {recvpackets,"tsung_controller@ip-172-31-27-70"} 1 3.0 0.0 57320 0 18176.847457627126 59
stats: {sentpackets,"tsung_controller@ip-172-31-27-70"} 1 3.0 0.0 66239 0 16088.559322033901 59
stats: {cpu,"tsung_controller@ip-172-31-27-70"} 1 0.09995002498750624 0.0 63.84650947757744 0.04997501249375312 17.469019129069803 60
stats: {load,"tsung_controller@ip-172-31-27-70"} 1 0.44921875 0.0 1.1484375 0.0 0.3551432291666667 60
stats: {freemem,"tsung_controller@ip-172-31-27-70"} 1 570.765625 0.0 736.78125 448.44140625 600.0576171875001 60
stats: session 0 0 0 36268.843 6.967 4820.993506181781 57993
stats: users_count 0 57993
stats: finish_users_count 0 57993
stats: request 0 0 0 9771.498 0.707 722.3947010484001 330408
stats: page 0 0 0 27174.218 0.746 1524.63686820725 156564
stats: connect 0 0 0 216.527 0.442 4.559166157984582 57993
stats: 302 0 51277
stats: tr_create_post_comment 0 0 0 27174.324 5.648 3843.040521895041 14501
stats: 200 0 35343
stats: size_rcv 0 769389269
stats: 422 0 3112
stats: newphase 0 5
stats: 502 0 230357
stats: size_sent 0 101043819
stats: connected 0 0
stats: 500 0 4283
stats: 404 0 6036
# stats: dump at 1575446005
stats: users 1664 1828
stats: {recvpackets,"tsung_controller@ip-172-31-27-70"} 1 835.0 0.0 57320 0 17873.950000000008 60
stats: {sentpackets,"tsung_controller@ip-172-31-27-70"} 1 1055.0 0.0 66239 0 15820.46666666667 60
stats: {cpu,"tsung_controller@ip-172-31-27-70"} 1 1.0427010923535254 0.0 63.84650947757744 0.04997501249375312 17.184280291297963 61
stats: {load,"tsung_controller@ip-172-31-27-70"} 1 0.5390625 0.0 1.1484375 0.0 0.3566854508196721 61
stats: {freemem,"tsung_controller@ip-172-31-27-70"} 1 577.45703125 0.0 736.78125 448.44140625 599.5774205942624 61
stats: session 6676 1243.2134161174374 1762.3919815999072 36268.843 6.885 4820.993506181781 57993
stats: users_count 8340 66333
stats: finish_users_count 6676 64669
stats: request 41445 133.3671270840867 728.6363508834215 9771.498 0.693 722.3947010484001 330408
stats: connect 8221 2.2598507480841876 4.225741949982203 216.527 0.397 4.559166157984582 57993
stats: 302 664 51941
stats: page 20159 256.8439976189282 994.4830443439498 27174.218 0.732 1524.63686820725 156564
stats: tr_create_post_comment 1516 266.74586939314025 1039.495784318709 27174.324 5.648 3843.040521895041 14501
stats: 200 1196 36539
stats: size_rcv 19136923 788526192
stats: 422 1 3113
stats: newphase 1 6
stats: 502 39401 269758
stats: size_sent 9125043 110168862
stats: connected 1649 1649
stats: 500 117 4400
stats: 404 66 6102
# stats: dump at 1575446015
stats: users 1672 1828
stats: {recvpackets,"tsung_controller@ip-172-31-27-70"} 1 87944.0 0.0 87944 0 17594.62295081968 61
stats: {sentpackets,"tsung_controller@ip-172-31-27-70"} 1 112967.0 0.0 112967 0 15578.409836065577 61
stats: {cpu,"tsung_controller@ip-172-31-27-70"} 1 79.57142857142857 0.0 79.57142857142857 0.04997501249375312 16.923932239702086 62
stats: {load,"tsung_controller@ip-172-31-27-70"} 1 0.69140625 0.0 1.1484375 0.0 0.35962701612903225 62
stats: {freemem,"tsung_controller@ip-172-31-27-70"} 1 510.8671875 0.0 736.78125 448.44140625 599.2206401209679 62
stats: session 9132 2000.7659667104747 2660.8063201114655 36268.843 6.885 4451.647144226756 64669
stats: users_count 9140 75473
stats: finish_users_count 9132 73801
stats: page 24799 467.27080890358894 1481.1639662132195 27174.218 0.732 1380.0182476644231 176723
stats: tr_create_post_comment 2246 1172.624361531613 2157.920615537439 27174.324 5.648 3504.5462537304106 16017
stats: request 52204 224.0907231246654 952.4963723591402 9771.498 0.693 656.744436554229 371853
stats: connect 9184 2.7117137412892127 5.118880875750545 216.527 0.397 4.273687679342737 66214
stats: 302 1860 53801
stats: 200 675 37214
stats: size_rcv 23656703 812182895
stats: 422 21 3134
stats: newphase 0 6
stats: 502 49034 318792
stats: size_sent 10410674 120579536
stats: connected 32 1681
stats: 500 353 4753
stats: 404 262 6364
# stats: dump at 1575446025
stats: users 1682 1828
stats: {recvpackets,"tsung_controller@ip-172-31-27-70"} 1 94285.0 0.0 94285 0 18729.29032258065 62
stats: {sentpackets,"tsung_controller@ip-172-31-27-70"} 1 118163.0 0.0 118163 0 17149.193548387102 62
stats: {cpu,"tsung_controller@ip-172-31-27-70"} 1 83.56294536817103 0.0 83.56294536817103 0.04997501249375312 17.918336943380286 63
stats: {load,"tsung_controller@ip-172-31-27-70"} 1 0.890625 0.0 1.1484375 0.0 0.3648933531746032 63
stats: {freemem,"tsung_controller@ip-172-31-27-70"} 1 528.31640625 0.0 736.78125 448.44140625 597.8182043650795 63
stats: session 8996 1842.5274747665605 2302.85356006799 36268.843 6.885 4148.379615154267 73801
stats: users_count 9006 84479
stats: finish_users_count 8996 82797
stats: request 51304 202.0177486355865 798.8493686970492 9771.498 0.693 603.4821287609914 424057
stats: 302 1951 55752
stats: connect 9012 2.4542293608522026 4.431518312350479 216.527 0.397 4.083428406589036 75398
stats: page 24296 427.95086487487947 1284.175742773859 27174.218 0.732 1267.6968944929088 201522
stats: tr_create_post_comment 2220 1136.5776819819841 1969.534137480388 27174.324 5.648 3217.764423260143 18263
stats: 200 668 37882
stats: size_rcv 23708056 835890951
stats: 422 19 3153
stats: newphase 0 6
stats: 502 47974 366766
stats: size_sent 10160451 130739987
stats: connected 0 1681
stats: 500 374 5127
stats: 404 318 6682
# stats: dump at 1575446035
stats: users 1609 1828
stats: {recvpackets,"tsung_controller@ip-172-31-27-70"} 1 93621.0 0.0 94285 0 19928.587301587308 63
stats: {sentpackets,"tsung_controller@ip-172-31-27-70"} 1 116768.0 0.0 118163 0 18752.587301587304 63
stats: {cpu,"tsung_controller@ip-172-31-27-70"} 1 82.01335877862596 0.0 83.56294536817103 0.04997501249375312 18.94403395001764 64
stats: {load,"tsung_controller@ip-172-31-27-70"} 1 0.98828125 0.0 1.1484375 0.0 0.37310791015625 64
stats: {freemem,"tsung_controller@ip-172-31-27-70"} 1 527.125 0.0 736.78125 448.44140625 596.7322387695314 64
stats: session 8813 1860.0198553273563 2363.075896435069 36268.843 6.885 3897.8458294503434 82797
stats: users_count 8740 93219
stats: finish_users_count 8813 91610
stats: connect 8769 2.432842741475655 4.263915585653706 216.527 0.397 3.9094876199502453 84410
stats: page 23767 424.3216663440872 1306.1881304048627 27174.218 0.731 1177.347721550098 225818
stats: tr_create_post_comment 2259 1131.4841797255428 2055.9844366828256 27174.324 5.648 2992.2000740125955 20483
stats: request 50424 201.61863295256376 813.9233799398687 9771.498 0.693 560.1535246938639 475361
stats: 302 1894 57646
stats: 200 639 38521
stats: size_rcv 23249002 859139953
stats: 422 20 3173
stats: newphase 0 6
stats: 502 47278 414044
stats: size_sent 10004035 140744022
stats: connected -86 1595
stats: 500 316 5443
stats: 404 276 6958
# stats: dump at 1575446045
stats: users 1802 1925
stats: {recvpackets,"tsung_controller@ip-172-31-27-70"} 1 90925.0 0.0 94285 0 21080.031250000007 64
stats: {sentpackets,"tsung_controller@ip-172-31-27-70"} 1 113509.0 0.0 118163 0 20284.078125000004 64
stats: {cpu,"tsung_controller@ip-172-31-27-70"} 1 82.45614035087719 0.0 83.56294536817103 0.04997501249375312 19.91433125507315 65
stats: {load,"tsung_controller@ip-172-31-27-70"} 1 1.30078125 0.0 1.30078125 0.0 0.3825721153846154 65
stats: {freemem,"tsung_controller@ip-172-31-27-70"} 1 542.73828125 0.0 736.78125 448.44140625 595.661358173077 65
stats: session 8932 1881.128871249445 2325.7405371504537 36268.843 6.885 3701.804345879272 91610
stats: users_count 9125 102344
stats: finish_users_count 8932 100542
stats: request 51258 211.7161232978263 809.5896498814948 9771.498 0.693 525.7691976758559 525785
stats: connect 9030 12.770161461794034 41.81690099030341 488.116 0.397 3.7705217699267024 93179
stats: page 24253 445.5165844225474 1293.6267673374757 27174.218 0.731 1105.6400057255041 249585
stats: tr_create_post_comment 2240 1189.8308749999997 2032.0932060941027 27174.324 5.648 2807.372125494679 22742
stats: 302 2029 59675
stats: 200 676 39197
stats: size_rcv 24157769 883297722
stats: 422 14 3187
stats: newphase 0 6
stats: 502 47846 461890
stats: size_sent 10226127 150970149
stats: connected 84 1679
stats: 500 347 5790
stats: 404 347 7305
# stats: dump at 1575446055
stats: users 1639 1925
stats: {recvpackets,"tsung_controller@ip-172-31-27-70"} 1 94210.0 0.0 94285 0 22154.569230769237 65
stats: {sentpackets,"tsung_controller@ip-172-31-27-70"} 1 116036.0 0.0 118163 0 21718.307692307695 65
stats: {cpu,"tsung_controller@ip-172-31-27-70"} 1 81.45315487571702 0.0 83.56294536817103 0.04997501249375312 20.861934423191393 66
stats: {load,"tsung_controller@ip-172-31-27-70"} 1 1.328125 0.0 1.328125 0.0 0.396484375 66
stats: {freemem,"tsung_controller@ip-172-31-27-70"} 1 525.25390625 0.0 736.78125 448.44140625 594.8594933712122 66
stats: session 8938 1920.8743769299626 2329.49692950049 36268.843 6.885 3540.058276183089 100542
stats: users_count 8775 111119
stats: finish_users_count 8938 109480
stats: page 24202 442.94498958763853 1275.1904423406536 27174.218 0.731 1047.1748791292662 273838
stats: 302 2143 61818
stats: request 51269 207.1179460882801 781.5876305454174 9771.498 0.693 497.8722602093776 577043
stats: connect 8909 9.658775507913312 30.728874629136126 488.116 0.397 4.5656253950239245 102209
stats: tr_create_post_comment 2302 1291.293537358821 2060.582447316588 27174.324 5.648 2662.336003442478 24982
stats: 200 658 39855
stats: size_rcv 24244976 907542698
stats: 422 17 3204
stats: newphase 0 6
stats: 502 47759 509649
stats: size_sent 10164414 161134563
stats: connected -43 1636
stats: 500 344 6134
stats: 404 348 7653
# stats: dump at 1575446065
stats: users 2 1925
stats: {recvpackets,"tsung_controller@ip-172-31-27-70"} 1 90636.0 0.0 94285 0 23246.318181818187 66
stats: {sentpackets,"tsung_controller@ip-172-31-27-70"} 1 112356.0 0.0 118163 0 23147.36363636364 66
stats: {cpu,"tsung_controller@ip-172-31-27-70"} 1 80.94782192436573 0.0 83.56294536817103 0.04997501249375312 21.766280997109686 67
stats: {load,"tsung_controller@ip-172-31-27-70"} 1 1.421875 0.0 1.421875 0.0 0.4103894589552239 67
stats: {freemem,"tsung_controller@ip-172-31-27-70"} 1 536.6953125 0.0 736.78125 448.44140625 593.8206040111942 67
stats: session 2537 4237.777827355148 3098.0138167430136 36268.843 6.885 3407.867321748266 109480
stats: users_count 900 112019
stats: finish_users_count 2537 112017
stats: connect 901 1.9665405105438403 3.4354338209368875 488.116 0.397 4.97397394661531 111118
stats: request 10580 660.0012288279795 1224.6915725930046 9771.498 0.693 474.14729087778034 628312
stats: page 4505 1656.9851453940087 2327.1445003590547 27174.218 0.731 998.1090765971011 298040
stats: 302 2853 64671
stats: tr_create_post_comment 848 3189.2382936320796 2618.174044467395 27174.324 5.648 2546.6586923105115 27284
stats: 200 564 40419
stats: size_rcv 17095444 924638142
stats: 422 87 3291
stats: newphase 0 6
stats: 502 6032 515681
stats: size_sent 2532060 163666623
stats: connected -1633 3
stats: 500 179 6313
stats: 404 864 8517
# stats: dump at 1575446075
stats: users 0 1925
stats: {recvpackets,"tsung_controller@ip-172-31-27-70"} 1 17010.0 0.0 94285 0 24252.134328358217 67
stats: {sentpackets,"tsung_controller@ip-172-31-27-70"} 1 11701.0 0.0 118163 0 24478.835820895525 67
stats: {cpu,"tsung_controller@ip-172-31-27-70"} 1 15.157384987893463 0.0 83.56294536817103 0.04997501249375312 22.63659777545169 68
stats: {load,"tsung_controller@ip-172-31-27-70"} 1 1.28125 0.0 1.421875 0.0 0.42526424632352944 68
stats: {freemem,"tsung_controller@ip-172-31-27-70"} 1 572.515625 0.0 736.78125 448.44140625 592.980526194853 68
stats: session 2 11495.891500000002 55.531499999999596 36268.843 6.885 3426.6634237035464 112017
stats: users_count 0 112019
stats: finish_users_count 2 112019
stats: request 13 6.346384615384613 2.2564043056448333 9771.498 0.693 477.2250171030471 638892
stats: connect 0 0 0 488.116 0.397 4.949784322302467 112019
stats: tr_create_post_comment 2 39.28 8.888000000000002 27174.324 5.648 2566.0283603725293 28132
stats: page 3 27.825999999999997 17.537470760251225 27174.218 0.731 1007.9199698193657 302545
stats: 302 10 64681
stats: 200 1 40420
stats: size_rcv 18370 924656512
stats: 422 0 3291
stats: newphase 0 6
stats: 502 0 515681
stats: size_sent 8271 163674894
stats: connected -3 0
stats: 500 0 6313
stats: 404 2 8519
# stats: dump at 1575446085
stats: users 0 1925
stats: {recvpackets,"tsung_controller@ip-172-31-27-70"} 1 11.0 0.0 94285 0 24145.632352941182 68
stats: {sentpackets,"tsung_controller@ip-172-31-27-70"} 1 11.0 0.0 118163 0 24290.926470588238 68
stats: {cpu,"tsung_controller@ip-172-31-27-70"} 1 0.29955067398901647 0.0 83.56294536817103 0.04997501249375312 22.52820338722621 69
stats: {load,"tsung_controller@ip-172-31-27-70"} 1 1.078125 0.0 1.421875 0.0 0.43766983695652173 69
stats: {freemem,"tsung_controller@ip-172-31-27-70"} 1 576.640625 0.0 736.78125 448.44140625 592.6839334239131 69
stats: session 0 0 0 36268.843 6.885 3426.8074926217887 112019
stats: users_count 0 112019
stats: finish_users_count 0 112019
stats: request 0 0 0 9771.498 0.693 477.21543598813594 638905
stats: tr_create_post_comment 0 0 0 27174.324 5.648 2565.8487379682942 28134
stats: connect 0 0 0 488.116 0.397 4.949784322302467 112019
stats: page 0 0 0 27174.218 0.731 1007.910251421262 302548
stats: 302 0 64681
stats: 200 0 40420
stats: size_rcv 0 924656512
stats: 422 0 3291
stats: newphase 0 6
stats: 502 0 515681
stats: size_sent 0 163674894
stats: connected 0 0
stats: 500 0 6313
stats: 404 0 8519
# stats: dump at 1575446095
stats: users 0 1925
stats: {recvpackets,"tsung_controller@ip-172-31-27-70"} 1 0.0 0.0 94285 0 23795.855072463775 69
stats: {sentpackets,"tsung_controller@ip-172-31-27-70"} 1 0.0 0.0 118163 0 23939.04347826087 69
stats: {cpu,"tsung_controller@ip-172-31-27-70"} 1 0.10005002501250625 0.0 83.56294536817103 0.04997501249375312 22.210651205608535 70
stats: {load,"tsung_controller@ip-172-31-27-70"} 1 0.91015625 0.0 1.421875 0.0 0.44681919642857143 70
stats: {freemem,"tsung_controller@ip-172-31-27-70"} 1 576.8203125 0.0 736.78125 448.44140625 592.4547433035715 70
stats: session 0 0 0 36268.843 6.885 3426.8074926217887 112019
stats: users_count 0 112019
stats: finish_users_count 0 112019
stats: request 0 0 0 9771.498 0.693 477.21543598813594 638905
stats: connect 0 0 0 488.116 0.397 4.949784322302467 112019
stats: page 0 0 0 27174.218 0.731 1007.910251421262 302548
stats: 302 0 64681
stats: tr_create_post_comment 0 0 0 27174.324 5.648 2565.8487379682942 28134
stats: 200 0 40420
stats: size_rcv 0 924656512
stats: 422 0 3291
stats: newphase 0 6
stats: 502 0 515681
stats: size_sent 0 163674894
stats: connected 0 0
stats: 500 0 6313
stats: 404 0 8519
# stats: dump at 1575446105
stats: users 0 1925
stats: {recvpackets,"tsung_controller@ip-172-31-27-70"} 1 0.0 0.0 94285 0 23455.91428571429 70
stats: {sentpackets,"tsung_controller@ip-172-31-27-70"} 1 0.0 0.0 118163 0 23597.057142857146 70
stats: {cpu,"tsung_controller@ip-172-31-27-70"} 1 0.199700449326011 0.0 83.56294536817103 0.04997501249375312 21.89923428757197 71
stats: {load,"tsung_controller@ip-172-31-27-70"} 1 0.76953125 0.0 1.421875 0.0 0.4533450704225352 71
stats: {freemem,"tsung_controller@ip-172-31-27-70"} 1 576.95703125 0.0 736.78125 448.44140625 592.234540052817 71
stats: session 0 0 0 36268.843 6.885 3426.8074926217887 112019
stats: users_count 0 112019
stats: finish_users_count 0 112019
stats: request 0 0 0 9771.498 0.693 477.21543598813594 638905
stats: connect 0 0 0 488.116 0.397 4.949784322302467 112019
stats: page 0 0 0 27174.218 0.731 1007.910251421262 302548
stats: tr_create_post_comment 0 0 0 27174.324 5.648 2565.8487379682942 28134
stats: 302 0 64681
stats: 200 0 40420
stats: size_rcv 0 924656512
stats: 422 0 3291
stats: newphase 0 6
stats: 502 0 515681
stats: size_sent 0 163674894
stats: connected 0 0
stats: 500 0 6313
stats: 404 0 8519
# stats: dump at 1575446115
stats: users 0 1925
stats: {recvpackets,"tsung_controller@ip-172-31-27-70"} 1 7.0 0.0 94285 0 23125.54929577465 71
stats: {sentpackets,"tsung_controller@ip-172-31-27-70"} 1 7.0 0.0 118163 0 23264.704225352118 71
stats: {cpu,"tsung_controller@ip-172-31-27-70"} 1 0.19960079840319359 0.0 83.56294536817103 0.04997501249375312 21.59785187315189 72
stats: {load,"tsung_controller@ip-172-31-27-70"} 1 0.6484375 0.0 1.421875 0.0 0.4577365451388889 72
stats: {freemem,"tsung_controller@ip-172-31-27-70"} 1 576.96484375 0.0 736.78125 448.44140625 592.0223524305557 72
stats: session 0 0 0 36268.843 6.885 3426.8074926217887 112019
stats: users_count 0 112019
stats: finish_users_count 0 112019
stats: request 0 0 0 9771.498 0.693 477.21543598813594 638905
stats: page 0 0 0 27174.218 0.731 1007.910251421262 302548
stats: connect 0 0 0 488.116 0.397 4.949784322302467 112019
stats: tr_create_post_comment 0 0 0 27174.324 5.648 2565.8487379682942 28134
stats: 302 0 64681
stats: 200 0 40420
stats: size_rcv 0 924656512
stats: 422 0 3291
stats: newphase 0 6
stats: 502 0 515681
stats: size_sent 0 163674894
stats: connected 0 0
stats: 500 0 6313
stats: 404 0 8519
# stats: dump at 1575446116
stats: users 0 1925
stats: {recvpackets,"tsung_controller@ip-172-31-27-70"} 1 3.0 0.0 94285 0 22804.458333333336 72
stats: {sentpackets,"tsung_controller@ip-172-31-27-70"} 1 3.0 0.0 118163 0 22941.680555555562 72
stats: {cpu,"tsung_controller@ip-172-31-27-70"} 1 0.24937655860349126 0.0 83.56294536817103 0.04997501249375312 21.304725146100537 73
stats: {load,"tsung_controller@ip-172-31-27-70"} 1 0.55078125 0.0 1.421875 0.0 0.4603488869863014 73
stats: {freemem,"tsung_controller@ip-172-31-27-70"} 1 576.96484375 0.0 736.78125 448.44140625 591.8160851883563 73
stats: session 0 0 0 36268.843 6.885 3426.8074926217887 112019
stats: users_count 0 112019
stats: finish_users_count 0 112019
stats: request 0 0 0 9771.498 0.693 477.21543598813594 638905
stats: connect 0 0 0 488.116 0.397 4.949784322302467 112019
stats: page 0 0 0 27174.218 0.731 1007.910251421262 302548
stats: tr_create_post_comment 0 0 0 27174.324 5.648 2565.8487379682942 28134
stats: 302 0 64681
stats: 200 0 40420
stats: size_rcv 0 924656512
stats: 422 0 3291
stats: newphase 0 6
stats: 502 0 515681
stats: size_sent 0 163674894
stats: connected 0 0
stats: 500 0 6313
stats: 404 0 8519
EndMonitor:{1575,446116,621892}