# stats: dump at 1575448296
stats: users 18 21
stats: {cpu,"tsung_controller@ip-172-31-27-70"} 1 8.647134551660878 0 8.647134551660878 8.647134551660878 0 0
stats: {load,"tsung_controller@ip-172-31-27-70"} 1 0.01171875 0 0.01171875 0.01171875 0 0
stats: {freemem,"tsung_controller@ip-172-31-27-70"} 1 738.97265625 0 738.97265625 738.97265625 0 0
stats: session 109 779.1349266055047 679.1513473463223 3547.111 290.314 0 0
stats: users_count 127 127
stats: finish_users_count 109 109
stats: request 612 58.05839379084977 89.6341451878999 256.11 4.181 0 0
stats: connect 120 2.3221833333333333 4.861533348617721 33.059 0.687 0 0
stats: page 296 120.13538851351353 127.84541719288987 326.726 4.181 0 0
stats: tr_create_post_comment 21 57.585190476190476 5.1809394222527025 67.145 47.113 0 0
stats: 302 260 260
stats: 200 312 312
stats: size_rcv 6967110 6967110
stats: 422 40 40
stats: size_sent 345540 345540
stats: connected 19 19
# stats: dump at 1575448306
stats: users 11 24
stats: {recvpackets,"tsung_controller@ip-172-31-27-70"} 1 6970 0 6970 6970 0 0
stats: {sentpackets,"tsung_controller@ip-172-31-27-70"} 1 4408 0 4408 4408 0 0
stats: {cpu,"tsung_controller@ip-172-31-27-70"} 1 1.794616151545364 0.0 8.647134551660878 1.794616151545364 8.647134551660878 1
stats: {load,"tsung_controller@ip-172-31-27-70"} 1 0.01171875 0.0 0.01171875 0.01171875 0.01171875 1
stats: {freemem,"tsung_controller@ip-172-31-27-70"} 1 733.31640625 0.0 738.97265625 733.31640625 738.97265625 1
stats: session 169 941.0693195266272 838.694371863371 4643.13 287.698 779.1349266055047 109
stats: users_count 162 289
stats: finish_users_count 169 278
stats: request 987 52.80221783181355 86.14804310581093 258.639 3.331 58.05839379084977 612
stats: connect 164 1.6701036585365847 3.1501914278243204 33.059 0.687 2.3221833333333333 120
stats: page 444 116.93185135135137 126.30378489690723 326.726 3.744 120.13538851351353 296
stats: tr_create_post_comment 48 57.088916666666655 5.692703607957785 70.217 47.113 57.585190476190476 21
stats: 302 474 734
stats: 200 456 768
stats: size_rcv 10006306 16973416
stats: 422 57 97
stats: size_sent 574114 919654
stats: connected -9 10
# stats: dump at 1575448316
stats: users 19 28
stats: {recvpackets,"tsung_controller@ip-172-31-27-70"} 1 7856.0 0.0 7856 6970 6970.0 1
stats: {sentpackets,"tsung_controller@ip-172-31-27-70"} 1 5020.0 0.0 5020 4408 4408.0 1
stats: {cpu,"tsung_controller@ip-172-31-27-70"} 1 1.8877297565822158 0.0 8.647134551660878 1.794616151545364 5.220875351603121 2
stats: {load,"tsung_controller@ip-172-31-27-70"} 1 0.0 0.0 0.01171875 0.0 0.01171875 2
stats: {freemem,"tsung_controller@ip-172-31-27-70"} 1 733.14453125 0.0 738.97265625 733.14453125 736.14453125 2
stats: session 168 979.9051666666668 930.6420255001168 5101.7 287.698 877.5770575539569 278
stats: users_count 176 465
stats: finish_users_count 168 446
stats: connect 174 2.810339080459769 6.235223918678376 34.524 0.687 1.9456302816901403 284
stats: request 901 59.21302219755823 90.93921701666672 480.045 3.331 54.81396247654787 1599
stats: tr_create_post_comment 27 63.709703703703696 37.9186960422143 252.772 44.508 57.239956521739124 69
stats: page 456 117.60682894736834 129.00732792112214 515.529 3.744 118.21326621621623 740
stats: 302 388 1122
stats: 200 459 1227
stats: size_rcv 10596880 27570296
stats: 422 54 151
stats: size_sent 506935 1426589
stats: connected 9 19
# stats: dump at 1575448326
stats: users 24 28
stats: {recvpackets,"tsung_controller@ip-172-31-27-70"} 1 9352.0 0.0 9352 6970 7413.0 2
stats: {sentpackets,"tsung_controller@ip-172-31-27-70"} 1 5819.0 0.0 5819 4408 4714.0 2
stats: {cpu,"tsung_controller@ip-172-31-27-70"} 1 2.2443890274314215 0.0 8.647134551660878 1.794616151545364 4.109826819929486 3
stats: {load,"tsung_controller@ip-172-31-27-70"} 1 0.0 0.0 0.01171875 0.0 0.0078125 3
stats: {freemem,"tsung_controller@ip-172-31-27-70"} 1 730.203125 0.0 738.97265625 730.203125 735.14453125 3
stats: session 169 996.0409704142008 879.8761907888485 5101.7 287.698 916.1221748878925 446
stats: users_count 174 639
stats: finish_users_count 169 615
stats: request 990 57.55191212121219 88.18521242207576 480.045 3.331 56.3993836 2500
stats: 302 488 1610
stats: connect 167 17.6234011976048 41.27158162882093 185.278 0.686 2.2741441048034923 458
stats: page 463 123.15347516198702 124.46698257069501 515.529 3.744 117.98204933110364 1196
stats: tr_create_post_comment 48 62.72589583333336 34.05069275864026 291.377 42.24 59.05957291666666 96
stats: 200 455 1682
stats: size_rcv 10828668 38398964
stats: 422 47 198
stats: size_sent 569079 1995668
stats: connected -3 16
# stats: dump at 1575448336
stats: users 10 30
stats: {recvpackets,"tsung_controller@ip-172-31-27-70"} 1 8723.0 0.0 9352 6970 8059.333333333333 3
stats: {sentpackets,"tsung_controller@ip-172-31-27-70"} 1 5429.0 0.0 5819 4408 5082.333333333333 3
stats: {cpu,"tsung_controller@ip-172-31-27-70"} 1 2.617283950617284 0.0 8.647134551660878 1.794616151545364 3.64346737180497 4
stats: {load,"tsung_controller@ip-172-31-27-70"} 1 0.0 0.0 0.01171875 0.0 0.005859375 4
stats: {freemem,"tsung_controller@ip-172-31-27-70"} 1 727.4296875 0.0 738.97265625 727.4296875 733.9091796875 4
stats: session 168 1048.790029761905 985.6291390772069 5885.17 287.698 938.0835999999999 615
stats: users_count 154 793
stats: finish_users_count 168 783
stats: request 953 55.13731794333689 87.3330844668495 480.045 3.331 56.726318624641856 3490
stats: page 445 118.05176179775295 127.43031312363713 515.529 3.744 119.42531042796863 1659
stats: connect 167 1.9481497005988018 3.364368627101801 185.278 0.663 6.375465600000002 625
stats: tr_create_post_comment 39 65.21330769230771 37.74601382055094 293.643 42.24 60.28168055555555 144
stats: 302 438 2048
stats: 200 458 2140
stats: size_rcv 10136464 48535428
stats: 422 57 255
stats: size_sent 550512 2546180
stats: connected -3 13
# stats: dump at 1575448346
stats: users 10 30
stats: {recvpackets,"tsung_controller@ip-172-31-27-70"} 1 7382.0 0.0 9352 6970 8225.25 4
stats: {sentpackets,"tsung_controller@ip-172-31-27-70"} 1 4691.0 0.0 5819 4408 5169.0 4
stats: {cpu,"tsung_controller@ip-172-31-27-70"} 1 2.976190476190476 0.0 8.647134551660878 1.794616151545364 3.438230687567433 5
stats: {load,"tsung_controller@ip-172-31-27-70"} 1 0.1484375 0.0 0.1484375 0.0 0.0046875 5
stats: {freemem,"tsung_controller@ip-172-31-27-70"} 1 727.2421875 0.0 738.97265625 727.2421875 732.61328125 5
stats: session 149 962.4755973154361 924.5365376996612 5885.17 287.698 961.8367037037038 783
stats: users_count 149 942
stats: finish_users_count 149 932
stats: connect 146 2.0060000000000007 4.103541178723499 185.278 0.663 5.441928030303032 792
stats: tr_create_post_comment 36 59.03419444444445 7.720683122551918 293.643 42.24 61.3326830601093 183
stats: request 842 55.64233135391924 88.05813757426486 480.045 3.331 56.38548638307453 4443
stats: page 392 119.78913775510208 127.51099554404739 515.529 3.672 119.13480228136882 2104
stats: 302 386 2434
stats: 200 406 2546
stats: size_rcv 8986968 57522396
stats: 422 50 305
stats: size_sent 481228 3027408
stats: connected -1 12
# stats: dump at 1575448356
stats: users 21 33
stats: {recvpackets,"tsung_controller@ip-172-31-27-70"} 1 7650.0 0.0 9352 6970 8056.6 5
stats: {sentpackets,"tsung_controller@ip-172-31-27-70"} 1 4811.0 0.0 5819 4408 5073.4 5
stats: {cpu,"tsung_controller@ip-172-31-27-70"} 1 3.8366945400885393 0.0 8.647134551660878 1.794616151545364 3.3612239856712733 6
stats: {load,"tsung_controller@ip-172-31-27-70"} 1 0.12890625 0.0 0.1484375 0.0 0.028645833333333332 6
stats: {freemem,"tsung_controller@ip-172-31-27-70"} 1 727.14453125 0.0 738.97265625 727.14453125 731.7180989583334 6
stats: session 110 893.957027272727 647.9939156098396 5885.17 287.698 961.9388444206008 932
stats: users_count 121 1063
stats: finish_users_count 110 1042
stats: page 307 116.73710097719861 126.4025495295213 530.12 3.672 119.23756650641026 2496
stats: tr_create_post_comment 37 59.40854054054054 8.92304151149842 293.643 42.24 60.9548493150685 219
stats: 302 336 2770
stats: request 680 52.657064705882355 85.77445399585471 480.045 3.331 56.26708779564808 5285
stats: connect 119 2.807915966386554 4.923475867188453 185.278 0.657 4.907124733475482 938
stats: 200 314 2860
stats: size_rcv 6586609 64109005
stats: 422 30 335
stats: newphase 1 1
stats: size_sent 399154 3426562
stats: connected 11 23
# stats: dump at 1575448366
stats: users 54 57
stats: {recvpackets,"tsung_controller@ip-172-31-27-70"} 1 7018.0 0.0 9352 6970 7988.833333333333 6
stats: {sentpackets,"tsung_controller@ip-172-31-27-70"} 1 4438.0 0.0 5819 4408 5029.666666666667 6
stats: {cpu,"tsung_controller@ip-172-31-27-70"} 1 3.296703296703297 0.0 8.647134551660878 1.794616151545364 3.429148350588026 7
stats: {load,"tsung_controller@ip-172-31-27-70"} 1 0.109375 0.0 0.1484375 0.0 0.04296875 7
stats: {freemem,"tsung_controller@ip-172-31-27-70"} 1 724.18359375 0.0 738.97265625 724.18359375 731.0647321428571 7
stats: session 281 1002.8028362989327 801.8610860238535 5885.17 287.698 954.7622610364683 1042
stats: users_count 314 1377
stats: finish_users_count 281 1323
stats: connect 292 64.85108219178083 504.78269438944574 7062.486 0.654 4.670789971617787 1057
stats: request 1616 68.14497029702957 231.32066813955228 7068.934 3.331 55.855551215423326 5965
stats: page 777 140.76431274131266 328.9157660175238 7068.934 3.672 118.96370174812701 2803
stats: tr_create_post_comment 71 61.29326760563378 29.54303586770493 301.144 42.24 60.731359375000004 256
stats: 302 772 3542
stats: 200 767 3627
stats: size_rcv 18114818 82223823
stats: 422 77 412
stats: newphase 0 1
stats: size_sent 926315 4352877
stats: connected 16 39
# stats: dump at 1575448376
stats: users 41 57
stats: {recvpackets,"tsung_controller@ip-172-31-27-70"} 1 15478.0 0.0 15478 6970 7850.142857142857 7
stats: {sentpackets,"tsung_controller@ip-172-31-27-70"} 1 9838.0 0.0 9838 4408 4945.142857142857 7
stats: {cpu,"tsung_controller@ip-172-31-27-70"} 1 8.613861386138613 0.0 8.647134551660878 1.794616151545364 3.4125927188524345 8
stats: {load,"tsung_controller@ip-172-31-27-70"} 1 0.08984375 0.0 0.1484375 0.0 0.05126953125 8
stats: {freemem,"tsung_controller@ip-172-31-27-70"} 1 710.37890625 0.0 738.97265625 710.37890625 730.20458984375 8
stats: session 308 1312.592094155844 1642.0779557705791 8863.483 287.698 964.9658904006047 1323
stats: users_count 295 1672
stats: finish_users_count 308 1631
stats: request 1793 99.07876742889002 544.4285914275375 7306.213 3.331 58.475218968473804 7581
stats: page 863 206.8806118192354 775.3953371976726 7306.213 3.653 123.69528687150836 3580
stats: connect 314 241.16986942675194 1273.9940864775638 7299.382 0.598 17.69721349147517 1349
stats: tr_create_post_comment 76 66.22410526315791 39.35476935270627 301.144 42.24 60.853363914373084 327
stats: 302 850 4392
stats: 200 851 4478
stats: size_rcv 20306895 102530718
stats: 422 92 504
stats: newphase 0 1
stats: size_sent 1019803 5372680
stats: connected -2 37
# stats: dump at 1575448386
stats: users 36 57
stats: {recvpackets,"tsung_controller@ip-172-31-27-70"} 1 15461.0 0.0 15478 6970 8803.625 8
stats: {sentpackets,"tsung_controller@ip-172-31-27-70"} 1 9716.0 0.0 9838 4408 5556.75 8
stats: {cpu,"tsung_controller@ip-172-31-27-70"} 1 4.317617866004963 0.0 8.647134551660878 1.794616151545364 3.9905114596620104 9
stats: {load,"tsung_controller@ip-172-31-27-70"} 1 0.078125 0.0 0.1484375 0.0 0.05555555555555555 9
stats: {freemem,"tsung_controller@ip-172-31-27-70"} 1 711.94140625 0.0 738.97265625 710.37890625 728.0017361111111 9
stats: session 333 1074.5046846846851 1030.9706613838491 8863.483 287.698 1030.6120404659719 1631
stats: users_count 328 2000
stats: finish_users_count 333 1964
stats: connect 329 14.912981762917928 37.73212144275877 7299.382 0.598 59.89229104028871 1663
stats: page 875 123.31641714285712 128.92289930166902 7306.213 3.653 139.85304861580016 4443
stats: request 1852 58.622607991360574 89.0752762495752 7306.213 3.331 66.24161137187964 9374
stats: tr_create_post_comment 82 60.69886585365855 11.248776236705403 301.144 42.24 61.86620843672457 403
stats: 302 879 5271
stats: 200 872 5350
stats: size_rcv 20072204 122602922
stats: 422 101 605
stats: newphase 0 1
stats: size_sent 1067896 6440576
stats: connected 1 38
# stats: dump at 1575448396
stats: users 25 57
stats: {recvpackets,"tsung_controller@ip-172-31-27-70"} 1 16896.0 0.0 16896 6970 9543.333333333334 9
stats: {sentpackets,"tsung_controller@ip-172-31-27-70"} 1 10390.0 0.0 10390 4408 6018.888888888889 9
stats: {cpu,"tsung_controller@ip-172-31-27-70"} 1 6.46887159533074 0.0 8.647134551660878 1.794616151545364 4.023222100296306 10
stats: {load,"tsung_controller@ip-172-31-27-70"} 1 0.05859375 0.0 0.1484375 0.0 0.0578125 10
stats: {freemem,"tsung_controller@ip-172-31-27-70"} 1 714.50390625 0.0 738.97265625 710.37890625 726.395703125 10
stats: session 287 1026.295149825784 1021.5232303359844 8863.483 287.698 1038.0541232179228 1964
stats: users_count 276 2276
stats: finish_users_count 287 2251
stats: request 1634 55.96936352509182 88.0210437531513 7306.213 3.331 64.98467263495453 11226
stats: connect 278 3.1513812949640285 6.002803301235113 7299.382 0.598 52.46347941767074 1992
stats: page 761 120.93613140604484 129.50748699298805 7306.213 3.653 137.1321850319669 5318
stats: tr_create_post_comment 72 62.44151388888887 30.941301011841144 315.527 42.24 61.66884329896908 485
stats: 302 767 6038
stats: 200 773 6123
stats: size_rcv 17829645 140432567
stats: 422 94 699
stats: newphase 0 1
stats: size_sent 938381 7378957
stats: connected -13 25
# stats: dump at 1575448406
stats: users 35 57
stats: {recvpackets,"tsung_controller@ip-172-31-27-70"} 1 13854.0 0.0 16896 6970 10278.6 10
stats: {sentpackets,"tsung_controller@ip-172-31-27-70"} 1 8751.0 0.0 10390 4408 6456.0 10
stats: {cpu,"tsung_controller@ip-172-31-27-70"} 1 7.139340226489415 0.0 8.647134551660878 1.794616151545364 4.245553872572163 11
stats: {load,"tsung_controller@ip-172-31-27-70"} 1 0.05078125 0.0 0.1484375 0.0 0.05788352272727273 11
stats: {freemem,"tsung_controller@ip-172-31-27-70"} 1 713.88671875 0.0 738.97265625 710.37890625 725.3146306818181 11
stats: session 303 970.1740627062703 944.7649805714249 8863.483 287.698 1036.5548671701467 2251
stats: users_count 313 2589
stats: finish_users_count 303 2554
stats: request 1755 57.269276923076944 90.30919166206758 7306.213 3.331 63.83918157076202 12860
stats: connect 312 2.2596250000000033 4.321647886944745 7299.382 0.598 46.424376651982435 2270
stats: page 825 121.6115224242424 132.53020060940176 7306.213 3.653 135.10468103306468 6079
stats: 302 816 6854
stats: tr_create_post_comment 75 58.72437333333334 11.10481061255086 315.527 42.24 61.76872172351885 557
stats: 200 842 6965
stats: size_rcv 19157672 159590239
stats: 422 99 798
stats: newphase 0 1
stats: size_sent 1008782 8387739
stats: connected 9 34
# stats: dump at 1575448416
stats: users 2 57
stats: {recvpackets,"tsung_controller@ip-172-31-27-70"} 1 16233.0 0.0 16896 6970 10603.636363636364 11
stats: {sentpackets,"tsung_controller@ip-172-31-27-70"} 1 10096.0 0.0 10390 4408 6664.636363636364 11
stats: {cpu,"tsung_controller@ip-172-31-27-70"} 1 6.009852216748769 0.0 8.647134551660878 1.794616151545364 4.486702735398601 12
stats: {load,"tsung_controller@ip-172-31-27-70"} 1 0.0390625 0.0 0.1484375 0.0 0.057291666666666664 12
stats: {freemem,"tsung_controller@ip-172-31-27-70"} 1 714.4765625 0.0 738.97265625 710.37890625 724.3623046875 12
stats: session 214 1072.269672897197 1025.2974838457817 8863.483 287.698 1028.6796190289742 2554
stats: users_count 181 2770
stats: finish_users_count 214 2768
stats: request 1136 55.71995510563382 88.93361363300481 7306.213 3.331 63.05025357509406 14615
stats: connect 188 1.8716489361702129 4.018547406679796 7299.382 0.598 41.087659953524444 2582
stats: tr_create_post_comment 48 66.13149999999999 48.566224970394806 315.527 42.24 61.407446202531645 632
stats: page 538 118.71596282527878 131.4320856686327 7306.213 3.653 133.49230330243338 6904
stats: 302 538 7392
stats: 200 528 7493
stats: size_rcv 12458571 172048810
stats: 422 68 866
stats: newphase 0 1
stats: size_sent 650745 9038484
stats: connected -32 2
# stats: dump at 1575448426
stats: users 59 71
stats: {recvpackets,"tsung_controller@ip-172-31-27-70"} 1 8126.0 0.0 16896 6970 11072.75 12
stats: {sentpackets,"tsung_controller@ip-172-31-27-70"} 1 5113.0 0.0 10390 4408 6950.583333333333 12
stats: {cpu,"tsung_controller@ip-172-31-27-70"} 1 2.3856858846918487 0.0 8.647134551660878 1.794616151545364 4.603868080117844 13
stats: {load,"tsung_controller@ip-172-31-27-70"} 1 0.0390625 0.0 0.1484375 0.0 0.05588942307692308 13
stats: {freemem,"tsung_controller@ip-172-31-27-70"} 1 716.26171875 0.0 738.97265625 710.37890625 723.6018629807693 13
stats: session 183 807.0022513661203 831.2307426650684 8863.483 287.698 1032.0496593208093 2768
stats: users_count 240 3010
stats: finish_users_count 183 2951
stats: request 1113 62.7100521114107 94.00103088995692 7306.213 3.331 62.52157482064629 15751
stats: connect 225 2.230631111111111 4.361713514654645 7299.382 0.479 38.42606787003614 2770
stats: page 556 125.05119064748186 135.82045807573505 7306.213 3.653 132.4240862671325 7442
stats: tr_create_post_comment 38 71.86855263157891 53.63332185100551 315.527 42.24 61.74090882352941 680
stats: 302 486 7878
stats: 200 567 8060
stats: size_rcv 13419122 185467932
stats: 422 61 927
stats: newphase 1 2
stats: size_sent 623772 9662256
stats: connected 48 50
# stats: dump at 1575448436
stats: users 55 73
stats: {recvpackets,"tsung_controller@ip-172-31-27-70"} 1 14157.0 0.0 16896 6970 10846.076923076924 13
stats: {sentpackets,"tsung_controller@ip-172-31-27-70"} 1 8692.0 0.0 10390 4408 6809.2307692307695 13
stats: {cpu,"tsung_controller@ip-172-31-27-70"} 1 4.6476761619190405 0.0 8.647134551660878 1.794616151545364 4.445426494730273 14
stats: {load,"tsung_controller@ip-172-31-27-70"} 1 0.03125 0.0 0.1484375 0.0 0.0546875 14
stats: {freemem,"tsung_controller@ip-172-31-27-70"} 1 699.9921875 0.0 738.97265625 699.9921875 723.0775669642857 14
stats: session 600 976.0623333333335 818.2135192396473 8863.483 287.698 1018.0938220942054 2951
stats: users_count 596 3606
stats: finish_users_count 600 3551
stats: connect 606 2.8390528052805277 4.701959160574095 7299.382 0.479 35.70687813021707 2995
stats: page 1604 120.36364526184549 131.74671540028547 7306.213 3.516 131.9115418854714 7998
stats: request 3389 57.176853644142845 89.5789761694389 7306.213 3.251 62.534014053605304 16864
stats: tr_create_post_comment 147 61.552850340136054 23.176721421321588 319.092 41.269 62.2769122562674 718
stats: 302 1592 9470
stats: 200 1614 9674
stats: size_rcv 36317616 221785548
stats: 422 183 1110
stats: newphase 0 2
stats: size_sent 1953436 11615692
stats: connected 9 59
# stats: dump at 1575448446
stats: users 57 87
stats: {recvpackets,"tsung_controller@ip-172-31-27-70"} 1 30737.0 0.0 30737 6970 11082.57142857143 14
stats: {sentpackets,"tsung_controller@ip-172-31-27-70"} 1 19187.0 0.0 19187 4408 6943.714285714285 14
stats: {cpu,"tsung_controller@ip-172-31-27-70"} 1 15.396264512872287 0.0 15.396264512872287 1.794616151545364 4.458909805876191 15
stats: {load,"tsung_controller@ip-172-31-27-70"} 1 0.03125 0.0 0.1484375 0.0 0.053125 15
stats: {freemem,"tsung_controller@ip-172-31-27-70"} 1 700.234375 0.0 738.97265625 699.9921875 721.5385416666667 15
stats: session 609 1075.1232183908053 947.9137267028184 8863.483 287.698 1010.9919090397073 3551
stats: users_count 611 4217
stats: finish_users_count 609 4160
stats: request 3485 62.96556901004311 93.29327107495958 7306.213 3.229 61.63758307411248 20253
stats: page 1658 132.8225144752712 138.94579653072412 7306.213 3.516 129.98248271193506 9602
stats: connect 609 13.368238095238107 34.93617456720102 7299.382 0.479 30.175663982227192 3601
stats: tr_create_post_comment 148 66.1354864864865 35.86819099136532 319.092 41.269 62.153863583815024 865
stats: 302 1634 11104
stats: 200 1659 11333
stats: size_rcv 38834728 260620276
stats: 422 191 1301
stats: newphase 0 2
stats: size_sent 1987981 13603673
stats: connected -4 55
# stats: dump at 1575448456
stats: users 61 89
stats: {recvpackets,"tsung_controller@ip-172-31-27-70"} 1 31547.0 0.0 31547 6970 12392.866666666667 15
stats: {sentpackets,"tsung_controller@ip-172-31-27-70"} 1 19381.0 0.0 19381 4408 7759.933333333333 15
stats: {cpu,"tsung_controller@ip-172-31-27-70"} 1 15.6187624750499 0.0 15.6187624750499 1.794616151545364 5.142494475063447 16
stats: {load,"tsung_controller@ip-172-31-27-70"} 1 0.1796875 0.0 0.1796875 0.0 0.0517578125 16
stats: {freemem,"tsung_controller@ip-172-31-27-70"} 1 696.49609375 0.0 738.97265625 696.49609375 720.20703125 16
stats: session 628 1099.9781289808927 976.8972335880954 8863.483 287.698 1020.3803627403847 4160
stats: users_count 632 4849
stats: finish_users_count 628 4788
stats: connect 631 2.3907781299524533 4.5219533510698975 7299.382 0.479 27.74437600950122 4210
stats: request 3615 58.63271092669432 91.47274093177417 7306.213 3.229 61.832546044317134 23738
stats: tr_create_post_comment 166 67.73514457831322 45.01865230894897 319.092 38.661 62.73558144126358 1013
stats: page 1722 122.86997038327532 133.6395954637079 7306.213 3.507 130.40066856127888 11260
stats: 302 1762 12866
stats: 200 1692 13025
stats: size_rcv 39539686 300159962
stats: 422 161 1462
stats: newphase 0 2
stats: size_sent 2081808 15685481
stats: connected 7 62
# stats: dump at 1575448466
stats: users 58 89
stats: {recvpackets,"tsung_controller@ip-172-31-27-70"} 1 31730.0 0.0 31730 6970 13590.0 16
stats: {sentpackets,"tsung_controller@ip-172-31-27-70"} 1 19875.0 0.0 19875 4408 8486.25 16
stats: {cpu,"tsung_controller@ip-172-31-27-70"} 1 16.482412060301506 0.0 16.482412060301506 1.794616151545364 5.75874553388618 17
stats: {load,"tsung_controller@ip-172-31-27-70"} 1 0.1484375 0.0 0.1796875 0.0 0.059283088235294115 17
stats: {freemem,"tsung_controller@ip-172-31-27-70"} 1 700.390625 0.0 738.97265625 696.49609375 718.8122702205883 17
stats: session 617 973.0318444084285 914.8315481033962 9704.621 287.698 1030.8205041771096 4788
stats: users_count 614 5463
stats: finish_users_count 617 5405
stats: request 3561 57.20970513900595 91.29944950784729 7306.213 3.229 61.40965261580083 27353
stats: tr_create_post_comment 166 69.03375301204827 49.215354459227775 319.092 38.661 63.439506361323154 1179
stats: connect 614 2.26821172638437 4.350581336810203 7299.382 0.479 24.4396620532948 4841
stats: page 1654 123.73281438935904 135.38144381031572 7306.213 3.507 129.40175758742876 12982
stats: 302 1698 14564
stats: 200 1672 14697
stats: size_rcv 37614487 337774449
stats: 422 192 1654
stats: newphase 0 2
stats: size_sent 2055760 17741241
stats: connected -6 56
# stats: dump at 1575448476
stats: users 75 89
stats: {recvpackets,"tsung_controller@ip-172-31-27-70"} 1 32218.0 0.0 32218 6970 14657.058823529413 17
stats: {sentpackets,"tsung_controller@ip-172-31-27-70"} 1 20303.0 0.0 20303 4408 9156.176470588236 17
stats: {cpu,"tsung_controller@ip-172-31-27-70"} 1 14.618108244815378 0.0 16.482412060301506 1.794616151545364 6.354504785353699 18
stats: {load,"tsung_controller@ip-172-31-27-70"} 1 0.12890625 0.0 0.1796875 0.0 0.0642361111111111 18
stats: {freemem,"tsung_controller@ip-172-31-27-70"} 1 699.9453125 0.0 738.97265625 696.49609375 717.7888454861111 18
stats: session 621 1061.2268534621567 959.0746874846218 9704.621 287.698 1024.2237228492138 5405
stats: users_count 638 6101
stats: finish_users_count 621 6026
stats: request 3785 56.32331677675046 90.27894016914306 7306.213 3.211 60.925858446011524 30914
stats: connect 643 2.5184167962674975 4.980269958127754 7299.382 0.479 21.944103758020187 5455
stats: page 1736 122.46152822580646 133.3537696976768 7306.213 3.507 128.76111587865535 14636
stats: tr_create_post_comment 199 67.24630653266335 46.01739991531833 326.863 38.661 64.12994869888477 1345
stats: 302 1890 16454
stats: 200 1723 16420
stats: size_rcv 39569785 377344234
stats: 422 171 1825
stats: newphase 0 2
stats: size_sent 2193997 19935238
stats: connected 18 74
# stats: dump at 1575448486
stats: users 0 89
stats: {recvpackets,"tsung_controller@ip-172-31-27-70"} 1 31618.0 0.0 32218 6970 15632.666666666666 18
stats: {sentpackets,"tsung_controller@ip-172-31-27-70"} 1 19987.0 0.0 20303 4408 9775.444444444445 18
stats: {cpu,"tsung_controller@ip-172-31-27-70"} 1 14.661274014155712 0.0 16.482412060301506 1.794616151545364 6.789431283220103 19
stats: {load,"tsung_controller@ip-172-31-27-70"} 1 0.109375 0.0 0.1796875 0.0 0.06763980263157894 19
stats: {freemem,"tsung_controller@ip-172-31-27-70"} 1 692.1015625 0.0 738.97265625 692.1015625 716.8497121710526 19
stats: session 490 1140.2198612244897 1024.6168692594745 9704.621 287.698 1028.0370225688682 6026
stats: users_count 415 6516
stats: finish_users_count 490 6516
stats: request 2653 55.38671428571415 88.9860716528891 7306.213 3.211 60.42380881293411 34699
stats: connect 418 2.3478899521531114 4.2756089856786215 7299.382 0.479 19.895773696293887 6098
stats: page 1225 120.87379346938746 132.82345042233808 7306.213 3.507 128.09314103347177 16372
stats: tr_create_post_comment 133 62.74294736842108 37.01911169533266 326.863 38.661 64.53160362694302 1544
stats: 302 1335 17789
stats: 200 1192 17612
stats: size_rcv 27896686 405240920
stats: 422 126 1951
stats: newphase 0 2
stats: size_sent 1541900 21477138
stats: connected -74 0
# stats: dump at 1575448496
stats: users 208 249
stats: {recvpackets,"tsung_controller@ip-172-31-27-70"} 1 19454.0 0.0 32218 6970 16474.0 19
stats: {sentpackets,"tsung_controller@ip-172-31-27-70"} 1 12382.0 0.0 20303 4408 10312.894736842105 19
stats: {cpu,"tsung_controller@ip-172-31-27-70"} 1 10.225563909774436 0.0 16.482412060301506 1.794616151545364 7.183023419766883 20
stats: {load,"tsung_controller@ip-172-31-27-70"} 1 0.08984375 0.0 0.1796875 0.0 0.06972656249999999 20
stats: {freemem,"tsung_controller@ip-172-31-27-70"} 1 700.28515625 0.0 738.97265625 692.1015625 715.6123046875 20
stats: session 827 1467.553608222491 1028.1250750240633 9704.621 287.698 1036.4731169429099 6516
stats: users_count 1035 7551
stats: finish_users_count 827 7343
stats: connect 1032 2.4561036821705446 4.500865674260719 7299.382 0.479 18.7700807243708 6516
stats: request 5251 155.84721767282443 215.7317555414961 7306.213 3.211 60.06603916791605 37352
stats: page 2521 315.25004403014634 406.4462692516636 7306.213 3.507 127.59057237029035 17597
stats: 302 2418 20207
stats: tr_create_post_comment 207 520.2108019323673 513.3242240268877 3107.467 38.661 64.38974836016699 1677
stats: 200 2568 20180
stats: size_rcv 57418290 462659210
stats: 422 267 2218
stats: newphase 1 3
stats: size_sent 3031601 24508739
stats: connected 206 206
# stats: dump at 1575448506
stats: users 234 303
stats: {recvpackets,"tsung_controller@ip-172-31-27-70"} 1 55726.0 0.0 55726 6970 16623.0 20
stats: {sentpackets,"tsung_controller@ip-172-31-27-70"} 1 33514.0 0.0 33514 4408 10416.35 20
stats: {cpu,"tsung_controller@ip-172-31-27-70"} 1 24.716786817713697 0.0 24.716786817713697 1.794616151545364 7.327906300243434 21
stats: {load,"tsung_controller@ip-172-31-27-70"} 1 0.078125 0.0 0.1796875 0.0 0.0706845238095238 21
stats: {freemem,"tsung_controller@ip-172-31-27-70"} 1 633.02734375 0.0 738.97265625 633.02734375 714.8824404761905 21
stats: session 1147 2125.9222615518725 1226.889956974128 9704.621 287.698 1085.0232417268148 7343
stats: users_count 1173 8724
stats: finish_users_count 1147 8490
stats: request 6314 248.48467389927097 304.66889611795074 7306.213 3.211 71.87147466140885 42603
stats: connect 1114 18.76428545780969 43.33316709929793 7299.382 0.479 16.539552861685234 7548
stats: page 3014 515.7407929661574 572.7873176406831 7306.213 3.507 151.10630594492483 20118
stats: tr_create_post_comment 276 852.4796630434785 577.7326619957365 3118.605 38.661 114.47199787685778 1884
stats: 302 3005 23212
stats: 200 3000 23180
stats: size_rcv 68729421 531388631
stats: 422 307 2525
stats: newphase 0 3
stats: size_sent 3619507 28128246
stats: connected 21 227
# stats: dump at 1575448516
stats: users 278 352
stats: {recvpackets,"tsung_controller@ip-172-31-27-70"} 1 62128.0 0.0 62128 6970 18485.04761904762 21
stats: {sentpackets,"tsung_controller@ip-172-31-27-70"} 1 35471.0 0.0 35471 4408 11516.238095238095 21
stats: {cpu,"tsung_controller@ip-172-31-27-70"} 1 26.961271102284012 0.0 26.961271102284012 1.794616151545364 8.118309960128444 22
stats: {load,"tsung_controller@ip-172-31-27-70"} 1 0.23046875 0.0 0.23046875 0.0 0.07102272727272727 22
stats: {freemem,"tsung_controller@ip-172-31-27-70"} 1 613.203125 0.0 738.97265625 613.203125 711.1617542613636 22
stats: session 1167 2393.259962296494 1286.3867540247286 9704.621 287.698 1225.6488219081273 8490
stats: users_count 1211 9935
stats: finish_users_count 1167 9657
stats: connect 1216 2.897677631578943 5.483315429857691 7299.382 0.479 16.82567063033943 8662
stats: request 6794 304.6052584633506 354.9483829284013 7306.213 3.211 94.66796136312526 48917
stats: page 3201 640.9199731333927 714.7399972363111 7306.213 3.507 198.61660958844874 23132
stats: tr_create_post_comment 290 1296.7182999999986 718.4952280972554 3611.378 38.661 208.77297731481485 2160
stats: 302 3193 26405
stats: 200 3233 26413
stats: size_rcv 71954342 603342973
stats: 422 370 2895
stats: newphase 0 3
stats: size_sent 3913481 32041727
stats: connected 42 269
# stats: dump at 1575448526
stats: users 412 413
stats: {recvpackets,"tsung_controller@ip-172-31-27-70"} 1 63078.0 0.0 63078 6970 20468.81818181818 22
stats: {sentpackets,"tsung_controller@ip-172-31-27-70"} 1 37179.0 0.0 37179 4408 12605.09090909091 22
stats: {cpu,"tsung_controller@ip-172-31-27-70"} 1 28.68217054263566 0.0 28.68217054263566 1.794616151545364 8.937569140222164 23
stats: {load,"tsung_controller@ip-172-31-27-70"} 1 0.33984375 0.0 0.33984375 0.0 0.07795516304347826 23
stats: {freemem,"tsung_controller@ip-172-31-27-70"} 1 603.91796875 0.0 738.97265625 603.91796875 706.902683423913 23
stats: session 1114 2757.8589299820487 1406.047988360603 9726.715 287.698 1366.7487702184953 9657
stats: users_count 1248 11183
stats: finish_users_count 1114 10771
stats: request 6713 353.265269775065 398.1839737835249 7306.213 3.211 120.26997885516329 55711
stats: connect 1241 2.6468646253021797 5.362161890470194 7299.382 0.479 15.111109030168066 9878
stats: page 3198 716.0425071919948 808.9238638623401 7306.213 3.507 252.38234333345937 26333
stats: tr_create_post_comment 280 1553.8841678571418 815.9509442564922 4436.271 38.661 337.55017877551006 2450
stats: 302 3171 29576
stats: 200 3219 29632
stats: size_rcv 72507072 675850045
stats: 422 323 3218
stats: newphase 0 3
stats: size_sent 3902103 35943830
stats: connected 125 394
# stats: dump at 1575448536
stats: users 462 499
stats: {recvpackets,"tsung_controller@ip-172-31-27-70"} 1 62097.0 0.0 63078 6970 22321.391304347824 23
stats: {sentpackets,"tsung_controller@ip-172-31-27-70"} 1 36453.0 0.0 37179 4408 13673.521739130434 23
stats: {cpu,"tsung_controller@ip-172-31-27-70"} 1 27.944214876033058 0.0 28.68217054263566 1.794616151545364 9.760260865322728 24
stats: {load,"tsung_controller@ip-172-31-27-70"} 1 0.359375 0.0 0.359375 0.0 0.0888671875 24
stats: {freemem,"tsung_controller@ip-172-31-27-70"} 1 579.984375 0.0 738.97265625 579.984375 702.6116536458334 24
stats: session 1143 3718.6295205599317 1745.447544154985 12433.083 287.698 1510.6255428465333 10771
stats: users_count 1193 12376
stats: finish_users_count 1143 11914
stats: request 6624 555.9442013888892 605.499822275579 7306.213 3.211 145.32600519031163 62424
stats: connect 1212 2.6751138613861394 4.8508331830257605 7299.382 0.479 13.719965284647913 11119
stats: page 3153 1109.9949222962223 1268.4143169628328 7341.756 3.507 302.5934843046285 29531
stats: 302 3096 32672
stats: tr_create_post_comment 259 2879.805146718148 1290.590990734492 6702.741 38.661 462.3023827838826 2730
stats: 200 3190 32822
stats: size_rcv 71510198 747360243
stats: 422 339 3557
stats: newphase 0 3
stats: size_sent 3831891 39775721
stats: connected 85 479
# stats: dump at 1575448546
stats: users 482 503
stats: {recvpackets,"tsung_controller@ip-172-31-27-70"} 1 63378.0 0.0 63378 6970 23978.708333333332 24
stats: {sentpackets,"tsung_controller@ip-172-31-27-70"} 1 36919.0 0.0 37179 4408 14622.666666666666 24
stats: {cpu,"tsung_controller@ip-172-31-27-70"} 1 28.37209302325581 0.0 28.68217054263566 1.794616151545364 10.487619025751142 25
stats: {load,"tsung_controller@ip-172-31-27-70"} 1 0.5390625 0.0 0.5390625 0.0 0.0996875 25
stats: {freemem,"tsung_controller@ip-172-31-27-70"} 1 556.7890625 0.0 738.97265625 556.7890625 697.7065625 25
stats: session 1171 3893.3387455166494 1960.162005055972 12433.083 287.698 1722.456040288737 11914
stats: users_count 1191 13567
stats: finish_users_count 1171 13085
stats: request 6841 558.2271572869479 647.348016983802 7306.213 3.211 184.71794893407508 69048
stats: page 3225 1203.3645612403127 1397.114830692051 7341.756 3.507 380.482871588544 32684
stats: connect 1181 2.3721541066892446 4.437256136620369 7299.382 0.479 12.634379369069837 12331
stats: tr_create_post_comment 308 2995.2984188311666 1510.7158476735817 7248.35 38.661 671.7815449983271 2989
stats: 302 3258 35930
stats: 200 3226 36048
stats: size_rcv 73661746 821021989
stats: 422 358 3915
stats: newphase 0 3
stats: size_sent 3922142 43697863
stats: connected -17 462
# stats: dump at 1575448556
stats: users 0 503
stats: {recvpackets,"tsung_controller@ip-172-31-27-70"} 1 63637.0 0.0 63637 6970 25554.68 25
stats: {sentpackets,"tsung_controller@ip-172-31-27-70"} 1 37367.0 0.0 37367 4408 15514.52 25
stats: {cpu,"tsung_controller@ip-172-31-27-70"} 1 28.696098562628336 0.0 28.696098562628336 1.794616151545364 11.175483410270552 26
stats: {load,"tsung_controller@ip-172-31-27-70"} 1 0.44921875 0.0 0.5390625 0.0 0.11658653846153846 26
stats: {freemem,"tsung_controller@ip-172-31-27-70"} 1 550.94140625 0.0 738.97265625 550.94140625 692.2866586538462 26
stats: session 648 3755.0560679012387 1972.681983658477 12481.943 287.698 1916.7322074894926 13085
stats: users_count 166 13733
stats: finish_users_count 648 13733
stats: connect 221 2.4064162895927614 4.520782052885253 7299.382 0.479 11.73742199526348 13512
stats: request 2753 475.052802760625 659.81201959785 7306.213 3.211 218.38786808364884 75889
stats: page 1206 1301.8980132669942 1379.5080161912797 7689.299 3.507 454.38616739535996 35909
stats: tr_create_post_comment 216 2122.573976851851 1766.7657263285828 7689.463 38.661 888.8404461631785 3297
stats: 302 1504 37434
stats: 200 1076 37124
stats: size_rcv 26156488 847178477
stats: 422 169 4084
stats: newphase 0 3
stats: size_sent 1509908 45207771
stats: connected -462 0
# stats: dump at 1575448557
stats: users 0 503
stats: {recvpackets,"tsung_controller@ip-172-31-27-70"} 1 12844.0 0.0 63637 6970 27019.384615384617 26
stats: {sentpackets,"tsung_controller@ip-172-31-27-70"} 1 7469.0 0.0 37367 4408 16355.0 26
stats: {cpu,"tsung_controller@ip-172-31-27-70"} 1 7.08936595107339 0.0 28.696098562628336 1.794616151545364 11.824395082580098 27
stats: {load,"tsung_controller@ip-172-31-27-70"} 1 0.37890625 0.0 0.5390625 0.0 0.12890625 27
stats: {freemem,"tsung_controller@ip-172-31-27-70"} 1 644.140625 0.0 738.97265625 550.94140625 687.0516493055555 27
stats: session 0 0 0 12481.943 287.698 2003.4746426126856 13733
stats: users_count 0 13733
stats: finish_users_count 0 13733
stats: request 0 0 0 7306.213 3.211 227.37287056534709 78642
stats: connect 0 0 0 7299.382 0.479 11.587261632563909 13733
stats: page 0 0 0 7689.299 3.507 481.9248791324256 37115
stats: tr_create_post_comment 0 0 0 7689.463 38.661 964.6976743524051 3513
stats: 302 0 37434
stats: 200 0 37124
stats: size_rcv 0 847178477
stats: 422 0 4084
stats: newphase 0 3
stats: size_sent 0 45207771
stats: connected 0 0
EndMonitor:{1575,448557,861652}