# stats: dump at 1575447046
stats: users 10 18
stats: {cpu,"tsung_controller@ip-172-31-27-70"} 1 10.129667914846266 0 10.129667914846266 10.129667914846266 0 0
stats: {load,"tsung_controller@ip-172-31-27-70"} 1 0.25 0 0.25 0.25 0 0
stats: {freemem,"tsung_controller@ip-172-31-27-70"} 1 741.828125 0 741.828125 741.828125 0 0
stats: session 95 951.9653157894738 907.9973531828019 5451.402 291.188 0 0
stats: users_count 105 105
stats: finish_users_count 95 95
stats: request 551 55.105348457350246 87.96333592566153 257.521 3.921 0 0
stats: page 256 118.67468749999999 127.95550342240861 322.162 3.921 0 0
stats: connect 101 2.098247524752476 3.9611087791821227 33.154 0.741 0 0
stats: 302 248 248
stats: tr_create_post_comment 23 60.4428695652174 9.507035821612412 95.703 48.609 0 0
stats: 200 270 270
stats: size_rcv 5446044 5446044
stats: 422 33 33
stats: size_sent 316601 316601
stats: connected 11 11
# stats: dump at 1575447056
stats: users 17 23
stats: {recvpackets,"tsung_controller@ip-172-31-27-70"} 1 5260 0 5260 5260 0 0
stats: {sentpackets,"tsung_controller@ip-172-31-27-70"} 1 3332 0 3332 3332 0 0
stats: {cpu,"tsung_controller@ip-172-31-27-70"} 1 3.449975357318876 0.0 10.129667914846266 3.449975357318876 10.129667914846266 1
stats: {load,"tsung_controller@ip-172-31-27-70"} 1 0.2109375 0.0 0.25 0.2109375 0.25 1
stats: {freemem,"tsung_controller@ip-172-31-27-70"} 1 736.5234375 0.0 741.828125 736.5234375 741.828125 1
stats: session 131 1026.3506717557254 957.7775382372268 6179.122 291.188 951.9653157894738 95
stats: users_count 138 243
stats: finish_users_count 131 226
stats: request 750 55.97145466666671 88.41917016946014 267.442 3.421 55.105348457350246 551
stats: connect 136 2.1649191176470595 4.64850294853899 33.607 0.716 2.098247524752476 101
stats: page 358 117.3774329608939 127.77543299915911 509.679 3.921 118.67468749999999 256
stats: tr_create_post_comment 31 59.08925806451614 9.577960921682322 95.703 47.421 60.4428695652174 23
stats: 302 345 593
stats: 200 366 636
stats: size_rcv 7576908 13022952
stats: 422 39 72
stats: size_sent 429492 746093
stats: connected 8 19
# stats: dump at 1575447066
stats: users 17 25
stats: {recvpackets,"tsung_controller@ip-172-31-27-70"} 1 6592.0 0.0 6592 5260 5260.0 1
stats: {sentpackets,"tsung_controller@ip-172-31-27-70"} 1 4222.0 0.0 4222 3332 3332.0 1
stats: {cpu,"tsung_controller@ip-172-31-27-70"} 1 2.3175542406311638 0.0 10.129667914846266 2.3175542406311638 6.789821636082571 2
stats: {load,"tsung_controller@ip-172-31-27-70"} 1 0.1796875 0.0 0.25 0.1796875 0.23046875 2
stats: {freemem,"tsung_controller@ip-172-31-27-70"} 1 736.046875 0.0 741.828125 736.046875 739.17578125 2
stats: session 138 1174.6617898550733 992.4929816907215 6179.122 291.188 995.0824911504427 226
stats: users_count 138 381
stats: finish_users_count 138 364
stats: request 802 56.40583042394011 87.62074865987437 268.737 3.421 55.60464104534974 1301
stats: connect 136 14.001536764705884 36.96569743872014 198.659 0.716 2.136506329113925 237
stats: page 381 118.62886614173233 124.42371061745715 509.679 3.921 117.91830781758961 614
stats: tr_create_post_comment 36 58.7948611111111 5.7314933682863 95.703 47.421 59.66579629629631 54
stats: 302 395 988
stats: 200 372 1008
stats: size_rcv 8258826 21281778
stats: 422 35 107
stats: size_sent 462832 1208925
stats: connected -5 14
# stats: dump at 1575447076
stats: users 13 25
stats: {recvpackets,"tsung_controller@ip-172-31-27-70"} 1 6907.0 0.0 6907 5260 5926.0 2
stats: {sentpackets,"tsung_controller@ip-172-31-27-70"} 1 4390.0 0.0 4390 3332 3777.0 2
stats: {cpu,"tsung_controller@ip-172-31-27-70"} 1 3.2003938946331854 0.0 10.129667914846266 2.3175542406311638 5.299065837598769 3
stats: {load,"tsung_controller@ip-172-31-27-70"} 1 0.1484375 0.0 0.25 0.1484375 0.21354166666666666 3
stats: {freemem,"tsung_controller@ip-172-31-27-70"} 1 734.96484375 0.0 741.828125 734.96484375 738.1328125 3
stats: session 167 959.3067844311378 927.6726852743618 6179.122 286.945 1063.1647527472533 364
stats: users_count 163 544
stats: finish_users_count 167 531
stats: request 960 54.24791249999996 87.30799581964041 284.937 3.421 55.910182596291 2103
stats: connect 163 1.904527607361963 3.3995314569126225 198.659 0.716 6.462630026809653 373
stats: page 441 118.36778004535135 128.75111956354186 513.343 3.921 118.19039095477392 995
stats: tr_create_post_comment 45 59.7834222222222 7.212086434093777 95.703 47.352 59.31742222222223 90
stats: 302 452 1440
stats: 200 452 1460
stats: size_rcv 9233224 30515002
stats: 422 56 163
stats: size_sent 553838 1762763
stats: connected -7 7
# stats: dump at 1575447086
stats: users 12 29
stats: {recvpackets,"tsung_controller@ip-172-31-27-70"} 1 8544.0 0.0 8544 5260 6253.0 3
stats: {sentpackets,"tsung_controller@ip-172-31-27-70"} 1 5459.0 0.0 5459 3332 3981.3333333333335 3
stats: {cpu,"tsung_controller@ip-172-31-27-70"} 1 2.131879028259792 0.0 10.129667914846266 2.131879028259792 4.774397851857373 4
stats: {load,"tsung_controller@ip-172-31-27-70"} 1 0.12890625 0.0 0.25 0.12890625 0.197265625 4
stats: {freemem,"tsung_controller@ip-172-31-27-70"} 1 731.890625 0.0 741.828125 731.890625 737.3408203125 4
stats: session 161 1013.4674968944099 966.8439925956192 6179.122 286.945 1030.5013239171378 531
stats: users_count 160 704
stats: finish_users_count 161 692
stats: request 928 54.33511853448279 87.81084605053611 284.937 3.421 55.3891968658178 3063
stats: connect 161 2.197080745341615 4.845960165452993 198.659 0.716 5.076490671641793 536
stats: page 426 117.83333568075109 128.12084443436643 540.938 3.921 118.24486768802228 1436
stats: tr_create_post_comment 43 69.8102558139535 50.621638216530066 301.023 47.352 59.47275555555555 135
stats: 302 439 1879
stats: 200 439 1899
stats: size_rcv 9034408 39549410
stats: 422 50 213
stats: size_sent 538110 2300873
stats: connected 4 11
# stats: dump at 1575447096
stats: users 10 29
stats: {recvpackets,"tsung_controller@ip-172-31-27-70"} 1 7255.0 0.0 8544 5260 6825.75 4
stats: {sentpackets,"tsung_controller@ip-172-31-27-70"} 1 4718.0 0.0 5459 3332 4350.75 4
stats: {cpu,"tsung_controller@ip-172-31-27-70"} 1 2.274975272007913 0.0 10.129667914846266 2.131879028259792 4.245894087137857 5
stats: {load,"tsung_controller@ip-172-31-27-70"} 1 0.109375 0.0 0.25 0.109375 0.18359375 5
stats: {freemem,"tsung_controller@ip-172-31-27-70"} 1 732.3203125 0.0 741.828125 731.890625 736.25078125 5
stats: session 143 930.3316433566437 816.0619650406662 6179.122 286.945 1026.538251445087 692
stats: users_count 141 845
stats: finish_users_count 143 835
stats: request 816 55.01534068627452 87.79598730970231 284.937 3.402 55.144099223252304 3991
stats: connect 143 2.8403216783216774 6.31295816488815 198.659 0.694 4.411375896700145 697
stats: page 383 118.03040469973894 127.45247258095114 540.938 3.855 118.15071482277119 1862
stats: tr_create_post_comment 35 59.898685714285705 6.454011969405115 301.023 45.153 61.970016853932584 178
stats: 302 378 2257
stats: 200 391 2290
stats: size_rcv 8458755 48008165
stats: 422 47 260
stats: size_sent 466641 2767514
stats: connected 1 12
# stats: dump at 1575447106
stats: users 26 41
stats: {recvpackets,"tsung_controller@ip-172-31-27-70"} 1 6685.0 0.0 8544 5260 6911.6 5
stats: {sentpackets,"tsung_controller@ip-172-31-27-70"} 1 4336.0 0.0 5459 3332 4424.2 5
stats: {cpu,"tsung_controller@ip-172-31-27-70"} 1 2.1706956092747904 0.0 10.129667914846266 2.131879028259792 3.9174076179495327 6
stats: {load,"tsung_controller@ip-172-31-27-70"} 1 0.08984375 0.0 0.25 0.08984375 0.17122395833333334 6
stats: {freemem,"tsung_controller@ip-172-31-27-70"} 1 732.328125 0.0 741.828125 731.890625 735.595703125 6
stats: session 118 837.5510593220342 675.7121653361181 6179.122 286.945 1010.0621497005992 835
stats: users_count 134 979
stats: finish_users_count 118 953
stats: request 706 56.82359915014167 89.70972927253962 284.937 3.402 55.12224214686914 4807
stats: connect 131 1.2750763358778627 1.183154624046173 198.659 0.694 4.14392261904762 840
stats: page 336 119.4774077380952 130.50311527146377 540.938 3.855 118.13018975501112 2245
stats: tr_create_post_comment 30 68.36173333333335 46.69251831284704 316.166 45.153 61.6296572769953 213
stats: 302 325 2582
stats: 200 341 2631
stats: size_rcv 7600307 55608472
stats: 422 40 300
stats: newphase 1 1
stats: size_sent 401936 3169450
stats: connected 14 26
# stats: dump at 1575447116
stats: users 21 43
stats: {recvpackets,"tsung_controller@ip-172-31-27-70"} 1 7.2e3 0.0 8544 5260 6873.833333333333 6
stats: {sentpackets,"tsung_controller@ip-172-31-27-70"} 1 4607.0 0.0 5459 3332 4409.5 6
stats: {cpu,"tsung_controller@ip-172-31-27-70"} 1 2.035749751737835 0.0 10.129667914846266 2.035749751737835 3.6678773309959984 7
stats: {load,"tsung_controller@ip-172-31-27-70"} 1 0.16015625 0.0 0.25 0.08984375 0.15959821428571427 7
stats: {freemem,"tsung_controller@ip-172-31-27-70"} 1 731.49609375 0.0 741.828125 731.49609375 735.12890625 7
stats: session 281 1020.2443096085411 989.771281567087 6179.122 286.945 988.7019097586573 953
stats: users_count 276 1255
stats: finish_users_count 281 1234
stats: connect 281 1.9408149466192193 4.0282991255316185 198.659 0.622 3.7568795056642643 971
stats: request 1572 56.7195298982188 90.63154224035286 601.807 3.22 55.34011953564302 5513
stats: page 751 118.49946071904138 132.01244076547601 652.21 3.839 118.30557342115456 2581
stats: tr_create_post_comment 65 76.61095384615383 85.03341897692674 652.283 40.784 62.46077777777778 243
stats: 302 732 3314
stats: 200 755 3386
stats: size_rcv 15860605 71469077
stats: 422 85 385
stats: newphase 0 1
stats: size_sent 902838 4072288
stats: connected 0 26
# stats: dump at 1575447126
stats: users 29 48
stats: {recvpackets,"tsung_controller@ip-172-31-27-70"} 1 13097.0 0.0 13097 5260 6920.428571428572 7
stats: {sentpackets,"tsung_controller@ip-172-31-27-70"} 1 8437.0 0.0 8437 3332 4437.714285714285 7
stats: {cpu,"tsung_controller@ip-172-31-27-70"} 1 3.6013813517513564 0.0 10.129667914846266 2.035749751737835 3.463861383588728 8
stats: {load,"tsung_controller@ip-172-31-27-70"} 1 0.12890625 0.0 0.25 0.08984375 0.15966796875 8
stats: {freemem,"tsung_controller@ip-172-31-27-70"} 1 726.875 0.0 741.828125 726.875 734.6748046875 8
stats: session 309 1007.1391650485436 900.9937812911845 6179.122 286.261 995.884579416532 1234
stats: users_count 317 1572
stats: finish_users_count 309 1543
stats: request 1835 58.04439346049058 89.04232539479919 601.807 3.22 55.64617925194071 7085
stats: 302 867 4181
stats: connect 309 14.497103559870542 38.50348540204874 204.08 0.622 3.3492803514377005 1252
stats: page 835 127.89206706586826 130.73127722964267 652.21 3.222 118.3492737094838 3332
stats: tr_create_post_comment 85 67.1748 38.84059123854836 652.283 40.784 65.44701623376623 308
stats: 200 864 4250
stats: size_rcv 18000761 89469838
stats: 422 104 489
stats: newphase 0 1
stats: size_sent 1060599 5132887
stats: connected -4 22
# stats: dump at 1575447136
stats: users 39 52
stats: {recvpackets,"tsung_controller@ip-172-31-27-70"} 1 14864.0 0.0 14864 5260 7692.5 8
stats: {sentpackets,"tsung_controller@ip-172-31-27-70"} 1 9515.0 0.0 9515 3332 4937.625 8
stats: {cpu,"tsung_controller@ip-172-31-27-70"} 1 6.280667320902846 0.0 10.129667914846266 2.035749751737835 3.4791413800512423 9
stats: {load,"tsung_controller@ip-172-31-27-70"} 1 0.109375 0.0 0.25 0.08984375 0.15625 9
stats: {freemem,"tsung_controller@ip-172-31-27-70"} 1 721.30859375 0.0 741.828125 721.30859375 733.8081597222222 9
stats: session 316 1081.446943037974 990.966512445467 6179.122 286.261 998.1384141283216 1543
stats: users_count 326 1898
stats: finish_users_count 316 1859
stats: request 1856 56.70687769396562 90.07807527357612 601.807 3.22 56.13953385650226 8920
stats: connect 324 2.7593672839506187 5.717435883701565 204.08 0.622 5.5559923126201145 1561
stats: page 861 122.32969454123109 132.05064267532774 652.21 3.222 120.26149652027838 4167
stats: tr_create_post_comment 87 66.40057471264365 36.868885769705464 652.283 40.784 65.82070992366413 393
stats: 302 887 5068
stats: 200 874 5124
stats: size_rcv 18829741 108299579
stats: 422 95 584
stats: newphase 0 1
stats: size_sent 1070096 6202983
stats: connected 15 37
# stats: dump at 1575447146
stats: users 26 52
stats: {recvpackets,"tsung_controller@ip-172-31-27-70"} 1 15754.0 0.0 15754 5260 8489.333333333334 9
stats: {sentpackets,"tsung_controller@ip-172-31-27-70"} 1 10005.0 0.0 10005 3332 5446.222222222223 9
stats: {cpu,"tsung_controller@ip-172-31-27-70"} 1 9.361287176986837 0.0 10.129667914846266 2.035749751737835 3.7592939741364026 10
stats: {load,"tsung_controller@ip-172-31-27-70"} 1 0.08984375 0.0 0.25 0.08984375 0.1515625 10
stats: {freemem,"tsung_controller@ip-172-31-27-70"} 1 718.8359375 0.0 741.828125 718.8359375 732.558203125 10
stats: session 289 1146.3216678200686 1122.0428890818146 7104.232 286.261 1012.299519634212 1859
stats: users_count 276 2174
stats: finish_users_count 289 2148
stats: connect 285 2.1316912280701765 4.265465377554485 204.08 0.622 5.075299204244031 1885
stats: tr_create_post_comment 77 70.92288311688318 52.58284452817906 652.283 40.784 65.92581041666666 480
stats: request 1646 55.43978979343877 88.88332325168334 601.807 3.22 56.23725009279884 10776
stats: page 780 117.14589487179485 129.68428247771885 652.21 3.222 120.61565692124105 5028
stats: 302 798 5866
stats: 200 771 5895
stats: size_rcv 16683336 124982915
stats: 422 77 661
stats: newphase 0 1
stats: size_sent 947735 7150718
stats: connected -3 34
# stats: dump at 1575447156
stats: users 26 52
stats: {recvpackets,"tsung_controller@ip-172-31-27-70"} 1 13468.0 0.0 15754 5260 9215.8 10
stats: {sentpackets,"tsung_controller@ip-172-31-27-70"} 1 8579.0 0.0 10005 3332 5902.1 10
stats: {cpu,"tsung_controller@ip-172-31-27-70"} 1 4.211557296767874 0.0 10.129667914846266 2.035749751737835 4.268566083486442 11
stats: {load,"tsung_controller@ip-172-31-27-70"} 1 0.1484375 0.0 0.25 0.08984375 0.14595170454545456 11
stats: {freemem,"tsung_controller@ip-172-31-27-70"} 1 721.9296875 0.0 741.828125 718.8359375 731.3107244318181 11
stats: session 256 958.71992578125 899.6634504822043 7104.232 286.261 1030.3313635940408 2148
stats: users_count 256 2430
stats: finish_users_count 256 2404
stats: request 1443 56.96159875259875 90.82018166254339 601.807 3.22 56.131581146353284 12422
stats: connect 254 1.8935433070866146 4.183435623767054 204.08 0.593 4.688696313364055 2170
stats: tr_create_post_comment 58 57.13301724137932 7.864381323610331 652.283 40.784 66.61660861759425 557
stats: page 680 119.88796617647068 134.04881600251753 652.21 3.222 120.14967648071625 5808
stats: 302 661 6527
stats: 200 695 6590
stats: size_rcv 14776879 139759794
stats: 422 87 748
stats: newphase 0 1
stats: size_sent 827651 7978369
stats: connected -6 28
# stats: dump at 1575447166
stats: users 3 52
stats: {recvpackets,"tsung_controller@ip-172-31-27-70"} 1 12366.0 0.0 15754 5260 9602.363636363636 11
stats: {sentpackets,"tsung_controller@ip-172-31-27-70"} 1 7920.0 0.0 10005 3332 6145.454545454545 11
stats: {cpu,"tsung_controller@ip-172-31-27-70"} 1 3.8366945400885393 0.0 10.129667914846266 2.035749751737835 4.263815351259894 12
stats: {load,"tsung_controller@ip-172-31-27-70"} 1 0.12890625 0.0 0.25 0.08984375 0.14615885416666669 12
stats: {freemem,"tsung_controller@ip-172-31-27-70"} 1 721.4375 0.0 741.828125 718.8359375 730.5289713541666 12
stats: session 210 1073.5462666666656 1013.8486510442677 7104.232 286.261 1022.705519966722 2404
stats: users_count 187 2617
stats: finish_users_count 210 2614
stats: request 1143 55.697703412073544 88.6490920986485 601.807 3.22 56.21796523620631 13865
stats: connect 193 2.1413419689119166 4.359512066526115 204.08 0.593 4.395804867986799 2424
stats: tr_create_post_comment 46 63.89471739130433 35.49381491720289 652.283 40.784 65.7222211382114 615
stats: page 544 118.45048345588248 131.58218599696048 652.21 3.222 120.12224691738595 6488
stats: 302 532 7059
stats: 200 543 7133
stats: size_rcv 12033824 151793618
stats: 422 68 816
stats: newphase 0 1
stats: size_sent 654973 8633342
stats: connected -25 3
# stats: dump at 1575447176
stats: users 66 69
stats: {recvpackets,"tsung_controller@ip-172-31-27-70"} 1 8107.0 0.0 15754 5260 9832.666666666666 12
stats: {sentpackets,"tsung_controller@ip-172-31-27-70"} 1 5228.0 0.0 10005 3332 6293.333333333333 12
stats: {cpu,"tsung_controller@ip-172-31-27-70"} 1 2.4402390438247012 0.0 10.129667914846266 2.035749751737835 4.230959904246713 13
stats: {load,"tsung_controller@ip-172-31-27-70"} 1 0.109375 0.0 0.25 0.08984375 0.14483173076923078 13
stats: {freemem,"tsung_controller@ip-172-31-27-70"} 1 718.34375 0.0 741.828125 718.34375 729.8296274038462 13
stats: session 190 863.3108473684213 938.7962819728774 7762.682 286.261 1026.7898951798009 2614
stats: users_count 253 2870
stats: finish_users_count 190 2804
stats: connect 237 1.8187805907173 3.47340856956104 204.08 0.593 4.229541459686664 2617
stats: request 1187 61.40338668913221 93.79667547757182 601.807 3.22 56.178342417377436 15008
stats: page 561 129.08767023172905 138.2046097682114 652.21 3.222 119.99291823094427 7032
stats: 302 520 7579
stats: tr_create_post_comment 48 74.0656875 48.82023337167535 652.283 40.678 65.59504236006052 661
stats: 200 595 7728
stats: size_rcv 12546909 164340527
stats: 422 73 889
stats: newphase 1 2
stats: size_sent 674260 9307602
stats: connected 59 62
# stats: dump at 1575447186
stats: users 72 84
stats: {recvpackets,"tsung_controller@ip-172-31-27-70"} 1 14666.0 0.0 15754 5260 9699.923076923076 13
stats: {sentpackets,"tsung_controller@ip-172-31-27-70"} 1 9463.0 0.0 10005 3332 6211.384615384615 13
stats: {cpu,"tsung_controller@ip-172-31-27-70"} 1 7.593688362919132 0.0 10.129667914846266 2.035749751737835 4.103051271359427 14
stats: {load,"tsung_controller@ip-172-31-27-70"} 1 0.171875 0.0 0.25 0.08984375 0.14229910714285715 14
stats: {freemem,"tsung_controller@ip-172-31-27-70"} 1 707.59765625 0.0 741.828125 707.59765625 729.0092075892857 14
stats: session 620 1085.378117741935 891.832596451007 7762.682 286.261 1015.7124989300997 2804
stats: users_count 626 3496
stats: finish_users_count 620 3424
stats: connect 631 16.397443740095078 40.35163382827683 207.412 0.568 4.029348633496846 2854
stats: tr_create_post_comment 161 95.51719875776398 88.44721714822259 652.283 40.164 66.16851339915374 709
stats: page 1712 138.77174941588777 147.90807273720324 806.59 3.222 120.66487343605954 7593
stats: request 3577 66.31845345261422 99.46679356490789 601.807 3.21 56.561307996295184 16195
stats: 302 1728 9307
stats: 200 1679 9407
stats: size_rcv 37039932 201380459
stats: 422 169 1058
stats: newphase 0 2
stats: size_sent 2053977 11361579
stats: connected 10 72
# stats: dump at 1575447196
stats: users 53 84
stats: {recvpackets,"tsung_controller@ip-172-31-27-70"} 1 30216.0 0.0 30216 5260 10054.642857142857 14
stats: {sentpackets,"tsung_controller@ip-172-31-27-70"} 1 18755.0 0.0 18755 3332 6443.642857142857 14
stats: {cpu,"tsung_controller@ip-172-31-27-70"} 1 17.724609375 0.0 17.724609375 2.035749751737835 4.335760410796741 15
stats: {load,"tsung_controller@ip-172-31-27-70"} 1 0.140625 0.0 0.25 0.08984375 0.14427083333333332 15
stats: {freemem,"tsung_controller@ip-172-31-27-70"} 1 696.53515625 0.0 741.828125 696.53515625 727.5817708333333 15
stats: session 627 1087.3377017543842 989.2844290875082 8409.758 286.261 1028.327184579439 3424
stats: users_count 608 4104
stats: finish_users_count 627 4051
stats: connect 609 2.8110032840722496 4.977643114502957 207.412 0.568 6.268736872309899 3485
stats: page 1671 127.6401795332134 141.70614038805988 806.59 3.222 123.99630510478237 9305
stats: tr_create_post_comment 156 72.851782051282 47.269506781462766 652.283 40.164 71.59970689655172 870
stats: request 3519 60.71329013924391 93.2763103079176 601.807 3.21 58.32649661136969 19772
stats: 302 1686 10993
stats: 200 1657 11064
stats: size_rcv 36112747 237493206
stats: 422 176 1234
stats: newphase 0 2
stats: size_sent 2024825 13386404
stats: connected -19 53
# stats: dump at 1575447206
stats: users 57 91
stats: {recvpackets,"tsung_controller@ip-172-31-27-70"} 1 30145.0 0.0 30216 5260 11398.733333333334 15
stats: {sentpackets,"tsung_controller@ip-172-31-27-70"} 1 19190.0 0.0 19190 3332 7264.4 15
stats: {cpu,"tsung_controller@ip-172-31-27-70"} 1 16.782868525896415 0.0 17.724609375 2.035749751737835 5.172563471059445 16
stats: {load,"tsung_controller@ip-172-31-27-70"} 1 0.28125 0.0 0.28125 0.08984375 0.14404296875 16
stats: {freemem,"tsung_controller@ip-172-31-27-70"} 1 700.93359375 0.0 741.828125 696.53515625 725.641357421875 16
stats: session 638 1001.3534169278983 882.5027029039294 8409.758 286.261 1037.4606316958773 4051
stats: users_count 642 4746
stats: finish_users_count 638 4689
stats: request 3655 61.39921586867319 95.27191073604558 601.807 3.21 58.68711343437383 23291
stats: connect 644 2.3203322981366465 4.021510179721393 207.412 0.568 5.754384220810942 4094
stats: 302 1711 12704
stats: page 1718 130.0569115250293 143.6255424935039 806.59 3.222 124.55105311588916 10976
stats: tr_create_post_comment 157 84.91889808917199 73.51746795558915 652.283 38.271 71.79008089668615 1026
stats: 200 1741 12805
stats: size_rcv 37400431 274893637
stats: 422 205 1439
stats: newphase 0 2
stats: size_sent 2096484 15482888
stats: connected 6 59
# stats: dump at 1575447216
stats: users 51 91
stats: {recvpackets,"tsung_controller@ip-172-31-27-70"} 1 31868.0 0.0 31868 5260 12570.375 16
stats: {sentpackets,"tsung_controller@ip-172-31-27-70"} 1 20268.0 0.0 20268 3332 8009.75 16
stats: {cpu,"tsung_controller@ip-172-31-27-70"} 1 18.456209797130132 0.0 18.456209797130132 2.035749751737835 5.855522591932208 17
stats: {load,"tsung_controller@ip-172-31-27-70"} 1 0.23828125 0.0 0.28125 0.08984375 0.15211397058823528 17
stats: {freemem,"tsung_controller@ip-172-31-27-70"} 1 700.3671875 0.0 741.828125 696.53515625 724.1879595588235 17
stats: session 638 1005.9283322884008 843.4069876848745 8409.758 286.261 1032.5477711665596 4689
stats: users_count 632 5378
stats: finish_users_count 638 5327
stats: request 3659 60.709793659469725 94.87968922994773 601.807 3.21 59.05498749350558 26946
stats: connect 636 2.096687106918238 3.858051558927534 207.412 0.568 5.287619881806669 4738
stats: page 1729 129.2120549450546 142.54074079575042 806.59 3.222 125.29621340790924 12694
stats: tr_create_post_comment 163 78.32416564417181 62.53364736759933 652.283 36.627 73.5324513947591 1183
stats: 302 1735 14439
stats: 200 1729 14534
stats: size_rcv 37269685 312163322
stats: 422 193 1632
stats: newphase 0 2
stats: size_sent 2102858 17585746
stats: connected -10 49
# stats: dump at 1575447226
stats: users 48 91
stats: {recvpackets,"tsung_controller@ip-172-31-27-70"} 1 30111.0 0.0 31868 5260 13705.529411764706 17
stats: {sentpackets,"tsung_controller@ip-172-31-27-70"} 1 19392.0 0.0 20268 3332 8730.823529411764 17
stats: {cpu,"tsung_controller@ip-172-31-27-70"} 1 17.61811023622047 0.0 18.456209797130132 2.035749751737835 6.55556076999876 18
stats: {load,"tsung_controller@ip-172-31-27-70"} 1 0.19921875 0.0 0.28125 0.08984375 0.15690104166666666 18
stats: {freemem,"tsung_controller@ip-172-31-27-70"} 1 697.9296875 0.0 741.828125 696.53515625 722.8645833333334 18
stats: session 608 991.0195921052638 906.9070681842608 9732.393 286.261 1029.3596348789183 5327
stats: users_count 605 5983
stats: finish_users_count 608 5935
stats: request 3394 61.40629581614619 94.78764242631667 601.807 3.21 59.25282888416929 30605
stats: 302 1586 16025
stats: connect 604 2.3420927152317903 4.0649088584896615 207.412 0.568 4.909980647562336 5374
stats: page 1630 127.93051411042924 141.74347671613904 806.59 3.222 125.76563655272824 14423
stats: tr_create_post_comment 140 74.48182857142857 62.02801466928849 652.283 36.627 74.11272585438337 1346
stats: 200 1624 16158
stats: size_rcv 36220319 348383641
stats: 422 184 1816
stats: newphase 0 2
stats: size_sent 1938307 19524053
stats: connected 2 51
# stats: dump at 1575447236
stats: users 1 91
stats: {recvpackets,"tsung_controller@ip-172-31-27-70"} 1 29551.0 0.0 31868 5260 14616.944444444445 18
stats: {sentpackets,"tsung_controller@ip-172-31-27-70"} 1 18463.0 0.0 20268 3332 9323.111111111111 18
stats: {cpu,"tsung_controller@ip-172-31-27-70"} 1 16.90558576371725 0.0 18.456209797130132 2.035749751737835 7.137800215589377 19
stats: {load,"tsung_controller@ip-172-31-27-70"} 1 0.23828125 0.0 0.28125 0.08984375 0.1591282894736842 19
stats: {freemem,"tsung_controller@ip-172-31-27-70"} 1 698.078125 0.0 741.828125 696.53515625 721.5522203947369 19
stats: session 430 1109.6400534883733 948.6450662103584 9732.393 286.261 1025.4319607413645 5935
stats: users_count 383 6366
stats: finish_users_count 430 6365
stats: connect 388 2.3381005154639163 4.143556188134359 207.412 0.568 4.650528604884576 5978
stats: request 2388 56.717996649916294 91.41032683057763 601.807 3.21 59.46780187652582 33999
stats: page 1123 121.47218521816568 135.4074757159588 806.59 3.222 125.98545530430444 16053
stats: tr_create_post_comment 120 76.91724166666673 58.18998897662665 652.283 36.627 74.14750000000002 1486
stats: 302 1209 17234
stats: 200 1074 17232
stats: size_rcv 23896687 372280328
stats: 422 105 1921
stats: newphase 0 2
stats: size_sent 1380820 20904873
stats: connected -50 1
# stats: dump at 1575447246
stats: users 483 483
stats: {recvpackets,"tsung_controller@ip-172-31-27-70"} 1 16527.0 0.0 31868 5260 15402.947368421053 19
stats: {sentpackets,"tsung_controller@ip-172-31-27-70"} 1 10557.0 0.0 20268 3332 9804.157894736842 19
stats: {cpu,"tsung_controller@ip-172-31-27-70"} 1 9.861248761149653 0.0 18.456209797130132 2.035749751737835 7.6261894929957705 20
stats: {load,"tsung_controller@ip-172-31-27-70"} 1 0.2109375 0.0 0.28125 0.08984375 0.1630859375 20
stats: {freemem,"tsung_controller@ip-172-31-27-70"} 1 702.34375 0.0 741.828125 696.53515625 720.378515625 20
stats: session 515 2405.708141747573 1273.9574482824594 9732.393 286.261 1031.1208028279652 6365
stats: users_count 997 7363
stats: finish_users_count 515 6880
stats: request 3989 419.25544422160914 455.19009593766043 2620.352 3.21 59.28733811526098 36387
stats: connect 996 16.429784136546218 40.79658115293069 207.412 0.568 4.509588909833489 6366
stats: page 2024 659.6775434782598 846.1894564291496 5024.35 3.222 125.6903690032603 17176
stats: tr_create_post_comment 88 1863.7995568181823 1204.7869137038006 5025.01 36.627 74.35445454545456 1606
stats: 302 1694 18928
stats: 200 2120 19352
stats: size_rcv 43672778 415953106
stats: 422 177 2098
stats: newphase 1 3
stats: size_sent 2358877 23263750
stats: connected 481 482
# stats: dump at 1575447256
stats: users 1039 1039
stats: {recvpackets,"tsung_controller@ip-172-31-27-70"} 1 44145.0 0.0 44145 5260 15459.15 20
stats: {sentpackets,"tsung_controller@ip-172-31-27-70"} 1 26477.0 0.0 26477 3332 9841.8 20
stats: {cpu,"tsung_controller@ip-172-31-27-70"} 1 23.31707317073171 0.0 23.31707317073171 2.035749751737835 7.732620886717384 21
stats: {load,"tsung_controller@ip-172-31-27-70"} 1 0.41015625 0.0 0.41015625 0.08984375 0.16536458333333334 21
stats: {freemem,"tsung_controller@ip-172-31-27-70"} 1 582.375 0.0 741.828125 582.375 719.5197172619048 21
stats: session 649 6203.513986132514 2103.722768128232 14936.385 286.261 1134.0150585755812 6880
stats: users_count 1205 8568
stats: finish_users_count 649 7529
stats: request 4532 1255.6641489408642 942.1191112643373 4656.181 3.21 94.85086038735884 40376
stats: connect 1140 2.383493859649119 4.161481569732762 207.412 0.547 6.12226405867971 7362
stats: page 2329 1826.1036775440095 2130.826975927425 11153.371 3.222 181.9815169791665 19200
stats: tr_create_post_comment 83 6253.689289156625 2063.9389425411596 11153.784 36.627 167.31264167650534 1694
stats: 302 1922 20850
stats: 200 2422 21774
stats: size_rcv 50179502 466132608
stats: 422 186 2284
stats: newphase 0 3
stats: size_sent 2732257 25996007
stats: connected 534 1016
# stats: dump at 1575447266
stats: users 1597 1597
stats: {recvpackets,"tsung_controller@ip-172-31-27-70"} 1 47661.0 0.0 47661 5260 16825.14285714286 21
stats: {sentpackets,"tsung_controller@ip-172-31-27-70"} 1 29303.0 0.0 29303 3332 10633.952380952382 21
stats: {cpu,"tsung_controller@ip-172-31-27-70"} 1 26.043737574552683 0.0 26.043737574552683 2.035749751737835 8.441005081445308 22
stats: {load,"tsung_controller@ip-172-31-27-70"} 1 0.3515625 0.0 0.41015625 0.08984375 0.17649147727272727 22
stats: {freemem,"tsung_controller@ip-172-31-27-70"} 1 436.87109375 0.0 741.828125 436.87109375 713.2858664772729 22
stats: session 648 10404.707290123439 2823.8172943437144 19870.091 286.261 1571.0060007969184 7529
stats: users_count 1206 9774
stats: finish_users_count 648 8177
stats: request 4857 2289.5561120032967 1230.2321243017175 5795.51 3.21 211.99715556248321 44908
stats: connect 1226 2.3752601957585653 4.29172391145272 207.412 0.519 5.620946953657966 8502
stats: page 2448 3482.1464334150346 3454.0955153807377 16494.134 3.222 359.8421009336242 21529
stats: tr_create_post_comment 91 11811.826186813187 2148.0755814098115 16494.529 36.627 451.5947248171074 1777
stats: 302 2081 22931
stats: 200 2565 24339
stats: size_rcv 52841265 518973873
stats: 422 211 2495
stats: newphase 0 3
stats: size_sent 2906789 28902796
stats: connected 559 1575
# stats: dump at 1575447276
stats: users 1967 1967
stats: {recvpackets,"tsung_controller@ip-172-31-27-70"} 1 46269.0 0.0 47661 5260 18226.77272727273 22
stats: {sentpackets,"tsung_controller@ip-172-31-27-70"} 1 28265.0 0.0 29303 3332 11482.545454545454 22
stats: {cpu,"tsung_controller@ip-172-31-27-70"} 1 25.099800399201598 0.0 26.043737574552683 2.035749751737835 9.206341276797803 23
stats: {load,"tsung_controller@ip-172-31-27-70"} 1 0.2890625 0.0 0.41015625 0.08984375 0.18410326086956522 23
stats: {freemem,"tsung_controller@ip-172-31-27-70"} 1 288.10546875 0.0 741.828125 288.10546875 701.267832880435 23
stats: session 786 14319.76814631044 3729.1907254497683 26791.276 286.261 2271.0473895071523 8177
stats: users_count 1156 10930
stats: finish_users_count 786 8963
stats: connect 1158 2.5386744386873907 4.968549615853858 207.412 0.519 5.211899671052635 9728
stats: page 2513 5345.859995224831 4666.182002309632 20609.356 1.181 678.6226408641614 23977
stats: tr_create_post_comment 121 17046.66691735538 1745.5320321487677 20609.525 36.627 1005.0107114561027 1868
stats: 302 2189 25120
stats: 200 2612 26951
stats: size_rcv 53862418 572836291
stats: request 5092 3099.10332659073 1107.0663364275213 6157.449 0.854 414.7642378780269 49765
stats: 422 260 2755
stats: newphase 0 3
stats: 502 32 32
stats: size_sent 2996019 31898815
stats: connected 375 1950
# stats: dump at 1575447286
stats: users 2099 2130
stats: {recvpackets,"tsung_controller@ip-172-31-27-70"} 1 48328.0 0.0 48328 5260 19446.000000000004 23
stats: {sentpackets,"tsung_controller@ip-172-31-27-70"} 1 29519.0 0.0 29519 3332 12212.217391304348 23
stats: {cpu,"tsung_controller@ip-172-31-27-70"} 1 25.86293146573287 0.0 26.043737574552683 2.035749751737835 9.868568740231295 24
stats: {load,"tsung_controller@ip-172-31-27-70"} 1 0.25 0.0 0.41015625 0.08984375 0.1884765625 24
stats: {freemem,"tsung_controller@ip-172-31-27-70"} 1 196.1640625 0.0 741.828125 196.1640625 684.0527343750001 24
stats: session 1087 15944.459654093816 5405.270029386847 33074.636 120.315 3327.6461304250797 8963
stats: users_count 1219 12149
stats: finish_users_count 1087 10050
stats: connect 1206 2.319133499170814 4.269023310562366 207.412 0.519 4.927534907220285 10886
stats: request 6686 2916.049539036781 1769.9806079218852 7295.757 0.822 663.9330702918498 54857
stats: page 3177 5822.141705382434 5455.965673808145 24975.408 0.911 1121.3847198187996 26490
stats: tr_create_post_comment 166 19478.46678313252 3086.610888261035 24975.496 36.627 1980.8982936148823 1989
stats: 302 2385 27505
stats: 200 2534 29485
stats: size_rcv 51928316 624764607
stats: 422 288 3043
stats: newphase 0 3
stats: 502 1399 1431
stats: size_sent 3671453 35570268
stats: connected 151 2101
stats: 500 70 70
stats: 404 10 10
# stats: dump at 1575447296
stats: users 2021 2130
stats: {recvpackets,"tsung_controller@ip-172-31-27-70"} 1 49573.0 0.0 49573 5260 20649.416666666668 24
stats: {sentpackets,"tsung_controller@ip-172-31-27-70"} 1 31246.0 0.0 31246 3332 12933.333333333334 24
stats: {cpu,"tsung_controller@ip-172-31-27-70"} 1 28.856714927608586 0.0 28.856714927608586 2.035749751737835 10.508343249251357 25
stats: {load,"tsung_controller@ip-172-31-27-70"} 1 0.2109375 0.0 0.41015625 0.08984375 0.1909375 25
stats: {freemem,"tsung_controller@ip-172-31-27-70"} 1 172.78515625 0.0 741.828125 172.78515625 664.5371875000002 25
stats: session 1294 17056.515508500703 6839.902512085923 37258.25 120.315 4692.270637910445 10050
stats: users_count 1216 13365
stats: finish_users_count 1294 11344
stats: connect 1221 2.5657141687141687 4.991641418263295 207.412 0.519 4.667385047965599 12092
stats: request 7209 2839.596591482873 1526.8229458239564 7295.757 0.784 908.6018500073108 61543
stats: page 3386 6131.767907265229 5760.542617569219 25607.978 0.866 1624.782601071898 29667
stats: tr_create_post_comment 313 17937.17325239617 4611.093305544336 25608.111 36.627 3328.7388361948956 2155
stats: 302 2959 30464
stats: 200 2527 32012
stats: size_rcv 51446383 676210990
stats: 422 285 3328
stats: newphase 0 3
stats: 502 1066 2497
stats: size_sent 3821365 39391633
stats: connected -72 2029
stats: 500 157 227
stats: 404 214 224
# stats: dump at 1575447306
stats: users 13 2130
stats: {recvpackets,"tsung_controller@ip-172-31-27-70"} 1 49005.0 0.0 49573 5260 21806.36 25
stats: {sentpackets,"tsung_controller@ip-172-31-27-70"} 1 3.1e4 0.0 31246 3332 13665.84 25
stats: {cpu,"tsung_controller@ip-172-31-27-70"} 1 28.735632183908045 0.0 28.856714927608586 2.035749751737835 11.214049852265097 26
stats: {load,"tsung_controller@ip-172-31-27-70"} 1 0.1796875 0.0 0.41015625 0.08984375 0.19170673076923078 26
stats: {freemem,"tsung_controller@ip-172-31-27-70"} 1 160.1171875 0.0 741.828125 160.1171875 645.6236478365386 26
stats: session 2144 15278.126623134309 6471.702801781578 37258.25 120.315 6102.649063734122 11344
stats: users_count 136 13501
stats: finish_users_count 2144 13488
stats: request 7991 2054.4737450882267 1656.2680741200911 7295.757 0.784 1111.0765575255984 68752
stats: connect 188 1.842244680851063 3.0716609744988026 207.412 0.519 4.474630586644635 13313
stats: page 3322 7178.034035219722 5429.622873213469 26228.961 0.866 2086.4850863764277 33053
stats: 302 4441 34905
stats: tr_create_post_comment 843 10915.302661921696 6863.938542109529 26229.018 36.627 5181.429262560779 2468
stats: 200 2563 34575
stats: size_rcv 62050494 738261484
stats: 422 523 3851
stats: newphase 0 3
stats: 502 122 2619
stats: size_sent 3960145 43351778
stats: connected -2004 25
stats: 500 53 280
stats: 404 289 513
# stats: dump at 1575447316
stats: users 0 2130
stats: {recvpackets,"tsung_controller@ip-172-31-27-70"} 1 47496.0 0.0 49573 5260 22852.46153846154 26
stats: {sentpackets,"tsung_controller@ip-172-31-27-70"} 1 24552.0 0.0 31246 3332 14332.538461538461 26
stats: {cpu,"tsung_controller@ip-172-31-27-70"} 1 20.441176470588236 0.0 28.856714927608586 2.035749751737835 11.86299734602965 27
stats: {load,"tsung_controller@ip-172-31-27-70"} 1 0.1484375 0.0 0.41015625 0.08984375 0.19126157407407407 27
stats: {freemem,"tsung_controller@ip-172-31-27-70"} 1 402.2109375 0.0 741.828125 160.1171875 627.6419270833335 27
stats: session 13 12778.546846153848 1890.570614617748 37258.25 120.315 7561.14727602312 13488
stats: users_count 0 13501
stats: finish_users_count 13 13501
stats: request 68 11.13233823529412 9.55711971071874 7295.757 0.784 1209.3094507642388 76743
stats: connect 0 0 0 207.412 0.519 4.437974890748836 13501
stats: page 25 34.923519999999996 31.20857469109411 26228.961 0.866 2551.478230240549 36375
stats: tr_create_post_comment 10 66.78540000000001 10.631825884578811 26229.018 36.627 6641.3070262760475 3311
stats: 302 58 34963
stats: 200 10 34585
stats: size_rcv 119411 738380895
stats: 422 0 3851
stats: newphase 0 3
stats: 502 0 2619
stats: size_sent 46538 43398316
stats: connected -25 0
stats: 500 0 280
stats: 404 0 513
# stats: dump at 1575447326
stats: users 0 2130
stats: {recvpackets,"tsung_controller@ip-172-31-27-70"} 1 163.0 0.0 49573 163 23765.185185185186 27
stats: {sentpackets,"tsung_controller@ip-172-31-27-70"} 1 351.0 0.0 31246 351 14711.037037037036 27
stats: {cpu,"tsung_controller@ip-172-31-27-70"} 1 0.9495252373813095 0.0 28.856714927608586 0.9495252373813095 12.169360886192456 28
stats: {load,"tsung_controller@ip-172-31-27-70"} 1 0.12109375 0.0 0.41015625 0.08984375 0.18973214285714285 28
stats: {freemem,"tsung_controller@ip-172-31-27-70"} 1 545.77734375 0.0 741.828125 160.1171875 619.5908203125001 28
stats: session 0 0 0 37258.25 120.315 7566.171066439511 13501
stats: users_count 0 13501
stats: finish_users_count 0 13501
stats: request 0 0 0 7295.757 0.784 1208.2487167072422 76811
stats: connect 0 0 0 207.412 0.519 4.437974890748836 13501
stats: page 0 0 0 26228.961 0.866 2549.7498272802186 36400
stats: tr_create_post_comment 0 0 0 26229.018 36.627 6621.510213188795 3321
stats: 302 0 34963
stats: 200 0 34585
stats: size_rcv 0 738380895
stats: 422 0 3851
stats: newphase 0 3
stats: 502 0 2619
stats: size_sent 0 43398316
stats: connected 0 0
stats: 500 0 280
stats: 404 0 513
# stats: dump at 1575447336
stats: users 0 2130
stats: {recvpackets,"tsung_controller@ip-172-31-27-70"} 1 1.0 0.0 49573 1 22922.25 28
stats: {sentpackets,"tsung_controller@ip-172-31-27-70"} 1 2.0 0.0 31246 2 14198.17857142857 28
stats: {cpu,"tsung_controller@ip-172-31-27-70"} 1 0.04995004995004995 0.0 28.856714927608586 0.04995004995004995 11.782470001750692 29
stats: {load,"tsung_controller@ip-172-31-27-70"} 1 0.1015625 0.0 0.41015625 0.08984375 0.18736530172413793 29
stats: {freemem,"tsung_controller@ip-172-31-27-70"} 1 550.69921875 0.0 741.828125 160.1171875 617.0455280172415 29
stats: session 0 0 0 37258.25 120.315 7566.171066439511 13501
stats: users_count 0 13501
stats: finish_users_count 0 13501
stats: request 0 0 0 7295.757 0.784 1208.2487167072422 76811
stats: page 0 0 0 26228.961 0.866 2549.7498272802186 36400
stats: connect 0 0 0 207.412 0.519 4.437974890748836 13501
stats: tr_create_post_comment 0 0 0 26229.018 36.627 6621.510213188795 3321
stats: 302 0 34963
stats: 200 0 34585
stats: size_rcv 0 738380895
stats: 422 0 3851
stats: newphase 0 3
stats: 502 0 2619
stats: size_sent 0 43398316
stats: connected 0 0
stats: 500 0 280
stats: 404 0 513
# stats: dump at 1575447346
stats: users 0 2130
stats: {recvpackets,"tsung_controller@ip-172-31-27-70"} 1 1.0 0.0 49573 1 22131.862068965518 29
stats: {sentpackets,"tsung_controller@ip-172-31-27-70"} 1 1.0 0.0 31246 1 13708.655172413793 29
stats: {cpu,"tsung_controller@ip-172-31-27-70"} 1 0.0998502246630055 0.0 28.856714927608586 0.04995004995004995 11.391386003357336 30
stats: {load,"tsung_controller@ip-172-31-27-70"} 1 0.08984375 0.0 0.41015625 0.08984375 0.18450520833333334 30
stats: {freemem,"tsung_controller@ip-172-31-27-70"} 1 559.05859375 0.0 741.828125 160.1171875 614.8339843750001 30
stats: session 0 0 0 37258.25 120.315 7566.171066439511 13501
stats: users_count 0 13501
stats: finish_users_count 0 13501
stats: request 0 0 0 7295.757 0.784 1208.2487167072422 76811
stats: page 0 0 0 26228.961 0.866 2549.7498272802186 36400
stats: tr_create_post_comment 0 0 0 26229.018 36.627 6621.510213188795 3321
stats: 302 0 34963
stats: connect 0 0 0 207.412 0.519 4.437974890748836 13501
stats: 200 0 34585
stats: size_rcv 0 738380895
stats: 422 0 3851
stats: newphase 0 3
stats: 502 0 2619
stats: size_sent 0 43398316
stats: connected 0 0
stats: 500 0 280
stats: 404 0 513
# stats: dump at 1575447356
stats: users 0 2130
stats: {recvpackets,"tsung_controller@ip-172-31-27-70"} 1 12.0 0.0 49573 1 21394.166666666668 30
stats: {sentpackets,"tsung_controller@ip-172-31-27-70"} 1 12.0 0.0 31246 1 13251.733333333334 30
stats: {cpu,"tsung_controller@ip-172-31-27-70"} 1 0.14992503748125938 0.0 28.856714927608586 0.04995004995004995 11.027142913722036 31
stats: {load,"tsung_controller@ip-172-31-27-70"} 1 0.0703125 0.0 0.41015625 0.0703125 0.1814516129032258 31
stats: {freemem,"tsung_controller@ip-172-31-27-70"} 1 563.43359375 0.0 741.828125 160.1171875 613.0347782258066 31
stats: session 0 0 0 37258.25 120.315 7566.171066439511 13501
stats: users_count 0 13501
stats: finish_users_count 0 13501
stats: request 0 0 0 7295.757 0.784 1208.2487167072422 76811
stats: page 0 0 0 26228.961 0.866 2549.7498272802186 36400
stats: connect 0 0 0 207.412 0.519 4.437974890748836 13501
stats: tr_create_post_comment 0 0 0 26229.018 36.627 6621.510213188795 3321
stats: 302 0 34963
stats: 200 0 34585
stats: size_rcv 0 738380895
stats: 422 0 3851
stats: newphase 0 3
stats: 502 0 2619
stats: size_sent 0 43398316
stats: connected 0 0
stats: 500 0 280
stats: 404 0 513
# stats: dump at 1575447357
stats: users 0 2130
stats: {recvpackets,"tsung_controller@ip-172-31-27-70"} 1 21.0 0.0 49573 1 20704.41935483871 31
stats: {sentpackets,"tsung_controller@ip-172-31-27-70"} 1 21.0 0.0 31246 1 12824.645161290322 31
stats: {cpu,"tsung_controller@ip-172-31-27-70"} 1 0.14992503748125938 0.0 28.856714927608586 0.04995004995004995 10.68722985508951 32
stats: {load,"tsung_controller@ip-172-31-27-70"} 1 0.05859375 0.0 0.41015625 0.05859375 0.177978515625 32
stats: {freemem,"tsung_controller@ip-172-31-27-70"} 1 563.5 0.0 741.828125 160.1171875 611.4847412109376 32
stats: session 0 0 0 37258.25 120.315 7566.171066439511 13501
stats: users_count 0 13501
stats: finish_users_count 0 13501
stats: request 0 0 0 7295.757 0.784 1208.2487167072422 76811
stats: page 0 0 0 26228.961 0.866 2549.7498272802186 36400
stats: connect 0 0 0 207.412 0.519 4.437974890748836 13501
stats: tr_create_post_comment 0 0 0 26229.018 36.627 6621.510213188795 3321
stats: 302 0 34963
stats: 200 0 34585
stats: size_rcv 0 738380895
stats: 422 0 3851
stats: newphase 0 3
stats: 502 0 2619
stats: size_sent 0 43398316
stats: connected 0 0
stats: 500 0 280
stats: 404 0 513
EndMonitor:{1575,447357,881661}