# stats: dump at 1575447748
stats: users 17 22
stats: {cpu,"tsung_controller@ip-172-31-27-70"} 1 8.964801535592507 0 8.964801535592507 8.964801535592507 0 0
stats: {load,"tsung_controller@ip-172-31-27-70"} 1 0.03125 0 0.03125 0.03125 0 0
stats: {freemem,"tsung_controller@ip-172-31-27-70"} 1 741.61328125 0 741.61328125 741.61328125 0 0
stats: session 124 841.8814758064514 741.845240468869 4876.999 292.96 0 0
stats: users_count 141 141
stats: finish_users_count 124 124
stats: request 674 67.89943175074193 93.55402403785527 307.163 4.212 0 0
stats: connect 134 1.8627089552238807 3.2617084361965314 25.081 0.693 0 0
stats: page 343 132.80364139941693 147.1664383594966 499.99 4.26 0 0
stats: tr_create_post_comment 20 77.91569999999999 57.67262865007975 320.365 50.139 0 0
stats: 302 290 290
stats: 200 344 344
stats: size_rcv 8219968 8219968
stats: 422 40 40
stats: size_sent 376014 376014
stats: connected 16 16
# stats: dump at 1575447758
stats: users 15 33
stats: {recvpackets,"tsung_controller@ip-172-31-27-70"} 1 7877 0 7877 7877 0 0
stats: {sentpackets,"tsung_controller@ip-172-31-27-70"} 1 4846 0 4846 4846 0 0
stats: {cpu,"tsung_controller@ip-172-31-27-70"} 1 4.281496062992126 0.0 8.964801535592507 4.281496062992126 8.964801535592507 1
stats: {load,"tsung_controller@ip-172-31-27-70"} 1 0.03125 0.0 0.03125 0.03125 0.03125 1
stats: {freemem,"tsung_controller@ip-172-31-27-70"} 1 732.3046875 0.0 741.61328125 732.3046875 741.61328125 1
stats: session 161 1071.7925155279504 1036.283118965539 7107.877 290.644 841.8814758064514 124
stats: users_count 159 300
stats: finish_users_count 161 285
stats: request 900 56.07872333333336 88.73563776375376 493.702 3.933 67.89943175074193 674
stats: page 423 119.42602127659566 132.5034838989485 564.078 3.998 132.80364139941693 343
stats: connect 155 2.585548387096774 5.209352769151379 31.294 0.693 1.8627089552238807 134
stats: tr_create_post_comment 42 60.86364285714287 9.712999126897707 320.365 46.354 77.91569999999999 20
stats: 302 437 727
stats: 200 419 763
stats: size_rcv 9658497 17878465
stats: 422 44 84
stats: size_sent 519336 895350
stats: connected -3 13
# stats: dump at 1575447768
stats: users 19 33
stats: {recvpackets,"tsung_controller@ip-172-31-27-70"} 1 8358.0 0.0 8358 7877 7877.0 1
stats: {sentpackets,"tsung_controller@ip-172-31-27-70"} 1 5249.0 0.0 5249 4846 4846.0 1
stats: {cpu,"tsung_controller@ip-172-31-27-70"} 1 2.9644268774703555 0.0 8.964801535592507 2.9644268774703555 6.623148799292316 2
stats: {load,"tsung_controller@ip-172-31-27-70"} 1 0.01953125 0.0 0.03125 0.01953125 0.03125 2
stats: {freemem,"tsung_controller@ip-172-31-27-70"} 1 733.56640625 0.0 741.61328125 732.3046875 736.958984375 2
stats: session 162 971.6628024691355 952.6465739951848 7107.877 290.59 971.7610456140351 285
stats: users_count 166 466
stats: finish_users_count 162 447
stats: request 900 58.93273888888882 89.250149422319 493.702 3.467 61.14044980940285 1574
stats: connect 172 2.1589011627906967 3.845616774948602 31.294 0.628 2.2503910034602073 289
stats: page 447 119.27457718120804 130.9818795415423 564.078 3.998 125.41626109660571 766
stats: tr_create_post_comment 27 60.488111111111095 8.730060439879589 320.365 45.435 66.3643064516129 62
stats: 302 382 1109
stats: 200 457 1220
stats: size_rcv 10676823 28555288
stats: 422 61 145
stats: size_sent 506791 1402141
stats: connected 5 18
# stats: dump at 1575447778
stats: users 17 33
stats: {recvpackets,"tsung_controller@ip-172-31-27-70"} 1 8219.0 0.0 8358 7877 8117.5 2
stats: {sentpackets,"tsung_controller@ip-172-31-27-70"} 1 5126.0 0.0 5249 4846 5047.5 2
stats: {cpu,"tsung_controller@ip-172-31-27-70"} 1 1.9890601690701142 0.0 8.964801535592507 1.9890601690701142 5.4035748253516624 3
stats: {load,"tsung_controller@ip-172-31-27-70"} 1 0.01953125 0.0 0.03125 0.01953125 0.02734375 3
stats: {freemem,"tsung_controller@ip-172-31-27-70"} 1 733.421875 0.0 741.61328125 732.3046875 735.828125 3
stats: session 143 1051.8857412587417 941.903589139514 7107.877 287.845 971.7254407158836 447
stats: users_count 141 607
stats: finish_users_count 143 590
stats: request 826 54.54501573849888 86.8901258727792 493.702 3.467 60.337321341956354 2474
stats: page 381 117.58586089238858 129.47806978140827 564.078 3.658 123.15300247320691 1213
stats: connect 143 1.72125174825175 3.473125259689023 34.207 0.628 2.216255965292841 461
stats: tr_create_post_comment 39 64.66648717948716 38.10360708268148 320.365 45.435 64.5816404494382 89
stats: 302 394 1503
stats: 200 387 1607
stats: size_rcv 8569361 37124649
stats: 422 45 190
stats: size_sent 477205 1879346
stats: connected 2 20
# stats: dump at 1575447788
stats: users 19 33
stats: {recvpackets,"tsung_controller@ip-172-31-27-70"} 1 7060.0 0.0 8358 7060 8151.333333333333 3
stats: {sentpackets,"tsung_controller@ip-172-31-27-70"} 1 4523.0 0.0 5249 4523 5073.666666666667 3
stats: {cpu,"tsung_controller@ip-172-31-27-70"} 1 2.0307082714214957 0.0 8.964801535592507 1.9890601690701142 4.549946161281276 4
stats: {load,"tsung_controller@ip-172-31-27-70"} 1 0.01953125 0.0 0.03125 0.01953125 0.025390625 4
stats: {freemem,"tsung_controller@ip-172-31-27-70"} 1 733.09765625 0.0 741.61328125 732.3046875 735.2265625 4
stats: session 132 986.5618409090906 876.5530065121284 7107.877 287.845 991.1541237288135 590
stats: users_count 134 741
stats: finish_users_count 132 722
stats: request 707 60.44540169731254 89.03354769113426 493.702 3.467 58.88748969696973 3300
stats: connect 131 13.281908396946555 34.63166267596073 162.121 0.628 2.099061258278146 604
stats: page 354 121.63042090395479 127.20405346789009 564.078 3.658 121.82233688833125 1594
stats: tr_create_post_comment 22 58.251909090909095 7.596221667914859 320.365 45.435 64.60749218749999 128
stats: 302 310 1813
stats: 200 355 1962
stats: size_rcv 8066112 45190761
stats: 422 42 232
stats: size_sent 399267 2278613
stats: connected -2 18
# stats: dump at 1575447798
stats: users 14 33
stats: {recvpackets,"tsung_controller@ip-172-31-27-70"} 1 7039.0 0.0 8358 7039 7878.5 4
stats: {sentpackets,"tsung_controller@ip-172-31-27-70"} 1 4452.0 0.0 5249 4452 4936.0 4
stats: {cpu,"tsung_controller@ip-172-31-27-70"} 1 11.490837048043586 0.0 11.490837048043586 1.9890601690701142 4.04609858330932 5
stats: {load,"tsung_controller@ip-172-31-27-70"} 1 0.16015625 0.0 0.16015625 0.01953125 0.02421875 5
stats: {freemem,"tsung_controller@ip-172-31-27-70"} 1 726.01953125 0.0 741.61328125 726.01953125 734.80078125 5
stats: session 166 1043.2644096385543 867.9208510108156 7107.877 287.845 990.3145373961218 722
stats: users_count 161 902
stats: finish_users_count 166 888
stats: connect 165 2.025424242424243 4.1350839296037085 162.121 0.628 4.092194557823128 735
stats: request 980 54.684605102040855 86.90744026348486 493.702 3.467 59.16236960319443 4007
stats: tr_create_post_comment 48 58.38745833333335 9.370574648774957 320.365 44.332 63.675339999999984 150
stats: page 455 117.8765934065935 128.32465214092585 564.078 3.55 121.7874609856263 1948
stats: 302 482 2295
stats: 200 452 2414
stats: size_rcv 10530295 55721056
stats: 422 46 278
stats: size_sent 565478 2844091
stats: connected -2 16
# stats: dump at 1575447808
stats: users 27 35
stats: {recvpackets,"tsung_controller@ip-172-31-27-70"} 1 8340.0 0.0 8358 7039 7710.6 5
stats: {sentpackets,"tsung_controller@ip-172-31-27-70"} 1 5271.0 0.0 5271 4452 4839.2 5
stats: {cpu,"tsung_controller@ip-172-31-27-70"} 1 3.687315634218289 0.0 11.490837048043586 1.9890601690701142 5.286888327431697 6
stats: {load,"tsung_controller@ip-172-31-27-70"} 1 0.12890625 0.0 0.16015625 0.01953125 0.046875 6
stats: {freemem,"tsung_controller@ip-172-31-27-70"} 1 724.46875 0.0 741.61328125 724.46875 733.3372395833334 6
stats: session 112 900.7911071428573 902.1475352423787 7107.877 287.845 1000.2128243243242 888
stats: users_count 125 1027
stats: finish_users_count 112 1000
stats: request 603 60.717132669983386 90.94600728917726 493.702 3.467 58.282439943854044 4987
stats: connect 119 2.219470588235294 4.320741948859102 162.121 0.628 3.7132866666666664 900
stats: page 300 121.14776333333333 136.06879715413817 564.078 3.55 121.04695131086146 2403
stats: tr_create_post_comment 15 62.95613333333334 6.632769485583595 320.365 44.332 62.393429292929284 198
stats: 302 244 2539
stats: 200 312 2726
stats: size_rcv 7032652 62753708
stats: 422 47 325
stats: newphase 1 1
stats: size_sent 338323 3182414
stats: connected 6 22
# stats: dump at 1575447818
stats: users 35 46
stats: {recvpackets,"tsung_controller@ip-172-31-27-70"} 1 6566.0 0.0 8358 6566 7815.5 6
stats: {sentpackets,"tsung_controller@ip-172-31-27-70"} 1 4183.0 0.0 5271 4183 4911.166666666667 6
stats: {cpu,"tsung_controller@ip-172-31-27-70"} 1 1.7839444995044598 0.0 11.490837048043586 1.7839444995044598 5.058377942686924 7
stats: {load,"tsung_controller@ip-172-31-27-70"} 1 0.109375 0.0 0.16015625 0.01953125 0.05859375 7
stats: {freemem,"tsung_controller@ip-172-31-27-70"} 1 724.41015625 0.0 741.61328125 724.41015625 732.0703125 7
stats: session 299 1090.420822742474 976.6685911091691 7107.877 287.845 989.077592 1000
stats: users_count 307 1334
stats: finish_users_count 299 1299
stats: request 1700 56.89420411764721 88.35579270868499 493.702 3.467 58.54507316636853 5590
stats: connect 306 2.020950980392158 3.610830904984954 162.121 0.628 3.5388370951913637 1019
stats: page 824 117.5205497572815 129.26679623043964 564.078 3.55 121.05814021457641 2703
stats: tr_create_post_comment 73 64.93954794520549 28.903407714454282 320.365 44.332 62.43305633802816 213
stats: 302 808 3347
stats: 200 812 3538
stats: size_rcv 18613565 81367273
stats: 422 80 405
stats: newphase 0 1
stats: size_sent 972929 4155343
stats: connected 9 31
# stats: dump at 1575447828
stats: users 29 46
stats: {recvpackets,"tsung_controller@ip-172-31-27-70"} 1 1.54e4 0.0 15400 6566 7637.0 7
stats: {sentpackets,"tsung_controller@ip-172-31-27-70"} 1 10147.0 0.0 10147 4183 4807.142857142857 7
stats: {cpu,"tsung_controller@ip-172-31-27-70"} 1 8.207132388861748 0.0 11.490837048043586 1.7839444995044598 4.649073762289116 8
stats: {load,"tsung_controller@ip-172-31-27-70"} 1 0.1015625 0.0 0.16015625 0.01953125 0.06494140625 8
stats: {freemem,"tsung_controller@ip-172-31-27-70"} 1 717.453125 0.0 741.61328125 717.453125 731.11279296875 8
stats: session 323 1051.1933157894737 941.0862612818356 7107.877 287.845 1012.4044788298688 1299
stats: users_count 317 1651
stats: finish_users_count 323 1622
stats: request 1915 54.326661618799015 87.15430345980528 493.702 3.467 58.16009684499319 7290
stats: connect 317 1.9521766561514222 4.296312681415282 162.121 0.628 3.188291320754717 1325
stats: page 868 120.20331682027664 129.0394484642075 564.078 3.55 120.23166600510349 3527
stats: tr_create_post_comment 99 64.66664646464643 34.668893516564545 320.365 44.332 63.07282517482517 286
stats: 302 948 4295
stats: 200 877 4415
stats: size_rcv 19344744 100712017
stats: 422 90 495
stats: newphase 0 1
stats: size_sent 1115211 5270554
stats: connected -2 29
# stats: dump at 1575447838
stats: users 34 46
stats: {recvpackets,"tsung_controller@ip-172-31-27-70"} 1 15978.0 0.0 15978 6566 8607.375 8
stats: {sentpackets,"tsung_controller@ip-172-31-27-70"} 1 10308.0 0.0 10308 4183 5474.625 8
stats: {cpu,"tsung_controller@ip-172-31-27-70"} 1 3.731343283582089 0.0 11.490837048043586 1.7839444995044598 5.0444136096860746 9
stats: {load,"tsung_controller@ip-172-31-27-70"} 1 0.1484375 0.0 0.16015625 0.01953125 0.06901041666666667 9
stats: {freemem,"tsung_controller@ip-172-31-27-70"} 1 717.58984375 0.0 741.61328125 717.453125 729.5950520833334 9
stats: session 273 993.7500036630034 953.3497518565748 7107.877 287.845 1020.1287663378544 1622
stats: users_count 278 1929
stats: finish_users_count 273 1895
stats: connect 282 1.6585744680851067 3.387063843286255 162.121 0.628 2.9496504263093795 1642
stats: page 762 116.18575984251981 126.84053125103972 564.078 3.55 120.22606712172927 4395
stats: request 1641 54.225184034125455 87.2564335429639 493.702 3.467 57.36259239543732 9205
stats: tr_create_post_comment 82 62.42913414634145 29.58160046081801 320.365 44.332 63.48266493506492 385
stats: 302 812 5107
stats: 200 756 5171
stats: size_rcv 17349060 118061077
stats: 422 73 568
stats: newphase 0 1
stats: size_sent 948768 6219322
stats: connected 8 37
# stats: dump at 1575447848
stats: users 30 46
stats: {recvpackets,"tsung_controller@ip-172-31-27-70"} 1 14529.0 0.0 15978 6566 9426.333333333334 9
stats: {sentpackets,"tsung_controller@ip-172-31-27-70"} 1 9178.0 0.0 10308 4183 6011.666666666667 9
stats: {cpu,"tsung_controller@ip-172-31-27-70"} 1 3.8156590683845395 0.0 11.490837048043586 1.7839444995044598 4.913106577075676 10
stats: {load,"tsung_controller@ip-172-31-27-70"} 1 0.19921875 0.0 0.19921875 0.01953125 0.076953125 10
stats: {freemem,"tsung_controller@ip-172-31-27-70"} 1 716.05078125 0.0 741.61328125 716.05078125 728.39453125 10
stats: session 317 1046.3942712933745 961.1180700661134 7107.877 287.845 1016.3285540897095 1895
stats: users_count 313 2242
stats: finish_users_count 317 2212
stats: request 1786 57.9510548712207 88.28777228036681 493.702 3.467 56.887902452517096 10846
stats: connect 307 13.561009771986978 35.97847771018007 190.539 0.628 2.7604178794178797 1924
stats: page 836 123.89129306220104 129.4498616767905 579.689 3.55 119.62907000193917 5157
stats: tr_create_post_comment 81 63.32924691358027 28.694429139086324 320.365 44.332 63.29767665952889 467
stats: 302 852 5959
stats: 200 837 6008
stats: size_rcv 19190023 137251100
stats: 422 97 665
stats: newphase 0 1
stats: size_sent 1029074 7248396
stats: connected -9 28
# stats: dump at 1575447858
stats: users 28 49
stats: {recvpackets,"tsung_controller@ip-172-31-27-70"} 1 15445.0 0.0 15978 6566 9936.6 10
stats: {sentpackets,"tsung_controller@ip-172-31-27-70"} 1 9656.0 0.0 10308 4183 6328.3 10
stats: {cpu,"tsung_controller@ip-172-31-27-70"} 1 7.502420135527589 0.0 11.490837048043586 1.7839444995044598 4.813338621740119 11
stats: {load,"tsung_controller@ip-172-31-27-70"} 1 0.171875 0.0 0.19921875 0.01953125 0.08806818181818182 11
stats: {freemem,"tsung_controller@ip-172-31-27-70"} 1 708.859375 0.0 741.61328125 708.859375 727.2723721590909 11
stats: session 320 992.449612499999 956.0018994019669 7107.877 287.845 1020.6372486437612 2212
stats: users_count 318 2560
stats: finish_users_count 320 2532
stats: request 1834 55.55511395856062 89.0317924257117 493.702 3.458 57.0382183343889 12632
stats: page 844 121.02494905213281 134.60066793044095 593.282 3.55 120.22363340563997 5993
stats: 302 866 6825
stats: connect 317 1.804873817034701 3.190008859966474 190.539 0.628 4.24664903630659 2231
stats: tr_create_post_comment 84 62.9742142857143 27.456294607920768 320.365 43.616 63.30234306569342 548
stats: 200 865 6873
stats: size_rcv 18933463 156184563
stats: 422 103 768
stats: newphase 0 1
stats: size_sent 1060988 8309384
stats: connected -1 27
# stats: dump at 1575447868
stats: users 1 49
stats: {recvpackets,"tsung_controller@ip-172-31-27-70"} 1 15637.0 0.0 15978 6566 10437.363636363636 11
stats: {sentpackets,"tsung_controller@ip-172-31-27-70"} 1 10072.0 0.0 10308 4183 6630.818181818182 11
stats: {cpu,"tsung_controller@ip-172-31-27-70"} 1 8.657587548638132 0.0 11.490837048043586 1.7839444995044598 5.0374287478890745 12
stats: {load,"tsung_controller@ip-172-31-27-70"} 1 0.1484375 0.0 0.19921875 0.01953125 0.09505208333333333 12
stats: {freemem,"tsung_controller@ip-172-31-27-70"} 1 707.390625 0.0 741.61328125 707.390625 725.7379557291666 12
stats: session 215 1136.886651162791 1156.0075027910477 8391.631 287.845 1017.0748301737754 2532
stats: users_count 188 2748
stats: finish_users_count 215 2747
stats: request 1247 54.65468003207696 86.6148110268769 493.702 3.458 56.85019030830919 14466
stats: connect 200 2.262419999999999 4.520039020141308 190.539 0.628 3.9428645996860294 2548
stats: page 572 119.87207517482521 128.7373646141237 593.282 3.55 120.32255258154167 6837
stats: 302 612 7437
stats: tr_create_post_comment 62 69.40953225806453 44.74341353357002 320.365 43.616 63.258731012658224 632
stats: 200 570 7443
stats: size_rcv 12938034 169122597
stats: 422 65 833
stats: newphase 0 1
stats: size_sent 721072 9030456
stats: connected -25 2
# stats: dump at 1575447878
stats: users 81 84
stats: {recvpackets,"tsung_controller@ip-172-31-27-70"} 1 8664.0 0.0 15978 6566 10870.666666666666 12
stats: {sentpackets,"tsung_controller@ip-172-31-27-70"} 1 5521.0 0.0 10308 4183 6917.583333333333 12
stats: {cpu,"tsung_controller@ip-172-31-27-70"} 1 3.998025666337611 0.0 11.490837048043586 1.7839444995044598 5.3159025017928485 13
stats: {load,"tsung_controller@ip-172-31-27-70"} 1 0.19921875 0.0 0.19921875 0.01953125 0.09915865384615384 13
stats: {freemem,"tsung_controller@ip-172-31-27-70"} 1 712.88671875 0.0 741.61328125 707.390625 724.3266225961538 13
stats: session 165 784.7861333333333 779.8632200701609 8391.631 287.845 1026.4521659992715 2747
stats: users_count 245 2993
stats: finish_users_count 165 2912
stats: request 1075 62.42402139534882 93.54913263784704 493.702 3.458 56.67595233246361 15713
stats: page 526 126.1798403041824 136.67910185035922 593.282 3.51 120.28777419354844 7409
stats: 302 450 7887
stats: connect 229 1.859187772925763 2.7816853558391177 190.539 0.628 3.8205614992721992 2748
stats: tr_create_post_comment 37 58.700783783783784 7.688395875762367 320.365 42.547 63.80822622478386 694
stats: 200 558 8001
stats: size_rcv 12344425 181467022
stats: 422 67 900
stats: newphase 1 2
stats: size_sent 605285 9635741
stats: connected 72 74
# stats: dump at 1575447888
stats: users 62 89
stats: {recvpackets,"tsung_controller@ip-172-31-27-70"} 1 15048.0 0.0 15978 6566 10700.923076923076 13
stats: {sentpackets,"tsung_controller@ip-172-31-27-70"} 1 9360.0 0.0 10308 4183 6810.153846153846 13
stats: {cpu,"tsung_controller@ip-172-31-27-70"} 1 9.01922129127649 0.0 11.490837048043586 1.7839444995044598 5.221768442117474 14
stats: {load,"tsung_controller@ip-172-31-27-70"} 1 0.171875 0.0 0.19921875 0.01953125 0.10630580357142858 14
stats: {freemem,"tsung_controller@ip-172-31-27-70"} 1 700.91015625 0.0 741.61328125 700.91015625 723.5094866071429 14
stats: session 666 1023.2107882882884 927.4922600048346 8391.631 285.281 1012.7588640109885 2912
stats: users_count 647 3640
stats: finish_users_count 666 3578
stats: page 1776 124.37415427927925 136.92752744392322 593.282 3.422 120.6783509766856 7935
stats: tr_create_post_comment 170 67.08169411764709 41.83593519649418 332.689 42.547 63.54970998632012 731
stats: 302 1804 9691
stats: request 3799 58.187934456435805 90.66836338405767 493.702 3.337 57.04402323087923 16788
stats: connect 656 2.2024679878048765 3.8786891021857186 190.539 0.599 3.6696865972455504 2977
stats: 200 1791 9792
stats: size_rcv 40311027 221778049
stats: 422 204 1104
stats: newphase 0 2
stats: size_sent 2190125 11825866
stats: connected -11 63
# stats: dump at 1575447898
stats: users 64 89
stats: {recvpackets,"tsung_controller@ip-172-31-27-70"} 1 31937.0 0.0 31937 6566 11011.42857142857 14
stats: {sentpackets,"tsung_controller@ip-172-31-27-70"} 1 20122.0 0.0 20122 4183 6992.285714285715 14
stats: {cpu,"tsung_controller@ip-172-31-27-70"} 1 16.956737941322725 0.0 16.956737941322725 1.7839444995044598 5.474931965394743 15
stats: {load,"tsung_controller@ip-172-31-27-70"} 1 0.30078125 0.0 0.30078125 0.01953125 0.11067708333333333 15
stats: {freemem,"tsung_controller@ip-172-31-27-70"} 1 698.91796875 0.0 741.61328125 698.91796875 722.0028645833333 15
stats: session 581 1085.6616729776272 998.9929141132578 8391.631 285.281 1014.7043591391836 3578
stats: users_count 583 4223
stats: finish_users_count 581 4159
stats: request 3311 58.16283267894889 90.36018636363677 493.702 3.337 57.2551136639627 20587
stats: connect 581 2.1234991394148017 3.697735445355369 190.539 0.461 3.4047552986512533 3633
stats: 302 1571 11262
stats: page 1575 122.89483365079373 134.7177591386099 593.282 3.422 121.35425939656062 9711
stats: tr_create_post_comment 146 66.78995890410957 39.291446318588605 332.689 42.547 64.2161220865705 901
stats: 200 1569 11361
stats: size_rcv 36259116 258037165
stats: 422 171 1275
stats: newphase 0 2
stats: size_sent 1894953 13720819
stats: connected 2 65
# stats: dump at 1575447908
stats: users 57 89
stats: {recvpackets,"tsung_controller@ip-172-31-27-70"} 1 30094.0 0.0 31937 6566 12406.466666666667 15
stats: {sentpackets,"tsung_controller@ip-172-31-27-70"} 1 18968.0 0.0 20122 4183 7867.6 15
stats: {cpu,"tsung_controller@ip-172-31-27-70"} 1 17.745098039215687 0.0 17.745098039215687 1.7839444995044598 6.1925448388902415 16
stats: {load,"tsung_controller@ip-172-31-27-70"} 1 0.48828125 0.0 0.48828125 0.01953125 0.12255859375 16
stats: {freemem,"tsung_controller@ip-172-31-27-70"} 1 701.0078125 0.0 741.61328125 698.91796875 720.56005859375 16
stats: session 650 1081.8924446153862 985.7428151166728 8391.631 285.281 1024.616886030296 4159
stats: users_count 643 4866
stats: finish_users_count 650 4809
stats: request 3724 60.85981552094517 90.97857800890046 493.933 3.337 57.3808755544397 23898
stats: connect 647 14.69122720247297 37.89020903100962 200.968 0.461 3.228103701945895 4214
stats: 302 1752 13014
stats: page 1737 130.39660276338532 136.00189938035365 593.282 3.422 121.56925181640975 11286
stats: tr_create_post_comment 164 71.97946341463424 46.26806497972628 358.073 42.547 64.57503342884434 1047
stats: 200 1761 13122
stats: size_rcv 39434849 297472014
stats: 422 211 1486
stats: newphase 0 2
stats: size_sent 2147064 15867883
stats: connected -9 56
# stats: dump at 1575447918
stats: users 66 89
stats: {recvpackets,"tsung_controller@ip-172-31-27-70"} 1 32226.0 0.0 32226 6566 13511.9375 16
stats: {sentpackets,"tsung_controller@ip-172-31-27-70"} 1 19575.0 0.0 20122 4183 8561.375 16
stats: {cpu,"tsung_controller@ip-172-31-27-70"} 1 17.979700338327696 0.0 17.979700338327696 1.7839444995044598 6.8721067918505625 17
stats: {load,"tsung_controller@ip-172-31-27-70"} 1 0.5703125 0.0 0.5703125 0.01953125 0.1440716911764706 17
stats: {freemem,"tsung_controller@ip-172-31-27-70"} 1 690.8046875 0.0 741.61328125 690.8046875 719.4099264705883 17
stats: session 622 1059.7263118971077 1038.2603241795034 8391.631 285.281 1032.3584358494495 4809
stats: users_count 631 5497
stats: finish_users_count 622 5431
stats: request 3506 59.30483998859102 91.15632670224136 493.933 3.337 57.849906487582345 27622
stats: 302 1606 14620
stats: connect 631 2.27956418383518 4.529661375089784 200.968 0.461 4.753847562229996 4861
stats: page 1676 124.04826312649136 135.33007494898348 593.282 3.422 122.74663863933046 13023
stats: tr_create_post_comment 141 66.4209858156028 40.079576082642625 358.073 42.547 65.57778034682083 1211
stats: 200 1696 14818
stats: size_rcv 38723384 336195398
stats: 422 204 1690
stats: newphase 0 2
stats: size_sent 2000437 17868320
stats: connected 10 66
# stats: dump at 1575447928
stats: users 57 89
stats: {recvpackets,"tsung_controller@ip-172-31-27-70"} 1 31659.0 0.0 32226 6566 14612.764705882353 17
stats: {sentpackets,"tsung_controller@ip-172-31-27-70"} 1 19887.0 0.0 20122 4183 9209.235294117647 17
stats: {cpu,"tsung_controller@ip-172-31-27-70"} 1 18.725490196078432 0.0 18.725490196078432 1.7839444995044598 7.489195322210403 18
stats: {load,"tsung_controller@ip-172-31-27-70"} 1 0.55859375 0.0 0.5703125 0.01953125 0.1677517361111111 18
stats: {freemem,"tsung_controller@ip-172-31-27-70"} 1 699.86328125 0.0 741.61328125 690.8046875 717.8207465277778 18
stats: session 590 1035.9987169491508 986.7868661019726 8391.631 285.281 1035.4928160559757 5431
stats: users_count 581 6078
stats: finish_users_count 590 6021
stats: request 3383 58.5839816730714 90.46893246516181 493.933 3.337 58.013778141865835 31128
stats: connect 583 2.6240017152658677 5.398377599014429 200.968 0.461 4.469566278222872 5492
stats: tr_create_post_comment 153 75.31799346405226 55.157243267254536 358.073 42.547 65.6657181952663 1352
stats: page 1592 124.68774057788961 135.03710653023847 593.282 3.422 122.89505163616573 14699
stats: 302 1624 16244
stats: 200 1585 16403
stats: size_rcv 36763133 372958531
stats: 422 174 1864
stats: newphase 0 2
stats: size_sent 1945119 19813439
stats: connected -9 57
# stats: dump at 1575447938
stats: users 1 89
stats: {recvpackets,"tsung_controller@ip-172-31-27-70"} 1 29803.0 0.0 32226 6566 15559.777777777777 18
stats: {sentpackets,"tsung_controller@ip-172-31-27-70"} 1 18825.0 0.0 20122 4183 9802.444444444445 18
stats: {cpu,"tsung_controller@ip-172-31-27-70"} 1 16.92913385826772 0.0 18.725490196078432 1.7839444995044598 8.080579262940299 19
stats: {load,"tsung_controller@ip-172-31-27-70"} 1 0.55078125 0.0 0.5703125 0.01953125 0.18832236842105263 19
stats: {freemem,"tsung_controller@ip-172-31-27-70"} 1 699.1953125 0.0 741.61328125 690.8046875 716.8756167763158 19
stats: session 448 1148.5752388392873 981.7274823244488 8391.631 285.281 1035.542389470188 6021
stats: users_count 392 6470
stats: finish_users_count 448 6469
stats: request 2442 55.22418673218669 88.16091998800947 493.933 3.337 58.06967332154966 34511
stats: connect 395 2.2556911392405077 4.2951553457174905 200.968 0.461 4.292452839506175 6075
stats: page 1126 120.36739076376544 132.25274371795558 593.282 3.422 123.07023798416306 16291
stats: tr_create_post_comment 116 61.25029310344826 23.98636731167607 358.073 42.547 66.64697940199338 1505
stats: 302 1187 17431
stats: 200 1127 17530
stats: size_rcv 25079652 398038183
stats: 422 128 1992
stats: newphase 0 2
stats: size_sent 1417771 21231210
stats: connected -56 1
# stats: dump at 1575447948
stats: users 108 136
stats: {recvpackets,"tsung_controller@ip-172-31-27-70"} 1 17629.0 0.0 32226 6566 16309.421052631578 19
stats: {sentpackets,"tsung_controller@ip-172-31-27-70"} 1 11390.0 0.0 20122 4183 10277.315789473685 19
stats: {cpu,"tsung_controller@ip-172-31-27-70"} 1 11.045364891518737 0.0 18.725490196078432 1.7839444995044598 8.52300699270667 20
stats: {load,"tsung_controller@ip-172-31-27-70"} 1 0.46875 0.0 0.5703125 0.01953125 0.2064453125 20
stats: {freemem,"tsung_controller@ip-172-31-27-70"} 1 705.63671875 0.0 741.61328125 690.8046875 715.9916015625 20
stats: session 342 770.749190058479 586.7776519483253 8391.631 285.281 1043.3702943267897 6469
stats: users_count 449 6919
stats: finish_users_count 342 6811
stats: request 2152 77.52999442379189 108.97678022405852 809.901 3.337 57.881632343788056 36953
stats: 302 886 18317
stats: connect 447 2.352874720357945 4.424806591403698 200.968 0.461 4.168106491499229 6470
stats: page 1062 155.93952259887016 172.0066119866861 977.605 3.422 122.89550031578345 17417
stats: tr_create_post_comment 66 137.1379696969697 128.27055454992208 590.769 41.052 66.26078840222087 1621
stats: 200 1122 18652
stats: size_rcv 25311980 423350163
stats: 422 145 2137
stats: newphase 1 3
stats: size_sent 1205024 22436234
stats: connected 105 106
# stats: dump at 1575447958
stats: users 124 153
stats: {recvpackets,"tsung_controller@ip-172-31-27-70"} 1 27558.0 0.0 32226 6566 16375.4 20
stats: {sentpackets,"tsung_controller@ip-172-31-27-70"} 1 16668.0 0.0 20122 4183 10332.95 20
stats: {cpu,"tsung_controller@ip-172-31-27-70"} 1 12.72907379891035 0.0 18.725490196078432 1.7839444995044598 8.643119273602483 21
stats: {load,"tsung_controller@ip-172-31-27-70"} 1 0.55859375 0.0 0.5703125 0.01953125 0.21893601190476192 21
stats: {freemem,"tsung_controller@ip-172-31-27-70"} 1 677.50390625 0.0 741.61328125 677.50390625 715.4985119047619 21
stats: session 1153 1035.0754527320055 832.5773479410121 8391.631 285.281 1029.6812005579213 6811
stats: users_count 1169 8088
stats: finish_users_count 1153 7964
stats: request 6277 69.31860602198486 101.35506100878592 809.901 3.319 58.96290776115586 39105
stats: connect 1115 2.4006421524663684 4.09532787785082 200.968 0.461 4.05080005782854 6917
stats: page 3011 143.92678013948805 158.62854599841424 977.605 3.319 124.79456150224583 18479
stats: tr_create_post_comment 268 106.0712611940299 104.16508361658279 753.846 41.052 69.03369531713102 1687
stats: 302 2980 21297
stats: 200 2992 21644
stats: size_rcv 68601071 491951234
stats: 422 306 2443
stats: newphase 0 3
stats: size_sent 3600265 26036499
stats: connected 18 124
# stats: dump at 1575447968
stats: users 140 186
stats: {recvpackets,"tsung_controller@ip-172-31-27-70"} 1 60244.0 0.0 60244 6566 16907.904761904763 21
stats: {sentpackets,"tsung_controller@ip-172-31-27-70"} 1 3.64e4 0.0 36400 4183 10634.619047619048 21
stats: {cpu,"tsung_controller@ip-172-31-27-70"} 1 31.166912850812405 0.0 31.166912850812405 1.7839444995044598 8.828844479298295 22
stats: {load,"tsung_controller@ip-172-31-27-70"} 1 0.46875 0.0 0.5703125 0.01953125 0.234375 22
stats: {freemem,"tsung_controller@ip-172-31-27-70"} 1 672.984375 0.0 741.61328125 672.984375 713.771484375 22
stats: session 1195 1154.6439765690375 929.0445953731182 8391.631 285.281 1030.4621614766454 7964
stats: users_count 1211 9299
stats: finish_users_count 1195 9159
stats: request 6746 85.78550044470812 119.0606462900393 1038.959 3.319 60.3952535807148 45382
stats: 302 3168 24465
stats: connect 1205 15.534717842323612 40.174638820614916 212.169 0.461 3.821725597609563 8032
stats: page 3231 179.26700866604813 199.55842580167308 1412.009 3.319 127.47520879478822 21490
stats: tr_create_post_comment 286 155.66485314685318 170.70305597927575 1173.074 40.102 74.11096777493609 1955
stats: 200 3211 24855
stats: size_rcv 74844763 566795997
stats: 422 365 2808
stats: newphase 0 3
stats: size_sent 3855752 29892251
stats: connected 17 141
# stats: dump at 1575447978
stats: users 138 186
stats: {recvpackets,"tsung_controller@ip-172-31-27-70"} 1 62750.0 0.0 62750 6566 18877.727272727272 22
stats: {sentpackets,"tsung_controller@ip-172-31-27-70"} 1 37155.0 0.0 37155 4183 11805.772727272728 22
stats: {cpu,"tsung_controller@ip-172-31-27-70"} 1 30.754162585700296 0.0 31.166912850812405 1.7839444995044598 9.80006484327717 23
stats: {load,"tsung_controller@ip-172-31-27-70"} 1 0.55859375 0.0 0.5703125 0.01953125 0.24456521739130435 23
stats: {freemem,"tsung_controller@ip-172-31-27-70"} 1 658.27734375 0.0 741.61328125 658.27734375 711.9981317934783 23
stats: session 1208 1143.9135066225158 940.2558807541252 8391.631 285.281 1046.6645055137028 9159
stats: users_count 1206 10505
stats: finish_users_count 1208 10367
stats: request 6979 72.21091230835343 106.6002715600861 1038.959 3.224 63.681061694290975 52128
stats: connect 1211 2.7836366639141223 5.411293664318758 212.169 0.461 5.349727725451983 9237
stats: page 3299 153.1932215822978 173.06291397173914 1412.009 3.319 134.24432433963028 24721
stats: tr_create_post_comment 317 117.69267192429035 103.00079720725884 1173.074 40.102 84.519004908523 2241
stats: 302 3349 27814
stats: 200 3280 28135
stats: size_rcv 74235241 641031238
stats: 422 350 3158
stats: newphase 0 3
stats: size_sent 4015779 33908030
stats: connected -14 127
# stats: dump at 1575447988
stats: users 118 186
stats: {recvpackets,"tsung_controller@ip-172-31-27-70"} 1 61776.0 0.0 62750 6566 20785.217391304348 23
stats: {sentpackets,"tsung_controller@ip-172-31-27-70"} 1 37484.0 0.0 37484 4183 12907.91304347826 23
stats: {cpu,"tsung_controller@ip-172-31-27-70"} 1 33.300970873786405 0.0 33.300970873786405 1.7839444995044598 10.673152249211467 24
stats: {load,"tsung_controller@ip-172-31-27-70"} 1 0.46875 0.0 0.5703125 0.01953125 0.2576497395833333 24
stats: {freemem,"tsung_controller@ip-172-31-27-70"} 1 654.9453125 0.0 741.61328125 654.9453125 709.759765625 24
stats: session 1176 1124.6930654761888 1007.3661021739633 9030.324 285.281 1057.996307707148 10367
stats: users_count 1156 11661
stats: finish_users_count 1176 11543
stats: connect 1166 3.50906603773585 29.935848652442616 1010.0 0.461 5.052298908882079 10448
stats: page 3163 152.74815365159645 171.433582544818 1412.009 3.319 136.47531691648825 28020
stats: request 6831 70.53244956814527 105.49295649617139 1140.562 3.195 64.68821528752937 59107
stats: tr_create_post_comment 320 121.30184687500002 116.91807185503197 1173.074 40.102 88.63004964816267 2558
stats: 302 3276 31090
stats: 200 3193 31328
stats: size_rcv 71411306 712442544
stats: 422 363 3521
stats: newphase 0 3
stats: size_sent 3946503 37854533
stats: connected -22 105
# stats: dump at 1575447998
stats: users 126 217
stats: {recvpackets,"tsung_controller@ip-172-31-27-70"} 1 59086.0 0.0 62750 6566 22493.166666666668 24
stats: {sentpackets,"tsung_controller@ip-172-31-27-70"} 1 36046.0 0.0 37484 4183 13931.916666666666 24
stats: {cpu,"tsung_controller@ip-172-31-27-70"} 1 30.859950859950857 0.0 33.300970873786405 1.7839444995044598 11.578264994194464 25
stats: {load,"tsung_controller@ip-172-31-27-70"} 1 0.48046875 0.0 0.5703125 0.01953125 0.26609375 25
stats: {freemem,"tsung_controller@ip-172-31-27-70"} 1 660.0859375 0.0 741.61328125 654.9453125 707.5671875 25
stats: session 1217 1157.4778233360726 894.4299069594935 9030.324 285.281 1064.791368535043 11543
stats: users_count 1225 12886
stats: finish_users_count 1217 12760
stats: connect 1223 2.2873058053965685 4.196325066273907 1010.0 0.461 4.897364387807816 11614
stats: page 3327 173.17227382025823 204.02117778282326 1456.224 3.319 138.12592726806272 31183
stats: tr_create_post_comment 317 170.44753312302848 190.32658842552712 1456.303 39.689 92.26277206393331 2878
stats: 302 3377 34467
stats: request 6983 82.4973199198052 120.2233890956877 1166.406 3.05 65.29366228881675 65938
stats: 200 3284 34612
stats: size_rcv 75082671 787525215
stats: 422 322 3843
stats: newphase 0 3
stats: size_sent 4018137 41872670
stats: connected 12 117
# stats: dump at 1575448008
stats: users 2 217
stats: {recvpackets,"tsung_controller@ip-172-31-27-70"} 1 63049.0 0.0 63049 6566 23956.88 25
stats: {sentpackets,"tsung_controller@ip-172-31-27-70"} 1 38037.0 0.0 38037 4183 14816.48 25
stats: {cpu,"tsung_controller@ip-172-31-27-70"} 1 32.28346456692913 0.0 33.300970873786405 1.7839444995044598 12.319868296723557 26
stats: {load,"tsung_controller@ip-172-31-27-70"} 1 0.6484375 0.0 0.6484375 0.01953125 0.2743389423076923 26
stats: {freemem,"tsung_controller@ip-172-31-27-70"} 1 649.5078125 0.0 741.61328125 649.5078125 705.7409855769231 26
stats: session 896 1273.775588169641 1103.3811557742858 10151.202 285.281 1073.6314481191223 12760
stats: users_count 772 13658
stats: finish_users_count 896 13656
stats: connect 821 2.8020133982947617 4.670090029681009 1010.0 0.461 4.6487002414894425 12837
stats: request 5115 70.9769071358749 107.37655673460765 1166.406 3.05 66.94110460635481 72921
stats: page 2349 155.37975180928012 174.50658722410859 1456.224 3.144 141.50463474355257 34510
stats: tr_create_post_comment 246 110.8651585365853 110.65254139379607 1456.303 39.689 100.02007073552429 3195
stats: 302 2498 36965
stats: 200 2347 36959
stats: size_rcv 52886498 840411713
stats: 422 269 4112
stats: newphase 0 3
stats: size_sent 2963706 44836376
stats: connected -114 3
# stats: dump at 1575448010
stats: users 0 217
stats: {recvpackets,"tsung_controller@ip-172-31-27-70"} 1 35003.0 0.0 63049 6566 25460.423076923078 26
stats: {sentpackets,"tsung_controller@ip-172-31-27-70"} 1 21365.0 0.0 38037 4183 15709.576923076924 26
stats: {cpu,"tsung_controller@ip-172-31-27-70"} 1 18.551587301587304 0.0 33.300970873786405 1.7839444995044598 13.059260751175614 27
stats: {load,"tsung_controller@ip-172-31-27-70"} 1 0.55078125 0.0 0.6484375 0.01953125 0.2881944444444444 27
stats: {freemem,"tsung_controller@ip-172-31-27-70"} 1 670.1953125 0.0 741.61328125 649.5078125 703.6582754629629 27
stats: session 2 5085.9895 562.1144999999999 10151.202 285.281 1086.7633424868188 13656
stats: users_count 0 13658
stats: finish_users_count 2 13658
stats: request 14 11.600857142857143 9.382196794667951 1166.406 3.05 67.20563802603925 78036
stats: 302 11 36976
stats: connect 0 0 0 1010.0 0.461 4.537693512959436 13658
stats: tr_create_post_comment 2 53.887 8.116999999999997 1456.303 39.689 100.79539523394364 3441
stats: page 3 54.48733333333333 6.713432521610851 1456.224 3.144 142.38888689329602 36859
stats: 200 3 36962
stats: size_rcv 32739 840444452
stats: 422 0 4112
stats: newphase 0 3
stats: size_sent 10137 44846513
stats: connected -3 0
EndMonitor:{1575,448010,579806}