# stats: dump at 1575267757
stats: users 10 15
stats: {cpu,"tsung_controller@ip-172-31-24-232"} 1 5.032204797644449 0 5.032204797644449 5.032204797644449 0 0
stats: {freemem,"tsung_controller@ip-172-31-24-232"} 1 780.91015625 0 780.91015625 780.91015625 0 0
stats: {load,"tsung_controller@ip-172-31-24-232"} 1 0.0 0 0.0 0.0 0 0
stats: session 55 1107.7215272727276 679.6733186602853 4100.14 295.142 0 0
stats: users_count 65 65
stats: finish_users_count 55 55
stats: request 379 47.389717678100304 79.54532615476569 308.139 2.976 0 0
stats: connect 60 3.4646999999999983 8.097781303748166 40.075 0.712 0 0
stats: page 170 105.75708823529419 118.59891073891413 382.884 3.671 0 0
stats: tr_create_post_comment 30 57.26713333333335 16.483519730796445 107.334 35.505 0 0
stats: 302 230 230
stats: 200 149 149
stats: size_rcv 3919392 3919392
stats: size_sent 223364 223364
stats: connected 9 9
# stats: dump at 1575267767
stats: users 11 15
stats: {cpu,"tsung_controller@ip-172-31-24-232"} 1 1.6409746394828444 0.0 5.032204797644449 1.6409746394828444 5.032204797644449 1
stats: {freemem,"tsung_controller@ip-172-31-24-232"} 1 773.89453125 0.0 780.91015625 773.89453125 780.91015625 1
stats: {load,"tsung_controller@ip-172-31-24-232"} 1 0.0 0.0 0.0 0.0 0.0 1
stats: {recvpackets,"tsung_controller@ip-172-31-24-232"} 1 3863 0 3863 3863 0 0
stats: {sentpackets,"tsung_controller@ip-172-31-24-232"} 1 2458 0 2458 2458 0 0
stats: session 69 1310.4950579710146 827.2196551684509 4100.14 276.009 1107.7215272727276 55
stats: users_count 70 135
stats: finish_users_count 69 124
stats: request 454 43.949213656387656 76.52713094929797 308.139 2.784 47.389717678100304 379
stats: connect 71 1.9245915492957744 4.710042966753169 40.075 0.708 3.4646999999999983 60
stats: page 213 93.76998591549295 109.71238174878172 382.884 3.48 105.75708823529419 170
stats: tr_create_post_comment 34 48.40667647058824 13.316148881804661 107.334 31.116 57.26713333333335 30
stats: 302 278 508
stats: 200 176 325
stats: size_rcv 4743749 8663141
stats: size_sent 266905 490269
stats: connected 0 9
# stats: dump at 1575267777
stats: users 14 18
stats: {cpu,"tsung_controller@ip-172-31-24-232"} 1 1.9782393669634024 0.0 5.032204797644449 1.6409746394828444 3.336589718563647 2
stats: {freemem,"tsung_controller@ip-172-31-24-232"} 1 772.56640625 0.0 780.91015625 772.56640625 777.40234375 2
stats: {load,"tsung_controller@ip-172-31-24-232"} 1 0.0 0.0 0.0 0.0 0.0 2
stats: {recvpackets,"tsung_controller@ip-172-31-24-232"} 1 3786.0 0.0 3863 3786 3863.0 1
stats: {sentpackets,"tsung_controller@ip-172-31-24-232"} 1 2402.0 0.0 2458 2402 2458.0 1
stats: session 78 1395.204910256411 1120.8638878346355 5792.379 260.123 1220.5551854838711 124
stats: users_count 81 216
stats: finish_users_count 78 202
stats: request 511 43.33350293542073 75.97666929247666 308.139 2.784 45.51458103241298 833
stats: connect 80 2.4181625 6.579017668778048 40.075 0.684 2.629984732824427 131
stats: page 237 93.53535021097048 108.90097083792571 382.884 3.478 99.09063185378594 383
stats: tr_create_post_comment 39 49.01815384615385 7.755812911942197 107.334 31.116 52.560015625000005 64
stats: 302 313 821
stats: 200 198 523
stats: size_rcv 5419308 14082449
stats: size_sent 300088 790357
stats: connected 2 11
# stats: dump at 1575267787
stats: users 11 18
stats: {cpu,"tsung_controller@ip-172-31-24-232"} 1 1.3412816691505216 0.0 5.032204797644449 1.3412816691505216 2.883806268030232 3
stats: {freemem,"tsung_controller@ip-172-31-24-232"} 1 767.40625 0.0 780.91015625 767.40625 775.7903645833334 3
stats: {load,"tsung_controller@ip-172-31-24-232"} 1 0.0 0.0 0.0 0.0 0.0 3
stats: {recvpackets,"tsung_controller@ip-172-31-24-232"} 1 4251.0 0.0 4251 3786 3824.5 2
stats: {sentpackets,"tsung_controller@ip-172-31-24-232"} 1 2676.0 0.0 2676 2402 2430.0 2
stats: session 80 1259.1327124999998 947.4883318889763 5792.379 260.123 1287.9941881188124 202
stats: users_count 77 293
stats: finish_users_count 80 282
stats: request 512 47.13518359375003 78.25791913448295 308.139 2.784 44.68531696428572 1344
stats: connect 78 24.700243589743593 55.07515152118685 220.312 0.63 2.5496729857819904 211
stats: page 237 101.92675105485226 108.8109633027025 382.884 3.282 96.96708064516132 620
stats: tr_create_post_comment 39 46.90451282051282 8.604806980572693 107.334 31.116 51.218922330097094 103
stats: 302 315 1136
stats: 200 197 720
stats: size_rcv 5346062 19428511
stats: size_sent 300453 1090810
stats: connected -1 10
# stats: dump at 1575267797
stats: users 12 19
stats: {cpu,"tsung_controller@ip-172-31-24-232"} 1 1.4895729890764648 0.0 5.032204797644449 1.3412816691505216 2.4981751183103045 4
stats: {freemem,"tsung_controller@ip-172-31-24-232"} 1 772.015625 0.0 780.91015625 767.40625 773.6943359375 4
stats: {load,"tsung_controller@ip-172-31-24-232"} 1 0.0 0.0 0.0 0.0 0.0 4
stats: {recvpackets,"tsung_controller@ip-172-31-24-232"} 1 4246.0 0.0 4251 3786 3966.6666666666665 3
stats: {sentpackets,"tsung_controller@ip-172-31-24-232"} 1 2734.0 0.0 2734 2402 2512.0 3
stats: session 88 1265.4407159090918 1142.8484824046004 6927.722 260.123 1279.8065354609932 282
stats: users_count 89 382
stats: finish_users_count 88 370
stats: request 590 41.72252033898311 74.79541463160692 308.139 2.767 45.361142241379326 1856
stats: connect 90 3.4162888888888863 16.624242926283852 220.312 0.612 8.528027681660902 289
stats: page 268 91.95114925373137 107.9546658506845 382.884 3.282 98.33865810968496 857
stats: tr_create_post_comment 47 47.02700000000001 9.636165618636241 107.334 31.116 50.03397887323944 142
stats: 302 366 1502
stats: 200 224 944
stats: size_rcv 5893594 25322105
stats: size_sent 350636 1441446
stats: connected -1 9
# stats: dump at 1575267807
stats: users 10 19
stats: {cpu,"tsung_controller@ip-172-31-24-232"} 1 1.2413108242303872 0.0 5.032204797644449 1.2413108242303872 2.2964546924635365 5
stats: {freemem,"tsung_controller@ip-172-31-24-232"} 1 774.078125 0.0 780.91015625 767.40625 773.35859375 5
stats: {load,"tsung_controller@ip-172-31-24-232"} 1 0.0 0.0 0.0 0.0 0.0 5
stats: {recvpackets,"tsung_controller@ip-172-31-24-232"} 1 4803.0 0.0 4803 3786 4036.5 4
stats: {sentpackets,"tsung_controller@ip-172-31-24-232"} 1 3063.0 0.0 3063 2402 2567.5 4
stats: session 83 1420.9829638554215 1039.6424266901363 6927.722 260.123 1276.3898000000004 370
stats: users_count 81 463
stats: finish_users_count 83 453
stats: request 505 44.75229306930693 77.14879383251001 308.139 2.767 44.48346974652497 2446
stats: connect 82 1.5734146341463409 2.48660567426724 220.312 0.612 7.314158311345649 379
stats: page 240 94.2591833333334 110.42040019134319 382.884 3.174 96.81701155555558 1125
stats: tr_create_post_comment 37 54.09635135135136 34.800403648028876 258.749 31.116 49.28621164021165 189
stats: 302 306 1808
stats: 200 199 1143
stats: size_rcv 5469151 30791256
stats: size_sent 295441 1736887
stats: connected 4 13
# stats: dump at 1575267817
stats: users 19 27
stats: {cpu,"tsung_controller@ip-172-31-24-232"} 1 1.3333333333333335 0.0 5.032204797644449 1.2413108242303872 2.1205973810913448 6
stats: {freemem,"tsung_controller@ip-172-31-24-232"} 1 774.203125 0.0 780.91015625 767.40625 773.478515625 6
stats: {load,"tsung_controller@ip-172-31-24-232"} 1 0.0 0.0 0.0 0.0 0.0 6
stats: {recvpackets,"tsung_controller@ip-172-31-24-232"} 1 4293.0 0.0 4803 3786 4189.8 5
stats: {sentpackets,"tsung_controller@ip-172-31-24-232"} 1 2686.0 0.0 3063 2402 2666.6 5
stats: session 70 999.507342857143 597.2770328631402 6927.722 260.123 1302.8825871964684 453
stats: users_count 79 542
stats: finish_users_count 70 523
stats: request 487 46.018759753593464 77.93595660789612 308.139 2.767 44.529473059979686 2951
stats: connect 78 3.094038461538461 7.483725002214944 220.312 0.612 6.293028199566162 461
stats: page 222 99.12172972972976 109.93118199918425 382.884 3.174 96.36728351648357 1365
stats: tr_create_post_comment 37 51.35689189189188 12.704680922386991 258.749 31.116 50.07371238938054 226
stats: 302 294 2102
stats: 200 193 1336
stats: size_rcv 5155607 35946863
stats: newphase 1 1
stats: size_sent 284937 2021824
stats: connected 12 25
# stats: dump at 1575267827
stats: users 33 35
stats: {cpu,"tsung_controller@ip-172-31-24-232"} 1 3.0617283950617287 0.0 5.032204797644449 1.2413108242303872 2.008131088554486 7
stats: {freemem,"tsung_controller@ip-172-31-24-232"} 1 768.515625 0.0 780.91015625 767.40625 773.58203125 7
stats: {load,"tsung_controller@ip-172-31-24-232"} 1 0.0 0.0 0.0 0.0 0.0 7
stats: {recvpackets,"tsung_controller@ip-172-31-24-232"} 1 4947.0 0.0 4947 3786 4207.0 6
stats: {sentpackets,"tsung_controller@ip-172-31-24-232"} 1 3101.0 0.0 3101 2402 2669.8333333333335 6
stats: session 167 1241.3576167664687 896.0309203761956 6927.722 260.123 1262.2778699808798 523
stats: users_count 181 723
stats: finish_users_count 167 690
stats: request 1145 44.48778951965065 76.63490724215826 446.883 2.767 44.7404336823735 3438
stats: connect 181 2.7515082872928196 5.22773286443225 220.312 0.612 5.83009461966605 539
stats: page 530 97.03729811320753 111.89433622615695 464.168 3.174 96.75259357277886 1587
stats: tr_create_post_comment 88 52.423579545454544 8.253315875950586 258.749 31.116 50.25423574144487 263
stats: 302 699 2801
stats: 200 446 1782
stats: size_rcv 11906064 47852927
stats: newphase 0 1
stats: size_sent 674145 2695969
stats: connected 9 34
# stats: dump at 1575267837
stats: users 20 35
stats: {cpu,"tsung_controller@ip-172-31-24-232"} 1 4.832347140039447 0.0 5.032204797644449 1.2413108242303872 2.1398307518678914 8
stats: {freemem,"tsung_controller@ip-172-31-24-232"} 1 769.125 0.0 780.91015625 767.40625 772.94873046875 8
stats: {load,"tsung_controller@ip-172-31-24-232"} 1 0.0 0.0 0.0 0.0 0.0 8
stats: {recvpackets,"tsung_controller@ip-172-31-24-232"} 1 9968.0 0.0 9968 3786 4312.714285714285 7
stats: {sentpackets,"tsung_controller@ip-172-31-24-232"} 1 6356.0 0.0 6356 2402 2731.4285714285716 7
stats: session 193 1394.7117979274603 1207.4852386564517 8608.36 260.123 1257.2145623188412 690
stats: users_count 180 903
stats: finish_users_count 193 883
stats: request 1234 41.7300964343598 74.87741199586813 446.883 2.766 44.677313986471766 4583
stats: connect 176 2.2153977272727263 4.761635796178598 220.312 0.596 5.056172222222224 720
stats: page 551 93.55298366606165 108.49614961322118 464.168 2.815 96.82387057156356 2117
stats: tr_create_post_comment 100 47.55781999999999 10.76372791590349 258.749 31.116 50.79811680911682 351
stats: 302 775 3576
stats: 200 459 2241
stats: size_rcv 12429693 60282620
stats: newphase 0 1
stats: size_sent 732231 3428200
stats: connected -16 18
# stats: dump at 1575267847
stats: users 17 35
stats: {cpu,"tsung_controller@ip-172-31-24-232"} 1 4.68210941350419 0.0 5.032204797644449 1.2413108242303872 2.4389992394425084 9
stats: {freemem,"tsung_controller@ip-172-31-24-232"} 1 768.953125 0.0 780.91015625 767.40625 772.5238715277778 9
stats: {load,"tsung_controller@ip-172-31-24-232"} 1 0.0 0.0 0.0 0.0 0.0 9
stats: {recvpackets,"tsung_controller@ip-172-31-24-232"} 1 9391.0 0.0 9968 3786 5019.625 8
stats: {sentpackets,"tsung_controller@ip-172-31-24-232"} 1 6.0e3 0.0 6356 2402 3184.5 8
stats: session 134 1251.4817537313422 857.1426497414868 8608.36 260.123 1287.2677519818803 883
stats: users_count 131 1034
stats: finish_users_count 134 1017
stats: request 847 47.453505312868906 79.34299198110973 446.883 2.766 44.052100567302745 5817
stats: connect 138 21.416442028985514 53.61657111230485 242.883 0.596 4.498162946428573 896
stats: page 404 98.48256683168317 110.01188307467801 476.209 2.815 96.14836131934034 2668
stats: tr_create_post_comment 62 50.1261129032258 10.055726627319476 258.749 31.116 50.07964745011087 451
stats: 302 516 4092
stats: 200 331 2572
stats: size_rcv 8906227 69188847
stats: newphase 0 1
stats: size_sent 497622 3925822
stats: connected 3 21
# stats: dump at 1575267857
stats: users 13 35
stats: {cpu,"tsung_controller@ip-172-31-24-232"} 1 3.399014778325123 0.0 5.032204797644449 1.2413108242303872 2.6633102568486766 10
stats: {freemem,"tsung_controller@ip-172-31-24-232"} 1 768.39453125 0.0 780.91015625 767.40625 772.166796875 10
stats: {load,"tsung_controller@ip-172-31-24-232"} 1 0.0 0.0 0.0 0.0 0.0 10
stats: {recvpackets,"tsung_controller@ip-172-31-24-232"} 1 7116.0 0.0 9968 3786 5505.333333333333 9
stats: {sentpackets,"tsung_controller@ip-172-31-24-232"} 1 4531.0 0.0 6356 2402 3497.3333333333335 9
stats: session 162 1220.9572037037035 1000.392436273868 8608.36 260.123 1282.552586037365 1017
stats: users_count 158 1192
stats: finish_users_count 162 1179
stats: request 1020 43.383889215686295 76.09200005007148 446.883 2.766 44.484421968787515 6664
stats: connect 156 2.2339294871794855 4.853875009103789 242.883 0.596 6.756115087040621 1034
stats: page 477 93.79128721174006 109.5260679548921 476.209 2.815 96.45533365885417 3072
stats: tr_create_post_comment 77 47.47766233766235 10.73402476484091 258.749 31.116 50.08526315789474 513
stats: 302 627 4719
stats: 200 393 2965
stats: size_rcv 10890182 80079029
stats: newphase 0 1
stats: size_sent 597615 4523437
stats: connected -5 16
# stats: dump at 1575267867
stats: users 18 35
stats: {cpu,"tsung_controller@ip-172-31-24-232"} 1 4.733727810650888 0.0 5.032204797644449 1.2413108242303872 2.730192486073808 11
stats: {freemem,"tsung_controller@ip-172-31-24-232"} 1 768.390625 0.0 780.91015625 767.40625 771.8238636363636 11
stats: {load,"tsung_controller@ip-172-31-24-232"} 1 0.0 0.0 0.0 0.0 0.0 11
stats: {recvpackets,"tsung_controller@ip-172-31-24-232"} 1 8797.0 0.0 9968 3786 5666.4 10
stats: {sentpackets,"tsung_controller@ip-172-31-24-232"} 1 5592.0 0.0 6356 2402 3600.7 10
stats: session 151 1200.2986092715234 965.8588974546528 8608.36 260.123 1274.0890983884651 1179
stats: users_count 156 1348
stats: finish_users_count 151 1330
stats: request 1026 43.17134307992204 76.16431850472836 446.883 2.766 44.33833355023426 7684
stats: connect 155 2.8378709677419343 7.254773541926792 242.883 0.596 6.163290756302523 1190
stats: page 463 95.28809503239741 109.0543073823264 476.209 2.815 96.09727500704425 3549
stats: tr_create_post_comment 81 49.01004938271604 25.13960447791897 260.978 31.116 49.74494915254238 590
stats: 302 634 5353
stats: 200 392 3357
stats: size_rcv 10509937 90588966
stats: newphase 0 1
stats: size_sent 605546 5128983
stats: connected 3 19
# stats: dump at 1575267877
stats: users 0 35
stats: {cpu,"tsung_controller@ip-172-31-24-232"} 1 2.7722772277227725 0.0 5.032204797644449 1.2413108242303872 2.897153763121898 12
stats: {freemem,"tsung_controller@ip-172-31-24-232"} 1 768.62890625 0.0 780.91015625 767.40625 771.5377604166666 12
stats: {load,"tsung_controller@ip-172-31-24-232"} 1 0.0 0.0 0.0 0.0 0.0 12
stats: {recvpackets,"tsung_controller@ip-172-31-24-232"} 1 8359.0 0.0 9968 3786 5951.0 11
stats: {sentpackets,"tsung_controller@ip-172-31-24-232"} 1 5305.0 0.0 6356 2402 3781.7272727272725 11
stats: session 94 1359.8372872340428 1307.4239838622375 9629.167 260.123 1265.711381203008 1330
stats: users_count 76 1424
stats: finish_users_count 94 1424
stats: connect 79 2.782670886075949 6.206071124558309 242.883 0.596 5.7800639405204475 1345
stats: request 541 42.158086876155245 75.00127290824817 446.883 2.766 44.200867164179115 8710
stats: page 260 88.64941923076925 107.66111221558748 476.209 2.815 96.00389257228316 4012
stats: tr_create_post_comment 40 47.332325000000004 7.131514637114265 260.978 31.116 49.65623546944859 671
stats: 302 339 5692
stats: 200 202 3559
stats: size_rcv 5816892 96405858
stats: newphase 0 1
stats: size_sent 317736 5446719
stats: connected -19 0
# stats: dump at 1575267887
stats: users 42 52
stats: {cpu,"tsung_controller@ip-172-31-24-232"} 1 1.5888778550148956 0.0 5.032204797644449 1.2413108242303872 2.887547875783504 13
stats: {freemem,"tsung_controller@ip-172-31-24-232"} 1 768.515625 0.0 780.91015625 767.40625 771.3140024038462 13
stats: {load,"tsung_controller@ip-172-31-24-232"} 1 0.0 0.0 0.0 0.0 0.0 13
stats: {recvpackets,"tsung_controller@ip-172-31-24-232"} 1 4550.0 0.0 9968 3786 6151.666666666667 12
stats: {sentpackets,"tsung_controller@ip-172-31-24-232"} 1 2841.0 0.0 6356 2402 3908.6666666666665 12
stats: session 265 1166.1536 877.4422019562795 9629.167 260.123 1271.9247485955061 1424
stats: users_count 307 1731
stats: finish_users_count 265 1689
stats: request 1731 47.569724436741886 79.72319471066369 454.24 2.766 44.08140503729327 9251
stats: connect 299 2.486732441471572 6.226733992715432 242.883 0.532 5.613775983146069 1424
stats: page 853 96.61081477139513 112.15789732849728 482.916 2.815 95.55628885767791 4272
stats: tr_create_post_comment 117 52.10819658119661 26.609669868298205 304.027 31.116 49.525495077355835 711
stats: 302 1022 6714
stats: 200 709 4268
stats: size_rcv 19788003 116193861
stats: newphase 1 2
stats: size_sent 997452 6444171
stats: connected 38 38
# stats: dump at 1575267897
stats: users 36 53
stats: {cpu,"tsung_controller@ip-172-31-24-232"} 1 5.824284304047384 0.0 5.824284304047384 1.2413108242303872 2.794785731442889 14
stats: {freemem,"tsung_controller@ip-172-31-24-232"} 1 760.1640625 0.0 780.91015625 760.1640625 771.1141183035714 14
stats: {load,"tsung_controller@ip-172-31-24-232"} 1 0.0 0.0 0.0 0.0 0.0 14
stats: {recvpackets,"tsung_controller@ip-172-31-24-232"} 1 17204.0 0.0 17204 3786 6028.461538461538 13
stats: {sentpackets,"tsung_controller@ip-172-31-24-232"} 1 10844.0 0.0 10844 2402 3826.5384615384614 13
stats: session 328 1286.6951189024383 953.226421145575 9629.167 260.123 1255.3295121373596 1689
stats: users_count 322 2053
stats: finish_users_count 328 2017
stats: connect 326 2.5074969325153367 4.763888578786752 242.883 0.532 5.071125943122462 1723
stats: tr_create_post_comment 175 54.41063428571426 26.831867074655232 304.027 31.054 49.89044202898552 828
stats: request 2192 44.605794708029265 76.95872090198912 454.24 2.766 44.631239391731945 10982
stats: 302 1360 8074
stats: page 986 99.24841582150103 114.16543659247496 516.99 2.815 95.73180312195124 5125
stats: 200 832 5100
stats: size_rcv 22175599 138369460
stats: newphase 0 2
stats: size_sent 1296880 7741051
stats: connected -3 35
# stats: dump at 1575267907
stats: users 44 53
stats: {cpu,"tsung_controller@ip-172-31-24-232"} 1 6.451612903225806 0.0 6.451612903225806 1.2413108242303872 2.9967523029498553 15
stats: {freemem,"tsung_controller@ip-172-31-24-232"} 1 756.05078125 0.0 780.91015625 756.05078125 770.3841145833334 15
stats: {load,"tsung_controller@ip-172-31-24-232"} 1 0.0 0.0 0.0 0.0 0.0 15
stats: {recvpackets,"tsung_controller@ip-172-31-24-232"} 1 17542.0 0.0 17542 3786 6826.714285714285 14
stats: {sentpackets,"tsung_controller@ip-172-31-24-232"} 1 11302.0 0.0 11302 2402 4327.785714285715 14
stats: session 317 1288.3889400630922 911.157537418121 9629.167 260.123 1260.430116509668 2017
stats: users_count 325 2378
stats: finish_users_count 317 2334
stats: request 2060 51.267402912621385 88.70120434789919 714.244 2.766 44.62700569303176 13174
stats: connect 324 21.3436851851852 51.91130101462032 249.24 0.532 4.663247437774525 2049
stats: tr_create_post_comment 158 56.570518987341785 36.91121381624939 304.027 31.054 50.679109670987046 1003
stats: page 955 110.45644188481677 129.6069644693797 756.911 2.815 96.29920291278025 6111
stats: 302 1264 9338
stats: 200 796 5896
stats: size_rcv 21496704 159866164
stats: newphase 0 2
stats: size_sent 1214971 8956022
stats: connected 7 42
# stats: dump at 1575267917
stats: users 42 53
stats: {cpu,"tsung_controller@ip-172-31-24-232"} 1 8.71694417238002 0.0 8.71694417238002 1.2413108242303872 3.212681090467102 16
stats: {freemem,"tsung_controller@ip-172-31-24-232"} 1 750.359375 0.0 780.91015625 750.359375 769.48828125 16
stats: {load,"tsung_controller@ip-172-31-24-232"} 1 0.0 0.0 0.0 0.0 0.0 16
stats: {recvpackets,"tsung_controller@ip-172-31-24-232"} 1 17619.0 0.0 17619 3786 7541.066666666667 15
stats: {sentpackets,"tsung_controller@ip-172-31-24-232"} 1 10886.0 0.0 11302 2402 4792.733333333334 15
stats: session 331 1292.6105347432028 1027.7903791954996 9629.167 260.123 1264.2274374464441 2334
stats: users_count 329 2707
stats: finish_users_count 331 2665
stats: request 2153 44.31975290292618 77.5782255372048 714.244 2.766 45.524945713535544 15234
stats: connect 329 2.4450091185410345 6.5553000656937614 249.24 0.532 6.9407281921618225 2373
stats: page 995 95.97499597989942 112.27271753733442 756.911 2.815 98.21261406736487 7066
stats: tr_create_post_comment 165 50.346151515151504 24.84390923408771 304.027 31.054 51.48086907838071 1161
stats: 302 1326 10664
stats: 200 827 6723
stats: size_rcv 22545843 182412007
stats: newphase 0 2
stats: size_sent 1266305 10222327
stats: connected -4 38
# stats: dump at 1575267927
stats: users 56 58
stats: {cpu,"tsung_controller@ip-172-31-24-232"} 1 5.4148037754595135 0.0 8.71694417238002 1.2413108242303872 3.5364612717560973 17
stats: {freemem,"tsung_controller@ip-172-31-24-232"} 1 756.5 0.0 780.91015625 750.359375 768.3630514705883 17
stats: {load,"tsung_controller@ip-172-31-24-232"} 1 0.0 0.0 0.0 0.0 0.0 17
stats: {recvpackets,"tsung_controller@ip-172-31-24-232"} 1 18305.0 0.0 18305 3786 8170.9375 16
stats: {sentpackets,"tsung_controller@ip-172-31-24-232"} 1 11892.0 0.0 11892 2402 5173.5625 16
stats: session 320 1181.5578656250004 807.8820807982536 9629.167 260.123 1267.752692682927 2665
stats: users_count 334 3041
stats: finish_users_count 320 2985
stats: request 2191 43.903036056595234 77.10549281435924 714.244 2.766 45.375708920457846 17387
stats: connect 338 1.9652514792899411 4.086664754473554 249.24 0.532 6.393321983715768 2702
stats: page 990 97.27213434343442 113.13116186342651 756.911 2.815 97.93641632551792 8061
stats: tr_create_post_comment 174 53.694988505747126 31.114161140590408 304.027 31.054 51.33967119155354 1326
stats: 302 1348 12012
stats: 200 843 7566
stats: size_rcv 22214366 204626373
stats: newphase 0 2
stats: size_sent 1297143 11519470
stats: connected 17 55
# stats: dump at 1575267937
stats: users 30 64
stats: {cpu,"tsung_controller@ip-172-31-24-232"} 1 8.013937282229964 0.0 8.71694417238002 1.2413108242303872 3.6408136330729537 18
stats: {freemem,"tsung_controller@ip-172-31-24-232"} 1 755.79296875 0.0 780.91015625 750.359375 767.7039930555555 18
stats: {load,"tsung_controller@ip-172-31-24-232"} 1 0.0 0.0 0.0 0.0 0.0 18
stats: {recvpackets,"tsung_controller@ip-172-31-24-232"} 1 17278.0 0.0 18305 3786 8767.058823529413 17
stats: {sentpackets,"tsung_controller@ip-172-31-24-232"} 1 11054.0 0.0 11892 2402 5568.764705882353 17
stats: session 329 1377.117006079029 1036.0375729692134 9629.167 260.123 1258.5123762144055 2985
stats: users_count 303 3344
stats: finish_users_count 329 3314
stats: request 2129 42.97234805072808 76.16915492819204 714.244 2.766 45.21090014301771 19578
stats: connect 304 2.2206085526315804 5.637378792143657 249.24 0.532 5.900990460526318 3040
stats: page 948 96.79751582278456 111.95323672958617 756.911 2.815 97.86375704342063 9051
stats: tr_create_post_comment 172 51.288366279069734 28.38728037178865 317.472 31.054 51.612888 1500
stats: 302 1334 13346
stats: 200 795 8361
stats: size_rcv 21410661 226037034
stats: newphase 0 2
stats: size_sent 1264349 12783819
stats: connected -22 33
# stats: dump at 1575267947
stats: users 72 91
stats: {cpu,"tsung_controller@ip-172-31-24-232"} 1 4.759543877045116 0.0 8.71694417238002 1.2413108242303872 3.870978035660164 19
stats: {freemem,"tsung_controller@ip-172-31-24-232"} 1 757.48828125 0.0 780.91015625 750.359375 767.0770970394736 19
stats: {load,"tsung_controller@ip-172-31-24-232"} 1 0.0 0.0 0.0 0.0 0.0 19
stats: {recvpackets,"tsung_controller@ip-172-31-24-232"} 1 15473.0 0.0 18305 3786 9239.888888888889 18
stats: {sentpackets,"tsung_controller@ip-172-31-24-232"} 1 9976.0 0.0 11892 2402 5873.5 18
stats: session 227 1375.350894273128 1075.0667042398136 9629.167 260.123 1270.2869456849733 3314
stats: users_count 269 3613
stats: finish_users_count 227 3541
stats: connect 266 2.7340225563909786 6.764666821248386 249.24 0.532 5.566410287081341 3344
stats: tr_create_post_comment 122 61.439754098360645 45.54387708686501 355.212 31.054 51.57950418660286 1672
stats: request 1612 50.74517990074449 87.8949675937852 714.244 2.763 44.99134528032435 21707
stats: page 750 109.20527600000007 131.36489829412764 763.746 2.815 97.76266726672667 9999
stats: 302 969 14315
stats: 200 643 9004
stats: size_rcv 17057178 243094212
stats: newphase 1 3
stats: size_sent 943128 13726947
stats: connected 38 71
# stats: dump at 1575267957
stats: users 83 113
stats: {cpu,"tsung_controller@ip-172-31-24-232"} 1 8.11078140454995 0.0 8.71694417238002 1.2413108242303872 3.915406327729412 20
stats: {freemem,"tsung_controller@ip-172-31-24-232"} 1 742.24609375 0.0 780.91015625 742.24609375 766.59765625 20
stats: {load,"tsung_controller@ip-172-31-24-232"} 1 0.0 0.0 0.0 0.0 0.0 20
stats: {recvpackets,"tsung_controller@ip-172-31-24-232"} 1 16909.0 0.0 18305 3786 9567.947368421053 19
stats: {sentpackets,"tsung_controller@ip-172-31-24-232"} 1 10485.0 0.0 11892 2402 6089.421052631579 19
stats: session 615 1283.428907317072 988.2391398681884 9629.167 260.123 1277.0221945778032 3541
stats: users_count 626 4239
stats: finish_users_count 615 4156
stats: request 4080 50.314835049019635 87.08154591291905 720.209 2.713 45.38909738839577 23319
stats: connect 628 2.806780254777072 5.893394751223632 249.24 0.532 5.357708033240998 3610
stats: tr_create_post_comment 317 71.49731545741326 93.542225479112 844.97 31.054 52.250045150501656 1794
stats: page 1868 109.73934368308335 137.3812754689443 1092.412 2.815 98.56106307563495 10749
stats: 302 2512 16827
stats: 200 1568 10572
stats: size_rcv 42044503 285138715
stats: newphase 0 3
stats: size_sent 2408757 16135704
stats: connected 11 82
# stats: dump at 1575267967
stats: users 104 117
stats: {cpu,"tsung_controller@ip-172-31-24-232"} 1 18.71604938271605 0.0 18.71604938271605 1.2413108242303872 4.115186093292295 21
stats: {freemem,"tsung_controller@ip-172-31-24-232"} 1 737.49609375 0.0 780.91015625 737.49609375 765.4380580357143 21
stats: {load,"tsung_controller@ip-172-31-24-232"} 1 0.1484375 0.0 0.1484375 0.0 0.0 21
stats: {recvpackets,"tsung_controller@ip-172-31-24-232"} 1 34356.0 0.0 34356 3786 9935.0 20
stats: {sentpackets,"tsung_controller@ip-172-31-24-232"} 1 21285.0 0.0 21285 2402 6309.2 20
stats: session 571 1483.7023992994764 1115.3303616676878 9629.167 260.123 1277.9702524061597 4156
stats: users_count 592 4831
stats: finish_users_count 571 4727
stats: tr_create_post_comment 280 122.33435714285713 238.65910601167906 1659.228 31.054 55.140326859308374 2111
stats: request 3609 72.99219008035462 135.92197638288584 1194.705 2.713 46.12259166392937 27399
stats: connect 566 26.334607773851598 56.20921005256244 257.733 0.532 4.979703633789525 4238
stats: 302 2220 19047
stats: page 1659 157.96735262206136 225.7420940302507 1659.028 2.815 100.21605460886103 12617
stats: 200 1389 11961
stats: size_rcv 36799660 321938375
stats: newphase 0 3
stats: size_sent 2137232 18272936
stats: connected 16 98
# stats: dump at 1575267977
stats: users 82 117
stats: {cpu,"tsung_controller@ip-172-31-24-232"} 1 17.271835132482828 0.0 18.71604938271605 1.2413108242303872 4.778861697357011 22
stats: {freemem,"tsung_controller@ip-172-31-24-232"} 1 723.39453125 0.0 780.91015625 723.39453125 764.16796875 22
stats: {load,"tsung_controller@ip-172-31-24-232"} 1 0.28125 0.0 0.28125 0.0 0.006747159090909091 22
stats: {recvpackets,"tsung_controller@ip-172-31-24-232"} 1 32148.0 0.0 34356 3786 11097.904761904761 21
stats: {sentpackets,"tsung_controller@ip-172-31-24-232"} 1 19252.0 0.0 21285 2402 7022.333333333333 21
stats: session 608 1415.794731907895 1020.1255162194865 9629.167 260.123 1302.8217556589805 4727
stats: users_count 586 5417
stats: finish_users_count 608 5335
stats: connect 588 3.362035714285712 6.67073946148478 257.733 0.527 7.495706078268112 4804
stats: tr_create_post_comment 301 95.50481395348835 123.86243282041292 1659.228 31.054 63.009138435800914 2391
stats: page 1798 129.1180361512798 183.6305187898374 1864.832 2.808 106.927276478005 14276
stats: request 3907 59.05026209367824 108.70889922749227 1364.918 2.713 49.24992592234264 31008
stats: 302 2410 21457
stats: 200 1497 13458
stats: size_rcv 41005965 362944340
stats: newphase 0 3
stats: size_sent 2295285 20568221
stats: connected -14 84
# stats: dump at 1575267987
stats: users 77 117
stats: {cpu,"tsung_controller@ip-172-31-24-232"} 1 18.204488778054863 0.0 18.71604938271605 1.2413108242303872 5.3220344554059595 23
stats: {freemem,"tsung_controller@ip-172-31-24-232"} 1 729.8359375 0.0 780.91015625 723.39453125 762.3952105978261 23
stats: {load,"tsung_controller@ip-172-31-24-232"} 1 0.390625 0.0 0.390625 0.0 0.018682065217391304 23
stats: {recvpackets,"tsung_controller@ip-172-31-24-232"} 1 32266.0 0.0 34356 3786 12054.727272727272 22
stats: {sentpackets,"tsung_controller@ip-172-31-24-232"} 1 20390.0 0.0 21285 2402 7578.227272727273 22
stats: session 597 1315.1275661641548 969.4708408108954 9629.167 260.123 1315.6966515463916 5335
stats: users_count 592 6009
stats: finish_users_count 597 5932
stats: request 3847 49.82563711983374 84.20164919520865 1364.918 2.713 50.346586767864856 34915
stats: page 1796 106.85342483296208 127.02254086116668 1864.832 2.808 109.40948289162625 16074
stats: connect 590 3.006711864406781 6.679582068654678 257.733 0.527 7.044927485163207 5392
stats: tr_create_post_comment 291 72.12601030927836 68.68521750809204 1659.228 31.054 66.64257020802377 2692
stats: 302 2366 23823
stats: 200 1481 14939
stats: size_rcv 40885216 403829556
stats: newphase 0 3
stats: size_sent 2255743 22823964
stats: connected -16 68
# stats: dump at 1575267997
stats: users 76 117
stats: {cpu,"tsung_controller@ip-172-31-24-232"} 1 17.526289434151227 0.0 18.71604938271605 1.2413108242303872 5.858803385516331 24
stats: {freemem,"tsung_controller@ip-172-31-24-232"} 1 736.48046875 0.0 780.91015625 723.39453125 761.03857421875 24
stats: {load,"tsung_controller@ip-172-31-24-232"} 1 0.48828125 0.0 0.48828125 0.0 0.0341796875 24
stats: {recvpackets,"tsung_controller@ip-172-31-24-232"} 1 32537.0 0.0 34356 3786 12933.478260869566 23
stats: {sentpackets,"tsung_controller@ip-172-31-24-232"} 1 20786.0 0.0 21285 2402 8135.260869565217 23
stats: session 638 1311.0626363636356 967.5232470425216 9629.167 260.123 1315.6393784558327 5932
stats: users_count 637 6646
stats: finish_users_count 638 6570
stats: request 4039 54.14068878435247 92.08064291004042 1364.918 2.713 50.29488424229921 38762
stats: page 1890 115.90755714285703 144.15536015770272 1864.832 2.808 109.15258975937327 17870
stats: connect 637 2.4120298273155414 5.29943165644873 257.733 0.512 6.64664142427282 5982
stats: 302 2468 26291
stats: tr_create_post_comment 303 90.01785148514853 110.85961984554194 1659.228 31.054 67.17749513912169 2983
stats: 200 1571 16510
stats: size_rcv 43008276 446837832
stats: newphase 0 3
stats: size_sent 2371209 25195173
stats: connected 15 83
# stats: dump at 1575268007
stats: users 1 117
stats: {cpu,"tsung_controller@ip-172-31-24-232"} 1 19.08817635270541 0.0 19.08817635270541 1.2413108242303872 6.325502827461727 25
stats: {freemem,"tsung_controller@ip-172-31-24-232"} 1 737.37890625 0.0 780.91015625 723.39453125 760.05625 25
stats: {load,"tsung_controller@ip-172-31-24-232"} 1 0.55859375 0.0 0.55859375 0.0 0.05234375 25
stats: {recvpackets,"tsung_controller@ip-172-31-24-232"} 1 35341.0 0.0 35341 3786 13750.291666666666 24
stats: {sentpackets,"tsung_controller@ip-172-31-24-232"} 1 22080.0 0.0 22080 2402 8662.375 24
stats: session 420 1431.474726190477 949.3005630503129 9629.167 260.123 1315.1949398782342 6570
stats: users_count 345 6991
stats: finish_users_count 420 6990
stats: connect 372 2.580897849462365 5.418312270985251 257.733 0.512 6.2391104396434525 6619
stats: request 2782 43.88555751258082 77.9541867524735 1364.918 2.699 50.657801102778016 42801
stats: tr_create_post_comment 238 61.82866806722693 54.41683201438922 1659.228 31.054 69.28359007912356 3286
stats: page 1212 101.23470874587461 121.45127387433264 1864.832 2.699 109.79868734817813 19760
stats: 302 1786 28077
stats: 200 996 17506
stats: size_rcv 26341724 473179556
stats: newphase 0 3
stats: size_sent 1672024 26867197
stats: connected -82 1
# stats: dump at 1575268017
stats: users 328 333
stats: {cpu,"tsung_controller@ip-172-31-24-232"} 1 9.92023928215354 0.0 19.08817635270541 1.2413108242303872 6.816374886124946 26
stats: {freemem,"tsung_controller@ip-172-31-24-232"} 1 745.4375 0.0 780.91015625 723.39453125 759.1840444711538 26
stats: {load,"tsung_controller@ip-172-31-24-232"} 1 0.62109375 0.0 0.62109375 0.0 0.07181490384615384 26
stats: {recvpackets,"tsung_controller@ip-172-31-24-232"} 1 15831.0 0.0 35341 3786 14613.92 25
stats: {sentpackets,"tsung_controller@ip-172-31-24-232"} 1 10087.0 0.0 22080 2402 9199.08 25
stats: session 230 1558.8452826086968 901.2180702211975 9629.167 260.123 1322.1817081545062 6990
stats: users_count 557 7548
stats: finish_users_count 230 7220
stats: connect 523 2.632418738049715 5.474740816183973 257.733 0.424 6.044452295808899 6991
stats: page 1075 303.147707906977 478.29733888567125 3096.577 2.699 109.30376354186535 20972
stats: request 1950 200.56112974358993 312.3427365124917 2283.874 2.699 50.24448074940222 45583
stats: tr_create_post_comment 73 457.9044109589042 389.92738021437384 1796.527 31.054 68.78010783200908 3524
stats: 302 989 29066
stats: 200 961 18467
stats: size_rcv 24555143 497734699
stats: newphase 1 4
stats: size_sent 1145677 28012874
stats: connected 326 327
# stats: dump at 1575268027
stats: users 747 747
stats: {cpu,"tsung_controller@ip-172-31-24-232"} 1 13.997985901309166 0.0 19.08817635270541 1.2413108242303872 6.931332826718597 27
stats: {freemem,"tsung_controller@ip-172-31-24-232"} 1 645.15234375 0.0 780.91015625 645.15234375 758.6749131944445 27
stats: {load,"tsung_controller@ip-172-31-24-232"} 1 0.69140625 0.0 0.69140625 0.0 0.09215856481481481 27
stats: {recvpackets,"tsung_controller@ip-172-31-24-232"} 1 29737.0 0.0 35341 3786 14660.73076923077 26
stats: {sentpackets,"tsung_controller@ip-172-31-24-232"} 1 17405.0 0.0 22080 2402 9233.23076923077 26
stats: session 792 2822.2264835858605 2099.106289850922 12992.125 260.123 1329.7208524930747 7220
stats: users_count 1211 8759
stats: finish_users_count 792 8012
stats: request 6005 558.0636469608637 945.8229858868607 5039.619 2.699 56.41109058969562 47533
stats: connect 1196 20.85630602006688 49.74227834859759 279.892 0.424 5.806963135480437 7514
stats: page 2897 872.1159989644461 1457.3409026186093 11412.524 2.699 118.7554912232957 22047
stats: tr_create_post_comment 372 929.1328010752688 1368.9441168970434 11412.62 31.054 76.67726494300807 3597
stats: 302 3495 32561
stats: 200 2511 20978
stats: size_rcv 66480050 564214749
stats: newphase 0 4
stats: size_sent 3621647 31634521
stats: connected 391 718
# stats: dump at 1575268037
stats: users 889 891
stats: {cpu,"tsung_controller@ip-172-31-24-232"} 1 27.022977022977024 0.0 27.022977022977024 1.2413108242303872 7.18371329366826 28
stats: {freemem,"tsung_controller@ip-172-31-24-232"} 1 550.7734375 0.0 780.91015625 550.7734375 754.6205357142857 28
stats: {load,"tsung_controller@ip-172-31-24-232"} 1 0.890625 0.0 0.890625 0.0 0.11356026785714286 28
stats: {recvpackets,"tsung_controller@ip-172-31-24-232"} 1 54876.0 0.0 54876 3786 15219.111111111111 27
stats: {sentpackets,"tsung_controller@ip-172-31-24-232"} 1 31907.0 0.0 31907 2402 9535.888888888889 27
stats: session 1068 5288.445567415739 4681.363658049214 23591.336 11.754 1477.257604842736 8012
stats: users_count 1210 9969
stats: finish_users_count 1068 9080
stats: page 3538 1612.970243923122 2756.8771389133335 20360.256 0.637 206.25089656831307 24944
stats: tr_create_post_comment 458 3131.801419213972 4601.047633794112 20360.338 4.408 156.57483597883598 3969
stats: request 7501 900.1282987601638 1484.5830930464301 6874.537 0.585 112.67810842765866 53538
stats: connect 1218 3.0884811165845667 6.356734154557071 279.892 0.424 7.873440068886338 8710
stats: 302 3720 36281
stats: 200 2503 23481
stats: size_rcv 67875997 632090746
stats: newphase 0 4
stats: 502 1245 1245
stats: size_sent 4163175 35797696
stats: connected 167 885
stats: 404 17 17
stats: 500 16 16
# stats: dump at 1575268047
stats: users 905 923
stats: {cpu,"tsung_controller@ip-172-31-24-232"} 1 31.090723751274208 0.0 31.090723751274208 1.2413108242303872 7.867825836058217 29
stats: {freemem,"tsung_controller@ip-172-31-24-232"} 1 513.43359375 0.0 780.91015625 513.43359375 747.5913254310345 29
stats: {load,"tsung_controller@ip-172-31-24-232"} 1 0.91015625 0.0 0.91015625 0.0 0.14035560344827586 29
stats: {recvpackets,"tsung_controller@ip-172-31-24-232"} 1 61994.0 0.0 61994 3786 16635.428571428572 28
stats: {sentpackets,"tsung_controller@ip-172-31-24-232"} 1 36741.0 0.0 36741 2402 10334.857142857143 28
stats: session 1208 7455.509205298006 6310.817364722396 28932.247 11.754 1925.5338982378867 9080
stats: users_count 1224 11193
stats: finish_users_count 1208 10288
stats: request 8112 936.6575181212982 1105.548284623876 6912.661 0.585 209.44679529481115 61039
stats: 302 4343 40624
stats: connect 1217 3.4676820049301598 6.188538377562477 279.892 0.424 7.286405419016923 9928
stats: page 3660 2108.645934426222 3345.9338147015774 22964.225 0.637 380.9918926690544 28482
stats: tr_create_post_comment 594 5743.63448653199 5831.377846025953 22964.305 4.408 464.3800709283938 4427
stats: 200 2640 26121
stats: size_rcv 72105287 704196033
stats: newphase 0 4
stats: 502 891 2136
stats: size_sent 4455063 40252759
stats: connected 8 893
stats: 404 202 219
stats: 500 36 52
# stats: dump at 1575268057
stats: users 1079 1083
stats: {cpu,"tsung_controller@ip-172-31-24-232"} 1 30.96938775510204 0.0 31.090723751274208 1.2413108242303872 8.641922433232084 30
stats: {freemem,"tsung_controller@ip-172-31-24-232"} 1 496.28515625 0.0 780.91015625 496.28515625 739.7860677083333 30
stats: {load,"tsung_controller@ip-172-31-24-232"} 1 0.76953125 0.0 0.91015625 0.0 0.166015625 30
stats: {recvpackets,"tsung_controller@ip-172-31-24-232"} 1 62523.0 0.0 62523 3786 18199.51724137931 29
stats: {sentpackets,"tsung_controller@ip-172-31-24-232"} 1 37113.0 0.0 37113 2402 11245.413793103447 29
stats: session 1077 8314.855999999996 6558.609320389439 32984.687 11.754 2574.854482503888 10288
stats: users_count 1251 12444
stats: finish_users_count 1077 11365
stats: request 7343 1149.2054604385098 1251.3320757187473 6912.661 0.561 294.7547934953934 69151
stats: connect 1268 2.7559250788643563 5.582036722374628 279.892 0.424 6.869412471960522 11145
stats: page 3518 2312.8970125070964 3353.553447913178 22964.225 0.637 577.7193456225493 32142
stats: tr_create_post_comment 518 6919.900828185328 5465.923046126589 22964.305 4.311 1088.9323758215498 5021
stats: 302 3807 44431
stats: 200 2520 28641
stats: size_rcv 68033866 772229899
stats: newphase 0 4
stats: 502 865 3001
stats: size_sent 4090176 44342935
stats: connected 182 1075
stats: 404 135 354
stats: 500 15 67
# stats: dump at 1575268067
stats: users 961 1111
stats: {cpu,"tsung_controller@ip-172-31-24-232"} 1 30.726256983240223 0.0 31.090723751274208 1.2413108242303872 9.3621632500666 31
stats: {freemem,"tsung_controller@ip-172-31-24-232"} 1 453.87890625 0.0 780.91015625 453.87890625 731.9311995967741 31
stats: {load,"tsung_controller@ip-172-31-24-232"} 1 0.73046875 0.0 0.91015625 0.0 0.18548387096774194 31
stats: {recvpackets,"tsung_controller@ip-172-31-24-232"} 1 60376.0 0.0 62523 3786 19676.966666666667 30
stats: {sentpackets,"tsung_controller@ip-172-31-24-232"} 1 36329.0 0.0 37113 2402 12107.666666666666 30
stats: session 1286 8513.134903576974 5983.4199930298055 33584.175 11.754 3118.8035924329074 11365
stats: users_count 1168 13612
stats: finish_users_count 1286 12651
stats: request 8059 1181.7026662116964 1184.9786259129255 6912.661 0.561 376.7773213716099 76494
stats: connect 1163 2.8062080825451448 5.721123843023236 279.892 0.424 6.449215741561268 12413
stats: page 3698 2555.1168345051387 3415.3316794611064 22964.225 0.632 748.901483370722 35660
stats: tr_create_post_comment 613 7104.352525285479 5090.519028129425 22964.305 4.311 1634.236881747608 5539
stats: 302 4413 48844
stats: 200 2619 31260
stats: size_rcv 72402409 844632308
stats: newphase 0 4
stats: 502 842 3843
stats: size_sent 4431873 48774808
stats: connected -116 959
stats: 404 162 516
stats: 500 24 91
# stats: dump at 1575268077
stats: users 395 1111
stats: {cpu,"tsung_controller@ip-172-31-24-232"} 1 32.73001508295626 0.0 32.73001508295626 1.2413108242303872 10.029791179228274 32
stats: {freemem,"tsung_controller@ip-172-31-24-232"} 1 441.61328125 0.0 780.91015625 441.61328125 723.2420654296875 32
stats: {load,"tsung_controller@ip-172-31-24-232"} 1 0.62109375 0.0 0.91015625 0.0 0.2025146484375 32
stats: {recvpackets,"tsung_controller@ip-172-31-24-232"} 1 6.45e4 0.0 64500 3786 20989.83870967742 31
stats: {sentpackets,"tsung_controller@ip-172-31-24-232"} 1 37359.0 0.0 37359 2402 12889.0 31
stats: session 1183 7783.948844463222 6325.130392421717 33584.175 11.754 3667.1483925381376 12651
stats: users_count 617 14229
stats: finish_users_count 1183 13834
stats: connect 653 2.7995696784073445 5.42769261031771 279.892 0.424 6.137134281084268 13576
stats: request 6446 1072.5313496742192 1269.3801801451239 6912.661 0.561 453.4971699170933 84553
stats: page 2793 2610.9307701396356 3621.3736191510798 22964.225 0.632 918.6099128766692 39358
stats: tr_create_post_comment 669 5471.217596412548 5478.379011688961 22964.305 4.311 2179.292292912874 6152
stats: 302 3997 52841
stats: 200 1945 33205
stats: size_rcv 56377960 901010268
stats: newphase 0 4
stats: 502 326 4169
stats: size_sent 3539767 52314575
stats: connected -540 419
stats: 404 159 675
stats: 500 18 109
# stats: dump at 1575268087
stats: users 0 1111
stats: {cpu,"tsung_controller@ip-172-31-24-232"} 1 23.053892215568865 0.0 32.73001508295626 1.2413108242303872 10.717676752068515 33
stats: {freemem,"tsung_controller@ip-172-31-24-232"} 1 488.0703125 0.0 780.91015625 441.61328125 714.7078598484849 33
stats: {load,"tsung_controller@ip-172-31-24-232"} 1 0.51953125 0.0 0.91015625 0.0 0.21519886363636365 33
stats: {recvpackets,"tsung_controller@ip-172-31-24-232"} 1 45075.0 0.0 64500 3786 22349.53125 32
stats: {sentpackets,"tsung_controller@ip-172-31-24-232"} 1 25877.0 0.0 37359 2402 13653.6875 32
stats: session 395 12903.552584810126 5398.219259574058 33584.175 11.754 4019.1922652161325 13834
stats: users_count 0 14229
stats: finish_users_count 395 14229
stats: request 1557 682.2950571612081 1120.6266970708775 6912.661 0.561 497.3470399454939 90999
stats: connect 0 0 0 279.892 0.424 5.983966125518309 14229
stats: 302 1176 54017
stats: page 536 5370.274134328359 4807.858517620124 22964.225 0.632 1030.7460936158086 42151
stats: tr_create_post_comment 307 6956.899052117263 5348.17796872968 22964.305 4.311 2502.162550652396 6821
stats: 200 289 33494
stats: size_rcv 8826785 909837053
stats: newphase 0 4
stats: 502 0 4169
stats: size_sent 795608 53110183
stats: connected -419 0
stats: 404 92 767
stats: 500 0 109
# stats: dump at 1575268097
stats: users 2660 2661
stats: {cpu,"tsung_controller@ip-172-31-24-232"} 1 4.230960676953709 0.0 32.73001508295626 1.2413108242303872 11.080506618642055 34
stats: {freemem,"tsung_controller@ip-172-31-24-232"} 1 666.2734375 0.0 780.91015625 441.61328125 708.0420496323529 34
stats: {load,"tsung_controller@ip-172-31-24-232"} 1 0.44140625 0.0 0.91015625 0.0 0.2241498161764706 34
stats: {recvpackets,"tsung_controller@ip-172-31-24-232"} 1 4842.0 0.0 64500 3786 23038.18181818182 33
stats: {sentpackets,"tsung_controller@ip-172-31-24-232"} 1 3887.0 0.0 37359 2402 14024.09090909091 33
stats: session 1991 2314.9830316423954 2407.785686761446 33584.175 7.819 4265.823955864781 14229
stats: users_count 4651 18880
stats: finish_users_count 1991 16220
stats: request 17739 419.6091681041775 1164.1783750150987 8408.2 0.561 500.45828138640394 92556
stats: page 9276 646.8004970892656 1462.7364537958388 22964.225 0.578 1085.2354470447665 42687
stats: connect 4552 5.374364674868185 20.20891877293642 279.892 0.324 5.983966125518309 14229
stats: tr_create_post_comment 836 81.13952631578942 543.4410373718127 22964.305 4.311 2694.0262018799094 7128
stats: 302 1182 55199
stats: 200 2439 35933
stats: size_rcv 32623372 942460425
stats: newphase 1 5
stats: 502 14082 18251
stats: size_sent 5939157 59049340
stats: connected 2649 2649
stats: 404 17 784
stats: 500 20 129
# stats: dump at 1575268107
stats: users 2521 2666
stats: {cpu,"tsung_controller@ip-172-31-24-232"} 1 55.735219807983825 0.0 55.735219807983825 1.2413108242303872 10.884805306022388 35
stats: {freemem,"tsung_controller@ip-172-31-24-232"} 1 328.9453125 0.0 780.91015625 328.9453125 706.8486607142858 35
stats: {load,"tsung_controller@ip-172-31-24-232"} 1 0.6796875 0.0 0.91015625 0.0 0.23035714285714284 35
stats: {recvpackets,"tsung_controller@ip-172-31-24-232"} 1 61812.0 0.0 64500 3786 22503.0 34
stats: {sentpackets,"tsung_controller@ip-172-31-24-232"} 1 63035.0 0.0 63035 2402 13725.941176470587 34
stats: session 4768 5307.086034815423 4690.49445739826 33584.175 7.819 4026.358833785449 16220
stats: users_count 4629 23509
stats: finish_users_count 4768 20988
stats: request 31422 780.4230536248526 1845.8910984544639 10092.914 0.551 487.455131465615 110295
stats: connect 4629 2.576426874054874 5.2146708269393836 279.892 0.324 5.836215430488259 18781
stats: page 14640 1555.61317561475 3002.2003058969053 22964.225 0.575 1006.9697080422603 51963
stats: tr_create_post_comment 2095 2148.744827684963 3350.884179078082 22964.305 4.171 2419.7452801356094 7964
stats: 302 3288 58487
stats: 200 1770 37703
stats: size_rcv 55132627 997593052
stats: newphase 0 5
stats: 502 25388 43639
stats: size_sent 9212005 68261345
stats: connected -157 2492
stats: 404 684 1468
stats: 500 294 423
# stats: dump at 1575268117
stats: users 2502 2666
stats: {cpu,"tsung_controller@ip-172-31-24-232"} 1 68.75949367088607 0.0 68.75949367088607 1.2413108242303872 12.130650153299094 36
stats: {freemem,"tsung_controller@ip-172-31-24-232"} 1 290.71875 0.0 780.91015625 290.71875 696.3513454861111 36
stats: {load,"tsung_controller@ip-172-31-24-232"} 1 0.71875 0.0 0.91015625 0.0 0.24283854166666666 36
stats: {recvpackets,"tsung_controller@ip-172-31-24-232"} 1 85730.0 0.0 85730 3786 23626.114285714284 35
stats: {sentpackets,"tsung_controller@ip-172-31-24-232"} 1 79701.0 0.0 79701 2402 15134.771428571428 35
stats: session 4652 5765.985396173699 5216.434774964654 33584.175 7.819 4317.311153897461 20988
stats: users_count 4633 28142
stats: finish_users_count 4652 25640
stats: request 30327 675.5453983249288 1235.0101327042946 10092.914 0.551 552.4130267787219 141717
stats: tr_create_post_comment 2319 4032.880061664514 4336.392466278814 22964.305 4.171 2363.3036907247233 10059
stats: connect 4660 2.6520847639485003 5.498957782632597 279.892 0.324 5.191637847073901 23410
stats: page 13952 1468.6627918578006 2650.3223790234083 22964.225 0.575 1127.5669839196419 66603
stats: 302 4404 62891
stats: 200 1986 39689
stats: size_rcv 48388280 1045981332
stats: newphase 0 5
stats: 502 22414 66053
stats: size_sent 9238402 77499747
stats: connected 7 2499
stats: 404 1247 2715
stats: 500 273 696
# stats: dump at 1575268127
stats: users 2470 2666
stats: {cpu,"tsung_controller@ip-172-31-24-232"} 1 68.08401639344262 0.0 68.75949367088607 1.2413108242303872 13.6611594375582 37
stats: {freemem,"tsung_controller@ip-172-31-24-232"} 1 289.68359375 0.0 780.91015625 289.68359375 685.3883023648649 37
stats: {load,"tsung_controller@ip-172-31-24-232"} 1 0.8515625 0.0 0.91015625 0.0 0.2557010135135135 37
stats: {recvpackets,"tsung_controller@ip-172-31-24-232"} 1 83694.0 0.0 85730 3786 25351.222222222223 36
stats: {sentpackets,"tsung_controller@ip-172-31-24-232"} 1 77583.0 0.0 79701 2402 16928.277777777777 36
stats: session 4651 5378.597755321418 4543.424640137315 33601.624 7.819 4580.151737948517 25640
stats: users_count 4619 32761
stats: finish_users_count 4651 30291
stats: connect 4640 2.3786683189655102 4.932029305419182 279.892 0.324 4.77003765586035 28070
stats: page 13969 1470.5938704989505 2576.8951625317018 22964.225 0.575 1186.6442443299602 80555
stats: request 30379 671.0423443167937 1213.0937155835156 10092.914 0.551 574.1181454221029 172044
stats: tr_create_post_comment 2365 3931.106011839325 4108.387986753132 22964.305 4.171 2676.0963554693813 12378
stats: 302 4495 67386
stats: 200 2044 41733
stats: size_rcv 51076478 1097057810
stats: newphase 0 5
stats: 502 22303 88356
stats: size_sent 9163539 86663286
stats: connected -18 2481
stats: 404 1227 3942
stats: 500 310 1006
# stats: dump at 1575268137
stats: users 2498 2666
stats: {cpu,"tsung_controller@ip-172-31-24-232"} 1 68.11740890688259 0.0 68.75949367088607 1.2413108242303872 15.093339883765685 38
stats: {freemem,"tsung_controller@ip-172-31-24-232"} 1 287.21484375 0.0 780.91015625 287.21484375 674.9750205592105 38
stats: {load,"tsung_controller@ip-172-31-24-232"} 1 0.87890625 0.0 0.91015625 0.0 0.27138157894736836 38
stats: {recvpackets,"tsung_controller@ip-172-31-24-232"} 1 82962.0 0.0 85730 3786 26928.054054054053 37
stats: {sentpackets,"tsung_controller@ip-172-31-24-232"} 1 76893.0 0.0 79701 2402 18567.594594594593 37
stats: session 4605 5364.4309500542895 4420.065094799866 33601.624 7.819 4702.7482988676475 30291
stats: users_count 4633 37394
stats: finish_users_count 4605 34896
stats: request 30433 666.4752276147595 1217.4821778193027 10092.914 0.551 588.6642209086918 202423
stats: connect 4637 2.8025729997843456 5.798320446446976 279.892 0.324 4.430815591562213 32710
stats: page 13900 1453.8675836690636 2521.790442426044 22964.225 0.575 1228.6070508971243 94524
stats: tr_create_post_comment 2377 3758.6751914177626 3996.0575608979775 22964.305 4.171 2877.4188703791633 14743
stats: 302 4408 71794
stats: 200 1961 43694
stats: size_rcv 49991291 1147049101
stats: newphase 0 5
stats: 502 22564 110920
stats: size_sent 9264867 95928153
stats: connected 25 2506
stats: 404 1172 5114
stats: 500 329 1335
# stats: dump at 1575268147
stats: users 2497 2666
stats: {cpu,"tsung_controller@ip-172-31-24-232"} 1 68.23947234906139 0.0 68.75949367088607 1.2413108242303872 16.45293139717894 39
stats: {freemem,"tsung_controller@ip-172-31-24-232"} 1 284.48828125 0.0 780.91015625 284.48828125 665.0324519230769 39
stats: {load,"tsung_controller@ip-172-31-24-232"} 1 0.890625 0.0 0.91015625 0.0 0.2869591346153846 39
stats: {recvpackets,"tsung_controller@ip-172-31-24-232"} 1 83005.0 0.0 85730 3786 28402.63157894737 38
stats: {sentpackets,"tsung_controller@ip-172-31-24-232"} 1 76895.0 0.0 79701 2402 20102.473684210527 38
stats: session 4349 5604.309082547718 4621.052467800734 33601.624 7.819 4790.066289718016 34896
stats: users_count 4348 41742
stats: finish_users_count 4349 39245
stats: request 28529 732.9381064180271 1269.8500488468294 10092.914 0.551 598.8336920285503 232856
stats: tr_create_post_comment 2149 4201.5181014425225 4226.1838204930855 22964.305 4.171 2999.7755453271043 17120
stats: connect 4355 21.598507003444304 51.19476034917801 279.892 0.324 4.22865314483091 37347
stats: page 13221 1548.9376261250964 2659.855781661503 22964.225 0.575 1257.485540950341 108424
stats: 302 4517 76311
stats: 200 1928 45622
stats: size_rcv 52028326 1199077427
stats: newphase 0 5
stats: 502 20571 131491
stats: size_sent 8548313 104476466
stats: connected -26 2480
stats: 404 1242 6356
stats: 500 270 1605
# stats: dump at 1575268157
stats: users 4 2666
stats: {cpu,"tsung_controller@ip-172-31-24-232"} 1 61.31834440470107 0.0 68.75949367088607 1.2413108242303872 17.747594920976002 40
stats: {freemem,"tsung_controller@ip-172-31-24-232"} 1 270.11328125 0.0 780.91015625 270.11328125 655.51884765625 40
stats: {load,"tsung_controller@ip-172-31-24-232"} 1 1.05859375 0.0 1.05859375 0.0 0.30205078124999996 40
stats: {recvpackets,"tsung_controller@ip-172-31-24-232"} 1 80679.0 0.0 85730 3786 29802.69230769231 39
stats: {sentpackets,"tsung_controller@ip-172-31-24-232"} 1 70659.0 0.0 79701 2402 21558.69230769231 39
stats: session 2656 8361.108000376511 4074.4717103625503 33601.624 7.819 4880.297960147787 39245
stats: users_count 163 41905
stats: finish_users_count 2656 41901
stats: request 11191 1022.9706300598709 1182.5864775396853 10092.914 0.551 613.4705871760048 261385
stats: 302 6539 82850
stats: connect 203 3.5852315270935944 7.584122611989197 279.892 0.324 6.042612032996019 41702
stats: page 4066 3688.869668962134 3259.953380760702 22964.225 0.575 1289.1620423938482 121645
stats: tr_create_post_comment 1723 5399.304672083572 3695.7608668234147 22964.305 4.171 3133.8014290310866 19269
stats: 200 1434 47056
stats: size_rcv 51049045 1250126472
stats: newphase 0 5
stats: 502 1329 132820
stats: size_sent 4216954 108693420
stats: connected -2476 4
stats: 404 1786 8142
stats: 500 103 1708
# stats: dump at 1575268167
stats: users 0 2666
stats: {cpu,"tsung_controller@ip-172-31-24-232"} 1 19.8 0.0 68.75949367088607 1.2413108242303872 18.810296127896127 41
stats: {freemem,"tsung_controller@ip-172-31-24-232"} 1 556.953125 0.0 780.91015625 270.11328125 646.118711890244 41
stats: {load,"tsung_controller@ip-172-31-24-232"} 1 1.05078125 0.0 1.05859375 0.0 0.32050304878048774 41
stats: {recvpackets,"tsung_controller@ip-172-31-24-232"} 1 40666.0 0.0 85730 3786 31074.6 40
stats: {sentpackets,"tsung_controller@ip-172-31-24-232"} 1 23264.0 0.0 79701 2402 22786.2 40
stats: session 4 11881.128 922.1085765654175 33601.624 7.819 5100.937836686474 41901
stats: users_count 0 41905
stats: finish_users_count 4 41905
stats: request 19 8.454157894736843 2.536880580621092 10092.914 0.551 630.2832008320615 272576
stats: connect 0 0 0 279.892 0.324 6.030707767569503 41905
stats: page 4 40.73375 20.368937200735342 22964.225 0.575 1366.778251075878 125711
stats: tr_create_post_comment 3 52.56033333333334 2.751612658464527 22964.305 4.171 3319.7514141577744 20992
stats: 302 16 82866
stats: 200 3 47059
stats: size_rcv 27564 1250154036
stats: newphase 0 5
stats: 502 0 132820
stats: size_sent 13616 108707036
stats: connected -4 0
stats: 404 0 8142
stats: 500 0 1708
# stats: dump at 1575268177
stats: users 0 2666
stats: {cpu,"tsung_controller@ip-172-31-24-232"} 1 0.1 0.0 68.75949367088607 0.1 18.83386050580336 42
stats: {freemem,"tsung_controller@ip-172-31-24-232"} 1 587.171875 0.0 780.91015625 270.11328125 643.9957217261906 42
stats: {load,"tsung_controller@ip-172-31-24-232"} 1 0.87890625 0.0 1.05859375 0.0 0.33789062499999994 42
stats: {recvpackets,"tsung_controller@ip-172-31-24-232"} 1 9.0 0.0 85730 9 31308.536585365855 41
stats: {sentpackets,"tsung_controller@ip-172-31-24-232"} 1 9.0 0.0 79701 9 22797.853658536584 41
stats: session 0 0 0 33601.624 7.819 5101.585032979357 41905
stats: users_count 0 41905
stats: finish_users_count 0 41905
stats: request 0 0 0 10092.914 0.551 630.2398590546416 272595
stats: connect 0 0 0 279.892 0.324 6.030707767569503 41905
stats: page 0 0 0 22964.225 0.575 1366.7360589905716 125715
stats: tr_create_post_comment 0 0 0 22964.305 4.171 3319.2845614193857 20995
stats: 302 0 82866
stats: 200 0 47059
stats: size_rcv 0 1250154036
stats: newphase 0 5
stats: 502 0 132820
stats: size_sent 0 108707036
stats: connected 0 0
stats: 404 0 8142
stats: 500 0 1708
# stats: dump at 1575268187
stats: users 0 2666
stats: {cpu,"tsung_controller@ip-172-31-24-232"} 1 0.09995002498750624 0.0 68.75949367088607 0.09995002498750624 18.398189331249796 43
stats: {freemem,"tsung_controller@ip-172-31-24-232"} 1 588.9921875 0.0 780.91015625 270.11328125 642.6742369186047 43
stats: {load,"tsung_controller@ip-172-31-24-232"} 1 0.75 0.0 1.05859375 0.0 0.3504723837209302 43
stats: {recvpackets,"tsung_controller@ip-172-31-24-232"} 1 0.0 0.0 85730 0 30563.309523809523 42
stats: {sentpackets,"tsung_controller@ip-172-31-24-232"} 1 0.0 0.0 79701 0 22255.2619047619 42
stats: session 0 0 0 33601.624 7.819 5101.585032979357 41905
stats: users_count 0 41905
stats: finish_users_count 0 41905
stats: request 0 0 0 10092.914 0.551 630.2398590546416 272595
stats: connect 0 0 0 279.892 0.324 6.030707767569503 41905
stats: page 0 0 0 22964.225 0.575 1366.7360589905716 125715
stats: tr_create_post_comment 0 0 0 22964.305 4.171 3319.2845614193857 20995
stats: 302 0 82866
stats: 200 0 47059
stats: size_rcv 0 1250154036
stats: newphase 0 5
stats: 502 0 132820
stats: size_sent 0 108707036
stats: connected 0 0
stats: 404 0 8142
stats: 500 0 1708
# stats: dump at 1575268197
stats: users 0 2666
stats: {cpu,"tsung_controller@ip-172-31-24-232"} 1 0.04995004995004995 0.0 68.75949367088607 0.04995004995004995 17.98232025610747 44
stats: {freemem,"tsung_controller@ip-172-31-24-232"} 1 589.18359375 0.0 780.91015625 270.11328125 641.4541903409091 44
stats: {load,"tsung_controller@ip-172-31-24-232"} 1 0.62890625 0.0 1.05859375 0.0 0.35955255681818177 44
stats: {recvpackets,"tsung_controller@ip-172-31-24-232"} 1 0.0 0.0 85730 0 29852.53488372093 43
stats: {sentpackets,"tsung_controller@ip-172-31-24-232"} 1 1.0 0.0 79701 0 21737.697674418603 43
stats: session 0 0 0 33601.624 7.819 5101.585032979357 41905
stats: users_count 0 41905
stats: finish_users_count 0 41905
stats: request 0 0 0 10092.914 0.551 630.2398590546416 272595
stats: connect 0 0 0 279.892 0.324 6.030707767569503 41905
stats: page 0 0 0 22964.225 0.575 1366.7360589905716 125715
stats: tr_create_post_comment 0 0 0 22964.305 4.171 3319.2845614193857 20995
stats: 302 0 82866
stats: 200 0 47059
stats: size_rcv 0 1250154036
stats: newphase 0 5
stats: 502 0 132820
stats: size_sent 0 108707036
stats: connected 0 0
stats: 404 0 8142
stats: 500 0 1708
# stats: dump at 1575268207
stats: users 0 2666
stats: {cpu,"tsung_controller@ip-172-31-24-232"} 1 0.0 0.0 68.75949367088607 0.0 17.583823140415085 45
stats: {freemem,"tsung_controller@ip-172-31-24-232"} 1 589.36328125 0.0 780.91015625 270.11328125 640.2926215277778 45
stats: {load,"tsung_controller@ip-172-31-24-232"} 1 0.53125 0.0 1.05859375 0.0 0.36553819444444446 45
stats: {recvpackets,"tsung_controller@ip-172-31-24-232"} 1 1.0 0.0 85730 0 29174.06818181818 44
stats: {sentpackets,"tsung_controller@ip-172-31-24-232"} 1 1.0 0.0 79701 0 21243.681818181816 44
stats: session 0 0 0 33601.624 7.819 5101.585032979357 41905
stats: users_count 0 41905
stats: finish_users_count 0 41905
stats: request 0 0 0 10092.914 0.551 630.2398590546416 272595
stats: connect 0 0 0 279.892 0.324 6.030707767569503 41905
stats: page 0 0 0 22964.225 0.575 1366.7360589905716 125715
stats: tr_create_post_comment 0 0 0 22964.305 4.171 3319.2845614193857 20995
stats: 302 0 82866
stats: 200 0 47059
stats: size_rcv 0 1250154036
stats: newphase 0 5
stats: 502 0 132820
stats: size_sent 0 108707036
stats: connected 0 0
stats: 404 0 8142
stats: 500 0 1708
# stats: dump at 1575268217
stats: users 2864 2892
stats: {cpu,"tsung_controller@ip-172-31-24-232"} 1 3.15 0.0 68.75949367088607 0.0 17.201566115623454 46
stats: {freemem,"tsung_controller@ip-172-31-24-232"} 1 602.26953125 0.0 780.91015625 270.11328125 639.1854619565217 46
stats: {load,"tsung_controller@ip-172-31-24-232"} 1 0.44921875 0.0 1.05859375 0.0 0.369140625 46
stats: {recvpackets,"tsung_controller@ip-172-31-24-232"} 1 4085.0 0.0 85730 0 28525.777777777777 45
stats: {sentpackets,"tsung_controller@ip-172-31-24-232"} 1 4746.0 0.0 79701 0 20771.62222222222 45
stats: session 4798 1895.431604626924 2162.926664320951 33601.624 7.819 5101.585032979357 41905
stats: users_count 7662 49567
stats: finish_users_count 4798 46703
stats: request 35964 239.98505419308296 977.5603603441659 10092.914 0.548 630.2398590546416 272595
stats: page 17691 421.71190803233605 1273.493310557152 22964.225 0.575 1366.7360589905716 125715
stats: connect 7345 2.74491354663037 6.215064202615124 279.892 0.321 6.030707767569503 41905
stats: tr_create_post_comment 2106 136.9512540360874 788.1595038707358 22964.305 4.171 3319.2845614193857 20995
stats: 302 1180 84046
stats: 200 2344 49403
stats: size_rcv 29719444 1279873480
stats: newphase 1 6
stats: 502 32327 165147
stats: size_sent 9684812 118391848
stats: connected 2870 2870
stats: 404 57 8199
stats: 500 56 1764
# stats: dump at 1575268227
stats: users 2802 2904
stats: {cpu,"tsung_controller@ip-172-31-24-232"} 1 81.25 0.0 81.25 0.0 16.902596623801678 47
stats: {freemem,"tsung_controller@ip-172-31-24-232"} 1 308.4765625 0.0 780.91015625 270.11328125 638.4000166223404 47
stats: {load,"tsung_controller@ip-172-31-24-232"} 1 0.69140625 0.0 1.05859375 0.0 0.370844414893617 47
stats: {recvpackets,"tsung_controller@ip-172-31-24-232"} 1 8.84e4 0.0 88400 0 27994.456521739132 46
stats: {sentpackets,"tsung_controller@ip-172-31-24-232"} 1 105931.0 0.0 105931 0 20423.23913043478 46
stats: session 7358 4318.760945773343 4311.205449528304 33601.624 7.819 4772.203105710552 46703
stats: users_count 7296 56863
stats: finish_users_count 7358 54061
stats: request 48147 528.0323762228066 1526.9148877211233 10297.634 0.548 584.7538294718353 308559
stats: connect 7303 2.8964135286868467 6.506095789649268 279.892 0.321 5.54067409137056 49250
stats: page 22322 1087.8661834961006 2498.117905998398 22964.225 0.575 1250.1550076077692 143406
stats: tr_create_post_comment 3517 1990.7285533124827 3107.108726999722 22964.305 4.171 3029.1675125752136 23101
stats: 302 3890 87936
stats: 200 1657 51060
stats: size_rcv 51221917 1331095397
stats: newphase 0 6
stats: 502 41354 206501
stats: size_sent 12067825 130459673
stats: connected -90 2780
stats: 404 901 9100
stats: 500 346 2110
# stats: dump at 1575268237
stats: users 2770 2904
stats: {cpu,"tsung_controller@ip-172-31-24-232"} 1 85.28072837632777 0.0 85.28072837632777 0.0 18.243167527472476 48
stats: {freemem,"tsung_controller@ip-172-31-24-232"} 1 319.80078125 0.0 780.91015625 270.11328125 631.526611328125 48
stats: {load,"tsung_controller@ip-172-31-24-232"} 1 0.96875 0.0 1.05859375 0.0 0.3775227864583333 48
stats: {recvpackets,"tsung_controller@ip-172-31-24-232"} 1 109343.0 0.0 109343 0 29279.68085106383 47
stats: {sentpackets,"tsung_controller@ip-172-31-24-232"} 1 115239.0 0.0 115239 0 22242.553191489358 47
stats: session 7353 3820.726473276213 3739.4437128280188 33601.624 7.384 4710.487129076418 54061
stats: users_count 7321 64184
stats: finish_users_count 7353 61414
stats: request 47894 424.7120169332295 1041.6455283043636 10297.634 0.548 577.0977546943408 356706
stats: 302 4416 92352
stats: connect 7343 2.9664371510281735 6.761723519000032 279.892 0.321 5.199206178275248 56553
stats: page 22050 920.045928390023 1996.0816216875849 22964.225 0.575 1228.2962321937132 165728
stats: tr_create_post_comment 3668 2377.2379345692552 3257.8280801859737 22964.305 4.171 2891.9599906078593 26618
stats: 200 1738 52798
stats: size_rcv 49059959 1380155356
stats: newphase 0 6
stats: 502 40262 246763
stats: size_sent 11992349 142452022
stats: connected 5 2785
stats: 404 1128 10228
stats: 500 352 2462
# stats: dump at 1575268247
stats: users 2766 2904
stats: {cpu,"tsung_controller@ip-172-31-24-232"} 1 85.74307304785894 0.0 85.74307304785894 0.0 19.611281014183806 49
stats: {freemem,"tsung_controller@ip-172-31-24-232"} 1 332.4140625 0.0 780.91015625 270.11328125 625.1648596938776 49
stats: {load,"tsung_controller@ip-172-31-24-232"} 1 1.05078125 0.0 1.05859375 0.0 0.3895886479591837 49
stats: {recvpackets,"tsung_controller@ip-172-31-24-232"} 1 108376.0 0.0 109343 0 30947.666666666668 48
stats: {sentpackets,"tsung_controller@ip-172-31-24-232"} 1 115066.0 0.0 115239 0 24179.979166666668 48
stats: session 7323 3837.689508261651 3654.0187191674836 33601.624 7.384 4603.957508760221 61414
stats: users_count 7319 71503
stats: finish_users_count 7323 68737
stats: request 47797 431.400306316297 1040.7110383906315 10297.634 0.548 559.0592907192279 404600
stats: connect 7340 3.0039294277929276 6.648560991253689 279.892 0.321 4.94261385689245 63896
stats: page 22051 940.2018721146536 2011.6202241531507 22964.225 0.575 1192.0996639116388 187778
stats: tr_create_post_comment 3695 2489.4457207036526 3271.400762405579 22964.305 4.171 2829.620939510006 30286
stats: 302 4601 96953
stats: 200 1741 54539
stats: size_rcv 49470106 1429625462
stats: newphase 0 6
stats: 502 39944 286707
stats: size_sent 12072251 154524273
stats: connected -20 2765
stats: 404 1153 11381
stats: 500 357 2819
# stats: dump at 1575268257
stats: users 2791 2904
stats: {cpu,"tsung_controller@ip-172-31-24-232"} 1 85.57788944723617 0.0 85.74307304785894 0.0 20.93391685485731 50
stats: {freemem,"tsung_controller@ip-172-31-24-232"} 1 342.90625 0.0 780.91015625 270.11328125 619.30984375 50
stats: {load,"tsung_controller@ip-172-31-24-232"} 1 1.19921875 0.0 1.19921875 0.0 0.4028125 50
stats: {recvpackets,"tsung_controller@ip-172-31-24-232"} 1 108930.0 0.0 109343 0 32527.836734693876 49
stats: {sentpackets,"tsung_controller@ip-172-31-24-232"} 1 115257.0 0.0 115257 0 26034.79591836735 49
stats: session 7506 3665.2097136957136 3501.462097604653 33601.624 7.384 4522.321991241984 68737
stats: users_count 7531 79034
stats: finish_users_count 7506 76243
stats: connect 7538 2.8176621119660368 6.300121221679266 279.892 0.321 4.742856098040318 71236
stats: request 48962 412.1783962664944 1022.7518467582283 10297.634 0.548 545.5717643264646 452397
stats: tr_create_post_comment 3764 2336.9633894792732 3126.278989963012 22964.305 4.171 2792.631226626645 33981
stats: page 22552 891.9457237939052 1925.8795952611247 22964.225 0.575 1165.6276404691437 209829
stats: 302 4450 101403
stats: 200 1740 56279
stats: size_rcv 48417767 1478043229
stats: newphase 0 6
stats: 502 41286 327993
stats: size_sent 12251057 166775330
stats: connected 51 2816
stats: 404 1151 12532
stats: 500 334 3153
# stats: dump at 1575268267
stats: users 2844 3008
stats: {cpu,"tsung_controller@ip-172-31-24-232"} 1 86.25377643504531 0.0 86.25377643504531 0.0 22.201445729217678 51
stats: {freemem,"tsung_controller@ip-172-31-24-232"} 1 339.08984375 0.0 780.91015625 270.11328125 613.8901654411765 51
stats: {load,"tsung_controller@ip-172-31-24-232"} 1 1.3203125 0.0 1.3203125 0.0 0.41842830882352944 51
stats: {recvpackets,"tsung_controller@ip-172-31-24-232"} 1 108028.0 0.0 109343 0 34055.88 50
stats: {sentpackets,"tsung_controller@ip-172-31-24-232"} 1 116518.0 0.0 116518 0 27819.24 50
stats: session 7335 3845.293159781874 3575.0359748271185 33601.624 7.384 4437.940674199602 76243
stats: users_count 7388 86422
stats: finish_users_count 7335 83578
stats: request 47974 447.64826376787477 1034.5993635466964 10297.634 0.548 532.5447595515384 501359
stats: connect 7234 22.53635568150401 53.188144026767375 279.892 0.321 4.55863145200193 78774
stats: tr_create_post_comment 3666 2584.0507370431 3276.1519216158754 22964.305 4.171 2747.191201748576 37745
stats: page 22077 962.6741242469526 2009.7673514002408 22964.225 0.575 1139.0674888867854 232381
stats: 302 4941 106344
stats: 200 1736 58015
stats: size_rcv 50989787 1529033016
stats: newphase 0 6
stats: 502 39595 367588
stats: size_sent 11924097 178699427
stats: connected -138 2678
stats: 404 1323 13855
stats: 500 381 3534
# stats: dump at 1575268277
stats: users 1 3008
stats: {cpu,"tsung_controller@ip-172-31-24-232"} 1 81.03711235383834 0.0 86.25377643504531 0.0 23.43322131971436 52
stats: {freemem,"tsung_controller@ip-172-31-24-232"} 1 331.36328125 0.0 780.91015625 270.11328125 608.6055438701923 52
stats: {load,"tsung_controller@ip-172-31-24-232"} 1 1.4296875 0.0 1.4296875 0.0 0.4357722355769231 52
stats: {recvpackets,"tsung_controller@ip-172-31-24-232"} 1 106030.0 0.0 109343 0 35506.31372549019 51
stats: {sentpackets,"tsung_controller@ip-172-31-24-232"} 1 108868.0 0.0 116518 0 29558.43137254902 51
stats: session 3133 6364.227615065428 3389.2667358098706 33601.624 7.384 4385.928547584296 83578
stats: users_count 290 86712
stats: finish_users_count 3133 86711
stats: page 5677 2443.0482710938886 2661.5621287225185 22964.225 0.575 1123.7634453465798 254458
stats: request 15184 744.3598439805063 1053.197323719689 10297.634 0.548 525.1306328037815 549333
stats: tr_create_post_comment 2123 3997.1875586434367 2985.157850386858 22964.305 4.171 2732.7488327256046 41411
stats: connect 704 46.022389204545455 75.14569655512399 279.892 0.321 6.070710061854712 86008
stats: 302 6908 113252
stats: 200 1238 59253
stats: size_rcv 47390630 1576423646
stats: newphase 0 6
stats: 502 4687 372275
stats: size_sent 4619646 183319073
stats: connected -2677 1
stats: 404 2215 16070
stats: 500 133 3667
# stats: dump at 1575268287
stats: users 0 3008
stats: {cpu,"tsung_controller@ip-172-31-24-232"} 1 19.047619047619047 0.0 86.25377643504531 0.0 24.52008718828274 53
stats: {freemem,"tsung_controller@ip-172-31-24-232"} 1 554.05859375 0.0 780.91015625 270.11328125 603.3745577830188 53
stats: {load,"tsung_controller@ip-172-31-24-232"} 1 1.3515625 0.0 1.4296875 0.0 0.4545253537735849 53
stats: {recvpackets,"tsung_controller@ip-172-31-24-232"} 1 3.87e4 0.0 109343 0 36862.538461538454 52
stats: {sentpackets,"tsung_controller@ip-172-31-24-232"} 1 23121.0 0.0 116518 0 31083.615384615383 52
stats: session 1 12947.939 0.0 33601.624 7.384 4457.407494643128 86711
stats: users_count 0 86712
stats: finish_users_count 1 86712
stats: request 6 7.675833333333334 2.2431479678245827 10297.634 0.548 531.0273132270592 564517
stats: connect 0 0 0 279.892 0.321 6.395070959036812 86712
stats: tr_create_post_comment 1 46.784 0.0 22964.305 4.171 2794.4110602976994 43534
stats: page 1 46.64 0.0 22964.225 0.575 1152.5545728602458 260135
stats: 302 5 113257
stats: 200 1 59254
stats: size_rcv 8789 1576432435
stats: newphase 0 6
stats: 502 0 372275
stats: size_sent 4317 183323390
stats: connected -1 0
stats: 404 0 16070
stats: 500 0 3667
# stats: dump at 1575268297
stats: users 0 3008
stats: {cpu,"tsung_controller@ip-172-31-24-232"} 1 0.09995002498750624 0.0 86.25377643504531 0.0 24.418745185677857 54
stats: {freemem,"tsung_controller@ip-172-31-24-232"} 1 565.921875 0.0 780.91015625 270.11328125 602.4612991898147 54
stats: {load,"tsung_controller@ip-172-31-24-232"} 1 1.1484375 0.0 1.4296875 0.0 0.4711371527777778 54
stats: {recvpackets,"tsung_controller@ip-172-31-24-232"} 1 29.0 0.0 109343 0 36897.207547169804 53
stats: {sentpackets,"tsung_controller@ip-172-31-24-232"} 1 29.0 0.0 116518 0 30933.377358490565 53
stats: session 0 0 0 33601.624 7.384 4457.505411096507 86712
stats: users_count 0 86712
stats: finish_users_count 0 86712
stats: request 0 0 0 10297.634 0.548 531.0217508161754 564523
stats: connect 0 0 0 279.892 0.321 6.395070959036812 86712
stats: tr_create_post_comment 0 0 0 22964.305 4.171 2794.3479472378554 43535
stats: page 0 0 0 22964.225 0.575 1152.5503215664116 260136
stats: 302 0 113257
stats: 200 0 59254
stats: size_rcv 0 1576432435
stats: newphase 0 6
stats: 502 0 372275
stats: size_sent 0 183323390
stats: connected 0 0
stats: 404 0 16070
stats: 500 0 3667
# stats: dump at 1575268307
stats: users 0 3008
stats: {cpu,"tsung_controller@ip-172-31-24-232"} 1 0.1 0.0 86.25377643504531 0.0 23.976585273665304 55
stats: {freemem,"tsung_controller@ip-172-31-24-232"} 1 566.43359375 0.0 780.91015625 270.11328125 601.7969460227272 55
stats: {load,"tsung_controller@ip-172-31-24-232"} 1 0.96875 0.0 1.4296875 0.0 0.48345170454545455 55
stats: {recvpackets,"tsung_controller@ip-172-31-24-232"} 1 20.0 0.0 109343 0 36214.462962962956 54
stats: {sentpackets,"tsung_controller@ip-172-31-24-232"} 1 21.0 0.0 116518 0 30361.074074074073 54
stats: session 0 0 0 33601.624 7.384 4457.505411096507 86712
stats: users_count 0 86712
stats: finish_users_count 0 86712
stats: request 0 0 0 10297.634 0.548 531.0217508161754 564523
stats: tr_create_post_comment 0 0 0 22964.305 4.171 2794.3479472378554 43535
stats: connect 0 0 0 279.892 0.321 6.395070959036812 86712
stats: page 0 0 0 22964.225 0.575 1152.5503215664116 260136
stats: 302 0 113257
stats: 200 0 59254
stats: size_rcv 0 1576432435
stats: newphase 0 6
stats: 502 0 372275
stats: size_sent 0 183323390
stats: connected 0 0
stats: 404 0 16070
stats: 500 0 3667
# stats: dump at 1575268317
stats: users 0 3008
stats: {cpu,"tsung_controller@ip-172-31-24-232"} 1 0.05002501250625312 0.0 86.25377643504531 0.0 23.550217679492707 56
stats: {freemem,"tsung_controller@ip-172-31-24-232"} 1 566.48046875 0.0 780.91015625 270.11328125 601.1654575892856 56
stats: {load,"tsung_controller@ip-172-31-24-232"} 1 0.8203125 0.0 1.4296875 0.0 0.4921177455357143 56
stats: {recvpackets,"tsung_controller@ip-172-31-24-232"} 1 0.0 0.0 109343 0 35556.38181818181 55
stats: {sentpackets,"tsung_controller@ip-172-31-24-232"} 1 0.0 0.0 116518 0 29809.436363636363 55
stats: session 0 0 0 33601.624 7.384 4457.505411096507 86712
stats: users_count 0 86712
stats: finish_users_count 0 86712
stats: page 0 0 0 22964.225 0.575 1152.5503215664116 260136
stats: request 0 0 0 10297.634 0.548 531.0217508161754 564523
stats: connect 0 0 0 279.892 0.321 6.395070959036812 86712
stats: tr_create_post_comment 0 0 0 22964.305 4.171 2794.3479472378554 43535
stats: 302 0 113257
stats: 200 0 59254
stats: size_rcv 0 1576432435
stats: newphase 0 6
stats: 502 0 372275
stats: size_sent 0 183323390
stats: connected 0 0
stats: 404 0 16070
stats: 500 0 3667
# stats: dump at 1575268327
stats: users 0 3008
stats: {cpu,"tsung_controller@ip-172-31-24-232"} 1 0.0 0.0 86.25377643504531 0.0 23.137933597615753 57
stats: {freemem,"tsung_controller@ip-172-31-24-232"} 1 566.48046875 0.0 780.91015625 270.11328125 600.5569490131578 57
stats: {load,"tsung_controller@ip-172-31-24-232"} 1 0.69140625 0.0 1.4296875 0.0 0.49787554824561403 57
stats: {recvpackets,"tsung_controller@ip-172-31-24-232"} 1 0.0 0.0 109343 0 34921.44642857143 56
stats: {sentpackets,"tsung_controller@ip-172-31-24-232"} 1 0.0 0.0 116518 0 29277.125 56
stats: session 0 0 0 33601.624 7.384 4457.505411096507 86712
stats: users_count 0 86712
stats: finish_users_count 0 86712
stats: request 0 0 0 10297.634 0.548 531.0217508161754 564523
stats: page 0 0 0 22964.225 0.575 1152.5503215664116 260136
stats: connect 0 0 0 279.892 0.321 6.395070959036812 86712
stats: tr_create_post_comment 0 0 0 22964.305 4.171 2794.3479472378554 43535
stats: 302 0 113257
stats: 200 0 59254
stats: size_rcv 0 1576432435
stats: newphase 0 6
stats: 502 0 372275
stats: size_sent 0 183323390
stats: connected 0 0
stats: 404 0 16070
stats: 500 0 3667
# stats: dump at 1575268328
stats: users 0 3008
stats: {cpu,"tsung_controller@ip-172-31-24-232"} 0 0 0 86.25377643504531 0.0 22.739003708001686 58
stats: {freemem,"tsung_controller@ip-172-31-24-232"} 0 0 0 780.91015625 270.11328125 599.9694234913792 58
stats: {load,"tsung_controller@ip-172-31-24-232"} 0 0 0 1.4296875 0.0 0.5012122844827587 58
stats: {recvpackets,"tsung_controller@ip-172-31-24-232"} 0 0 0 109343 0 34308.78947368421 57
stats: {sentpackets,"tsung_controller@ip-172-31-24-232"} 0 0 0 116518 0 28763.491228070176 57
stats: session 0 0 0 33601.624 7.384 4457.505411096507 86712
stats: users_count 0 86712
stats: finish_users_count 0 86712
stats: page 0 0 0 22964.225 0.575 1152.5503215664116 260136
stats: request 0 0 0 10297.634 0.548 531.0217508161754 564523
stats: connect 0 0 0 279.892 0.321 6.395070959036812 86712
stats: tr_create_post_comment 0 0 0 22964.305 4.171 2794.3479472378554 43535
stats: 302 0 113257
stats: 200 0 59254
stats: size_rcv 0 1576432435
stats: newphase 0 6
stats: 502 0 372275
stats: size_sent 0 183323390
stats: connected 0 0
stats: 404 0 16070
stats: 500 0 3667
EndMonitor:{1575,268328,38629}