# stats: dump at 1575266492
stats: users 11 18
stats: {cpu,"tsung_controller@ip-172-31-24-232"} 1 3.425792832024102 0 3.425792832024102 3.425792832024102 0 0
stats: {freemem,"tsung_controller@ip-172-31-24-232"} 1 792.546875 0 792.546875 792.546875 0 0
stats: {load,"tsung_controller@ip-172-31-24-232"} 1 0.01171875 0 0.01171875 0.01171875 0 0
stats: session 73 1026.0186986301371 625.7920669222432 2981.775 296.137 0 0
stats: users_count 84 84
stats: finish_users_count 73 73
stats: request 472 47.344936440678005 78.20299864263099 232.09 3.139 0 0
stats: connect 80 2.942949999999999 6.5364820869103575 32.769 0.683 0 0
stats: page 228 98.09793859649123 112.25190735673179 286.062 3.93 0 0
stats: tr_create_post_comment 33 50.60027272727273 7.857959443938965 74.392 37.069 0 0
stats: 302 280 280
stats: 200 192 192
stats: size_rcv 4997967 4997967
stats: size_sent 272939 272939
stats: connected 11 11
# stats: dump at 1575266502
stats: users 12 18
stats: {cpu,"tsung_controller@ip-172-31-24-232"} 1 1.4962593516209477 0.0 3.425792832024102 1.4962593516209477 3.425792832024102 1
stats: {freemem,"tsung_controller@ip-172-31-24-232"} 1 785.86328125 0.0 792.546875 785.86328125 792.546875 1
stats: {load,"tsung_controller@ip-172-31-24-232"} 1 0.01171875 0.0 0.01171875 0.01171875 0.01171875 1
stats: {recvpackets,"tsung_controller@ip-172-31-24-232"} 1 4778 0 4778 4778 0 0
stats: {sentpackets,"tsung_controller@ip-172-31-24-232"} 1 3050 0 3050 3050 0 0
stats: session 84 1272.2734166666667 1114.0745957289826 6897.842 266.993 1026.0186986301371 73
stats: users_count 85 169
stats: finish_users_count 84 157
stats: request 493 46.24407099391487 78.29054743689424 237.987 3.062 47.344936440678005 472
stats: connect 83 2.289795180722893 5.424129473787523 34.794 0.683 2.942949999999999 80
stats: page 246 92.76175609756102 110.24548690332072 290.685 3.779 98.09793859649123 228
stats: tr_create_post_comment 33 47.376151515151506 7.304548330347089 74.392 37.069 50.60027272727273 33
stats: 302 295 575
stats: 200 198 390
stats: size_rcv 5281865 10279832
stats: size_sent 284269 557208
stats: connected 2 13
# stats: dump at 1575266512
stats: users 8 20
stats: {cpu,"tsung_controller@ip-172-31-24-232"} 1 0.9509509509509511 0.0 3.425792832024102 0.9509509509509511 2.461026091822525 2
stats: {freemem,"tsung_controller@ip-172-31-24-232"} 1 786.3515625 0.0 792.546875 785.86328125 789.205078125 2
stats: {load,"tsung_controller@ip-172-31-24-232"} 1 0.01171875 0.0 0.01171875 0.01171875 0.01171875 2
stats: {recvpackets,"tsung_controller@ip-172-31-24-232"} 1 4389.0 0.0 4778 4389 4778.0 1
stats: {sentpackets,"tsung_controller@ip-172-31-24-232"} 1 2791.0 0.0 3050 2791 3050.0 1
stats: session 97 1213.1307938144334 1061.8364418265287 6897.842 266.993 1157.772815286624 157
stats: users_count 93 262
stats: finish_users_count 97 254
stats: request 634 42.6080299684543 75.29286696706768 237.987 3.017 46.78252538860109 965
stats: connect 96 3.049479166666668 7.142318350244032 38.08 0.683 2.610361963190184 163
stats: page 293 91.54151877133107 107.94797839566242 290.685 3.779 95.32852742616036 474
stats: tr_create_post_comment 49 47.97757142857142 6.419601281407196 74.392 37.069 48.988212121212115 66
stats: 302 394 969
stats: 200 240 630
stats: size_rcv 6115664 16395496
stats: size_sent 374914 932122
stats: connected -6 7
# stats: dump at 1575266522
stats: users 7 20
stats: {cpu,"tsung_controller@ip-172-31-24-232"} 1 1.3439522150323544 0.0 3.425792832024102 0.9509509509509511 1.9576677115320003 3
stats: {freemem,"tsung_controller@ip-172-31-24-232"} 1 786.11328125 0.0 792.546875 785.86328125 788.25390625 3
stats: {load,"tsung_controller@ip-172-31-24-232"} 1 0.0 0.0 0.01171875 0.0 0.01171875 3
stats: {recvpackets,"tsung_controller@ip-172-31-24-232"} 1 4639.0 0.0 4778 4389 4583.5 2
stats: {sentpackets,"tsung_controller@ip-172-31-24-232"} 1 3019.0 0.0 3050 2791 2920.5 2
stats: session 78 1135.2981153846163 856.9426015326902 6897.842 266.993 1178.9134606299215 254
stats: users_count 77 339
stats: finish_users_count 78 332
stats: request 548 42.382047445255495 73.89472834835092 237.987 3.017 45.1273470919325 1599
stats: connect 78 7.057320512820511 29.374252310176118 228.577 0.668 2.7731235521235527 259
stats: page 235 99.53943404255322 110.4550898854704 290.685 3.779 93.88186049543678 767
stats: tr_create_post_comment 46 51.07960869565217 8.993906607491107 85.434 37.069 48.557591304347824 115
stats: 302 344 1313
stats: 200 204 834
stats: size_rcv 4970359 21365855
stats: size_sent 329056 1261178
stats: connected 0 7
# stats: dump at 1575266532
stats: users 5 20
stats: {cpu,"tsung_controller@ip-172-31-24-232"} 1 1.0437375745526838 0.0 3.425792832024102 0.9509509509509511 1.8042388374070888 4
stats: {freemem,"tsung_controller@ip-172-31-24-232"} 1 785.87890625 0.0 792.546875 785.86328125 787.71875 4
stats: {load,"tsung_controller@ip-172-31-24-232"} 1 0.0 0.0 0.01171875 0.0 0.0087890625 4
stats: {recvpackets,"tsung_controller@ip-172-31-24-232"} 1 4046.0 0.0 4778 4046 4602.0 3
stats: {sentpackets,"tsung_controller@ip-172-31-24-232"} 1 2519.0 0.0 3050 2519 2953.3333333333335 3
stats: session 74 1235.7519324324319 917.7699449966003 6897.842 266.993 1168.6664819277112 332
stats: users_count 72 411
stats: finish_users_count 74 406
stats: request 455 48.49313186813191 79.2419861887261 262.434 3.017 44.42663716814163 2147
stats: connect 74 17.027986486486483 47.26968906823827 256.415 0.668 3.764718100890208 337
stats: page 225 98.50731999999996 110.0609138038055 290.685 3.779 95.20873652694613 1002
stats: tr_create_post_comment 32 49.87868749999999 9.048056667862095 87.129 37.069 49.27816770186335 161
stats: 302 275 1588
stats: 200 180 1014
stats: size_rcv 4865007 26230862
stats: size_sent 261913 1523091
stats: connected -2 5
# stats: dump at 1575266542
stats: users 11 20
stats: {cpu,"tsung_controller@ip-172-31-24-232"} 1 0.9965122072745392 0.0 3.425792832024102 0.9509509509509511 1.652138584836208 5
stats: {freemem,"tsung_controller@ip-172-31-24-232"} 1 785.875 0.0 792.546875 785.86328125 787.35078125 5
stats: {load,"tsung_controller@ip-172-31-24-232"} 1 0.0 0.0 0.01171875 0.0 0.00703125 5
stats: {recvpackets,"tsung_controller@ip-172-31-24-232"} 1 3768.0 0.0 4778 3768 4463.0 4
stats: {sentpackets,"tsung_controller@ip-172-31-24-232"} 1 2376.0 0.0 3050 2376 2844.75 4
stats: session 57 1293.0271578947375 967.6262340880729 6897.842 266.055 1180.893879310345 406
stats: users_count 63 474
stats: finish_users_count 57 463
stats: request 392 43.338035714285766 75.99446687164708 262.434 3.017 45.13772674865491 2602
stats: connect 60 2.2761666666666667 5.995509347744267 256.415 0.668 6.152751824817518 411
stats: page 177 96.08149152542379 109.73705623941142 290.685 3.779 95.81361124694378 1227
stats: tr_create_post_comment 31 47.19058064516128 7.03991631078461 87.129 36.106 49.37773575129534 193
stats: 302 241 1829
stats: 200 151 1165
stats: size_rcv 3807010 30037872
stats: size_sent 231438 1754529
stats: connected 3 8
# stats: dump at 1575266552
stats: users 13 25
stats: {cpu,"tsung_controller@ip-172-31-24-232"} 1 1.6442451420029895 0.0 3.425792832024102 0.9509509509509511 1.5428675219092634 6
stats: {freemem,"tsung_controller@ip-172-31-24-232"} 1 780.44921875 0.0 792.546875 780.44921875 787.1048177083334 6
stats: {load,"tsung_controller@ip-172-31-24-232"} 1 0.0 0.0 0.01171875 0.0 0.005859375 6
stats: {recvpackets,"tsung_controller@ip-172-31-24-232"} 1 3339.0 0.0 4778 3339 4324.0 5
stats: {sentpackets,"tsung_controller@ip-172-31-24-232"} 1 2414.0 0.0 3050 2376 2751.0 5
stats: session 68 1367.1224117647052 1452.611590407401 10129.289 266.055 1194.698624190065 463
stats: users_count 70 544
stats: finish_users_count 68 531
stats: request 417 46.78007913669057 78.29204143318472 262.434 3.017 44.90209585838346 2994
stats: connect 70 2.227899999999999 5.991023034865223 256.415 0.572 5.65891932059448 471
stats: page 201 97.00559203980094 110.34519588152476 290.685 3.524 95.8473824786325 1404
stats: tr_create_post_comment 29 50.526275862068964 5.4989657202846445 87.129 36.106 49.07504910714285 224
stats: 302 248 2077
stats: 200 169 1334
stats: size_rcv 4329975 34367847
stats: newphase 1 1
stats: size_sent 242026 1996555
stats: connected 9 17
# stats: dump at 1575266562
stats: users 23 34
stats: {cpu,"tsung_controller@ip-172-31-24-232"} 1 1.9412643106022895 0.0 3.425792832024102 0.9509509509509511 1.5573500390655097 7
stats: {freemem,"tsung_controller@ip-172-31-24-232"} 1 775.87890625 0.0 792.546875 775.87890625 786.1540178571429 7
stats: {load,"tsung_controller@ip-172-31-24-232"} 1 0.0 0.0 0.01171875 0.0 0.005022321428571429 7
stats: {recvpackets,"tsung_controller@ip-172-31-24-232"} 1 4289.0 0.0 4778 3339 4159.833333333333 6
stats: {sentpackets,"tsung_controller@ip-172-31-24-232"} 1 3017.0 0.0 3050 2376 2694.8333333333335 6
stats: session 176 1224.8205000000005 993.4855491276257 10129.289 266.055 1216.7792598870058 531
stats: users_count 186 730
stats: finish_users_count 176 707
stats: request 1202 43.15250915141433 75.81994945589524 262.434 3.017 45.13168220463209 3411
stats: connect 182 2.247401098901099 6.078980919565247 256.415 0.572 5.21497966728281 541
stats: page 541 95.16346210720884 110.00895315170976 293.318 3.524 95.9924292834891 1605
stats: tr_create_post_comment 96 50.44788541666668 26.58221078123716 293.428 35.517 49.241395256916995 253
stats: 302 744 2821
stats: 200 458 1792
stats: size_rcv 11327748 45695595
stats: newphase 0 1
stats: size_sent 711327 2707882
stats: connected 3 20
# stats: dump at 1575266572
stats: users 22 34
stats: {cpu,"tsung_controller@ip-172-31-24-232"} 1 2.2365805168986084 0.0 3.425792832024102 0.9509509509509511 1.6053393230076072 8
stats: {freemem,"tsung_controller@ip-172-31-24-232"} 1 774.80859375 0.0 792.546875 774.80859375 784.86962890625 8
stats: {load,"tsung_controller@ip-172-31-24-232"} 1 0.0 0.0 0.01171875 0.0 0.00439453125 8
stats: {recvpackets,"tsung_controller@ip-172-31-24-232"} 1 9402.0 0.0 9402 3339 4178.285714285715 7
stats: {sentpackets,"tsung_controller@ip-172-31-24-232"} 1 6132.0 0.0 6132 2376 2740.8571428571427 7
stats: session 153 1331.7103267973855 1087.502748333204 10129.289 262.98 1218.7810396039604 707
stats: users_count 152 882
stats: finish_users_count 153 860
stats: connect 155 2.5041290322580663 5.653440467435254 256.415 0.513 4.467954356846473 723
stats: request 991 44.16760040363269 76.26213444940272 262.434 3.017 44.615973119445066 4613
stats: page 463 95.55529157667381 110.10465904129416 293.318 3.314 95.78344920782853 2146
stats: tr_create_post_comment 74 50.00841891891891 10.362574104982974 293.428 35.517 49.5732664756447 349
stats: 302 606 3427
stats: 200 385 2177
stats: size_rcv 9909206 55604801
stats: newphase 0 1
stats: size_sent 580893 3288775
stats: connected 2 22
# stats: dump at 1575266582
stats: users 22 34
stats: {cpu,"tsung_controller@ip-172-31-24-232"} 1 1.8877297565822158 0.0 3.425792832024102 0.9509509509509511 1.6754772334399408 9
stats: {freemem,"tsung_controller@ip-172-31-24-232"} 1 774.24609375 0.0 792.546875 774.24609375 783.7517361111111 9
stats: {load,"tsung_controller@ip-172-31-24-232"} 1 0.0 0.0 0.01171875 0.0 0.00390625 9
stats: {recvpackets,"tsung_controller@ip-172-31-24-232"} 1 7899.0 0.0 9402 3339 4831.25 8
stats: {sentpackets,"tsung_controller@ip-172-31-24-232"} 1 5050.0 0.0 6132 2376 3164.75 8
stats: session 167 1402.046143712575 1209.7964961072007 10129.289 262.98 1238.8719476744186 860
stats: users_count 167 1049
stats: finish_users_count 167 1027
stats: request 1121 42.62626137377327 75.15008327543926 262.434 3.017 44.536683797287665 5604
stats: connect 165 4.199072727272728 16.95913950024146 256.415 0.513 4.121265375854215 878
stats: page 498 96.11634738955827 108.865728463467 293.318 3.281 95.74295975469528 2609
stats: tr_create_post_comment 92 49.317695652173946 8.03514579930371 293.428 35.517 49.64939243498818 423
stats: 302 697 4124
stats: 200 424 2601
stats: size_rcv 10501895 66106696
stats: newphase 0 1
stats: size_sent 665752 3954527
stats: connected 0 22
# stats: dump at 1575266592
stats: users 21 34
stats: {cpu,"tsung_controller@ip-172-31-24-232"} 1 2.3267326732673266 0.0 3.425792832024102 0.9509509509509511 1.6967024857541682 10
stats: {freemem,"tsung_controller@ip-172-31-24-232"} 1 774.28125 0.0 792.546875 774.24609375 782.801171875 10
stats: {load,"tsung_controller@ip-172-31-24-232"} 1 0.0 0.0 0.01171875 0.0 0.003515625 10
stats: {recvpackets,"tsung_controller@ip-172-31-24-232"} 1 8280.0 0.0 9402 3339 5172.111111111111 9
stats: {sentpackets,"tsung_controller@ip-172-31-24-232"} 1 5425.0 0.0 6132 2376 3374.222222222222 9
stats: session 161 1336.1700186335406 964.9931609840072 10129.289 262.98 1265.4056290165531 1027
stats: users_count 160 1209
stats: finish_users_count 161 1188
stats: request 1040 43.751751923076924 76.26858903296194 262.434 3.017 44.21823271375464 6725
stats: connect 162 10.609012345679012 38.37090793447422 256.415 0.513 4.133574304889742 1043
stats: page 483 94.29703312629387 108.21328456003046 293.318 3.281 95.80280753138075 3107
stats: tr_create_post_comment 80 48.785587499999984 8.326908926326968 293.428 35.517 49.590137864077676 515
stats: 302 642 4766
stats: 200 398 2999
stats: size_rcv 9927643 76034339
stats: newphase 0 1
stats: size_sent 614429 4568956
stats: connected -3 19
# stats: dump at 1575266602
stats: users 16 34
stats: {cpu,"tsung_controller@ip-172-31-24-232"} 1 2.0905923344947737 0.0 3.425792832024102 0.9509509509509511 1.7539779573462733 11
stats: {freemem,"tsung_controller@ip-172-31-24-232"} 1 774.33984375 0.0 792.546875 774.24609375 782.0266335227273 11
stats: {load,"tsung_controller@ip-172-31-24-232"} 1 0.0 0.0 0.01171875 0.0 0.0031960227272727275 11
stats: {recvpackets,"tsung_controller@ip-172-31-24-232"} 1 8111.0 0.0 9402 3339 5482.9 10
stats: {sentpackets,"tsung_controller@ip-172-31-24-232"} 1 5286.0 0.0 6132 2376 3579.3 10
stats: session 133 1326.809142857143 950.2409216775599 10129.289 262.98 1274.9957525252526 1188
stats: users_count 128 1337
stats: finish_users_count 133 1321
stats: request 850 41.807101176470596 74.63692273018843 262.434 3.017 44.155754925949765 7765
stats: connect 124 2.2538709677419346 4.519337483503781 256.415 0.513 5.004131120331951 1205
stats: page 385 92.39731688311687 108.71195957213662 293.318 3.281 95.60022005571028 3590
stats: tr_create_post_comment 68 48.16813235294117 8.541044709664193 293.428 35.517 49.481963025210085 595
stats: 302 532 5298
stats: 200 318 3317
stats: size_rcv 7975031 84009370
stats: newphase 0 1
stats: size_sent 504993 5073949
stats: connected -11 8
# stats: dump at 1575266612
stats: users 1 34
stats: {cpu,"tsung_controller@ip-172-31-24-232"} 1 1.979218208807521 0.0 3.425792832024102 0.9509509509509511 1.7820291554419816 12
stats: {freemem,"tsung_controller@ip-172-31-24-232"} 1 774.6328125 0.0 792.546875 774.24609375 781.3860677083334 12
stats: {load,"tsung_controller@ip-172-31-24-232"} 1 0.0 0.0 0.01171875 0.0 0.0029296875 12
stats: {recvpackets,"tsung_controller@ip-172-31-24-232"} 1 6931.0 0.0 9402 3339 5721.818181818182 11
stats: {sentpackets,"tsung_controller@ip-172-31-24-232"} 1 4428.0 0.0 6132 2376 3734.4545454545455 11
stats: session 118 1269.597262711864 953.3956887757537 10129.289 262.98 1280.2123921271764 1321
stats: users_count 103 1440
stats: finish_users_count 118 1439
stats: request 759 42.900277997364974 75.47328315516134 262.434 2.988 43.924024724318045 8615
stats: connect 111 3.6859459459459445 8.062704611650844 256.415 0.513 4.7475229495861555 1329
stats: page 344 94.74534302325587 108.96649407474064 293.318 3.281 95.29000176100627 3975
stats: tr_create_post_comment 60 47.21193333333334 6.326380974055298 293.428 35.008 49.347211161387634 663
stats: 302 473 5771
stats: 200 286 3603
stats: size_rcv 7304280 91313650
stats: newphase 0 1
stats: size_sent 448260 5522209
stats: connected -7 1
# stats: dump at 1575266622
stats: users 47 55
stats: {cpu,"tsung_controller@ip-172-31-24-232"} 1 1.2928891098955742 0.0 3.425792832024102 0.9509509509509511 1.7971975441624077 13
stats: {freemem,"tsung_controller@ip-172-31-24-232"} 1 774.69921875 0.0 792.546875 774.24609375 780.8665865384615 13
stats: {load,"tsung_controller@ip-172-31-24-232"} 1 0.0 0.0 0.01171875 0.0 0.002704326923076923 13
stats: {recvpackets,"tsung_controller@ip-172-31-24-232"} 1 4483.0 0.0 9402 3339 5822.583333333333 12
stats: {sentpackets,"tsung_controller@ip-172-31-24-232"} 1 3009.0 0.0 6132 2376 3792.25 12
stats: session 247 1188.8145910931173 971.8451413470551 10129.289 262.98 1279.34193676164 1439
stats: users_count 293 1733
stats: finish_users_count 247 1686
stats: connect 287 2.4031358885017453 5.306462513775608 256.415 0.513 4.665693055555556 1440
stats: request 1639 49.07866687004272 80.67921504232865 313.724 2.915 43.84113334755707 9374
stats: tr_create_post_comment 111 61.39810810810812 50.28699566252778 369.268 32.87 49.170009681881055 723
stats: page 805 99.73536024844715 115.87680862030477 499.438 3.281 95.24662074554294 4319
stats: 302 964 6735
stats: 200 675 4278
stats: size_rcv 17689919 109003569
stats: newphase 1 2
stats: size_sent 943560 6465769
stats: connected 46 47
# stats: dump at 1575266632
stats: users 40 59
stats: {cpu,"tsung_controller@ip-172-31-24-232"} 1 6.341463414634147 0.0 6.341463414634147 0.9509509509509511 1.7611755131433482 14
stats: {freemem,"tsung_controller@ip-172-31-24-232"} 1 754.17578125 0.0 792.546875 754.17578125 780.4260602678571 14
stats: {load,"tsung_controller@ip-172-31-24-232"} 1 0.16015625 0.0 0.16015625 0.0 0.0025111607142857145 14
stats: {recvpackets,"tsung_controller@ip-172-31-24-232"} 1 16406.0 0.0 16406 3339 5719.538461538462 13
stats: {sentpackets,"tsung_controller@ip-172-31-24-232"} 1 10218.0 0.0 10218 2376 3732.0 13
stats: session 340 1378.5002764705891 1110.616140482475 10129.289 262.98 1266.0796269276395 1686
stats: users_count 333 2066
stats: finish_users_count 340 2026
stats: connect 335 3.116373134328357 6.682815739643323 256.415 0.513 4.289691951360742 1727
stats: tr_create_post_comment 173 53.427872832369914 25.737229982099045 369.268 32.87 50.79749040767386 834
stats: request 2216 43.92710243682304 76.38241431834989 446.251 2.915 44.62060464905112 11013
stats: page 1014 96.30169921104545 111.42898220591894 499.438 3.281 95.95181889149102 5124
stats: 302 1371 8106
stats: 200 845 5123
stats: size_rcv 21372807 130376376
stats: newphase 0 2
stats: size_sent 1310920 7776689
stats: connected -7 40
# stats: dump at 1575266642
stats: users 52 62
stats: {cpu,"tsung_controller@ip-172-31-24-232"} 1 9.068746952705997 0.0 9.068746952705997 0.9509509509509511 2.0665280399094015 15
stats: {freemem,"tsung_controller@ip-172-31-24-232"} 1 753.046875 0.0 792.546875 753.046875 778.6760416666667 15
stats: {load,"tsung_controller@ip-172-31-24-232"} 1 0.12890625 0.0 0.16015625 0.0 0.013020833333333334 15
stats: {recvpackets,"tsung_controller@ip-172-31-24-232"} 1 17535.0 0.0 17535 3339 6482.857142857143 14
stats: {sentpackets,"tsung_controller@ip-172-31-24-232"} 1 11076.0 0.0 11076 2376 4195.285714285715 14
stats: session 302 1448.1102317880793 1161.752151711732 10129.289 262.98 1284.945876110563 2026
stats: users_count 314 2380
stats: finish_users_count 302 2328
stats: request 2036 49.2346782907662 85.76076515602858 718.563 2.915 44.504435558243244 13229
stats: page 932 106.93205472103003 122.73851200396139 798.542 3.142 96.00961925708701 6138
stats: connect 315 14.460844444444442 43.51537633415097 256.415 0.513 4.099070320077594 2062
stats: tr_create_post_comment 158 56.83867721518986 46.94566700840626 549.603 32.87 51.24938331678252 1007
stats: 302 1251 9357
stats: 200 785 5908
stats: size_rcv 19582759 149959135
stats: newphase 0 2
stats: size_sent 1199547 8976236
stats: connected 10 50
# stats: dump at 1575266652
stats: users 35 68
stats: {cpu,"tsung_controller@ip-172-31-24-232"} 1 8.971233544612383 0.0 9.068746952705997 0.9509509509509511 2.504166721959189 16
stats: {freemem,"tsung_controller@ip-172-31-24-232"} 1 748.93359375 0.0 792.546875 748.93359375 777.07421875 16
stats: {load,"tsung_controller@ip-172-31-24-232"} 1 0.26953125 0.0 0.26953125 0.0 0.020263671875 16
stats: {recvpackets,"tsung_controller@ip-172-31-24-232"} 1 16220.0 0.0 17535 3339 7219.666666666667 15
stats: {sentpackets,"tsung_controller@ip-172-31-24-232"} 1 10102.0 0.0 11076 2376 4654.0 15
stats: session 337 1416.7067062314532 1061.0547490947133 10129.289 262.98 1306.1123861683852 2328
stats: users_count 320 2700
stats: finish_users_count 337 2665
stats: request 2102 52.04654709800187 98.74143549721094 934.407 2.915 45.13534117261708 15265
stats: page 980 111.98614285714278 145.59501656037662 989.655 3.124 97.44946506364924 7070
stats: connect 319 14.783786833855777 43.433729942877314 261.051 0.513 5.472212452671434 2377
stats: tr_create_post_comment 160 63.02231250000004 64.66490899139072 549.603 32.87 52.007416309012875 1165
stats: 302 1299 10656
stats: 200 803 6711
stats: size_rcv 20799760 170758895
stats: newphase 0 2
stats: size_sent 1235969 10212205
stats: connected -18 32
# stats: dump at 1575266662
stats: users 46 68
stats: {cpu,"tsung_controller@ip-172-31-24-232"} 1 10.12909632571996 0.0 10.12909632571996 0.9509509509509511 2.884582417409377 17
stats: {freemem,"tsung_controller@ip-172-31-24-232"} 1 747.8828125 0.0 792.546875 747.8828125 775.4188878676471 17
stats: {load,"tsung_controller@ip-172-31-24-232"} 1 0.23046875 0.0 0.26953125 0.0 0.034926470588235295 17
stats: {recvpackets,"tsung_controller@ip-172-31-24-232"} 1 16089.0 0.0 17535 3339 7782.1875 16
stats: {sentpackets,"tsung_controller@ip-172-31-24-232"} 1 10528.0 0.0 11076 2376 4994.5 16
stats: session 320 1290.8413937499995 1062.1341746110788 10129.289 262.98 1320.097484052533 2665
stats: users_count 331 3031
stats: finish_users_count 320 2985
stats: request 2125 43.43099576470584 76.31092260373909 934.407 2.89 45.97183307422121 17367
stats: connect 334 3.3239251497006004 7.879983049073064 261.051 0.513 6.573989985163202 2696
stats: page 976 94.87999180327881 110.17156725542364 989.655 3.124 99.21914757763976 8050
stats: tr_create_post_comment 165 48.02641212121211 7.037708631053909 549.603 32.87 53.33751698113208 1325
stats: 302 1302 11958
stats: 200 823 7534
stats: size_rcv 20589425 191348320
stats: newphase 0 2
stats: size_sent 1255189 11467394
stats: connected 16 48
# stats: dump at 1575266672
stats: users 40 68
stats: {cpu,"tsung_controller@ip-172-31-24-232"} 1 9.70970970970971 0.0 10.12909632571996 0.9509509509509511 3.2870554123155205 18
stats: {freemem,"tsung_controller@ip-172-31-24-232"} 1 751.296875 0.0 792.546875 747.8828125 773.8891059027778 18
stats: {load,"tsung_controller@ip-172-31-24-232"} 1 0.19921875 0.0 0.26953125 0.0 0.04578993055555555 18
stats: {recvpackets,"tsung_controller@ip-172-31-24-232"} 1 16843.0 0.0 17535 3339 8270.823529411764 17
stats: {sentpackets,"tsung_controller@ip-172-31-24-232"} 1 10867.0 0.0 11076 2376 5320.0 17
stats: session 320 1338.1987125 1073.5176859983947 10129.289 262.98 1316.9611527638192 2985
stats: users_count 314 3345
stats: finish_users_count 320 3305
stats: connect 314 2.3983789808917177 5.222237368546511 261.051 0.513 6.215732013201317 3030
stats: request 2132 43.48388133208251 76.39900088483623 934.407 2.89 45.694833316232284 19492
stats: page 960 96.89238958333324 111.80551176115262 989.655 3.124 98.74994571238645 9026
stats: tr_create_post_comment 170 52.313300000000005 30.22899681584478 549.603 32.87 52.74937449664429 1490
stats: 302 1324 13282
stats: 200 808 8342
stats: size_rcv 20454786 211803106
stats: newphase 0 2
stats: size_sent 1260099 12727493
stats: connected -8 40
# stats: dump at 1575266682
stats: users 0 68
stats: {cpu,"tsung_controller@ip-172-31-24-232"} 1 8.279623202776401 0.0 10.12909632571996 0.9509509509509511 3.625089849020478 19
stats: {freemem,"tsung_controller@ip-172-31-24-232"} 1 753.953125 0.0 792.546875 747.8828125 772.700041118421 19
stats: {load,"tsung_controller@ip-172-31-24-232"} 1 0.16015625 0.0 0.26953125 0.0 0.053865131578947366 19
stats: {recvpackets,"tsung_controller@ip-172-31-24-232"} 1 15612.0 0.0 17535 3339 8747.055555555555 18
stats: {sentpackets,"tsung_controller@ip-172-31-24-232"} 1 10164.0 0.0 11076 2376 5628.166666666667 18
stats: session 55 1826.405290909091 1374.094174289371 10129.289 262.98 1319.0174369137671 3305
stats: users_count 15 3360
stats: finish_users_count 55 3360
stats: request 246 28.34293495934959 60.71572406840126 934.407 2.89 45.4768463743988 21624
stats: 302 182 13464
stats: connect 16 1.5611874999999997 1.1801345907750311 261.051 0.513 5.8572843899521505 3344
stats: page 94 74.30697872340423 97.98047032694274 989.655 3.124 98.57137031844583 9986
stats: tr_create_post_comment 26 48.02976923076923 7.412535102045267 549.603 32.87 52.70471626506024 1660
stats: 200 64 8406
stats: size_rcv 1564184 213367290
stats: newphase 0 2
stats: size_sent 157066 12884559
stats: connected -40 0
# stats: dump at 1575266692
stats: users 92 96
stats: {cpu,"tsung_controller@ip-172-31-24-232"} 1 0.4497751124437781 0.0 10.12909632571996 0.4497751124437781 3.8578165167082745 20
stats: {freemem,"tsung_controller@ip-172-31-24-232"} 1 754.60546875 0.0 792.546875 747.8828125 771.7626953125 20
stats: {load,"tsung_controller@ip-172-31-24-232"} 1 0.140625 0.0 0.26953125 0.0 0.0591796875 20
stats: {recvpackets,"tsung_controller@ip-172-31-24-232"} 1 138.0 0.0 17535 138 9108.368421052632 19
stats: {sentpackets,"tsung_controller@ip-172-31-24-232"} 1 181.0 0.0 11076 181 5866.894736842105 19
stats: session 461 1268.705394793929 912.4266556808649 10129.289 262.98 1327.3228928571432 3360
stats: users_count 553 3913
stats: finish_users_count 461 3821
stats: request 3350 53.9566382089553 92.41325382714888 934.407 2.89 45.28411925011429 21870
stats: page 1542 116.56562905317762 143.51730957941254 1254.136 3.124 98.34509523809524 10080
stats: connect 551 2.863215970961885 6.1358822162938615 261.051 0.482 5.836826785714283 3360
stats: tr_create_post_comment 254 80.38014566929131 93.74650036910796 911.669 32.87 52.63262336892053 1686
stats: 302 2014 15478
stats: 200 1336 9742
stats: size_rcv 33150262 246517552
stats: newphase 1 3
stats: size_sent 1967374 14851933
stats: connected 91 91
# stats: dump at 1575266702
stats: users 100 113
stats: {cpu,"tsung_controller@ip-172-31-24-232"} 1 17.468354430379744 0.0 17.468354430379744 0.4497751124437781 3.6955288307909173 21
stats: {freemem,"tsung_controller@ip-172-31-24-232"} 1 738.5546875 0.0 792.546875 738.5546875 770.9456845238095 21
stats: {load,"tsung_controller@ip-172-31-24-232"} 1 0.19140625 0.0 0.26953125 0.0 0.06305803571428571 21
stats: {recvpackets,"tsung_controller@ip-172-31-24-232"} 1 31223.0 0.0 31223 138 8659.85 20
stats: {sentpackets,"tsung_controller@ip-172-31-24-232"} 1 20099.0 0.0 20099 181 5582.6 20
stats: session 625 1384.8659664 1026.3196103215184 10129.289 262.98 1320.250747710024 3821
stats: users_count 633 4546
stats: finish_users_count 625 4446
stats: request 4004 57.056993256743276 94.3255694432635 934.407 2.89 46.43609936558286 25220
stats: connect 635 11.712012598425193 36.65302606179271 261.051 0.482 5.417890565072868 3911
stats: page 1873 119.31651521623056 142.31681662383116 1254.136 3.124 100.76258475305455 11622
stats: tr_create_post_comment 297 84.47967003367006 84.66826448730242 911.669 32.87 56.26554639175258 1940
stats: 302 2456 17934
stats: 200 1553 11295
stats: size_rcv 39528364 286045916
stats: newphase 0 3
stats: size_sent 2360089 17212022
stats: connected 10 101
# stats: dump at 1575266712
stats: users 98 116
stats: {cpu,"tsung_controller@ip-172-31-24-232"} 1 17.382716049382715 0.0 17.468354430379744 0.4497751124437781 4.321566358044955 22
stats: {freemem,"tsung_controller@ip-172-31-24-232"} 1 735.06640625 0.0 792.546875 735.06640625 769.4733664772727 22
stats: {load,"tsung_controller@ip-172-31-24-232"} 1 0.3203125 0.0 0.3203125 0.0 0.06889204545454546 22
stats: {recvpackets,"tsung_controller@ip-172-31-24-232"} 1 31313.0 0.0 31313 138 9734.285714285714 21
stats: {sentpackets,"tsung_controller@ip-172-31-24-232"} 1 19870.0 0.0 20099 181 6273.857142857143 21
stats: session 651 1500.9474807987715 1030.0183722771417 10129.289 262.98 1329.3340836707157 4446
stats: users_count 649 5195
stats: finish_users_count 651 5097
stats: connect 613 18.327893964110906 49.82204687684507 275.671 0.482 6.297073911130661 4546
stats: request 4047 73.78262218927591 132.2685517919693 1208.11 2.89 47.89127521899808 29224
stats: page 1867 162.52547723620745 225.13560275565445 1850.495 3.124 103.33772456465357 13495
stats: tr_create_post_comment 315 131.20695873015885 193.55025597391938 1183.756 32.87 60.011453732677694 2237
stats: 302 2488 20422
stats: 200 1554 12849
stats: size_rcv 40332493 326378409
stats: newphase 0 3
stats: size_sent 2374159 19586181
stats: connected -8 93
# stats: dump at 1575266722
stats: users 93 118
stats: {cpu,"tsung_controller@ip-172-31-24-232"} 1 18.64578069732188 0.0 18.64578069732188 0.4497751124437781 4.889442431581379 23
stats: {freemem,"tsung_controller@ip-172-31-24-232"} 1 730.1640625 0.0 792.546875 730.1640625 767.9774116847826 23
stats: {load,"tsung_controller@ip-172-31-24-232"} 1 0.26953125 0.0 0.3203125 0.0 0.07982336956521739 23
stats: {recvpackets,"tsung_controller@ip-172-31-24-232"} 1 35057.0 0.0 35057 138 10715.136363636364 22
stats: {sentpackets,"tsung_controller@ip-172-31-24-232"} 1 21969.0 0.0 21969 181 6891.863636363636 22
stats: session 653 1474.061741194488 1079.9597551405873 10129.289 262.98 1351.2529225034339 5097
stats: users_count 648 5843
stats: finish_users_count 653 5750
stats: request 4249 52.53348858554963 87.40828264278778 1208.11 2.89 51.04063295362326 33271
stats: page 1941 113.98348634724363 136.97423034498937 1850.495 3.124 110.53102844681676 15362
stats: connect 652 2.913266871165641 6.5230075104147325 275.671 0.482 7.726593719713118 5159
stats: tr_create_post_comment 329 83.60962613981773 93.05454493066058 1183.756 32.87 68.79930015673983 2552
stats: 302 2621 23043
stats: 200 1630 14479
stats: size_rcv 40694115 367072524
stats: newphase 0 3
stats: size_sent 2516940 22103121
stats: connected 8 101
# stats: dump at 1575266732
stats: users 85 118
stats: {cpu,"tsung_controller@ip-172-31-24-232"} 1 18.6105476673428 0.0 18.64578069732188 0.4497751124437781 5.4626231926539 24
stats: {freemem,"tsung_controller@ip-172-31-24-232"} 1 728.69921875 0.0 792.546875 728.69921875 766.40185546875 24
stats: {load,"tsung_controller@ip-172-31-24-232"} 1 0.23046875 0.0 0.3203125 0.0 0.08772786458333333 24
stats: {recvpackets,"tsung_controller@ip-172-31-24-232"} 1 33530.0 0.0 35057 138 11773.478260869566 23
stats: {sentpackets,"tsung_controller@ip-172-31-24-232"} 1 21280.0 0.0 21969 181 7547.391304347826 23
stats: session 642 1354.2806012461065 1024.35402686783 10129.289 262.98 1365.1997326956528 5750
stats: users_count 634 6477
stats: finish_users_count 642 6392
stats: connect 640 3.287020312500001 6.587189106128643 275.671 0.351 7.186533643090685 5811
stats: tr_create_post_comment 325 93.81207076923079 104.13738777904996 1183.756 32.87 70.49058694897607 2881
stats: request 4181 54.374753169098206 89.25120148067154 1208.11 2.89 51.209693283582084 37520
stats: page 1933 119.08850646663248 142.99447257623993 1850.495 3.124 110.91831508986876 17303
stats: 302 2573 25616
stats: 200 1606 16085
stats: size_rcv 41231337 408303861
stats: newphase 0 3
stats: size_sent 2453720 24556841
stats: connected -6 95
# stats: dump at 1575266742
stats: users 72 118
stats: {cpu,"tsung_controller@ip-172-31-24-232"} 1 18.447580645161292 0.0 18.64578069732188 0.4497751124437781 5.988540171641455 25
stats: {freemem,"tsung_controller@ip-172-31-24-232"} 1 727.69140625 0.0 792.546875 727.69140625 764.89375 25
stats: {load,"tsung_controller@ip-172-31-24-232"} 1 0.19140625 0.0 0.3203125 0.0 0.0934375 25
stats: {recvpackets,"tsung_controller@ip-172-31-24-232"} 1 32802.0 0.0 35057 138 12680.0 24
stats: {sentpackets,"tsung_controller@ip-172-31-24-232"} 1 20747.0 0.0 21969 181 8119.583333333333 24
stats: session 651 1339.4091536098315 955.9346385623227 10129.289 262.98 1364.1030364518153 6392
stats: users_count 638 7115
stats: finish_users_count 651 7043
stats: connect 640 3.117871875 6.774471560513706 275.671 0.351 6.799665168190973 6451
stats: page 1951 117.0359738595593 144.27804821512032 1850.495 3.124 111.73932673112913 19236
stats: request 4264 53.34963555347099 91.0654203438205 1208.11 2.872 51.527026570106216 41701
stats: tr_create_post_comment 332 90.29940361445784 102.17047776405806 1183.756 32.87 72.85474235807862 3206
stats: 302 2640 28256
stats: 200 1625 17710
stats: size_rcv 41364345 449668206
stats: newphase 0 3
stats: size_sent 2515381 27072222
stats: connected -21 74
# stats: dump at 1575266752
stats: users 316 319
stats: {cpu,"tsung_controller@ip-172-31-24-232"} 1 18.37974683544304 0.0 18.64578069732188 0.4497751124437781 6.467734036007602 26
stats: {freemem,"tsung_controller@ip-172-31-24-232"} 1 731.87109375 0.0 792.546875 727.69140625 763.462890625 26
stats: {load,"tsung_controller@ip-172-31-24-232"} 1 0.30859375 0.0 0.3203125 0.0 0.09720552884615384 26
stats: {recvpackets,"tsung_controller@ip-172-31-24-232"} 1 32947.0 0.0 35057 138 13484.88 25
stats: {sentpackets,"tsung_controller@ip-172-31-24-232"} 1 20903.0 0.0 21969 181 8624.68 25
stats: session 293 1446.1027133105802 857.8070397037176 10129.289 262.98 1361.8205264801936 7043
stats: users_count 537 7652
stats: finish_users_count 293 7336
stats: request 2389 131.7109564671409 216.70590713696538 2031.471 2.872 51.696103143696284 45965
stats: 302 1357 29613
stats: connect 515 2.2974000000000037 4.750861690997779 275.671 0.351 6.4673639825130405 7091
stats: page 1169 216.96587254063286 329.11938600030805 2428.944 2.938 112.22706725822438 21187
stats: tr_create_post_comment 139 253.46585611510787 393.5710109212156 2429.099 32.87 74.49172018089318 3538
stats: 200 1032 18742
stats: size_rcv 23812374 473480580
stats: newphase 1 4
stats: size_sent 1445216 28517438
stats: connected 224 298
# stats: dump at 1575266762
stats: users 587 609
stats: {cpu,"tsung_controller@ip-172-31-24-232"} 1 12.977867203219315 0.0 18.64578069732188 0.4497751124437781 6.9089196952459515 27
stats: {freemem,"tsung_controller@ip-172-31-24-232"} 1 662.70703125 0.0 792.546875 662.70703125 762.292824074074 27
stats: {load,"tsung_controller@ip-172-31-24-232"} 1 0.26171875 0.0 0.3203125 0.0 0.10503472222222222 27
stats: {recvpackets,"tsung_controller@ip-172-31-24-232"} 1 24538.0 0.0 35057 138 14233.423076923076 26
stats: {sentpackets,"tsung_controller@ip-172-31-24-232"} 1 14960.0 0.0 21969 181 9096.923076923076 26
stats: session 873 2543.5147376861414 1820.5601259111572 11865.853 262.98 1365.186758860415 7336
stats: users_count 1144 8796
stats: finish_users_count 873 8209
stats: request 6238 502.41552276370714 919.6206340425402 5310.291 2.872 55.649353848699164 48354
stats: connect 1149 6.4160060922541335 24.39334100839299 285.185 0.351 6.185016960294501 7606
stats: tr_create_post_comment 425 901.9154376470585 1250.1123723091443 10744.081 32.87 81.25740005439219 3677
stats: page 2994 798.5461756847035 1379.8124885757604 10743.966 2.938 117.70388168724278 22356
stats: 302 3694 33307
stats: 200 2544 21286
stats: size_rcv 67398426 540879006
stats: newphase 0 4
stats: size_sent 3711263 32228701
stats: connected 264 562
# stats: dump at 1575266772
stats: users 971 975
stats: {cpu,"tsung_controller@ip-172-31-24-232"} 1 23.969849246231156 0.0 23.969849246231156 0.4497751124437781 7.1256678205307145 28
stats: {freemem,"tsung_controller@ip-172-31-24-232"} 1 571.3359375 0.0 792.546875 571.3359375 758.7361886160714 28
stats: {load,"tsung_controller@ip-172-31-24-232"} 1 0.21875 0.0 0.3203125 0.0 0.11063058035714286 28
stats: {recvpackets,"tsung_controller@ip-172-31-24-232"} 1 54849.0 0.0 54849 138 14615.074074074075 27
stats: {sentpackets,"tsung_controller@ip-172-31-24-232"} 1 31513.0 0.0 31513 181 9314.074074074073 27
stats: session 791 5658.791188369157 4988.68728155735 22200.902 33.29 1490.4980422706792 8209
stats: users_count 1175 9971
stats: finish_users_count 791 9000
stats: connect 1181 21.48509906858593 53.84852358605078 285.185 0.351 6.215331810394058 8755
stats: page 3046 1706.888803676957 2732.0638114700882 18841.556 0.64 198.11578812623281 25350
stats: request 6248 1046.4370105633795 1487.1877023470763 5888.307 0.588 106.69945938965424 54592
stats: tr_create_post_comment 287 2704.650644599305 4937.111017683595 18842.461 4.631 166.28413481228668 4102
stats: 302 3120 36427
stats: 200 2390 23676
stats: size_rcv 61613818 602492824
stats: newphase 0 4
stats: 502 712 712
stats: size_sent 3641566 35870267
stats: connected 404 966
stats: 500 22 22
stats: 404 5 5
# stats: dump at 1575266782
stats: users 909 993
stats: {cpu,"tsung_controller@ip-172-31-24-232"} 1 27.174472465259907 0.0 27.174472465259907 0.4497751124437781 7.706501662796247 29
stats: {freemem,"tsung_controller@ip-172-31-24-232"} 1 483.71875 0.0 792.546875 483.71875 752.2741109913793 29
stats: {load,"tsung_controller@ip-172-31-24-232"} 1 0.19140625 0.0 0.3203125 0.0 0.11435883620689655 29
stats: {recvpackets,"tsung_controller@ip-172-31-24-232"} 1 55097.0 0.0 55097 138 16052.0 28
stats: {sentpackets,"tsung_controller@ip-172-31-24-232"} 1 32762.0 0.0 32762 181 10106.892857142857 28
stats: session 1233 8279.843382806159 6687.416015202519 29516.176 33.29 1856.8446954444453 9000
stats: users_count 1171 11142
stats: finish_users_count 1233 10233
stats: request 7899 1061.9814681605314 1107.164786872351 5888.307 0.588 203.20636635437214 60840
stats: page 3569 2421.754530400667 3659.464360295081 22867.844 0.64 359.95980155655775 28396
stats: connect 1175 3.200608510638296 6.664132177044437 285.185 0.351 8.03030716586151 9936
stats: tr_create_post_comment 604 6994.668943708598 6069.472088290628 22867.944 4.63 332.2698236500343 4389
stats: 302 4496 40923
stats: 200 2636 26312
stats: size_rcv 68124990 670617814
stats: newphase 0 4
stats: 502 615 1327
stats: size_sent 4442852 40313119
stats: connected -53 913
stats: 500 25 47
stats: 404 125 130
# stats: dump at 1575266792
stats: users 970 993
stats: {cpu,"tsung_controller@ip-172-31-24-232"} 1 32.093023255813954 0.0 32.093023255813954 0.4497751124437781 8.355434022878368 30
stats: {freemem,"tsung_controller@ip-172-31-24-232"} 1 464.98828125 0.0 792.546875 464.98828125 743.322265625 30
stats: {load,"tsung_controller@ip-172-31-24-232"} 1 0.3203125 0.0 0.3203125 0.0 0.11692708333333333 30
stats: {recvpackets,"tsung_controller@ip-172-31-24-232"} 1 61930.0 0.0 61930 138 17398.379310344826 29
stats: {sentpackets,"tsung_controller@ip-172-31-24-232"} 1 36992.0 0.0 36992 181 10888.103448275862 29
stats: session 1143 7782.659596675399 6376.01258622624 32031.984 33.29 2630.7680201309486 10233
stats: users_count 1204 12346
stats: finish_users_count 1143 11376
stats: request 7506 1065.5152608579797 1244.7343862636567 5989.212 0.574 301.89073082238673 68739
stats: connect 1198 2.8854891485809637 6.370494349595595 285.185 0.351 7.519561425614253 11111
stats: page 3557 2238.652821478771 3270.782476325314 22867.844 0.64 590.1661330830594 31965
stats: tr_create_post_comment 554 6347.54935559567 5379.4075806646215 22867.944 4.63 1138.215961946724 4993
stats: 302 4052 44975
stats: 200 2553 28865
stats: size_rcv 68360221 738978035
stats: newphase 0 4
stats: 502 781 2108
stats: size_sent 4176247 44489366
stats: connected 54 967
stats: 500 20 67
stats: 404 103 233
# stats: dump at 1575266802
stats: users 939 1023
stats: {cpu,"tsung_controller@ip-172-31-24-232"} 1 30.432543769309987 0.0 32.093023255813954 0.4497751124437781 9.121162707811774 31
stats: {freemem,"tsung_controller@ip-172-31-24-232"} 1 471.77734375 0.0 792.546875 464.98828125 734.34375 31
stats: {load,"tsung_controller@ip-172-31-24-232"} 1 0.421875 0.0 0.421875 0.0 0.12348790322580645 31
stats: {recvpackets,"tsung_controller@ip-172-31-24-232"} 1 60682.0 0.0 61930 138 18882.766666666666 30
stats: {sentpackets,"tsung_controller@ip-172-31-24-232"} 1 36259.0 0.0 36992 181 11758.233333333334 30
stats: session 1233 7993.291847526348 5981.694447585144 32400.72 33.29 3148.4026959388166 11376
stats: users_count 1202 13548
stats: finish_users_count 1233 12609
stats: request 7880 1097.997471192891 1172.9022602388357 5989.212 0.568 377.0663583710412 76245
stats: page 3687 2318.7355438025493 3249.690721591542 22867.844 0.64 755.2375578514718 35522
stats: connect 1217 2.8948562037797902 6.093538800437465 285.185 0.351 7.06854033633926 12309
stats: tr_create_post_comment 580 6638.206365517243 5048.766225214983 22867.944 4.63 1658.4919129259051 5547
stats: 302 4212 49187
stats: 200 2594 31459
stats: size_rcv 69736798 808714833
stats: newphase 0 4
stats: 502 890 2998
stats: size_sent 4316101 48805467
stats: connected -13 954
stats: 500 34 101
stats: 404 150 383
# stats: dump at 1575266812
stats: users 468 1023
stats: {cpu,"tsung_controller@ip-172-31-24-232"} 1 29.788332472896233 0.0 32.093023255813954 0.4497751124437781 9.787143365983592 32
stats: {freemem,"tsung_controller@ip-172-31-24-232"} 1 468.4921875 0.0 792.546875 464.98828125 726.1385498046875 32
stats: {load,"tsung_controller@ip-172-31-24-232"} 1 0.4296875 0.0 0.4296875 0.0 0.1328125 32
stats: {recvpackets,"tsung_controller@ip-172-31-24-232"} 1 61654.0 0.0 61930 138 20231.129032258064 31
stats: {sentpackets,"tsung_controller@ip-172-31-24-232"} 1 35804.0 0.0 36992 181 12548.58064516129 31
stats: session 1177 7127.405268479181 6092.043038277117 32400.72 33.29 3622.1712996272477 12609
stats: users_count 706 14254
stats: finish_users_count 1177 13786
stats: connect 728 3.7166607142857098 6.937721084804763 285.185 0.351 6.6930136773621145 13526
stats: request 6797 1028.022666617626 1205.3234157649251 5989.212 0.568 444.59607211887095 84125
stats: page 2936 2416.433195504093 3420.532608377171 22867.844 0.64 902.2603606314872 39209
stats: tr_create_post_comment 664 5121.706578313257 5328.718760907006 22867.944 4.63 2129.886458788966 6127
stats: 302 4139 53326
stats: 200 2105 33564
stats: size_rcv 59044620 867759453
stats: newphase 0 4
stats: 502 358 3356
stats: size_sent 3784758 52590225
stats: connected -480 474
stats: 500 33 134
stats: 404 159 542
# stats: dump at 1575266822
stats: users 0 1023
stats: {cpu,"tsung_controller@ip-172-31-24-232"} 1 23.390342052313883 0.0 32.093023255813954 0.4497751124437781 10.393240005587005 33
stats: {freemem,"tsung_controller@ip-172-31-24-232"} 1 488.4453125 0.0 792.546875 464.98828125 718.331084280303 33
stats: {load,"tsung_controller@ip-172-31-24-232"} 1 0.53125 0.0 0.53125 0.0 0.14180871212121213 33
stats: {recvpackets,"tsung_controller@ip-172-31-24-232"} 1 46307.0 0.0 61930 138 21525.59375 32
stats: {sentpackets,"tsung_controller@ip-172-31-24-232"} 1 26803.0 0.0 36992 181 13275.3125 32
stats: session 468 13577.572220085476 5620.891270727069 32400.72 33.29 3921.4357984912203 13786
stats: users_count 0 14254
stats: finish_users_count 468 14254
stats: request 1809 897.5917081260353 1215.7843387604642 5989.212 0.568 488.21093499923035 90922
stats: 302 1360 54686
stats: connect 0 0 0 285.185 0.351 6.54100126280342 14254
stats: page 617 5748.801991896267 4766.401900296168 22867.844 0.64 1007.7440821449757 42145
stats: tr_create_post_comment 352 7366.779352272729 5350.451395374344 22867.944 4.63 2422.4160655279043 6791
stats: 200 344 33908
stats: size_rcv 10162958 877922411
stats: newphase 0 4
stats: 502 0 3356
stats: size_sent 921289 53511514
stats: connected -474 0
stats: 500 0 134
stats: 404 105 647
# stats: dump at 1575266832
stats: users 2614 2626
stats: {cpu,"tsung_controller@ip-172-31-24-232"} 1 4.397801099450275 0.0 32.093023255813954 0.4497751124437781 10.775507712843678 34
stats: {freemem,"tsung_controller@ip-172-31-24-232"} 1 635.109375 0.0 792.546875 464.98828125 711.5697380514706 34
stats: {load,"tsung_controller@ip-172-31-24-232"} 1 0.44140625 0.0 0.53125 0.0 0.15326286764705882 34
stats: {recvpackets,"tsung_controller@ip-172-31-24-232"} 1 5695.0 0.0 61930 138 22276.545454545456 33
stats: {sentpackets,"tsung_controller@ip-172-31-24-232"} 1 3627.0 0.0 36992 181 13685.242424242424 33
stats: session 1614 2285.1488159851297 2328.722164546229 32400.72 11.527 4238.474653921704 14254
stats: users_count 4228 18482
stats: finish_users_count 1614 15868
stats: request 15232 431.38386541491514 1100.483869567025 7162.844 0.568 496.1971512439208 92731
stats: connect 4141 19.435649360057873 50.477966683328056 285.185 0.351 6.54100126280342 14254
stats: 302 1088 55774
stats: page 8100 660.9717324691356 1376.5196702600206 22867.844 0.597 1076.1513767129693 42762
stats: tr_create_post_comment 672 66.5568526785714 445.8217847001832 22867.944 4.542 2666.069415231695 7143
stats: 200 2393 36301
stats: size_rcv 30669207 908591618
stats: newphase 1 5
stats: 502 11724 15080
stats: size_sent 5304082 58815596
stats: connected 2611 2611
stats: 500 18 152
stats: 404 11 658
# stats: dump at 1575266842
stats: users 2518 2626
stats: {cpu,"tsung_controller@ip-172-31-24-232"} 1 49.3283181085438 0.0 49.3283181085438 0.4497751124437781 10.59328752388958 35
stats: {freemem,"tsung_controller@ip-172-31-24-232"} 1 323.62109375 0.0 792.546875 323.62109375 709.38515625 35
stats: {load,"tsung_controller@ip-172-31-24-232"} 1 0.6796875 0.0 0.6796875 0.0 0.1614955357142857 35
stats: {recvpackets,"tsung_controller@ip-172-31-24-232"} 1 57519.0 0.0 61930 138 21788.852941176472 34
stats: {sentpackets,"tsung_controller@ip-172-31-24-232"} 1 58679.0 0.0 58679 181 13389.411764705883 34
stats: session 4729 5060.677938887728 4564.590760511842 32400.72 10.649 4039.79379291656 15868
stats: users_count 4633 23115
stats: finish_users_count 4729 20597
stats: connect 4648 3.0825918674698842 6.579360144798909 285.185 0.351 9.443786681163338 18395
stats: request 31539 750.9903874568001 1820.3099437933172 9245.455 0.565 487.05294471254047 107963
stats: page 14612 1472.8560344237605 2895.372776315306 22867.844 0.597 1010.0321694781958 50862
stats: 302 3139 58913
stats: tr_create_post_comment 2110 1994.7822132701424 3164.421611839593 22867.944 4.542 2442.541271657069 7815
stats: 200 1625 37926
stats: size_rcv 50744224 959335842
stats: newphase 0 5
stats: 502 25880 40960
stats: size_sent 9187250 68002846
stats: connected -87 2524
stats: 500 272 424
stats: 404 621 1279
# stats: dump at 1575266852
stats: users 2497 2626
stats: {cpu,"tsung_controller@ip-172-31-24-232"} 1 66.34460547504025 0.0 66.34460547504025 0.4497751124437781 11.66926059568553 36
stats: {freemem,"tsung_controller@ip-172-31-24-232"} 1 300.4140625 0.0 792.546875 300.4140625 698.6694878472222 36
stats: {load,"tsung_controller@ip-172-31-24-232"} 1 0.578125 0.0 0.6796875 0.0 0.17588975694444445 36
stats: {recvpackets,"tsung_controller@ip-172-31-24-232"} 1 84117.0 0.0 84117 138 22809.714285714286 35
stats: {sentpackets,"tsung_controller@ip-172-31-24-232"} 1 79394.0 0.0 79394 181 14683.4 35
stats: session 4782 5731.189393350059 5206.561284673058 32400.72 10.649 4274.185263824831 20597
stats: users_count 4761 27876
stats: finish_users_count 4782 25379
stats: request 31305 657.5452486503758 1227.7687492499135 9245.455 0.558 546.724655560494 139502
stats: connect 4784 3.3940045986622085 6.271706667651359 285.185 0.351 8.160671049776488 23043
stats: page 14394 1472.1450352924828 2665.9876844117234 23674.635 0.597 1113.3217548797993 65474
stats: tr_create_post_comment 2401 3923.970702207417 4307.681258844729 23674.802 4.542 2347.3501771284627 9925
stats: 302 4420 63333
stats: 200 1967 39893
stats: size_rcv 50190895 1009526737
stats: newphase 0 5
stats: 502 23437 64397
stats: size_sent 9411916 77414762
stats: connected -14 2510
stats: 500 314 738
stats: 404 1167 2446
# stats: dump at 1575266862
stats: users 2505 2626
stats: {cpu,"tsung_controller@ip-172-31-24-232"} 1 65.59257236482796 0.0 66.34460547504025 0.4497751124437781 13.146972619451875 37
stats: {freemem,"tsung_controller@ip-172-31-24-232"} 1 300.71875 0.0 792.546875 300.4140625 687.9058277027027 37
stats: {load,"tsung_controller@ip-172-31-24-232"} 1 0.71875 0.0 0.71875 0.0 0.18676097972972974 37
stats: {recvpackets,"tsung_controller@ip-172-31-24-232"} 1 84643.0 0.0 84643 138 24512.694444444445 36
stats: {sentpackets,"tsung_controller@ip-172-31-24-232"} 1 79368.0 0.0 79394 181 16480.916666666668 36
stats: session 4696 5263.874903534922 4520.522642349441 36172.511 10.649 4548.719081051263 25379
stats: users_count 4704 32580
stats: finish_users_count 4696 30075
stats: connect 4717 2.8544439262242935 5.992055445914275 285.185 0.351 7.341188809429677 27827
stats: page 14184 1410.5626116751175 2497.218050171537 23674.635 0.597 1177.989735776531 79868
stats: tr_create_post_comment 2357 3687.1355948239298 3976.843188140284 23674.802 4.542 2654.462450429986 12326
stats: request 30844 659.9704167423176 1243.392143052311 9245.455 0.545 567.0355249433575 170807
stats: 302 4341 67674
stats: 200 1859 41752
stats: size_rcv 46297463 1055824200
stats: newphase 0 5
stats: 502 23202 87599
stats: size_sent 9116721 86531483
stats: connected -3 2507
stats: 500 332 1070
stats: 404 1111 3557
# stats: dump at 1575266872
stats: users 2505 2626
stats: {cpu,"tsung_controller@ip-172-31-24-232"} 1 65.51164049810504 0.0 66.34460547504025 0.4497751124437781 14.527119981172296 38
stats: {freemem,"tsung_controller@ip-172-31-24-232"} 1 304.546875 0.0 792.546875 300.4140625 677.7166940789474 38
stats: {load,"tsung_controller@ip-172-31-24-232"} 1 0.98828125 0.0 0.98828125 0.0 0.2007606907894737 38
stats: {recvpackets,"tsung_controller@ip-172-31-24-232"} 1 80794.0 0.0 84643 138 26137.837837837837 37
stats: {sentpackets,"tsung_controller@ip-172-31-24-232"} 1 77028.0 0.0 79394 181 18180.567567567567 37
stats: session 4583 5512.679068732262 4598.5621738232485 36172.511 10.649 4660.385639401496 30075
stats: users_count 4583 37163
stats: finish_users_count 4583 34658
stats: connect 4585 2.871958560523443 6.004295284720146 285.185 0.344 6.6908699913962515 32544
stats: request 29631 687.6140619621294 1234.99704741431 9245.455 0.545 581.2505985241834 201651
stats: page 13679 1496.323908984577 2581.3827965308974 23674.635 0.597 1213.0640954046683 94052
stats: tr_create_post_comment 2326 3967.48019647464 4070.6890687973896 23674.802 4.49 2820.2331104678888 14683
stats: 302 4418 72092
stats: 200 1973 43725
stats: size_rcv 48399838 1104224038
stats: newphase 0 5
stats: 502 21757 109356
stats: size_sent 9032600 95564083
stats: connected 4 2511
stats: 500 325 1395
stats: 404 1160 4717
# stats: dump at 1575266882
stats: users 2561 2626
stats: {cpu,"tsung_controller@ip-172-31-24-232"} 1 65.06479481641469 0.0 66.34460547504025 0.4497751124437781 15.834415379042367 39
stats: {freemem,"tsung_controller@ip-172-31-24-232"} 1 302.09375 0.0 792.546875 300.4140625 668.1482371794872 39
stats: {load,"tsung_controller@ip-172-31-24-232"} 1 1.078125 0.0 1.078125 0.0 0.22095352564102563 39
stats: {recvpackets,"tsung_controller@ip-172-31-24-232"} 1 81408.0 0.0 84643 138 27576.157894736843 38
stats: {sentpackets,"tsung_controller@ip-172-31-24-232"} 1 75601.0 0.0 79394 181 19729.184210526317 38
stats: session 4684 5241.7481526473 4488.252885367574 36172.511 7.978 4773.0886455363825 34658
stats: users_count 4740 41903
stats: finish_users_count 4684 39342
stats: request 30920 660.1633901358425 1214.9730884161713 9245.455 0.545 594.8774946299321 231282
stats: connect 4669 9.798565217391301 33.42760843871708 285.185 0.341 6.219278811710512 37129
stats: page 14260 1407.954268162699 2526.0523117574644 23674.635 0.591 1249.030632334239 107731
stats: tr_create_post_comment 2340 3842.2626256410294 4098.771673908117 23674.802 4.49 2977.1204478805353 17009
stats: 302 4544 76636
stats: 200 1929 45654
stats: size_rcv 48445258 1152669296
stats: newphase 0 5
stats: 502 22999 132355
stats: size_sent 9148506 104712589
stats: connected -46 2465
stats: 500 294 1689
stats: 404 1151 5868
# stats: dump at 1575266892
stats: users 0 2626
stats: {cpu,"tsung_controller@ip-172-31-24-232"} 1 64.94345718901454 0.0 66.34460547504025 0.4497751124437781 17.065174864976676 40
stats: {freemem,"tsung_controller@ip-172-31-24-232"} 1 297.4453125 0.0 792.546875 297.4453125 658.996875 40
stats: {load,"tsung_controller@ip-172-31-24-232"} 1 1.21875 0.0 1.21875 0.0 0.2423828125 40
stats: {recvpackets,"tsung_controller@ip-172-31-24-232"} 1 82442.0 0.0 84643 138 28956.46153846154 39
stats: {sentpackets,"tsung_controller@ip-172-31-24-232"} 1 77350.0 0.0 79394 181 21161.79487179487 39
stats: session 3018 7550.080241550672 4146.192550441656 36172.511 7.978 4828.886549336584 39342
stats: users_count 457 42360
stats: finish_users_count 3018 42360
stats: connect 562 91.10975978647691 85.04759683109678 285.185 0.341 6.619099095650499 41798
stats: request 13338 909.2655974658824 1201.884418004793 9245.455 0.545 602.576291317382 262202
stats: page 5089 3047.0991554332836 3179.283276024627 23674.635 0.591 1267.6078310367157 121991
stats: tr_create_post_comment 1871 4901.432927846076 3677.4664623460185 23674.802 4.49 3081.7476997260856 19349
stats: 302 6841 83477
stats: 200 1334 46988
stats: size_rcv 49799790 1202469086
stats: newphase 0 5
stats: 502 3125 135480
stats: size_sent 4455064 109167653
stats: connected -2465 0
stats: 500 98 1787
stats: 404 1940 7808
# stats: dump at 1575266902
stats: users 0 2626
stats: {cpu,"tsung_controller@ip-172-31-24-232"} 1 20.898536092882384 0.0 66.34460547504025 0.4497751124437781 18.232937848489797 41
stats: {freemem,"tsung_controller@ip-172-31-24-232"} 1 548.578125 0.0 792.546875 297.4453125 650.178544207317 41
stats: {load,"tsung_controller@ip-172-31-24-232"} 1 1.1796875 0.0 1.21875 0.0 0.2661966463414634 41
stats: {recvpackets,"tsung_controller@ip-172-31-24-232"} 1 42541.0 0.0 84643 138 30293.6 40
stats: {sentpackets,"tsung_controller@ip-172-31-24-232"} 1 25251.0 0.0 79394 181 22566.5 40
stats: session 0 0 0 36172.511 7.978 5022.761963951837 42360
stats: users_count 0 42360
stats: finish_users_count 0 42360
stats: connect 0 0 0 285.185 0.341 7.740056397544845 42360
stats: request 0 0 0 9245.455 0.545 617.4221284568489 275540
stats: page 0 0 0 23674.635 0.591 1338.8687009600249 127080
stats: tr_create_post_comment 0 0 0 23674.802 4.49 3242.1921418473153 21220
stats: 302 0 83477
stats: 200 0 46988
stats: size_rcv 0 1202469086
stats: newphase 0 5
stats: 502 0 135480
stats: size_sent 0 109167653
stats: connected 0 0
stats: 500 0 1787
stats: 404 0 7808
# stats: dump at 1575266912
stats: users 0 2626
stats: {cpu,"tsung_controller@ip-172-31-24-232"} 1 0.8986520219670495 0.0 66.34460547504025 0.4497751124437781 18.296404473356287 42
stats: {freemem,"tsung_controller@ip-172-31-24-232"} 1 576.875 0.0 792.546875 297.4453125 647.7594866071429 42
stats: {load,"tsung_controller@ip-172-31-24-232"} 1 1.0 0.0 1.21875 0.0 0.28794642857142855 42
stats: {recvpackets,"tsung_controller@ip-172-31-24-232"} 1 147.0 0.0 84643 138 30592.317073170732 41
stats: {sentpackets,"tsung_controller@ip-172-31-24-232"} 1 326.0 0.0 79394 181 22631.975609756097 41
stats: session 0 0 0 36172.511 7.978 5022.761963951837 42360
stats: users_count 0 42360
stats: finish_users_count 0 42360
stats: connect 0 0 0 285.185 0.341 7.740056397544845 42360
stats: request 0 0 0 9245.455 0.545 617.4221284568489 275540
stats: page 0 0 0 23674.635 0.591 1338.8687009600249 127080
stats: tr_create_post_comment 0 0 0 23674.802 4.49 3242.1921418473153 21220
stats: 302 0 83477
stats: 200 0 46988
stats: size_rcv 0 1202469086
stats: newphase 0 5
stats: 502 0 135480
stats: size_sent 0 109167653
stats: connected 0 0
stats: 500 0 1787
stats: 404 0 7808
# stats: dump at 1575266922
stats: users 0 2626
stats: {cpu,"tsung_controller@ip-172-31-24-232"} 1 0.1 0.0 66.34460547504025 0.1 17.89180557913793 43
stats: {freemem,"tsung_controller@ip-172-31-24-232"} 1 598.2578125 0.0 792.546875 297.4453125 646.1110101744187 43
stats: {load,"tsung_controller@ip-172-31-24-232"} 1 0.83984375 0.0 1.21875 0.0 0.30450581395348836 43
stats: {recvpackets,"tsung_controller@ip-172-31-24-232"} 1 1.0 0.0 84643 1 29867.428571428572 42
stats: {sentpackets,"tsung_controller@ip-172-31-24-232"} 1 1.0 0.0 79394 1 22100.880952380954 42
stats: session 0 0 0 36172.511 7.978 5022.761963951837 42360
stats: users_count 0 42360
stats: finish_users_count 0 42360
stats: connect 0 0 0 285.185 0.341 7.740056397544845 42360
stats: page 0 0 0 23674.635 0.591 1338.8687009600249 127080
stats: request 0 0 0 9245.455 0.545 617.4221284568489 275540
stats: tr_create_post_comment 0 0 0 23674.802 4.49 3242.1921418473153 21220
stats: 302 0 83477
stats: 200 0 46988
stats: size_rcv 0 1202469086
stats: newphase 0 5
stats: 502 0 135480
stats: size_sent 0 109167653
stats: connected 0 0
stats: 500 0 1787
stats: 404 0 7808
# stats: dump at 1575266932
stats: users 0 2626
stats: {cpu,"tsung_controller@ip-172-31-24-232"} 1 0.05 0.0 66.34460547504025 0.05 17.487446361430248 44
stats: {freemem,"tsung_controller@ip-172-31-24-232"} 1 598.37890625 0.0 792.546875 297.4453125 645.0234375000001 44
stats: {load,"tsung_controller@ip-172-31-24-232"} 1 0.7109375 0.0 1.21875 0.0 0.3166725852272727 44
stats: {recvpackets,"tsung_controller@ip-172-31-24-232"} 1 1.0 0.0 84643 1 29172.86046511628 43
stats: {sentpackets,"tsung_controller@ip-172-31-24-232"} 1 1.0 0.0 79394 1 21586.93023255814 43
stats: session 0 0 0 36172.511 7.978 5022.761963951837 42360
stats: users_count 0 42360
stats: finish_users_count 0 42360
stats: request 0 0 0 9245.455 0.545 617.4221284568489 275540
stats: connect 0 0 0 285.185 0.341 7.740056397544845 42360
stats: page 0 0 0 23674.635 0.591 1338.8687009600249 127080
stats: tr_create_post_comment 0 0 0 23674.802 4.49 3242.1921418473153 21220
stats: 302 0 83477
stats: 200 0 46988
stats: size_rcv 0 1202469086
stats: newphase 0 5
stats: 502 0 135480
stats: size_sent 0 109167653
stats: connected 0 0
stats: 500 0 1787
stats: 404 0 7808
# stats: dump at 1575266942
stats: users 0 2626
stats: {cpu,"tsung_controller@ip-172-31-24-232"} 1 0.04997501249375312 0.0 66.34460547504025 0.04997501249375312 17.09994755339846 45
stats: {freemem,"tsung_controller@ip-172-31-24-232"} 1 598.6796875 0.0 792.546875 297.4453125 643.9868923611112 45
stats: {load,"tsung_controller@ip-172-31-24-232"} 1 0.6015625 0.0 1.21875 0.0 0.3254340277777778 45
stats: {recvpackets,"tsung_controller@ip-172-31-24-232"} 1 0.0 0.0 84643 0 28509.863636363636 44
stats: {sentpackets,"tsung_controller@ip-172-31-24-232"} 1 0.0 0.0 79394 0 21096.34090909091 44
stats: session 0 0 0 36172.511 7.978 5022.761963951837 42360
stats: users_count 0 42360
stats: finish_users_count 0 42360
stats: connect 0 0 0 285.185 0.341 7.740056397544845 42360
stats: request 0 0 0 9245.455 0.545 617.4221284568489 275540
stats: page 0 0 0 23674.635 0.591 1338.8687009600249 127080
stats: tr_create_post_comment 0 0 0 23674.802 4.49 3242.1921418473153 21220
stats: 302 0 83477
stats: 200 0 46988
stats: size_rcv 0 1202469086
stats: newphase 0 5
stats: 502 0 135480
stats: size_sent 0 109167653
stats: connected 0 0
stats: 500 0 1787
stats: 404 0 7808
# stats: dump at 1575266952
stats: users 2860 2901
stats: {cpu,"tsung_controller@ip-172-31-24-232"} 1 0.10005002501250625 0.0 66.34460547504025 0.04997501249375312 16.72929597642227 46
stats: {freemem,"tsung_controller@ip-172-31-24-232"} 1 598.6328125 0.0 792.546875 297.4453125 643.0019531250001 46
stats: {load,"tsung_controller@ip-172-31-24-232"} 1 0.51171875 0.0 1.21875 0.0 0.33143682065217395 46
stats: {recvpackets,"tsung_controller@ip-172-31-24-232"} 1 0.0 0.0 84643 0 27876.31111111111 45
stats: {sentpackets,"tsung_controller@ip-172-31-24-232"} 1 1.0 0.0 79394 0 20627.533333333336 45
stats: session 4511 1829.863847262254 1955.2427416548132 36172.511 7.519 5022.761963951837 42360
stats: users_count 7371 49731
stats: finish_users_count 4511 46871
stats: tr_create_post_comment 1854 169.38876105717335 827.7231113557712 23674.802 4.49 3242.1921418473153 21220
stats: 302 1113 84590
stats: request 33472 235.59674372609976 903.1817371850583 9245.455 0.545 617.4221284568489 275540
stats: connect 7086 20.588435224386117 52.15814662391531 285.185 0.33 7.740056397544845 42360
stats: page 16892 402.98609898176517 1150.2347198704385 23674.635 0.591 1338.8687009600249 127080
stats: 200 2352 49340
stats: size_rcv 26191780 1228660866
stats: newphase 1 6
stats: 502 29874 165354
stats: size_sent 9141887 118309540
stats: connected 2863 2863
stats: 500 66 1853
stats: 404 69 7877
# stats: dump at 1575266962
stats: users 2759 2901
stats: {cpu,"tsung_controller@ip-172-31-24-232"} 1 77.05093833780161 0.0 77.05093833780161 0.04997501249375312 16.375482232775255 47
stats: {freemem,"tsung_controller@ip-172-31-24-232"} 1 318.203125 0.0 792.546875 297.4453125 642.057928856383 47
stats: {load,"tsung_controller@ip-172-31-24-232"} 1 0.73828125 0.0 1.21875 0.0 0.3352726063829788 47
stats: {recvpackets,"tsung_controller@ip-172-31-24-232"} 1 87116.0 0.0 87116 0 27270.304347826088 46
stats: {sentpackets,"tsung_controller@ip-172-31-24-232"} 1 1.045e5 0.0 104500 0 20179.13043478261 46
stats: session 7367 4091.1832117551376 4044.60262136528 36172.511 7.519 4715.46825559514 46871
stats: users_count 7266 56997
stats: finish_users_count 7367 54238
stats: request 48501 503.27750796891394 1453.1159425691535 10047.837 0.545 576.0630249990297 309012
stats: connect 7270 2.8579072902338383 6.400485529849653 285.185 0.33 9.581329955911492 49446
stats: page 22235 1041.932734247807 2365.4369520293085 23674.635 0.591 1229.0631213152553 143972
stats: tr_create_post_comment 3590 1826.8559688022287 2892.195928508039 23674.802 4.49 2995.2918441969327 23074
stats: 302 3693 88283
stats: 200 1659 50999
stats: size_rcv 49406620 1278067486
stats: newphase 0 6
stats: 502 41847 207201
stats: size_sent 12331545 130641085
stats: connected -109 2754
stats: 500 378 2231
stats: 404 922 8799
# stats: dump at 1575266972
stats: users 2793 2901
stats: {cpu,"tsung_controller@ip-172-31-24-232"} 1 85.69920844327177 0.0 85.69920844327177 0.04997501249375312 17.639554234963303 48
stats: {freemem,"tsung_controller@ip-172-31-24-232"} 1 313.2734375 0.0 792.546875 297.4453125 635.3109537760416 48
stats: {load,"tsung_controller@ip-172-31-24-232"} 1 0.859375 0.0 1.21875 0.0 0.34366861979166674 48
stats: {recvpackets,"tsung_controller@ip-172-31-24-232"} 1 109538.0 0.0 109538 0 28543.617021276597 47
stats: {sentpackets,"tsung_controller@ip-172-31-24-232"} 1 116674.0 0.0 116674 0 21973.191489361703 47
stats: session 7392 3857.4469655032517 3841.3157744861114 36172.511 7.519 4630.67331629116 54238
stats: users_count 7426 64423
stats: finish_users_count 7392 61630
stats: request 48472 426.69307693100666 1040.2112139064595 10047.837 0.545 566.1887816526965 357513
stats: 302 4455 92738
stats: connect 7451 2.987073010334186 6.572877949112232 285.185 0.33 8.719504672402843 56716
stats: page 22379 922.1316887260308 1983.533073483873 23674.635 0.591 1204.0290123039338 166207
stats: tr_create_post_comment 3706 2386.276138963847 3229.4398868392273 23674.802 4.49 2837.975432830784 26664
stats: 200 1811 52810
stats: size_rcv 48558927 1326626413
stats: newphase 0 6
stats: 502 40581 247782
stats: size_sent 12192546 142833631
stats: connected 66 2820
stats: 500 405 2636
stats: 404 1221 10020
# stats: dump at 1575266982
stats: users 2767 2901
stats: {cpu,"tsung_controller@ip-172-31-24-232"} 1 85.19701810436635 0.0 85.69920844327177 0.04997501249375312 19.028526769826744 49
stats: {freemem,"tsung_controller@ip-172-31-24-232"} 1 339.55078125 0.0 792.546875 297.4453125 628.7387595663265 49
stats: {load,"tsung_controller@ip-172-31-24-232"} 1 0.890625 0.0 1.21875 0.0 0.35419323979591844 49
stats: {recvpackets,"tsung_controller@ip-172-31-24-232"} 1 107905.0 0.0 109538 0 30231.0 48
stats: {sentpackets,"tsung_controller@ip-172-31-24-232"} 1 115264.0 0.0 116674 0 23946.125 48
stats: session 7449 3762.6946462612464 3587.5180529763993 36172.511 7.519 4537.9313207528785 61630
stats: users_count 7423 71846
stats: finish_users_count 7449 69079
stats: connect 7420 2.7953924528301672 6.01842903234801 285.185 0.33 8.053861143578471 64167
stats: page 22263 922.3930844001267 1965.4310120351647 23674.635 0.591 1170.577005238988 188586
stats: tr_create_post_comment 3755 2405.0218279627175 3170.8766100889884 23674.802 4.49 2782.855328021075 30370
stats: 302 4504 97242
stats: request 48451 420.3413851726457 1025.6090830700145 10047.837 0.545 549.533890956563 405985
stats: 200 1767 54577
stats: size_rcv 48340186 1374966599
stats: newphase 0 6
stats: 502 40636 288418
stats: size_sent 12177457 155011088
stats: connected -37 2783
stats: 500 366 3002
stats: 404 1178 11198
# stats: dump at 1575266992
stats: users 2799 2901
stats: {cpu,"tsung_controller@ip-172-31-24-232"} 1 85.54852320675106 0.0 85.69920844327177 0.04997501249375312 20.351896596517534 50
stats: {freemem,"tsung_controller@ip-172-31-24-232"} 1 340.390625 0.0 792.546875 297.4453125 622.955 50
stats: {load,"tsung_controller@ip-172-31-24-232"} 1 0.98046875 0.0 1.21875 0.0 0.36492187500000006 50
stats: {recvpackets,"tsung_controller@ip-172-31-24-232"} 1 108057.0 0.0 109538 0 31816.183673469386 49
stats: {sentpackets,"tsung_controller@ip-172-31-24-232"} 1 115872.0 0.0 116674 0 25809.755102040817 49
stats: session 7287 3802.464407026207 3540.8722523382116 36172.511 7.519 4454.335177376626 69079
stats: users_count 7319 79165
stats: finish_users_count 7287 76366
stats: request 47503 430.6219295412913 1035.8507389376646 10047.837 0.545 535.7596607068984 454436
stats: connect 7347 2.9375181706819236 13.19690787382743 1015.774 0.33 7.508820316537913 71587
stats: 302 4487 101729
stats: page 21950 933.869561002279 1974.5978266439968 23674.635 0.591 1144.3719076116074 210849
stats: tr_create_post_comment 3652 2444.852868565168 3177.2145310928036 23674.802 4.49 2741.2798029597084 34125
stats: 200 1809 56386
stats: size_rcv 49703652 1424670251
stats: newphase 0 6
stats: 502 39622 328040
stats: size_sent 12049374 167060462
stats: connected 37 2820
stats: 500 368 3370
stats: 404 1216 12414
# stats: dump at 1575267002
stats: users 2889 2901
stats: {cpu,"tsung_controller@ip-172-31-24-232"} 1 84.16 0.0 85.69920844327177 0.04997501249375312 21.630261824169175 51
stats: {freemem,"tsung_controller@ip-172-31-24-232"} 1 334.125 0.0 792.546875 297.4453125 617.4145220588236 51
stats: {load,"tsung_controller@ip-172-31-24-232"} 1 1.140625 0.0 1.21875 0.0 0.3769914215686275 51
stats: {recvpackets,"tsung_controller@ip-172-31-24-232"} 1 106812.0 0.0 109538 0 33341.0 50
stats: {sentpackets,"tsung_controller@ip-172-31-24-232"} 1 113339.0 0.0 116674 0 27611.0 50
stats: session 7209 3784.3494007490717 3557.894837430095 36172.511 7.519 4392.132334442028 76366
stats: users_count 7299 86464
stats: finish_users_count 7209 83575
stats: request 47770 430.08618356708615 1041.0936407090126 10047.837 0.545 525.8095320188311 501939
stats: 302 4521 106250
stats: 200 1806 58192
stats: connect 7277 3.217358801704008 6.786158326533789 1015.774 0.33 7.083333747181185 78934
stats: page 21964 931.9660349663112 1969.6893565199957 23674.635 0.591 1124.5241998977651 232799
stats: tr_create_post_comment 3654 2424.2141168582416 3188.5990875231205 23674.802 4.49 2712.6234468592015 37777
stats: size_rcv 47686389 1472356640
stats: newphase 0 6
stats: 502 39991 368031
stats: size_sent 12158132 179218594
stats: connected -58 2762
stats: 500 365 3735
stats: 404 1090 13504
# stats: dump at 1575267012
stats: users 5 2901
stats: {cpu,"tsung_controller@ip-172-31-24-232"} 1 82.72195640616692 0.0 85.69920844327177 0.04997501249375312 22.832756789088997 52
stats: {freemem,"tsung_controller@ip-172-31-24-232"} 1 337.83984375 0.0 792.546875 297.4453125 611.9666466346155 52
stats: {load,"tsung_controller@ip-172-31-24-232"} 1 1.19140625 0.0 1.21875 0.0 0.39167668269230776 52
stats: {recvpackets,"tsung_controller@ip-172-31-24-232"} 1 105592.0 0.0 109538 0 34781.60784313725 51
stats: {sentpackets,"tsung_controller@ip-172-31-24-232"} 1 111498.0 0.0 116674 0 29291.941176470587 51
stats: session 3578 6389.925642817218 3654.6153682170143 36172.511 7.519 4339.706283960513 83575
stats: users_count 694 87158
stats: finish_users_count 3578 87153
stats: request 17307 795.3454702721373 1186.9881038361639 10047.837 0.545 517.4911229050275 549709
stats: connect 947 50.51818373812033 70.78991885204577 1015.774 0.33 6.757009963925714 86211
stats: page 6705 2389.68018448918 2776.0441723532213 23674.635 0.591 1107.9230940285672 254763
stats: tr_create_post_comment 2247 3997.870850912325 3211.219544711602 23674.802 4.49 2687.187235041396 41431
stats: 302 7184 113434
stats: 200 1389 59581
stats: size_rcv 52043224 1524399864
stats: newphase 0 6
stats: 502 6387 374418
stats: size_sent 5306972 184525566
stats: connected -2756 6
stats: 500 155 3890
stats: 404 2189 15693
# stats: dump at 1575267022
stats: users 0 2901
stats: {cpu,"tsung_controller@ip-172-31-24-232"} 1 23.404255319148938 0.0 85.69920844327177 0.04997501249375312 23.96274168752443 53
stats: {freemem,"tsung_controller@ip-172-31-24-232"} 1 537.015625 0.0 792.546875 297.4453125 606.7944428066038 53
stats: {load,"tsung_controller@ip-172-31-24-232"} 1 1.01171875 0.0 1.21875 0.0 0.4067659198113208 53
stats: {recvpackets,"tsung_controller@ip-172-31-24-232"} 1 44294.0 0.0 109538 0 36143.34615384615 52
stats: {sentpackets,"tsung_controller@ip-172-31-24-232"} 1 26844.0 0.0 116674 0 30872.826923076922 52
stats: session 5 11422.903 1002.8251232606813 36172.511 7.519 4423.876477367387 87153
stats: users_count 0 87158
stats: finish_users_count 5 87158
stats: request 31 8.30409677419355 2.90135465974129 10047.837 0.545 525.9720567585389 567016
stats: page 6 43.34833333333333 17.76482516722926 23674.635 0.591 1140.79205425138 261468
stats: connect 0 0 0 1015.774 0.33 7.232489341196445 87158
stats: tr_create_post_comment 5 51.0586 6.062960484779692 23674.802 4.49 2754.6149122441525 43678
stats: 302 26 113460
stats: 200 5 59586
stats: size_rcv 45138 1524445002
stats: newphase 0 6
stats: 502 0 374418
stats: size_sent 22242 184547808
stats: connected -6 0
stats: 500 0 3890
stats: 404 0 15693
# stats: dump at 1575267032
stats: users 0 2901
stats: {cpu,"tsung_controller@ip-172-31-24-232"} 1 1.0473815461346634 0.0 85.69920844327177 0.04997501249375312 23.95239934736933 54
stats: {freemem,"tsung_controller@ip-172-31-24-232"} 1 575.9296875 0.0 792.546875 297.4453125 605.5022424768518 54
stats: {load,"tsung_controller@ip-172-31-24-232"} 1 0.8515625 0.0 1.21875 0.0 0.41796875000000006 54
stats: {recvpackets,"tsung_controller@ip-172-31-24-232"} 1 164.0 0.0 109538 0 36297.132075471694 53
stats: {sentpackets,"tsung_controller@ip-172-31-24-232"} 1 342.0 0.0 116674 0 30796.811320754718 53
stats: session 0 0 0 36172.511 7.519 4424.277991085154 87158
stats: users_count 0 87158
stats: finish_users_count 0 87158
stats: request 0 0 0 10047.837 0.545 525.9437562706436 567047
stats: page 0 0 0 23674.635 0.591 1140.7668713944784 261474
stats: connect 0 0 0 1015.774 0.33 7.232489341196445 87158
stats: tr_create_post_comment 0 0 0 23674.802 4.49 2754.305460476618 43683
stats: 302 0 113460
stats: 200 0 59586
stats: size_rcv 0 1524445002
stats: newphase 0 6
stats: 502 0 374418
stats: size_sent 0 184547808
stats: connected 0 0
stats: 500 0 3890
stats: 404 0 15693
# stats: dump at 1575267042
stats: users 0 2901
stats: {cpu,"tsung_controller@ip-172-31-24-232"} 1 0.05002501250625312 0.0 85.69920844327177 0.04997501249375312 23.53594447825597 55
stats: {freemem,"tsung_controller@ip-172-31-24-232"} 1 577.75 0.0 792.546875 297.4453125 604.9645596590909 55
stats: {load,"tsung_controller@ip-172-31-24-232"} 1 0.71875 0.0 1.21875 0.0 0.4258522727272728 55
stats: {recvpackets,"tsung_controller@ip-172-31-24-232"} 1 1.0 0.0 109538 0 35627.99999999999 54
stats: {sentpackets,"tsung_controller@ip-172-31-24-232"} 1 1.0 0.0 116674 0 30232.833333333332 54
stats: session 0 0 0 36172.511 7.519 4424.277991085154 87158
stats: users_count 0 87158
stats: finish_users_count 0 87158
stats: request 0 0 0 10047.837 0.545 525.9437562706436 567047
stats: connect 0 0 0 1015.774 0.33 7.232489341196445 87158
stats: page 0 0 0 23674.635 0.591 1140.7668713944784 261474
stats: tr_create_post_comment 0 0 0 23674.802 4.49 2754.305460476618 43683
stats: 302 0 113460
stats: 200 0 59586
stats: size_rcv 0 1524445002
stats: newphase 0 6
stats: 502 0 374418
stats: size_sent 0 184547808
stats: connected 0 0
stats: 500 0 3890
stats: 404 0 15693
# stats: dump at 1575267052
stats: users 0 2901
stats: {cpu,"tsung_controller@ip-172-31-24-232"} 1 0.04997501249375312 0.0 85.69920844327177 0.04997501249375312 23.116553059224724 56
stats: {freemem,"tsung_controller@ip-172-31-24-232"} 1 577.9296875 0.0 792.546875 297.4453125 604.4785853794643 56
stats: {load,"tsung_controller@ip-172-31-24-232"} 1 0.609375 0.0 1.21875 0.0 0.43108258928571436 56
stats: {recvpackets,"tsung_controller@ip-172-31-24-232"} 1 13.0 0.0 109538 0 34980.23636363635 55
stats: {sentpackets,"tsung_controller@ip-172-31-24-232"} 1 13.0 0.0 116674 0 29683.163636363635 55
stats: session 0 0 0 36172.511 7.519 4424.277991085154 87158
stats: users_count 0 87158
stats: finish_users_count 0 87158
stats: request 0 0 0 10047.837 0.545 525.9437562706436 567047
stats: page 0 0 0 23674.635 0.591 1140.7668713944784 261474
stats: connect 0 0 0 1015.774 0.33 7.232489341196445 87158
stats: tr_create_post_comment 0 0 0 23674.802 4.49 2754.305460476618 43683
stats: 302 0 113460
stats: 200 0 59586
stats: size_rcv 0 1524445002
stats: newphase 0 6
stats: 502 0 374418
stats: size_sent 0 184547808
stats: connected 0 0
stats: 500 0 3890
stats: 404 0 15693
# stats: dump at 1575267062
stats: users 0 2901
stats: {cpu,"tsung_controller@ip-172-31-24-232"} 1 0.8991008991008992 0.0 85.69920844327177 0.04997501249375312 22.71187625138734 57
stats: {freemem,"tsung_controller@ip-172-31-24-232"} 1 577.70703125 0.0 792.546875 297.4453125 604.012815241228 57
stats: {load,"tsung_controller@ip-172-31-24-232"} 1 0.51171875 0.0 1.21875 0.0 0.43421052631578955 57
stats: {recvpackets,"tsung_controller@ip-172-31-24-232"} 1 131.0 0.0 109538 0 34355.82142857141 56
stats: {sentpackets,"tsung_controller@ip-172-31-24-232"} 1 321.0 0.0 116674 0 29153.339285714286 56
stats: session 0 0 0 36172.511 7.519 4424.277991085154 87158
stats: users_count 0 87158
stats: finish_users_count 0 87158
stats: request 0 0 0 10047.837 0.545 525.9437562706436 567047
stats: connect 0 0 0 1015.774 0.33 7.232489341196445 87158
stats: page 0 0 0 23674.635 0.591 1140.7668713944784 261474
stats: tr_create_post_comment 0 0 0 23674.802 4.49 2754.305460476618 43683
stats: 302 0 113460
stats: 200 0 59586
stats: size_rcv 0 1524445002
stats: newphase 0 6
stats: 502 0 374418
stats: size_sent 0 184547808
stats: connected 0 0
stats: 500 0 3890
stats: 404 0 15693
# stats: dump at 1575267064
stats: users 0 2901
stats: {cpu,"tsung_controller@ip-172-31-24-232"} 1 0.05002501250625312 0.0 85.69920844327177 0.04997501249375312 22.33579391772723 58
stats: {freemem,"tsung_controller@ip-172-31-24-232"} 1 577.76953125 0.0 792.546875 297.4453125 603.5592672413793 58
stats: {load,"tsung_controller@ip-172-31-24-232"} 1 0.4296875 0.0 1.21875 0.0 0.43554687500000006 58
stats: {recvpackets,"tsung_controller@ip-172-31-24-232"} 1 0.0 0.0 109538 0 33755.38596491227 57
stats: {sentpackets,"tsung_controller@ip-172-31-24-232"} 1 0.0 0.0 116674 0 28647.508771929824 57
stats: session 0 0 0 36172.511 7.519 4424.277991085154 87158
stats: users_count 0 87158
stats: finish_users_count 0 87158
stats: request 0 0 0 10047.837 0.545 525.9437562706436 567047
stats: connect 0 0 0 1015.774 0.33 7.232489341196445 87158
stats: page 0 0 0 23674.635 0.591 1140.7668713944784 261474
stats: tr_create_post_comment 0 0 0 23674.802 4.49 2754.305460476618 43683
stats: 302 0 113460
stats: 200 0 59586
stats: size_rcv 0 1524445002
stats: newphase 0 6
stats: 502 0 374418
stats: size_sent 0 184547808
stats: connected 0 0
stats: 500 0 3890
stats: 404 0 15693
EndMonitor:{1575,267064,59118}