# stats: dump at 1575369250
stats: users 26 31
stats: {freemem,"tsung_controller@ip-172-31-26-255"} 1 790.3203125 0 790.3203125 790.3203125 0 0
stats: {load,"tsung_controller@ip-172-31-26-255"} 1 0.0 0 0.0 0.0 0 0
stats: {cpu,"tsung_controller@ip-172-31-26-255"} 1 5.708392593064312 0 5.708392593064312 5.708392593064312 0 0
stats: session 108 1128.368305555556 662.3033584189551 3742.977 327.916 0 0
stats: users_count 134 134
stats: finish_users_count 108 108
stats: tr_create_post_comment 49 101.71512244897957 59.49166037718215 313.809 61.29 0 0
stats: request 714 64.10748459383754 88.9718707458873 485.338 5.0 0 0
stats: 302 418 418
stats: connect 126 28.28712698412699 58.82225983930677 264.56 0.582 0 0
stats: page 347 131.32676368876056 129.81459877149229 541.878 5.0 0 0
stats: 200 296 296
stats: size_rcv 7528005 7528005
stats: size_sent 409429 409429
stats: connected 26 26
# stats: dump at 1575369260
stats: users 32 35
stats: {freemem,"tsung_controller@ip-172-31-26-255"} 1 759.9140625 0.0 790.3203125 759.9140625 790.3203125 1
stats: {load,"tsung_controller@ip-172-31-26-255"} 1 0.16015625 0.0 0.16015625 0.0 0.0 1
stats: {recvpackets,"tsung_controller@ip-172-31-26-255"} 1 7765 0 7765 7765 0 0
stats: {sentpackets,"tsung_controller@ip-172-31-26-255"} 1 2950 0 2950 2950 0 0
stats: {cpu,"tsung_controller@ip-172-31-26-255"} 1 3.842364532019704 0.0 5.708392593064312 3.842364532019704 5.708392593064312 1
stats: session 171 1356.683152046784 1137.7379262052564 7092.41 277.583 1128.368305555556 108
stats: users_count 177 311
stats: finish_users_count 171 279
stats: request 1095 50.8944566210045 81.96322765019734 485.338 4.763 64.10748459383754 714
stats: connect 175 2.771411428571429 6.922569628758692 264.56 0.471 28.28712698412699 126
stats: page 518 108.13424131274138 122.40281117338901 541.878 4.763 131.32676368876056 347
stats: tr_create_post_comment 81 75.81504938271604 26.60577868489589 313.809 60.838 101.71512244897957 49
stats: 302 666 1084
stats: 200 429 725
stats: size_rcv 10707494 18235499
stats: size_sent 637154 1046583
stats: connected 5 31
# stats: dump at 1575369270
stats: users 29 35
stats: {freemem,"tsung_controller@ip-172-31-26-255"} 1 757.9140625 0.0 790.3203125 757.9140625 775.1171875 2
stats: {load,"tsung_controller@ip-172-31-26-255"} 1 0.12890625 0.0 0.16015625 0.0 0.080078125 2
stats: {recvpackets,"tsung_controller@ip-172-31-26-255"} 1 9456.0 0.0 9456 7765 7765.0 1
stats: {sentpackets,"tsung_controller@ip-172-31-26-255"} 1 3669.0 0.0 3669 2950 2950.0 1
stats: {cpu,"tsung_controller@ip-172-31-26-255"} 1 3.7735849056603774 0.0 5.708392593064312 3.7735849056603774 4.775378562542008 2
stats: session 171 1323.776555555556 947.9399383302433 7092.41 277.583 1268.3032114695345 279
stats: users_count 168 479
stats: finish_users_count 171 450
stats: request 1132 48.900978798586564 81.02347443960036 485.338 4.556 56.109548922056355 1809
stats: connect 168 3.0354047619047635 7.721200039531 264.56 0.471 13.452408637873754 301
stats: page 516 107.38055426356577 121.40403027200462 541.878 4.639 117.43806242774559 865
stats: tr_create_post_comment 89 69.45378651685391 7.72625761621872 313.809 60.576 85.5773846153846 130
stats: 302 704 1788
stats: 200 428 1153
stats: size_rcv 10632273 28867772
stats: size_sent 665670 1712253
stats: connected -9 22
# stats: dump at 1575369280
stats: users 19 35
stats: {freemem,"tsung_controller@ip-172-31-26-255"} 1 753.5546875 0.0 790.3203125 753.5546875 769.3828125 3
stats: {load,"tsung_controller@ip-172-31-26-255"} 1 0.109375 0.0 0.16015625 0.0 0.09635416666666667 3
stats: {recvpackets,"tsung_controller@ip-172-31-26-255"} 1 8768.0 0.0 9456 7765 8610.5 2
stats: {sentpackets,"tsung_controller@ip-172-31-26-255"} 1 3502.0 0.0 3669 2950 3309.5 2
stats: {cpu,"tsung_controller@ip-172-31-26-255"} 1 3.1312127236580514 0.0 5.708392593064312 3.1312127236580514 4.441447343581465 3
stats: session 142 1399.529450704226 1086.7979684103125 7092.41 277.583 1289.3830822222228 450
stats: users_count 132 611
stats: finish_users_count 142 592
stats: connect 137 2.398963503649635 6.592065731203492 264.56 0.471 9.720944562899787 469
stats: request 902 49.54337028824828 81.1402139458875 485.338 4.556 53.33494797687859 2941
stats: page 410 108.99928292682934 121.35346042708164 541.878 4.639 113.68015206372183 1381
stats: tr_create_post_comment 70 72.07478571428571 29.3201682278807 313.809 59.763 79.02487214611871 219
stats: 302 556 2344
stats: 200 346 1499
stats: size_rcv 8569755 37437527
stats: size_sent 528669 2240922
stats: connected 2 24
# stats: dump at 1575369290
stats: users 26 35
stats: {freemem,"tsung_controller@ip-172-31-26-255"} 1 758.9609375 0.0 790.3203125 753.5546875 765.42578125 4
stats: {load,"tsung_controller@ip-172-31-26-255"} 1 0.1015625 0.0 0.16015625 0.0 0.099609375 4
stats: {recvpackets,"tsung_controller@ip-172-31-26-255"} 1 7313.0 0.0 9456 7313 8663.0 3
stats: {sentpackets,"tsung_controller@ip-172-31-26-255"} 1 2946.0 0.0 3669 2946 3373.6666666666665 3
stats: {cpu,"tsung_controller@ip-172-31-26-255"} 1 1.9345238095238095 0.0 5.708392593064312 1.9345238095238095 4.113888688600611 4
stats: session 134 1327.2938880597023 956.8465152993621 7153.868 277.583 1315.8033260135142 592
stats: users_count 141 752
stats: finish_users_count 134 726
stats: request 938 47.718979744136476 80.00330634475256 485.338 4.556 52.44501743429609 3843
stats: connect 139 3.2988633093525177 8.64229373796437 264.56 0.471 8.065645214521451 606
stats: tr_create_post_comment 77 72.84271428571432 28.298229972115408 313.809 59.763 77.34146020761244 289
stats: page 418 107.27531818181825 119.48199249962751 541.878 4.639 112.60859631490781 1791
stats: 302 584 2928
stats: 200 354 1853
stats: size_rcv 8422825 45860352
stats: size_sent 556079 2797001
stats: connected -1 23
# stats: dump at 1575369300
stats: users 17 35
stats: {freemem,"tsung_controller@ip-172-31-26-255"} 1 756.59765625 0.0 790.3203125 753.5546875 764.1328125 5
stats: {load,"tsung_controller@ip-172-31-26-255"} 1 0.078125 0.0 0.16015625 0.0 0.1 5
stats: {recvpackets,"tsung_controller@ip-172-31-26-255"} 1 7249.0 0.0 9456 7249 8325.5 4
stats: {sentpackets,"tsung_controller@ip-172-31-26-255"} 1 2923.0 0.0 3669 2923 3266.75 4
stats: {cpu,"tsung_controller@ip-172-31-26-255"} 1 1.694915254237288 0.0 5.708392593064312 1.694915254237288 3.678015712785251 5
stats: session 150 1472.4219799999998 1124.6304482502592 7153.868 277.583 1317.9241735537196 726
stats: users_count 141 893
stats: finish_users_count 150 876
stats: request 942 49.86719957537151 82.2075455443424 485.338 4.556 51.51780066931602 4781
stats: connect 146 2.2528835616438343 5.418864084464029 264.56 0.471 7.176272483221476 745
stats: page 439 107.06305922551257 122.21873891148064 541.878 4.639 111.59940199185148 2209
stats: tr_create_post_comment 71 72.0819014084507 29.329962238396636 313.809 59.763 76.39500273224044 366
stats: 302 578 3506
stats: 200 364 2217
stats: size_rcv 9196644 55056996
stats: size_sent 550968 3347969
stats: connected 0 23
# stats: dump at 1575369310
stats: users 40 43
stats: {freemem,"tsung_controller@ip-172-31-26-255"} 1 758.66015625 0.0 790.3203125 753.5546875 762.876953125 6
stats: {load,"tsung_controller@ip-172-31-26-255"} 1 0.0703125 0.0 0.16015625 0.0 0.09635416666666667 6
stats: {recvpackets,"tsung_controller@ip-172-31-26-255"} 1 7246.0 0.0 9456 7246 8110.2 5
stats: {sentpackets,"tsung_controller@ip-172-31-26-255"} 1 2854.0 0.0 3669 2854 3198.0 5
stats: {cpu,"tsung_controller@ip-172-31-26-255"} 1 1.7352503718393655 0.0 5.708392593064312 1.694915254237288 3.3474989696939237 6
stats: session 112 1286.0808124999999 870.8003033956603 7153.868 277.583 1344.3792773972607 876
stats: users_count 135 1028
stats: finish_users_count 112 988
stats: request 782 49.53469181585678 81.52633742281654 485.338 4.556 51.24611340206182 5723
stats: connect 124 3.8042741935483866 16.756803124132812 264.56 0.471 6.369521885521884 891
stats: page 354 108.87509039548033 119.98562824688521 541.878 4.639 110.84734214501508 2648
stats: tr_create_post_comment 62 78.72829032258063 42.04328460219919 313.809 59.763 75.69424713958811 437
stats: 302 478 3984
stats: 200 304 2521
stats: size_rcv 7415287 62472283
stats: newphase 1 1
stats: size_sent 460599 3808568
stats: connected 12 35
# stats: dump at 1575369320
stats: users 52 53
stats: {freemem,"tsung_controller@ip-172-31-26-255"} 1 742.65625 0.0 790.3203125 742.65625 762.2745535714286 7
stats: {load,"tsung_controller@ip-172-31-26-255"} 1 0.05859375 0.0 0.16015625 0.0 0.09263392857142858 7
stats: {recvpackets,"tsung_controller@ip-172-31-26-255"} 1 7686.0 0.0 9456 7246 7966.166666666667 6
stats: {sentpackets,"tsung_controller@ip-172-31-26-255"} 1 3347.0 0.0 3669 2854 3140.6666666666665 6
stats: {cpu,"tsung_controller@ip-172-31-26-255"} 1 2.2977022977022976 0.0 5.708392593064312 1.694915254237288 3.117177741428987 7
stats: session 283 1227.2866148409896 873.1318159854358 7153.868 277.583 1337.7705445344134 988
stats: users_count 295 1323
stats: finish_users_count 283 1271
stats: request 1901 53.52056601788529 86.45534021763333 497.963 4.556 51.04037448116831 6505
stats: page 874 115.89748169336387 130.28273387577767 541.878 4.639 110.61477148567621 3002
stats: connect 294 2.7039591836734695 6.807628851264245 264.56 0.471 6.056132019704432 1015
stats: tr_create_post_comment 145 96.41015172413795 74.09076065767006 321.717 59.763 76.0712224448898 499
stats: 302 1165 5149
stats: 200 736 3257
stats: size_rcv 18400903 80873186
stats: newphase 0 1
stats: size_sent 1112076 4920644
stats: connected 10 45
# stats: dump at 1575369330
stats: users 47 58
stats: {freemem,"tsung_controller@ip-172-31-26-255"} 1 738.0 0.0 790.3203125 738.0 759.822265625 8
stats: {load,"tsung_controller@ip-172-31-26-255"} 1 0.05078125 0.0 0.16015625 0.0 0.08837890625 8
stats: {recvpackets,"tsung_controller@ip-172-31-26-255"} 1 16052.0 0.0 16052 7246 7926.142857142857 7
stats: {sentpackets,"tsung_controller@ip-172-31-26-255"} 1 6542.0 0.0 6542 2854 3170.1428571428573 7
stats: {cpu,"tsung_controller@ip-172-31-26-255"} 1 6.069651741293533 0.0 6.069651741293533 1.694915254237288 3.014743310963151 8
stats: session 310 1325.2647354838712 882.8831107856006 7153.868 277.583 1313.1702675059014 1271
stats: users_count 305 1628
stats: finish_users_count 310 1581
stats: connect 306 2.7529803921568656 6.79154986784745 264.56 0.471 5.303237585943467 1309
stats: page 921 111.07542019543963 129.36858787940514 573.044 4.589 111.80597084623324 3876
stats: request 1937 52.398709860609074 86.40310253373012 497.963 4.556 51.60126481084936 8406
stats: tr_create_post_comment 143 81.30016083916082 57.0320142904236 573.164 59.763 80.65063975155282 644
stats: 302 1183 6332
stats: 200 754 4011
stats: size_rcv 19066668 99939854
stats: newphase 0 1
stats: size_sent 1127943 6048587
stats: connected -4 41
# stats: dump at 1575369340
stats: users 42 58
stats: {freemem,"tsung_controller@ip-172-31-26-255"} 1 735.3203125 0.0 790.3203125 735.3203125 757.3975694444445 9
stats: {load,"tsung_controller@ip-172-31-26-255"} 1 0.0390625 0.0 0.16015625 0.0 0.0842013888888889 9
stats: {recvpackets,"tsung_controller@ip-172-31-26-255"} 1 16113.0 0.0 16113 7246 8941.875 8
stats: {sentpackets,"tsung_controller@ip-172-31-26-255"} 1 6437.0 0.0 6542 2854 3591.625 8
stats: {cpu,"tsung_controller@ip-172-31-26-255"} 1 8.160237388724036 0.0 8.160237388724036 1.694915254237288 3.35417758099986 9
stats: session 305 1332.3413803278706 1131.5648683583715 7851.479 277.583 1315.5417318153072 1581
stats: users_count 300 1928
stats: finish_users_count 305 1886
stats: connect 307 2.1880553745928353 4.687046024595136 264.56 0.471 4.820030959752321 1615
stats: request 1944 51.213736111111324 84.33580389035323 497.963 4.556 51.750607463985254 10343
stats: tr_create_post_comment 145 80.65644137931035 47.80751989742945 573.164 58.674 80.76865946632785 787
stats: page 911 109.08149615806822 124.80438080870687 573.044 4.589 111.66570877631851 4797
stats: 302 1188 7520
stats: 200 756 4767
stats: size_rcv 19187908 119127762
stats: newphase 0 1
stats: size_sent 1136068 7184655
stats: connected 6 47
# stats: dump at 1575369350
stats: users 46 60
stats: {freemem,"tsung_controller@ip-172-31-26-255"} 1 732.671875 0.0 790.3203125 732.671875 755.18984375 10
stats: {load,"tsung_controller@ip-172-31-26-255"} 1 0.03125 0.0 0.16015625 0.0 0.0796875 10
stats: {recvpackets,"tsung_controller@ip-172-31-26-255"} 1 16189.0 0.0 16189 7246 9738.666666666666 9
stats: {sentpackets,"tsung_controller@ip-172-31-26-255"} 1 6714.0 0.0 6714 2854 3907.777777777778 9
stats: {cpu,"tsung_controller@ip-172-31-26-255"} 1 7.631318136769079 0.0 8.160237388724036 1.694915254237288 3.834783561772278 10
stats: session 322 1376.4815062111784 1064.442850663542 7851.479 277.583 1318.2585360551438 1886
stats: users_count 326 2254
stats: finish_users_count 322 2208
stats: connect 325 2.899710769230769 6.552277367288721 264.56 0.471 4.399626951092611 1922
stats: tr_create_post_comment 167 91.69932934131742 66.05785323119642 573.164 58.372 80.75120064377683 932
stats: request 2129 51.477503053076546 85.10890442823398 497.963 4.556 51.66566582566939 12287
stats: page 976 112.68569262295078 126.15529966171646 573.044 4.589 111.25326699369307 5708
stats: 302 1315 8835
stats: 200 814 5581
stats: size_rcv 20146493 139274255
stats: newphase 0 1
stats: size_sent 1251604 8436259
stats: connected -3 44
# stats: dump at 1575369360
stats: users 40 61
stats: {freemem,"tsung_controller@ip-172-31-26-255"} 1 726.36328125 0.0 790.3203125 726.36328125 753.1427556818181 11
stats: {load,"tsung_controller@ip-172-31-26-255"} 1 0.03125 0.0 0.16015625 0.0 0.07528409090909091 11
stats: {recvpackets,"tsung_controller@ip-172-31-26-255"} 1 17346.0 0.0 17346 7246 10383.7 10
stats: {sentpackets,"tsung_controller@ip-172-31-26-255"} 1 7110.0 0.0 7110 2854 4188.4 10
stats: {cpu,"tsung_controller@ip-172-31-26-255"} 1 8.234714003944774 0.0 8.234714003944774 1.694915254237288 4.17992306859017 11
stats: session 326 1379.556622699387 1067.3381199475405 7851.479 277.583 1326.7493858695657 2208
stats: users_count 320 2574
stats: finish_users_count 326 2534
stats: request 2151 51.34258251975832 85.20871844790695 510.302 4.445 51.63787735849055 14416
stats: page 968 114.09919731404977 128.98410197205115 751.97 4.589 111.4624302812687 6684
stats: connect 318 2.600628930817609 6.136972524109809 264.56 0.471 4.18268313306631 2247
stats: tr_create_post_comment 170 82.05509411764713 50.48038012141852 573.164 58.372 82.4148380345769 1099
stats: 302 1336 10171
stats: 200 815 6396
stats: size_rcv 20189149 159463404
stats: newphase 0 1
stats: size_sent 1266865 9703124
stats: connected -6 38
# stats: dump at 1575369370
stats: users 1 61
stats: {freemem,"tsung_controller@ip-172-31-26-255"} 1 728.84765625 0.0 790.3203125 726.36328125 750.9111328125 12
stats: {load,"tsung_controller@ip-172-31-26-255"} 1 0.01953125 0.0 0.16015625 0.0 0.07161458333333333 12
stats: {recvpackets,"tsung_controller@ip-172-31-26-255"} 1 17194.0 0.0 17346 7246 11016.636363636364 11
stats: {sentpackets,"tsung_controller@ip-172-31-26-255"} 1 6968.0 0.0 7110 2854 4454.0 11
stats: {cpu,"tsung_controller@ip-172-31-26-255"} 1 9.202755905511811 0.0 9.202755905511811 1.694915254237288 4.5178223132030535 12
stats: session 237 1515.101135021096 1159.7277182014718 7851.479 277.583 1333.5430556432523 2534
stats: users_count 198 2772
stats: finish_users_count 237 2771
stats: request 1480 53.55168513513521 88.62210104276076 712.6 4.445 51.59953733325285 16567
stats: connect 207 22.591004830917864 52.29825710986404 264.56 0.471 3.986545419103313 2565
stats: page 663 119.89145098039216 130.42106246121276 751.97 4.589 111.79598889179302 7652
stats: tr_create_post_comment 123 87.3948536585366 56.26517381443719 573.164 58.372 82.36664539007094 1269
stats: 302 940 11111
stats: 200 540 6936
stats: size_rcv 13487722 172951126
stats: newphase 0 1
stats: size_sent 877195 10580319
stats: connected -37 1
# stats: dump at 1575369380
stats: users 94 124
stats: {freemem,"tsung_controller@ip-172-31-26-255"} 1 746.71484375 0.0 790.3203125 726.36328125 749.2139423076923 13
stats: {load,"tsung_controller@ip-172-31-26-255"} 1 0.23828125 0.0 0.23828125 0.0 0.06760817307692307 13
stats: {recvpackets,"tsung_controller@ip-172-31-26-255"} 1 9326.0 0.0 17346 7246 11531.416666666666 12
stats: {sentpackets,"tsung_controller@ip-172-31-26-255"} 1 4042.0 0.0 7110 2854 4663.5 12
stats: {cpu,"tsung_controller@ip-172-31-26-255"} 1 5.879470847623714 0.0 9.202755905511811 1.694915254237288 4.878201820303728 13
stats: session 476 1333.9266974789907 912.4644959559049 7851.479 277.583 1349.0714803320104 2771
stats: users_count 569 3341
stats: finish_users_count 476 3247
stats: connect 556 2.784613309352522 6.6769592290588005 264.56 0.471 5.375839466089465 2772
stats: request 3253 67.09344082385475 101.0881727099062 712.6 4.445 51.75962924585804 18047
stats: tr_create_post_comment 227 147.54798678414105 135.65201309649623 801.176 58.372 82.81094827586209 1392
stats: page 1563 138.69573512475938 161.57676656464906 846.7 4.589 112.44148394467831 8315
stats: 302 1930 13041
stats: 200 1323 8259
stats: size_rcv 33552034 206503160
stats: newphase 1 2
stats: size_sent 1878435 12458754
stats: connected 87 88
# stats: dump at 1575369390
stats: users 80 124
stats: {freemem,"tsung_controller@ip-172-31-26-255"} 1 695.22265625 0.0 790.3203125 695.22265625 749.0354352678571 14
stats: {load,"tsung_controller@ip-172-31-26-255"} 1 0.359375 0.0 0.359375 0.0 0.07979910714285714 14
stats: {recvpackets,"tsung_controller@ip-172-31-26-255"} 1 33133.0 0.0 33133 7246 11361.76923076923 13
stats: {sentpackets,"tsung_controller@ip-172-31-26-255"} 1 13350.0 0.0 13350 2854 4615.692307692308 13
stats: {cpu,"tsung_controller@ip-172-31-26-255"} 1 15.080160320641284 0.0 15.080160320641284 1.694915254237288 4.94972103654087 14
stats: session 636 1435.1225990565997 995.4459359567097 7851.479 277.583 1346.851302740992 3247
stats: users_count 622 3963
stats: finish_users_count 636 3883
stats: connect 630 2.66219523809524 6.45785885408952 264.56 0.471 4.942930288461538 3328
stats: tr_create_post_comment 329 143.77372948328258 125.16469195704472 806.772 58.372 91.88772884496605 1619
stats: request 4165 61.05611716686673 95.21865919216734 712.6 4.445 54.10145502347415 21300
stats: page 1893 134.84432963549816 151.4458184064205 870.354 4.589 116.59570489977718 9878
stats: 302 2575 15616
stats: 200 1590 9849
stats: size_rcv 39336410 245839570
stats: newphase 0 2
stats: size_sent 2452847 14911601
stats: connected -2 86
# stats: dump at 1575369400
stats: users 83 124
stats: {freemem,"tsung_controller@ip-172-31-26-255"} 1 704.2734375 0.0 790.3203125 695.22265625 745.4479166666666 15
stats: {load,"tsung_controller@ip-172-31-26-255"} 1 0.46875 0.0 0.46875 0.0 0.0984375 15
stats: {recvpackets,"tsung_controller@ip-172-31-26-255"} 1 33069.0 0.0 33133 7246 12916.857142857143 14
stats: {sentpackets,"tsung_controller@ip-172-31-26-255"} 1 13742.0 0.0 13742 2854 5239.571428571428 14
stats: {cpu,"tsung_controller@ip-172-31-26-255"} 1 15.623409669211197 0.0 15.623409669211197 1.694915254237288 5.625083655480897 15
stats: session 604 1386.9122218543037 998.1735329057568 7851.479 277.583 1361.3093363378825 3883
stats: users_count 607 4570
stats: finish_users_count 604 4487
stats: request 4013 60.62415175679038 95.24464046344205 712.6 4.445 55.2389444335362 25465
stats: 302 2487 18103
stats: connect 607 2.466917627677098 5.688000522485154 264.56 0.471 4.579902728650833 3958
stats: page 1818 133.92606985698555 151.64125958072165 870.354 4.589 119.53042978506474 11771
stats: tr_create_post_comment 319 141.22373667711614 116.31188339240333 806.772 58.372 100.65081622176592 1948
stats: 200 1526 11375
stats: size_rcv 37453565 283293135
stats: newphase 0 2
stats: size_sent 2364615 17276216
stats: connected -4 82
# stats: dump at 1575369410
stats: users 78 124
stats: {freemem,"tsung_controller@ip-172-31-26-255"} 1 703.3203125 0.0 790.3203125 695.22265625 742.87451171875 16
stats: {load,"tsung_controller@ip-172-31-26-255"} 1 0.3984375 0.0 0.46875 0.0 0.12158203125 16
stats: {recvpackets,"tsung_controller@ip-172-31-26-255"} 1 32342.0 0.0 33133 7246 14260.333333333334 15
stats: {sentpackets,"tsung_controller@ip-172-31-26-255"} 1 13276.0 0.0 13742 2854 5806.4 15
stats: {cpu,"tsung_controller@ip-172-31-26-255"} 1 15.66265060240964 0.0 15.66265060240964 1.694915254237288 6.249979031339041 16
stats: session 568 1477.5640070422523 1104.0838711205365 7851.479 277.583 1364.7557688878978 4487
stats: users_count 563 5133
stats: finish_users_count 568 5055
stats: connect 564 2.6433492907801415 6.368048960844465 264.56 0.471 4.298942825848849 4565
stats: page 1701 130.7589453262789 149.38660434774684 870.354 4.589 121.45634586798121 13589
stats: request 3716 59.92554036598496 94.3427924987749 712.6 4.445 55.97206191057735 29478
stats: tr_create_post_comment 290 121.26386551724146 101.21986980133472 806.772 58.372 106.36001852668728 2267
stats: 302 2293 20396
stats: 200 1423 12798
stats: size_rcv 35815986 319109121
stats: newphase 0 2
stats: size_sent 2178032 19454248
stats: connected -3 79
# stats: dump at 1575369420
stats: users 84 124
stats: {freemem,"tsung_controller@ip-172-31-26-255"} 1 702.765625 0.0 790.3203125 695.22265625 740.5477941176471 17
stats: {load,"tsung_controller@ip-172-31-26-255"} 1 0.41015625 0.0 0.46875 0.0 0.13786764705882354 17
stats: {recvpackets,"tsung_controller@ip-172-31-26-255"} 1 29950.0 0.0 33133 7246 15390.4375 16
stats: {sentpackets,"tsung_controller@ip-172-31-26-255"} 1 12476.0 0.0 13742 2854 6273.25 16
stats: {cpu,"tsung_controller@ip-172-31-26-255"} 1 15.66750629722922 0.0 15.66750629722922 1.694915254237288 6.803665594343194 17
stats: session 624 1397.4428701923073 976.121198895463 7851.479 277.583 1377.4313533135505 5055
stats: users_count 630 5763
stats: finish_users_count 624 5679
stats: connect 632 2.8288591772151914 6.839834710794677 264.56 0.471 4.116888867225579 5129
stats: tr_create_post_comment 308 162.12781493506495 146.72628369386268 821.803 58.372 108.05032577238956 2557
stats: request 4056 63.88982223865896 97.76937603853112 712.6 4.445 56.41464568897992 33194
stats: page 1888 137.47736758474556 157.74444300272475 870.354 4.589 122.49125245258321 15290
stats: 302 2488 22884
stats: 200 1568 14366
stats: size_rcv 39561435 358670556
stats: newphase 0 2
stats: size_sent 2371732 21825980
stats: connected 5 84
# stats: dump at 1575369430
stats: users 86 124
stats: {freemem,"tsung_controller@ip-172-31-26-255"} 1 704.4375 0.0 790.3203125 695.22265625 738.4487847222222 18
stats: {load,"tsung_controller@ip-172-31-26-255"} 1 0.3515625 0.0 0.46875 0.0 0.15299479166666666 18
stats: {recvpackets,"tsung_controller@ip-172-31-26-255"} 1 34037.0 0.0 34037 7246 16246.882352941177 17
stats: {sentpackets,"tsung_controller@ip-172-31-26-255"} 1 14295.0 0.0 14295 2854 6638.117647058823 17
stats: {cpu,"tsung_controller@ip-172-31-26-255"} 1 17.658930373360242 0.0 17.658930373360242 1.694915254237288 7.296101188947972 18
stats: session 605 1434.06007768595 990.1323718009284 7851.479 277.583 1379.6301887656273 5679
stats: users_count 607 6370
stats: finish_users_count 605 6284
stats: connect 608 27.22456249999995 59.36308866031269 271.085 0.471 3.9755879187641026 5761
stats: tr_create_post_comment 317 146.61915457413266 137.95164427465232 821.803 58.372 113.86389179755676 2865
stats: request 4029 68.52352171754764 106.31599292762576 732.498 4.445 57.22858706040269 37250
stats: page 1817 151.51446009906422 165.9219229534444 870.354 4.539 124.13834672255192 17178
stats: 302 2492 25376
stats: 200 1537 15903
stats: size_rcv 37997748 396668304
stats: newphase 0 2
stats: size_sent 2374927 24200907
stats: connected 7 91
# stats: dump at 1575369440
stats: users 381 383
stats: {freemem,"tsung_controller@ip-172-31-26-255"} 1 701.6875 0.0 790.3203125 695.22265625 736.6587171052631 19
stats: {load,"tsung_controller@ip-172-31-26-255"} 1 0.2890625 0.0 0.46875 0.0 0.16344572368421054 19
stats: {recvpackets,"tsung_controller@ip-172-31-26-255"} 1 32490.0 0.0 34037 7246 17235.222222222223 18
stats: {sentpackets,"tsung_controller@ip-172-31-26-255"} 1 13199.0 0.0 14295 2854 7063.5 18
stats: {cpu,"tsung_controller@ip-172-31-26-255"} 1 16.243148978574986 0.0 17.658930373360242 1.694915254237288 7.84151325128546 19
stats: session 236 1785.7624194915259 1160.2555546805365 7851.479 277.583 1384.8704947485674 6284
stats: users_count 531 6901
stats: finish_users_count 236 6520
stats: request 2182 229.79041796516944 331.7064151659671 2405.808 4.445 58.33101908960972 41279
stats: connect 530 2.7997867924528306 6.664854515094287 271.085 0.471 6.1949907363793315 6369
stats: page 1130 336.7858601769915 506.6533299898462 2674.519 4.539 126.75705680442204 18995
stats: tr_create_post_comment 97 426.7709587628866 664.1722256035195 2471.664 58.372 117.12706536769332 3182
stats: 302 1179 26555
stats: 200 1005 16908
stats: size_rcv 23311923 419980227
stats: newphase 1 3
stats: size_sent 1311553 25512460
stats: connected 289 380
# stats: dump at 1575369450
stats: users 1086 1097
stats: {freemem,"tsung_controller@ip-172-31-26-255"} 1 605.77734375 0.0 790.3203125 605.77734375 734.91015625 20
stats: {load,"tsung_controller@ip-172-31-26-255"} 1 0.25 0.0 0.46875 0.0 0.1697265625 20
stats: {recvpackets,"tsung_controller@ip-172-31-26-255"} 1 22878.0 0.0 34037 7246 18038.105263157893 19
stats: {sentpackets,"tsung_controller@ip-172-31-26-255"} 1 9059.0 0.0 14295 2854 7386.421052631579 19
stats: {cpu,"tsung_controller@ip-172-31-26-255"} 1 11.46971201588878 0.0 17.658930373360242 1.694915254237288 8.261595037649936 20
stats: session 526 5301.204336501902 2138.904633088326 12507.469 277.583 1399.381306748466 6520
stats: users_count 1231 8132
stats: finish_users_count 526 7046
stats: request 4653 1090.6518014184385 939.6226645461613 4578.835 4.445 66.9392979682934 43461
stats: 302 2419 28974
stats: connect 1178 2.7663242784380273 6.277043529838598 271.085 0.44 5.9341619075228245 6899
stats: page 2509 1428.5650263053042 1735.801160233256 9967.726 4.539 138.54997843478245 20125
stats: tr_create_post_comment 120 5077.681200000002 2003.3834854724703 9967.812 58.372 126.28700975907293 3279
stats: 200 2233 19141
stats: size_rcv 55522165 475502392
stats: newphase 0 3
stats: size_sent 2856799 28369259
stats: connected 681 1061
# stats: dump at 1575369460
stats: users 1262 1311
stats: {freemem,"tsung_controller@ip-172-31-26-255"} 1 349.76171875 0.0 790.3203125 349.76171875 728.760974702381 21
stats: {load,"tsung_controller@ip-172-31-26-255"} 1 0.359375 0.0 0.46875 0.0 0.17354910714285715 21
stats: {recvpackets,"tsung_controller@ip-172-31-26-255"} 1 51431.0 0.0 51431 7246 18280.1 20
stats: {sentpackets,"tsung_controller@ip-172-31-26-255"} 1 19706.0 0.0 19706 2854 7470.05 20
stats: {cpu,"tsung_controller@ip-172-31-26-255"} 1 23.076923076923077 0.0 23.076923076923077 1.694915254237288 8.414362512804168 21
stats: session 1017 9177.73287315634 4060.258590248207 20623.777 19.054 1690.6613115242687 7046
stats: users_count 1193 9325
stats: finish_users_count 1017 8063
stats: connect 1188 2.7356725589225563 6.312781270169636 271.085 0.435 5.472144731954929 8077
stats: page 3430 2893.3739705539338 3233.1929832009246 15770.865 0.616 281.5493490766106 22634
stats: request 7199 1564.48941214057 1173.8328165663686 4855.753 0.568 165.94030138836914 48114
stats: tr_create_post_comment 371 8911.221393530996 4066.3639083167714 15770.955 4.15 301.0935125036777 3399
stats: 302 3357 32331
stats: 200 2356 21497
stats: size_rcv 62593788 538096180
stats: newphase 0 3
stats: 502 1343 1343
stats: size_sent 3977932 32347191
stats: connected 200 1261
stats: 404 123 123
stats: 500 19 19
# stats: dump at 1575369470
stats: users 1228 1311
stats: {freemem,"tsung_controller@ip-172-31-26-255"} 1 250.61328125 0.0 790.3203125 250.61328125 711.5337357954545 22
stats: {load,"tsung_controller@ip-172-31-26-255"} 1 0.37109375 0.0 0.46875 0.0 0.18199573863636365 22
stats: {recvpackets,"tsung_controller@ip-172-31-26-255"} 1 58330.0 0.0 58330 7246 19858.714285714286 21
stats: {sentpackets,"tsung_controller@ip-172-31-26-255"} 1 24483.0 0.0 24483 2854 8052.714285714285 21
stats: {cpu,"tsung_controller@ip-172-31-26-255"} 1 29.101066531234128 0.0 29.101066531234128 1.694915254237288 9.080842538445935 22
stats: session 1203 10652.31138570242 5311.820959369188 23007.987 19.054 2635.0184711645784 8063
stats: users_count 1169 10494
stats: finish_users_count 1203 9266
stats: connect 1182 2.930897631133668 6.623872859875968 271.085 0.435 5.121261953588771 9265
stats: request 7796 1439.4493414571627 991.7545164738295 4855.753 0.555 347.96179811255865 55313
stats: page 3549 3185.0407173851668 3642.442119927068 16187.889 0.587 625.2632246009821 26064
stats: tr_create_post_comment 630 9352.132696825387 3549.3212199409645 16188.001 4.15 1148.4031793103447 3770
stats: 302 4006 36337
stats: 200 2376 23873
stats: size_rcv 58844503 596940683
stats: newphase 0 3
stats: 502 1090 2433
stats: size_sent 4184448 36531639
stats: connected -31 1230
stats: 404 295 418
stats: 500 30 49
# stats: dump at 1575369480
stats: users 1248 1311
stats: {freemem,"tsung_controller@ip-172-31-26-255"} 1 234.31640625 0.0 790.3203125 234.31640625 691.4937160326087 23
stats: {load,"tsung_controller@ip-172-31-26-255"} 1 0.3203125 0.0 0.46875 0.0 0.19021739130434784 23
stats: {recvpackets,"tsung_controller@ip-172-31-26-255"} 1 56495.0 0.0 58330 7246 21607.409090909092 22
stats: {sentpackets,"tsung_controller@ip-172-31-26-255"} 1 23560.0 0.0 24483 2854 8799.545454545454 22
stats: {cpu,"tsung_controller@ip-172-31-26-255"} 1 29.28535732133933 0.0 29.28535732133933 1.694915254237288 9.95128705987151 23
stats: session 1191 10576.157061293035 5100.572413249233 24166.789 8.606 3675.899474422621 9266
stats: users_count 1211 11705
stats: finish_users_count 1191 10457
stats: connect 1213 2.8821286067600966 6.497490750490536 271.085 0.337 4.873438594811904 10447
stats: page 3612 3156.7328632336607 3577.1120899945686 16187.889 0.581 932.0423527504796 29613
stats: tr_create_post_comment 578 9572.698159169537 3336.2651738618147 16188.001 4.15 2323.0280874999985 4400
stats: request 7773 1460.2113636948386 1018.5338860340582 4855.753 0.555 482.79576613478264 63109
stats: 302 3874 40211
stats: 200 2454 26327
stats: size_rcv 61769640 658710323
stats: newphase 0 3
stats: 502 1186 3619
stats: size_sent 4219345 40750984
stats: connected 33 1263
stats: 404 233 651
stats: 500 27 76
# stats: dump at 1575369490
stats: users 1259 1311
stats: {freemem,"tsung_controller@ip-172-31-26-255"} 1 230.38671875 0.0 790.3203125 230.38671875 672.4446614583334 24
stats: {load,"tsung_controller@ip-172-31-26-255"} 1 0.578125 0.0 0.578125 0.0 0.19563802083333334 24
stats: {recvpackets,"tsung_controller@ip-172-31-26-255"} 1 57017.0 0.0 58330 7246 23124.260869565216 23
stats: {sentpackets,"tsung_controller@ip-172-31-26-255"} 1 23869.0 0.0 24483 2854 9441.304347826086 23
stats: {cpu,"tsung_controller@ip-172-31-26-255"} 1 29.22077922077922 0.0 29.28535732133933 1.694915254237288 10.756873320766003 24
stats: session 1134 11002.46446031745 5146.298834732506 24290.995 8.606 4461.8043023811815 10457
stats: users_count 1145 12850
stats: finish_users_count 1134 11591
stats: connect 1146 23.604109947643977 54.85126420744967 271.085 0.337 4.6662808747855875 11660
stats: request 7356 1550.4592051386587 968.2737374507914 4855.753 0.555 589.9802620552465 70882
stats: page 3426 3358.270212784585 3642.736269744141 16187.889 0.581 1173.8958403009765 33225
stats: tr_create_post_comment 579 9910.707259067369 2917.75912179185 16188.001 4.15 3164.793716552829 4978
stats: 302 4005 44216
stats: 200 2435 28762
stats: size_rcv 62298639 721008962
stats: newphase 0 3
stats: 502 672 4291
stats: size_sent 4020021 44771005
stats: connected -5 1258
stats: 404 228 879
stats: 500 15 91
# stats: dump at 1575369500
stats: users 82 1311
stats: {freemem,"tsung_controller@ip-172-31-26-255"} 1 224.45703125 0.0 790.3203125 224.45703125 654.76234375 25
stats: {load,"tsung_controller@ip-172-31-26-255"} 1 0.48828125 0.0 0.578125 0.0 0.2109375 25
stats: {recvpackets,"tsung_controller@ip-172-31-26-255"} 1 57644.0 0.0 58330 7246 24536.458333333332 24
stats: {sentpackets,"tsung_controller@ip-172-31-26-255"} 1 23037.0 0.0 24483 2854 10042.458333333332 24
stats: {cpu,"tsung_controller@ip-172-31-26-255"} 1 29.046673286991066 0.0 29.28535732133933 1.694915254237288 11.495429556766531 25
stats: session 1915 9656.106520104424 4787.462920373153 24378.397 8.606 5101.706693814166 11591
stats: users_count 738 13588
stats: finish_users_count 1915 13506
stats: connect 782 2.9710409207161104 6.675954070794579 271.085 0.337 6.361013977822891 12806
stats: tr_create_post_comment 1200 6787.692109166682 4072.02039794656 16241.138 4.15 3867.6700780996925 5557
stats: request 9785 1148.8817368421023 1009.4945909420627 4855.753 0.555 680.2852686418358 78238
stats: page 3998 3492.396688094051 3467.554224512894 16240.89 0.581 1378.0830821259974 36651
stats: 302 6043 50259
stats: 200 2529 31291
stats: size_rcv 69922705 790931667
stats: newphase 0 3
stats: 502 844 5135
stats: size_sent 5087394 49858399
stats: connected -1143 115
stats: 404 331 1210
stats: 500 37 128
# stats: dump at 1575369510
stats: users 1 1311
stats: {freemem,"tsung_controller@ip-172-31-26-255"} 1 378.0859375 0.0 790.3203125 224.45703125 638.2121394230769 26
stats: {load,"tsung_controller@ip-172-31-26-255"} 1 0.55859375 0.0 0.578125 0.0 0.22160456730769232 26
stats: {recvpackets,"tsung_controller@ip-172-31-26-255"} 1 55272.0 0.0 58330 7246 25860.76 25
stats: {sentpackets,"tsung_controller@ip-172-31-26-255"} 1 22634.0 0.0 24483 2854 10562.24 25
stats: {cpu,"tsung_controller@ip-172-31-26-255"} 1 27.368421052631582 0.0 29.28535732133933 1.694915254237288 12.170477392544397 26
stats: session 81 6634.096703703706 1653.3648829638328 24378.397 8.606 5747.46973745002 13506
stats: users_count 0 13588
stats: finish_users_count 81 13587
stats: request 403 10.63416625310172 4.581873139736392 4855.753 0.555 732.3763862058771 88023
stats: connect 0 0 0 271.085 0.337 6.165918383868115 13588
stats: page 114 37.910701754385975 31.735494696204174 16240.89 0.581 1586.0347118502286 40649
stats: 302 345 50604
stats: tr_create_post_comment 58 68.64281034482755 8.328691105629762 16241.138 4.15 4386.247322036408 6757
stats: 200 58 31349
stats: size_rcv 574275 791505942
stats: newphase 0 3
stats: 502 0 5135
stats: size_sent 282898 50141297
stats: connected -114 1
stats: 404 0 1210
stats: 500 0 128
# stats: dump at 1575369520
stats: users 0 1311
stats: {freemem,"tsung_controller@ip-172-31-26-255"} 1 601.7578125 0.0 790.3203125 224.45703125 628.5778356481482 27
stats: {load,"tsung_controller@ip-172-31-26-255"} 1 0.46875 0.0 0.578125 0.0 0.23408564814814814 27
stats: {recvpackets,"tsung_controller@ip-172-31-26-255"} 1 188.0 0.0 58330 188 26991.96153846154 26
stats: {sentpackets,"tsung_controller@ip-172-31-26-255"} 1 194.0 0.0 24483 194 11026.538461538461 26
stats: {cpu,"tsung_controller@ip-172-31-26-255"} 1 0.7477567298105683 0.0 29.28535732133933 0.7477567298105683 12.733364194769846 27
stats: session 1 14893.252 0.0 24378.397 8.606 5752.755435857804 13587
stats: users_count 0 13588
stats: finish_users_count 1 13588
stats: connect 0 0 0 271.085 0.337 6.165918383868115 13588
stats: request 1 6.106 0.0 4855.753 0.555 729.087058240788 88426
stats: page 1 6.106 0.0 16240.89 0.581 1581.7051449108246 40763
stats: 302 1 50605
stats: tr_create_post_comment 0 0 0 16241.138 4.15 4349.5017517241395 6815
stats: 200 0 31349
stats: size_rcv 1197 791507139
stats: newphase 0 3
stats: 502 0 5135
stats: size_sent 624 50141921
stats: connected -1 0
stats: 404 0 1210
stats: 500 0 128
# stats: dump at 1575369530
stats: users 0 1311
stats: {freemem,"tsung_controller@ip-172-31-26-255"} 1 604.4921875 0.0 790.3203125 224.45703125 627.6199776785714 28
stats: {load,"tsung_controller@ip-172-31-26-255"} 1 0.3984375 0.0 0.578125 0.0 0.24246651785714285 28
stats: {recvpackets,"tsung_controller@ip-172-31-26-255"} 1 0.0 0.0 58330 0 25999.222222222223 27
stats: {sentpackets,"tsung_controller@ip-172-31-26-255"} 1 0.0 0.0 24483 0 10625.333333333334 27
stats: {cpu,"tsung_controller@ip-172-31-26-255"} 1 0.050050050050050046 0.0 29.28535732133933 0.050050050050050046 12.305306785307016 28
stats: session 0 0 0 24378.397 8.606 5753.428124742419 13588
stats: users_count 0 13588
stats: finish_users_count 0 13588
stats: connect 0 0 0 271.085 0.337 6.165918383868115 13588
stats: request 0 0 0 4855.753 0.555 729.0788822192308 88427
stats: page 0 0 0 16240.89 0.581 1581.6664931802557 40764
stats: 302 0 50605
stats: tr_create_post_comment 0 0 0 16241.138 4.15 4349.5017517241395 6815
stats: 200 0 31349
stats: size_rcv 0 791507139
stats: newphase 0 3
stats: 502 0 5135
stats: size_sent 0 50141921
stats: connected 0 0
stats: 404 0 1210
stats: 500 0 128
# stats: dump at 1575369540
stats: users 0 1311
stats: {freemem,"tsung_controller@ip-172-31-26-255"} 1 604.98828125 0.0 790.3203125 224.45703125 626.8224676724138 29
stats: {load,"tsung_controller@ip-172-31-26-255"} 1 0.33984375 0.0 0.578125 0.0 0.2478448275862069 29
stats: {recvpackets,"tsung_controller@ip-172-31-26-255"} 1 1.0 0.0 58330 0 25070.678571428572 28
stats: {sentpackets,"tsung_controller@ip-172-31-26-255"} 1 1.0 0.0 24483 0 10245.857142857143 28
stats: {cpu,"tsung_controller@ip-172-31-26-255"} 1 0.0999000999000999 0.0 29.28535732133933 0.050050050050050046 11.88271172547057 29
stats: session 0 0 0 24378.397 8.606 5753.428124742419 13588
stats: users_count 0 13588
stats: finish_users_count 0 13588
stats: connect 0 0 0 271.085 0.337 6.165918383868115 13588
stats: request 0 0 0 4855.753 0.555 729.0788822192308 88427
stats: page 0 0 0 16240.89 0.581 1581.6664931802557 40764
stats: 302 0 50605
stats: tr_create_post_comment 0 0 0 16241.138 4.15 4349.5017517241395 6815
stats: 200 0 31349
stats: size_rcv 0 791507139
stats: newphase 0 3
stats: 502 0 5135
stats: size_sent 0 50141921
stats: connected 0 0
stats: 404 0 1210
stats: 500 0 128
# stats: dump at 1575369550
stats: users 0 1311
stats: {freemem,"tsung_controller@ip-172-31-26-255"} 1 605.16015625 0.0 790.3203125 224.45703125 626.0946614583333 30
stats: {load,"tsung_controller@ip-172-31-26-255"} 1 0.2890625 0.0 0.578125 0.0 0.25091145833333334 30
stats: {recvpackets,"tsung_controller@ip-172-31-26-255"} 1 0.0 0.0 58330 0 24206.206896551725 29
stats: {sentpackets,"tsung_controller@ip-172-31-26-255"} 1 0.0 0.0 24483 0 9892.586206896553 29
stats: {cpu,"tsung_controller@ip-172-31-26-255"} 1 0.05 0.0 29.28535732133933 0.05 11.489951337951554 30
stats: session 0 0 0 24378.397 8.606 5753.428124742419 13588
stats: users_count 0 13588
stats: finish_users_count 0 13588
stats: connect 0 0 0 271.085 0.337 6.165918383868115 13588
stats: request 0 0 0 4855.753 0.555 729.0788822192308 88427
stats: page 0 0 0 16240.89 0.581 1581.6664931802557 40764
stats: 302 0 50605
stats: tr_create_post_comment 0 0 0 16241.138 4.15 4349.5017517241395 6815
stats: 200 0 31349
stats: size_rcv 0 791507139
stats: newphase 0 3
stats: 502 0 5135
stats: size_sent 0 50141921
stats: connected 0 0
stats: 404 0 1210
stats: 500 0 128
# stats: dump at 1575369560
stats: users 909 1311
stats: {freemem,"tsung_controller@ip-172-31-26-255"} 1 605.23046875 0.0 790.3203125 224.45703125 625.4193548387096 31
stats: {load,"tsung_controller@ip-172-31-26-255"} 1 0.23828125 0.0 0.578125 0.0 0.2521421370967742 31
stats: {recvpackets,"tsung_controller@ip-172-31-26-255"} 1 19.0 0.0 58330 0 23399.333333333332 30
stats: {sentpackets,"tsung_controller@ip-172-31-26-255"} 1 19.0 0.0 24483 0 9562.833333333334 30
stats: {cpu,"tsung_controller@ip-172-31-26-255"} 1 0.05 0.0 29.28535732133933 0.05 11.120920649630536 31
stats: session 13 2823.674000000001 620.6142661992227 24378.397 8.606 5753.428124742419 13588
stats: users_count 922 14510
stats: finish_users_count 13 13601
stats: request 1349 514.959183098592 597.3045495250631 4855.753 0.555 729.0788822192308 88427
stats: page 964 396.2093226141086 653.9625925203144 16240.89 0.581 1581.6664931802557 40764
stats: connect 874 3.220747139588105 7.148788977399193 271.085 0.337 6.165918383868115 13588
stats: tr_create_post_comment 0 0 0 16241.138 4.15 4349.5017517241395 6815
stats: 302 396 51001
stats: 200 955 32304
stats: size_rcv 11131557 802638696
stats: newphase 1 4
stats: 502 0 5135
stats: size_sent 888253 51030174
stats: connected 863 863
stats: 404 0 1210
stats: 500 0 128
# stats: dump at 1575369570
stats: users 1416 1513
stats: {freemem,"tsung_controller@ip-172-31-26-255"} 1 479.55078125 0.0 790.3203125 224.45703125 624.7884521484375 32
stats: {load,"tsung_controller@ip-172-31-26-255"} 1 0.359375 0.0 0.578125 0.0 0.251708984375 32
stats: {recvpackets,"tsung_controller@ip-172-31-26-255"} 1 18970.0 0.0 58330 0 22645.129032258064 31
stats: {sentpackets,"tsung_controller@ip-172-31-26-255"} 1 10435.0 0.0 24483 0 9254.967741935483 31
stats: {cpu,"tsung_controller@ip-172-31-26-255"} 1 9.752400202122285 0.0 29.28535732133933 0.05 10.774954379329582 32
stats: session 1918 4654.242751303427 3300.524286667721 24378.397 8.606 5750.627830380117 13601
stats: users_count 2425 16935
stats: finish_users_count 1918 15519
stats: connect 2419 2.725279867713936 6.028260806431946 271.085 0.337 5.987929193749132 14462
stats: tr_create_post_comment 674 1864.560571216619 2320.3278532097147 16241.138 3.793 4349.5017517241395 6815
stats: 302 2334 53335
stats: request 14096 774.1551677780972 1484.1487072870002 7110.711 0.541 725.861458028871 89776
stats: page 6985 1394.7086595561896 2330.562560381282 16240.89 0.581 1554.2800688985799 41728
stats: 200 1814 34118
stats: size_rcv 50642494 853281190
stats: newphase 0 4
stats: 502 9411 14546
stats: size_sent 5282234 56312408
stats: connected 562 1425
stats: 404 434 1644
stats: 500 102 230
# stats: dump at 1575369580
stats: users 1359 1513
stats: {freemem,"tsung_controller@ip-172-31-26-255"} 1 358.51171875 0.0 790.3203125 224.45703125 620.3873106060606 33
stats: {load,"tsung_controller@ip-172-31-26-255"} 1 0.62109375 0.0 0.62109375 0.0 0.2549715909090909 33
stats: {recvpackets,"tsung_controller@ip-172-31-26-255"} 1 63341.0 0.0 63341 0 22530.28125 32
stats: {sentpackets,"tsung_controller@ip-172-31-26-255"} 1 40494.0 0.0 40494 0 9291.84375 32
stats: {cpu,"tsung_controller@ip-172-31-26-255"} 1 43.22250639386189 0.0 43.22250639386189 0.05 10.743967889111179 33
stats: session 2567 5850.73085391508 4214.968929863637 24378.397 8.606 5615.125118757649 15519
stats: users_count 2510 19445
stats: finish_users_count 2567 18086
stats: connect 2517 2.832507747318228 6.27323470299773 271.085 0.337 5.52040068716308 16881
stats: page 7565 1508.6929395902177 2231.089953056579 17392.767 0.581 1531.3989838852037 48713
stats: tr_create_post_comment 1270 4082.7481732283486 3120.5355548693956 17392.853 3.793 4125.860363599949 7489
stats: request 16440 695.6765728102184 984.9068257109851 7110.711 0.541 732.4151792687152 103872
stats: 302 4236 57571
stats: 200 2112 36230
stats: size_rcv 50493860 903775050
stats: newphase 0 4
stats: 502 8913 23459
stats: size_sent 6355107 62667515
stats: connected -60 1365
stats: 404 975 2619
stats: 500 206 436
# stats: dump at 1575369590
stats: users 1398 1513
stats: {freemem,"tsung_controller@ip-172-31-26-255"} 1 338.80078125 0.0 790.3203125 224.45703125 612.6850873161765 34
stats: {load,"tsung_controller@ip-172-31-26-255"} 1 0.671875 0.0 0.671875 0.0 0.26573988970588236 34
stats: {recvpackets,"tsung_controller@ip-172-31-26-255"} 1 63006.0 0.0 63341 0 23766.969696969696 33
stats: {sentpackets,"tsung_controller@ip-172-31-26-255"} 1 41042.0 0.0 41042 0 10237.363636363636 33
stats: {cpu,"tsung_controller@ip-172-31-26-255"} 1 44.43293630243397 0.0 44.43293630243397 0.05 11.699219021603847 34
stats: session 2421 5608.661912019817 3798.3003134103074 24378.397 8.606 5648.56534446533 18086
stats: users_count 2460 21905
stats: finish_users_count 2421 20507
stats: request 15791 719.6099706161793 1024.794559657884 7110.711 0.541 727.3950425393974 120312
stats: connect 2456 2.5072646579804587 5.621368635148937 271.085 0.337 5.171631405299512 19398
stats: page 7369 1533.759637535616 2233.0565551807354 17392.767 0.581 1528.3467925299394 56278
stats: 302 3960 61531
stats: tr_create_post_comment 1184 4232.338103885125 3092.658815821415 17392.853 3.793 4119.609366708531 8759
stats: 200 1985 38215
stats: size_rcv 47607797 951382847
stats: newphase 0 4
stats: 502 8722 32181
stats: size_sent 6042510 68710025
stats: connected 26 1391
stats: 404 929 3548
stats: 500 192 628
# stats: dump at 1575369600
stats: users 1408 1513
stats: {freemem,"tsung_controller@ip-172-31-26-255"} 1 345.62890625 0.0 790.3203125 224.45703125 604.8598214285714 35
stats: {load,"tsung_controller@ip-172-31-26-255"} 1 0.73046875 0.0 0.73046875 0.0 0.27734375 35
stats: {recvpackets,"tsung_controller@ip-172-31-26-255"} 1 61577.0 0.0 63341 0 24921.058823529413 34
stats: {sentpackets,"tsung_controller@ip-172-31-26-255"} 1 39598.0 0.0 41042 0 11143.382352941177 34
stats: {cpu,"tsung_controller@ip-172-31-26-255"} 1 43.364197530864196 0.0 44.43293630243397 0.05 12.634468086770422 35
stats: session 2461 5759.889321414047 3814.0312717230636 24378.397 8.606 5643.854455015357 20507
stats: users_count 2471 24376
stats: finish_users_count 2461 22968
stats: request 16273 705.287971547966 971.7693802601004 7110.711 0.54 726.4917996223454 136103
stats: connect 2480 2.731019758064514 6.078817943509694 271.085 0.337 4.87220408163265 21854
stats: page 7434 1554.8674923325277 2240.5937952057316 17392.767 0.577 1528.9734875013728 63647
stats: tr_create_post_comment 1283 4311.378125487138 3054.8573397296245 17392.853 3.793 4133.032963693051 9943
stats: 302 4289 65820
stats: 200 2109 40324
stats: size_rcv 50430625 1001813472
stats: newphase 0 4
stats: 502 8644 40825
stats: size_sent 6271726 74981751
stats: connected 11 1402
stats: 404 1018 4566
stats: 500 214 842
# stats: dump at 1575369610
stats: users 1386 1513
stats: {freemem,"tsung_controller@ip-172-31-26-255"} 1 344.953125 0.0 790.3203125 224.45703125 597.6589626736111 36
stats: {load,"tsung_controller@ip-172-31-26-255"} 1 0.69140625 0.0 0.73046875 0.0 0.2899305555555556 36
stats: {recvpackets,"tsung_controller@ip-172-31-26-255"} 1 64288.0 0.0 64288 0 25968.371428571427 35
stats: {sentpackets,"tsung_controller@ip-172-31-26-255"} 1 41143.0 0.0 41143 0 11956.371428571429 35
stats: {cpu,"tsung_controller@ip-172-31-26-255"} 1 44.01664932362122 0.0 44.43293630243397 0.05 13.488071682439694 36
stats: session 2455 5681.477268431766 3677.1784827692627 24378.397 8.606 5656.287483847088 22968
stats: users_count 2433 26809
stats: finish_users_count 2455 25423
stats: request 15760 743.7119234771551 985.9440253293159 7110.711 0.54 724.2273360962364 152376
stats: connect 2445 26.486339877300637 59.65178299029193 279.144 0.337 4.6539852469795315 24334
stats: 302 4554 70374
stats: page 7350 1580.9636904761949 2242.0765490291465 17392.767 0.577 1531.681609670656 71081
stats: tr_create_post_comment 1190 4435.763138655461 3040.290079167014 17392.853 3.793 4153.415721806521 11226
stats: 200 2073 42397
stats: size_rcv 54179715 1055993187
stats: newphase 0 4
stats: 502 7923 48748
stats: size_sent 5930435 80912186
stats: connected -16 1386
stats: 404 1034 5600
stats: 500 176 1018
# stats: dump at 1575369620
stats: users 83 1513
stats: {freemem,"tsung_controller@ip-172-31-26-255"} 1 343.09765625 0.0 790.3203125 224.45703125 590.829075168919 37
stats: {load,"tsung_controller@ip-172-31-26-255"} 1 0.66015625 0.0 0.73046875 0.0 0.30078125 37
stats: {recvpackets,"tsung_controller@ip-172-31-26-255"} 1 66177.0 0.0 66177 0 27032.80555555555 36
stats: {sentpackets,"tsung_controller@ip-172-31-26-255"} 1 40869.0 0.0 41143 0 12767.111111111111 36
stats: {cpu,"tsung_controller@ip-172-31-26-255"} 1 42.3469387755102 0.0 44.43293630243397 0.05 14.313168375444599 37
stats: session 2817 5945.834885693986 3449.5313033894067 24378.397 8.606 5658.719963143606 25423
stats: users_count 1514 28323
stats: finish_users_count 2817 28240
stats: connect 1544 2.648196243523323 5.872766787192179 279.144 0.337 6.647342245789609 26779
stats: request 15429 683.3934247196804 937.9827831751555 7110.711 0.534 726.0536974770429 168136
stats: page 6452 1881.0458154060757 2317.4094430888617 17392.767 0.577 1536.2999786053974 78431
stats: tr_create_post_comment 1655 3925.8644314199387 2860.8480809848234 17392.853 3.793 4180.477048002577 12416
stats: 302 6291 76665
stats: 200 2034 44431
stats: size_rcv 59033221 1115026408
stats: newphase 0 4
stats: 502 5653 54401
stats: size_sent 6088172 87000358
stats: connected -1300 86
stats: 404 1278 6878
stats: 500 172 1190
# stats: dump at 1575369630
stats: users 0 1513
stats: {freemem,"tsung_controller@ip-172-31-26-255"} 1 475.14453125 0.0 790.3203125 224.45703125 584.3098273026316 38
stats: {load,"tsung_controller@ip-172-31-26-255"} 1 0.62890625 0.0 0.73046875 0.0 0.31023848684210525 38
stats: {recvpackets,"tsung_controller@ip-172-31-26-255"} 1 57389.0 0.0 66177 0 28090.756756756753 37
stats: {sentpackets,"tsung_controller@ip-172-31-26-255"} 1 31568.0 0.0 41143 0 13526.621621621622 37
stats: {cpu,"tsung_controller@ip-172-31-26-255"} 1 35.079609655880844 0.0 44.43293630243397 0.05 15.050899175446327 38
stats: session 83 6416.727590361443 1676.9682693153034 24378.397 8.606 5687.360286685548 28240
stats: users_count 0 28323
stats: finish_users_count 83 28323
stats: request 312 9.93756089743589 4.730626390613992 7110.711 0.534 722.4680174815462 183565
stats: page 86 36.79477906976743 30.754763329083417 17392.767 0.577 1562.5042849922825 84883
stats: connect 0 0 0 279.144 0.337 6.429332803728417 28323
stats: tr_create_post_comment 46 63.433152173913065 16.030607049949378 17392.853 3.793 4150.530073342335 14071
stats: 302 259 76924
stats: 200 37 44468
stats: size_rcv 430950 1115457358
stats: newphase 0 4
stats: 502 0 54401
stats: size_sent 196570 87196928
stats: connected -86 0
stats: 404 16 6894
stats: 500 0 1190
# stats: dump at 1575369640
stats: users 0 1513
stats: {freemem,"tsung_controller@ip-172-31-26-255"} 1 641.96484375 0.0 790.3203125 224.45703125 581.5107171474359 39
stats: {load,"tsung_controller@ip-172-31-26-255"} 1 0.53125 0.0 0.73046875 0.0 0.3184094551282051 39
stats: {recvpackets,"tsung_controller@ip-172-31-26-255"} 1 333.0 0.0 66177 0 28861.763157894737 38
stats: {sentpackets,"tsung_controller@ip-172-31-26-255"} 1 482.0 0.0 41143 0 14001.394736842105 38
stats: {cpu,"tsung_controller@ip-172-31-26-255"} 1 1.2974051896207583 0.0 44.43293630243397 0.05 15.564455854431827 39
stats: session 0 0 0 24378.397 8.606 5689.49768336687 28323
stats: users_count 0 28323
stats: finish_users_count 0 28323
stats: request 0 0 0 7110.711 0.534 721.2590054656104 183877
stats: page 0 0 0 17392.767 0.577 1560.9600627758348 84969
stats: connect 0 0 0 279.144 0.337 6.429332803728417 28323
stats: tr_create_post_comment 0 0 0 17392.853 3.793 4137.212338811361 14117
stats: 302 0 76924
stats: 200 0 44468
stats: size_rcv 0 1115457358
stats: newphase 0 4
stats: 502 0 54401
stats: size_sent 0 87196928
stats: connected 0 0
stats: 404 0 6894
stats: 500 0 1190
# stats: dump at 1575369650
stats: users 0 1513
stats: {freemem,"tsung_controller@ip-172-31-26-255"} 1 644.0625 0.0 790.3203125 224.45703125 583.0220703125 40
stats: {load,"tsung_controller@ip-172-31-26-255"} 1 0.44921875 0.0 0.73046875 0.0 0.32373046875 40
stats: {recvpackets,"tsung_controller@ip-172-31-26-255"} 1 17.0 0.0 66177 0 28130.25641025641 39
stats: {sentpackets,"tsung_controller@ip-172-31-26-255"} 1 17.0 0.0 41143 0 13654.74358974359 39
stats: {cpu,"tsung_controller@ip-172-31-26-255"} 1 0.05 0.0 44.43293630243397 0.05 15.207779587811553 40
stats: session 0 0 0 24378.397 8.606 5689.49768336687 28323
stats: users_count 0 28323
stats: finish_users_count 0 28323
stats: page 0 0 0 17392.767 0.577 1560.9600627758348 84969
stats: request 0 0 0 7110.711 0.534 721.2590054656104 183877
stats: connect 0 0 0 279.144 0.337 6.429332803728417 28323
stats: tr_create_post_comment 0 0 0 17392.853 3.793 4137.212338811361 14117
stats: 302 0 76924
stats: 200 0 44468
stats: size_rcv 0 1115457358
stats: newphase 0 4
stats: 502 0 54401
stats: size_sent 0 87196928
stats: connected 0 0
stats: 404 0 6894
stats: 500 0 1190
# stats: dump at 1575369660
stats: users 0 1513
stats: {freemem,"tsung_controller@ip-172-31-26-255"} 1 644.203125 0.0 790.3203125 224.45703125 584.5108612804878 41
stats: {load,"tsung_controller@ip-172-31-26-255"} 1 0.37890625 0.0 0.73046875 0.0 0.32679115853658536 41
stats: {recvpackets,"tsung_controller@ip-172-31-26-255"} 1 25.0 0.0 66177 0 27427.425 40
stats: {sentpackets,"tsung_controller@ip-172-31-26-255"} 1 25.0 0.0 41143 0 13313.8 40
stats: {cpu,"tsung_controller@ip-172-31-26-255"} 1 0.09995002498750624 0.0 44.43293630243397 0.05 14.838077646645417 41
stats: session 0 0 0 24378.397 8.606 5689.49768336687 28323
stats: users_count 0 28323
stats: finish_users_count 0 28323
stats: request 0 0 0 7110.711 0.534 721.2590054656104 183877
stats: page 0 0 0 17392.767 0.577 1560.9600627758348 84969
stats: connect 0 0 0 279.144 0.337 6.429332803728417 28323
stats: tr_create_post_comment 0 0 0 17392.853 3.793 4137.212338811361 14117
stats: 302 0 76924
stats: 200 0 44468
stats: size_rcv 0 1115457358
stats: newphase 0 4
stats: 502 0 54401
stats: size_sent 0 87196928
stats: connected 0 0
stats: 404 0 6894
stats: 500 0 1190
# stats: dump at 1575369670
stats: users 0 1513
stats: {freemem,"tsung_controller@ip-172-31-26-255"} 1 652.34765625 0.0 790.3203125 224.45703125 585.9321056547619 42
stats: {load,"tsung_controller@ip-172-31-26-255"} 1 0.3203125 0.0 0.73046875 0.0 0.32803199404761907 42
stats: {recvpackets,"tsung_controller@ip-172-31-26-255"} 1 110.0 0.0 66177 0 26759.073170731706 41
stats: {sentpackets,"tsung_controller@ip-172-31-26-255"} 1 333.0 0.0 41143 0 12989.682926829268 41
stats: {cpu,"tsung_controller@ip-172-31-26-255"} 1 0.8 0.0 44.43293630243397 0.05 14.487169846129751 42
stats: session 0 0 0 24378.397 8.606 5689.49768336687 28323
stats: users_count 0 28323
stats: finish_users_count 0 28323
stats: request 0 0 0 7110.711 0.534 721.2590054656104 183877
stats: page 0 0 0 17392.767 0.577 1560.9600627758348 84969
stats: connect 0 0 0 279.144 0.337 6.429332803728417 28323
stats: tr_create_post_comment 0 0 0 17392.853 3.793 4137.212338811361 14117
stats: 302 0 76924
stats: 200 0 44468
stats: size_rcv 0 1115457358
stats: newphase 0 4
stats: 502 0 54401
stats: size_sent 0 87196928
stats: connected 0 0
stats: 404 0 6894
stats: 500 0 1190
# stats: dump at 1575369680
stats: users 1592 1593
stats: {freemem,"tsung_controller@ip-172-31-26-255"} 1 652.41015625 0.0 790.3203125 224.45703125 587.4766533430233 43
stats: {load,"tsung_controller@ip-172-31-26-255"} 1 0.26953125 0.0 0.73046875 0.0 0.32785247093023256 43
stats: {recvpackets,"tsung_controller@ip-172-31-26-255"} 1 0.0 0.0 66177 0 26124.571428571428 42
stats: {sentpackets,"tsung_controller@ip-172-31-26-255"} 1 0.0 0.0 41143 0 12688.333333333334 42
stats: {cpu,"tsung_controller@ip-172-31-26-255"} 1 0.0999000999000999 0.0 44.43293630243397 0.05 14.16886357063836 43
stats: session 307 1131.9740618892497 1049.6148547744233 24378.397 8.606 5689.49768336687 28323
stats: users_count 1899 30222
stats: finish_users_count 307 28630
stats: request 3745 254.80165954606238 492.17469916816907 7110.711 0.534 721.2590054656104 183877
stats: connect 1667 3.488362327534491 7.890648416410792 279.144 0.337 6.429332803728417 28323
stats: page 2408 304.1787063953479 533.0772918519306 17392.767 0.571 1560.9600627758348 84969
stats: 302 345 77269
stats: tr_create_post_comment 62 20.66587096774194 65.90853037879869 17392.853 3.793 4137.212338811361 14117
stats: 504 2 2
stats: 200 1228 45696
stats: size_rcv 8947570 1124404928
stats: newphase 1 5
stats: 502 2169 56570
stats: size_sent 1602513 88799441
stats: connected 1509 1509
stats: 404 2 6896
stats: 500 0 1190
# stats: dump at 1575369690
stats: users 1662 1773
stats: {freemem,"tsung_controller@ip-172-31-26-255"} 1 467.6640625 0.0 790.3203125 224.45703125 588.9524147727273 44
stats: {load,"tsung_controller@ip-172-31-26-255"} 1 0.23046875 0.0 0.73046875 0.0 0.32652698863636365 44
stats: {recvpackets,"tsung_controller@ip-172-31-26-255"} 1 26207.0 0.0 66177 0 25517.023255813954 43
stats: {sentpackets,"tsung_controller@ip-172-31-26-255"} 1 25010.0 0.0 41143 0 12393.255813953489 43
stats: {cpu,"tsung_controller@ip-172-31-26-255"} 1 22.3535457348407 0.0 44.43293630243397 0.05 13.849114400848855 44
stats: session 4961 3102.155620641002 2850.9120266288915 24378.397 7.98 5640.627276388399 28630
stats: users_count 5031 35253
stats: finish_users_count 4961 33591
stats: page 15510 733.2093980012908 1679.2726874844652 17392.767 0.567 1526.324752497796 87377
stats: tr_create_post_comment 2260 1164.6553473451297 1822.150562755485 17392.853 3.793 4119.212065096269 14179
stats: request 33266 355.9875604821757 1078.1841376621462 7829.272 0.534 711.9483555393292 187622
stats: connect 5040 3.021158531746035 6.876678697712582 279.144 0.337 6.265858386128708 29990
stats: 302 2953 80222
stats: 504 0 2
stats: 200 1163 46859
stats: size_rcv 38140422 1162545350
stats: newphase 0 5
stats: 502 28077 84647
stats: size_sent 8893449 97692890
stats: connected 145 1654
stats: 404 777 7673
stats: 500 296 1486
# stats: dump at 1575369700
stats: users 1618 1773
stats: {freemem,"tsung_controller@ip-172-31-26-255"} 1 439.24609375 0.0 790.3203125 224.45703125 586.2571180555556 45
stats: {load,"tsung_controller@ip-172-31-26-255"} 1 0.26953125 0.0 0.73046875 0.0 0.32439236111111114 45
stats: {recvpackets,"tsung_controller@ip-172-31-26-255"} 1 79966.0 0.0 79966 0 25532.704545454544 44
stats: {sentpackets,"tsung_controller@ip-172-31-26-255"} 1 76418.0 0.0 76418 0 12680.0 44
stats: {cpu,"tsung_controller@ip-172-31-26-255"} 1 64.62440063931805 0.0 64.62440063931805 0.05 14.038101763826452 45
stats: session 4894 3369.0326064568817 2797.2635331294973 24378.397 7.98 5265.724538031016 33591
stats: users_count 4850 40103
stats: finish_users_count 4894 38485
stats: request 31758 360.21966430505523 775.1671458537659 7829.272 0.534 658.3402292111842 220888
stats: page 14687 770.7904909784222 1415.3287077419036 17392.767 0.567 1406.764272084908 102887
stats: connect 4882 2.97272531749283 6.6470971443684785 279.144 0.321 5.799021752783328 35030
stats: tr_create_post_comment 2424 2065.210369636965 2051.618747118956 17392.853 3.793 3713.02566798467 16439
stats: 302 4545 84767
stats: 504 0 2
stats: 200 1735 48594
stats: size_rcv 41030978 1203576328
stats: newphase 0 5
stats: 502 23938 108585
stats: size_sent 9085881 106778771
stats: connected -17 1637
stats: 404 1175 8848
stats: 500 365 1851
# stats: dump at 1575369710
stats: users 1607 1773
stats: {freemem,"tsung_controller@ip-172-31-26-255"} 1 434.24609375 0.0 790.3203125 224.45703125 583.0612262228261 46
stats: {load,"tsung_controller@ip-172-31-26-255"} 1 0.30859375 0.0 0.73046875 0.0 0.3231997282608696 46
stats: {recvpackets,"tsung_controller@ip-172-31-26-255"} 1 81193.0 0.0 81193 0 26742.333333333332 45
stats: {sentpackets,"tsung_controller@ip-172-31-26-255"} 1 72001.0 0.0 76418 0 14096.4 45
stats: {cpu,"tsung_controller@ip-172-31-26-255"} 1 63.3051742344245 0.0 64.62440063931805 0.05 15.137803913293661 46
stats: session 4796 3429.3955027105912 2544.9171765766614 24378.397 7.98 5024.528999168503 38485
stats: users_count 4785 44888
stats: finish_users_count 4796 43281
stats: page 14371 803.3605490919249 1415.4975664674762 17392.767 0.567 1327.320288524674 117574
stats: tr_create_post_comment 2416 2160.109344784774 2010.9114864553658 17392.853 3.793 3501.272273339341 18863
stats: 302 4797 89564
stats: request 31219 367.3813805054643 756.5548214890736 7829.272 0.534 620.8660048011843 252646
stats: connect 4789 2.8990780956358186 6.413448219846771 279.144 0.317 5.45331171076368 39912
stats: 504 0 2
stats: 200 1811 50405
stats: size_rcv 44515406 1248091734
stats: newphase 0 5
stats: 502 22902 131487
stats: size_sent 9104218 115882989
stats: connected -22 1615
stats: 404 1302 10150
stats: 500 407 2258
# stats: dump at 1575369720
stats: users 1619 1773
stats: {freemem,"tsung_controller@ip-172-31-26-255"} 1 429.47265625 0.0 790.3203125 224.45703125 579.8949468085107 47
stats: {load,"tsung_controller@ip-172-31-26-255"} 1 0.33984375 0.0 0.73046875 0.0 0.3228889627659575 47
stats: {recvpackets,"tsung_controller@ip-172-31-26-255"} 1 81967.0 0.0 81967 0 27926.043478260868 46
stats: {sentpackets,"tsung_controller@ip-172-31-26-255"} 1 71626.0 0.0 76418 0 15355.195652173914 46
stats: {cpu,"tsung_controller@ip-172-31-26-255"} 1 62.90832455216017 0.0 64.62440063931805 0.05 16.1626415797007 47
stats: session 4858 3341.1837507204546 2536.9924979417324 24378.397 7.98 4847.771062683391 43281
stats: users_count 4870 49758
stats: finish_users_count 4858 48139
stats: request 31763 360.3106262317778 779.4818975420613 7829.272 0.534 592.988187930883 283865
stats: 302 4485 94049
stats: connect 4879 2.804997540479607 6.327441852243074 279.144 0.317 5.179666271448064 44701
stats: page 14670 779.8599402863049 1414.9808307391593 17392.767 0.567 1270.2523782939868 131945
stats: tr_create_post_comment 2458 2038.2369837266092 2026.451269711144 17392.853 3.793 3348.997747497533 21279
stats: 504 0 2
stats: 200 1664 52069
stats: size_rcv 41755529 1289847263
stats: newphase 0 5
stats: 502 24023 155510
stats: size_sent 9103218 124986207
stats: connected -8 1607
stats: 404 1225 11375
stats: 500 367 2625
# stats: dump at 1575369730
stats: users 1613 1773
stats: {freemem,"tsung_controller@ip-172-31-26-255"} 1 453.06640625 0.0 790.3203125 224.45703125 576.7611490885416 48
stats: {load,"tsung_controller@ip-172-31-26-255"} 1 0.6015625 0.0 0.73046875 0.0 0.32324218750000006 48
stats: {recvpackets,"tsung_controller@ip-172-31-26-255"} 1 80416.0 0.0 81967 0 29075.85106382979 47
stats: {sentpackets,"tsung_controller@ip-172-31-26-255"} 1 72566.0 0.0 76418 0 16552.44680851064 47
stats: {cpu,"tsung_controller@ip-172-31-26-255"} 1 63.82198952879581 0.0 64.62440063931805 0.05 17.136509974960273 48
stats: session 4616 3548.4830058492284 2627.8999113375385 24378.397 7.98 4695.732151166411 48139
stats: users_count 4610 54368
stats: finish_users_count 4616 52755
stats: tr_create_post_comment 2378 2307.4576648444095 2041.1468781997821 17392.853 3.793 3213.266612250917 23737
stats: request 30555 383.1202891179862 756.6085810603792 7829.272 0.534 569.5728464774991 315628
stats: connect 4638 27.151149417852643 60.93532450218862 295.577 0.317 4.945983158531664 49580
stats: page 13906 841.9267063138251 1465.075935564992 17392.767 0.567 1221.1847040070945 146615
stats: 302 5109 99158
stats: 504 0 2
stats: 200 1785 53854
stats: size_rcv 47075219 1336922482
stats: newphase 0 5
stats: 502 21945 177455
stats: size_sent 8713536 133699743
stats: connected 4 1611
stats: 404 1416 12791
stats: 500 298 2923
# stats: dump at 1575369740
stats: users 71 1773
stats: {freemem,"tsung_controller@ip-172-31-26-255"} 1 419.7109375 0.0 790.3203125 224.45703125 574.2367665816327 49
stats: {load,"tsung_controller@ip-172-31-26-255"} 1 0.671875 0.0 0.73046875 0.0 0.3289221938775511 49
stats: {recvpackets,"tsung_controller@ip-172-31-26-255"} 1 82770.0 0.0 82770 0 30145.4375 48
stats: {sentpackets,"tsung_controller@ip-172-31-26-255"} 1 70455.0 0.0 76418 0 17719.395833333332 48
stats: {cpu,"tsung_controller@ip-172-31-26-255"} 1 60.26694045174538 0.0 64.62440063931805 0.05 18.089274863814058 49
stats: session 4453 3790.0394055692736 2498.398055572371 24378.397 7.98 4595.349210122262 52755
stats: users_count 2911 57279
stats: finish_users_count 4453 57208
stats: tr_create_post_comment 2518 2266.678747418591 1996.0766508056136 17392.853 3.793 3130.7847559640063 26115
stats: request 26013 411.1891648406555 780.8899484522191 7829.272 0.534 553.1160652660591 346183
stats: connect 3061 2.9200731786997727 6.666283249348032 295.577 0.317 6.845491829281797 54218
stats: page 11221 1020.410208091972 1551.1482984694414 17392.767 0.567 1188.3294282741836 160521
stats: 302 6950 106108
stats: 504 0 2
stats: 200 1701 55555
stats: size_rcv 50949508 1387871990
stats: newphase 0 5
stats: 502 15099 192554
stats: size_sent 7921417 141621160
stats: connected -1516 95
stats: 404 1916 14707
stats: 500 347 3270
# stats: dump at 1575369750
stats: users 0 1773
stats: {freemem,"tsung_controller@ip-172-31-26-255"} 1 501.7421875 0.0 790.3203125 224.45703125 571.14625 50
stats: {load,"tsung_controller@ip-172-31-26-255"} 1 0.7109375 0.0 0.73046875 0.0 0.3357812500000001 50
stats: {recvpackets,"tsung_controller@ip-172-31-26-255"} 1 63045.0 0.0 82770 0 31219.408163265307 49
stats: {sentpackets,"tsung_controller@ip-172-31-26-255"} 1 47083.0 0.0 76418 0 18795.632653061224 49
stats: {cpu,"tsung_controller@ip-172-31-26-255"} 1 43.431221020092735 0.0 64.62440063931805 0.05 18.932828175572684 50
stats: session 71 6054.53723943662 1386.4340496144296 24378.397 7.98 4532.664890452383 57208
stats: users_count 0 57279
stats: finish_users_count 71 57279
stats: request 340 8.896132352941178 4.448975544022043 7829.272 0.534 543.1967097094007 372196
stats: connect 0 0 0 295.577 0.317 6.635716754831622 57279
stats: page 95 33.16754736842104 28.268885980235332 17392.767 0.567 1177.3581948562394 171742
stats: tr_create_post_comment 51 56.73188235294117 17.324099783812507 17392.853 3.793 3054.7948516746424 28633
stats: 302 278 106386
stats: 504 0 2
stats: 200 36 55591
stats: size_rcv 462348 1388334338
stats: newphase 0 5
stats: 502 0 192554
stats: size_sent 204373 141825533
stats: connected -95 0
stats: 404 26 14733
stats: 500 0 3270
# stats: dump at 1575369760
stats: users 0 1773
stats: {freemem,"tsung_controller@ip-172-31-26-255"} 1 569.90625 0.0 790.3203125 224.45703125 569.7853860294117 51
stats: {load,"tsung_controller@ip-172-31-26-255"} 1 0.6015625 0.0 0.73046875 0.0 0.34313725490196084 51
stats: {recvpackets,"tsung_controller@ip-172-31-26-255"} 1 133.0 0.0 82770 0 31855.92 50
stats: {sentpackets,"tsung_controller@ip-172-31-26-255"} 1 137.0 0.0 76418 0 19361.38 50
stats: {cpu,"tsung_controller@ip-172-31-26-255"} 1 0.25037556334501754 0.0 64.62440063931805 0.05 19.41318881958288 51
stats: session 0 0 0 24378.397 7.98 4534.551322421828 57279
stats: users_count 0 57279
stats: finish_users_count 0 57279
stats: request 0 0 0 7829.272 0.534 542.7090730882387 372536
stats: connect 0 0 0 295.577 0.317 6.635716754831622 57279
stats: page 0 0 0 17392.767 0.567 1176.7256296257515 171837
stats: tr_create_post_comment 0 0 0 17392.853 3.793 3049.4643116022885 28684
stats: 302 0 106386
stats: 504 0 2
stats: 200 0 55591
stats: size_rcv 0 1388334338
stats: newphase 0 5
stats: 502 0 192554
stats: size_sent 0 141825533
stats: connected 0 0
stats: 404 0 14733
stats: 500 0 3270
# stats: dump at 1575369770
stats: users 0 1773
stats: {freemem,"tsung_controller@ip-172-31-26-255"} 1 601.8671875 0.0 790.3203125 224.45703125 569.7877103365383 52
stats: {load,"tsung_controller@ip-172-31-26-255"} 1 0.51171875 0.0 0.73046875 0.0 0.3481069711538462 52
stats: {recvpackets,"tsung_controller@ip-172-31-26-255"} 1 160.0 0.0 82770 0 31233.901960784315 51
stats: {sentpackets,"tsung_controller@ip-172-31-26-255"} 1 321.0 0.0 76418 0 18984.43137254902 51
stats: {cpu,"tsung_controller@ip-172-31-26-255"} 1 1.048951048951049 0.0 64.62440063931805 0.05 19.044673180039847 52
stats: session 0 0 0 24378.397 7.98 4534.551322421828 57279
stats: users_count 0 57279
stats: finish_users_count 0 57279
stats: connect 0 0 0 295.577 0.317 6.635716754831622 57279
stats: request 0 0 0 7829.272 0.534 542.7090730882387 372536
stats: page 0 0 0 17392.767 0.567 1176.7256296257515 171837
stats: tr_create_post_comment 0 0 0 17392.853 3.793 3049.4643116022885 28684
stats: 302 0 106386
stats: 504 0 2
stats: 200 0 55591
stats: size_rcv 0 1388334338
stats: newphase 0 5
stats: 502 0 192554
stats: size_sent 0 141825533
stats: connected 0 0
stats: 404 0 14733
stats: 500 0 3270
# stats: dump at 1575369780
stats: users 0 1773
stats: {freemem,"tsung_controller@ip-172-31-26-255"} 1 599.2265625 0.0 790.3203125 224.45703125 570.3929834905659 53
stats: {load,"tsung_controller@ip-172-31-26-255"} 1 0.4296875 0.0 0.73046875 0.0 0.35119398584905664 53
stats: {recvpackets,"tsung_controller@ip-172-31-26-255"} 1 7.0 0.0 82770 0 30636.326923076922 52
stats: {sentpackets,"tsung_controller@ip-172-31-26-255"} 1 7.0 0.0 76418 0 18625.519230769234 52
stats: {cpu,"tsung_controller@ip-172-31-26-255"} 1 0.24962556165751376 0.0 64.62440063931805 0.05 18.70513125303817 53
stats: session 0 0 0 24378.397 7.98 4534.551322421828 57279
stats: users_count 0 57279
stats: finish_users_count 0 57279
stats: connect 0 0 0 295.577 0.317 6.635716754831622 57279
stats: request 0 0 0 7829.272 0.534 542.7090730882387 372536
stats: page 0 0 0 17392.767 0.567 1176.7256296257515 171837
stats: tr_create_post_comment 0 0 0 17392.853 3.793 3049.4643116022885 28684
stats: 302 0 106386
stats: 504 0 2
stats: 200 0 55591
stats: size_rcv 0 1388334338
stats: newphase 0 5
stats: 502 0 192554
stats: size_sent 0 141825533
stats: connected 0 0
stats: 404 0 14733
stats: 500 0 3270
# stats: dump at 1575369790
stats: users 0 1773
stats: {freemem,"tsung_controller@ip-172-31-26-255"} 1 599.99609375 0.0 790.3203125 224.45703125 570.9269386574074 54
stats: {load,"tsung_controller@ip-172-31-26-255"} 1 0.359375 0.0 0.73046875 0.0 0.35264756944444453 54
stats: {recvpackets,"tsung_controller@ip-172-31-26-255"} 1 0.0 0.0 82770 0 30058.415094339623 53
stats: {sentpackets,"tsung_controller@ip-172-31-26-255"} 1 0.0 0.0 76418 0 18274.226415094345 53
stats: {cpu,"tsung_controller@ip-172-31-26-255"} 1 0.0 0.0 64.62440063931805 0.0 18.363362629123714 54
stats: session 0 0 0 24378.397 7.98 4534.551322421828 57279
stats: users_count 0 57279
stats: finish_users_count 0 57279
stats: request 0 0 0 7829.272 0.534 542.7090730882387 372536
stats: connect 0 0 0 295.577 0.317 6.635716754831622 57279
stats: tr_create_post_comment 0 0 0 17392.853 3.793 3049.4643116022885 28684
stats: page 0 0 0 17392.767 0.567 1176.7256296257515 171837
stats: 302 0 106386
stats: 504 0 2
stats: 200 0 55591
stats: size_rcv 0 1388334338
stats: newphase 0 5
stats: 502 0 192554
stats: size_sent 0 141825533
stats: connected 0 0
stats: 404 0 14733
stats: 500 0 3270
# stats: dump at 1575369800
stats: users 2006 2024
stats: {freemem,"tsung_controller@ip-172-31-26-255"} 1 600.046875 0.0 790.3203125 224.45703125 571.45546875 55
stats: {load,"tsung_controller@ip-172-31-26-255"} 1 0.30859375 0.0 0.73046875 0.0 0.35276988636363643 55
stats: {recvpackets,"tsung_controller@ip-172-31-26-255"} 1 0.0 0.0 82770 0 29501.777777777777 54
stats: {sentpackets,"tsung_controller@ip-172-31-26-255"} 1 0.0 0.0 76418 0 17935.814814814818 54
stats: {cpu,"tsung_controller@ip-172-31-26-255"} 1 0.09995002498750624 0.0 64.62440063931805 0.0 18.02948330859419 55
stats: session 1628 1088.9890442260469 892.9778617244115 24378.397 7.98 4534.551322421828 57279
stats: users_count 3634 60913
stats: finish_users_count 1628 58907
stats: request 13995 107.81582929617724 387.7621738448036 7829.272 0.534 542.7090730882387 372536
stats: page 7593 180.04846819439004 493.5437966771716 17392.767 0.567 1176.7256296257515 171837
stats: connect 3470 2.6513037463977076 5.819986492548261 295.577 0.317 6.635716754831622 57279
stats: tr_create_post_comment 595 134.76726890756322 405.5274424507638 17392.853 3.793 3049.4643116022885 28684
stats: 302 470 106856
stats: 504 0 2
stats: 200 1223 56814
stats: size_rcv 10735092 1399069430
stats: newphase 1 6
stats: 502 12229 204783
stats: size_sent 3819024 145644557
stats: connected 2002 2002
stats: 404 64 14797
stats: 500 9 3279
# stats: dump at 1575369810
stats: users 1997 2069
stats: {freemem,"tsung_controller@ip-172-31-26-255"} 1 450.328125 0.0 790.3203125 224.45703125 571.9660295758929 56
stats: {load,"tsung_controller@ip-172-31-26-255"} 1 0.33984375 0.0 0.73046875 0.0 0.35198102678571436 56
stats: {recvpackets,"tsung_controller@ip-172-31-26-255"} 1 46127.0 0.0 82770 0 28965.381818181817 55
stats: {sentpackets,"tsung_controller@ip-172-31-26-255"} 1 54410.0 0.0 76418 0 17609.709090909095 55
stats: {cpu,"tsung_controller@ip-172-31-26-255"} 1 37.403400309119014 0.0 64.62440063931805 0.0 17.709313071386926 56
stats: session 8506 2363.3168089583746 2195.4277695063147 24378.397 7.635 4439.327064033136 58907
stats: users_count 8497 69410
stats: finish_users_count 8506 67413
stats: request 55895 221.77506088200903 778.6540543958819 7829.272 0.531 526.9630373320641 386531
stats: connect 8517 2.9132271926734763 6.588245027588624 295.577 0.317 6.408125960921176 60749
stats: page 25840 469.1818034055718 1209.8057452611783 17392.767 0.567 1134.548905071617 179430
stats: tr_create_post_comment 4150 1007.2056318072282 1563.0663171124777 17392.853 3.793 2990.2326185662096 29279
stats: 302 3836 110692
stats: 504 0 2
stats: 200 1234 58048
stats: size_rcv 38491766 1437561196
stats: newphase 0 6
stats: 502 49381 254164
stats: size_sent 12915027 158559584
stats: connected -2 2000
stats: 404 1036 15833
stats: 500 410 3689
# stats: dump at 1575369820
stats: users 1936 2069
stats: {freemem,"tsung_controller@ip-172-31-26-255"} 1 480.42578125 0.0 790.3203125 224.45703125 569.83203125 57
stats: {load,"tsung_controller@ip-172-31-26-255"} 1 0.51953125 0.0 0.73046875 0.0 0.3517680921052632 57
stats: {recvpackets,"tsung_controller@ip-172-31-26-255"} 1 112350.0 0.0 112350 0 29271.839285714286 56
stats: {sentpackets,"tsung_controller@ip-172-31-26-255"} 1 123427.0 0.0 123427 0 18266.85714285715 56
stats: {cpu,"tsung_controller@ip-172-31-26-255"} 1 83.95778364116096 0.0 83.95778364116096 0.0 18.054823373803277 57
stats: session 8403 2366.0068551707814 2069.5369336734016 24378.397 7.635 4177.3813973269225 67413
stats: users_count 8342 77752
stats: finish_users_count 8403 75816
stats: page 25086 450.16413872279486 1045.7231740832358 17392.767 0.567 1050.790509265846 205270
stats: request 54683 207.77016374375899 625.8164439263578 7829.272 0.531 488.4063477530705 442426
stats: connect 8361 2.935518119842118 6.670470710545093 295.577 0.317 5.97839055236336 69266
stats: tr_create_post_comment 4258 1176.2820584781582 1543.5456312976291 17392.853 3.793 2744.052296239793 33429
stats: 302 4519 115211
stats: 504 0 2
stats: 200 1392 59440
stats: size_rcv 38988889 1476550085
stats: newphase 0 6
stats: 502 47128 301292
stats: size_sent 12801867 171361451
stats: connected -42 1958
stats: 404 1267 17100
stats: 500 375 4064
# stats: dump at 1575369830
stats: users 2073 2073
stats: {freemem,"tsung_controller@ip-172-31-26-255"} 1 484.66796875 0.0 790.3203125 224.45703125 568.2905441810345 58
stats: {load,"tsung_controller@ip-172-31-26-255"} 1 0.671875 0.0 0.73046875 0.0 0.3546605603448276 58
stats: {recvpackets,"tsung_controller@ip-172-31-26-255"} 1 110690.0 0.0 112350 0 30729.35087719298 57
stats: {sentpackets,"tsung_controller@ip-172-31-26-255"} 1 121121.0 0.0 123427 0 20111.77192982457 57
stats: {cpu,"tsung_controller@ip-172-31-26-255"} 1 82.74406332453826 0.0 83.95778364116096 0.0 19.191081309447373 58
stats: session 8381 2336.8385732012944 1996.176508388491 24378.397 7.105 3976.6192854014976 75816
stats: users_count 8518 86270
stats: finish_users_count 8381 84197
stats: page 25511 450.8694058249396 1022.3911644634546 17392.767 0.567 985.3816936437523 230356
stats: tr_create_post_comment 4223 1163.8181167416474 1484.5702713552605 17392.853 3.793 2566.9205088226718 37687
stats: 302 4586 119797
stats: request 55318 205.92671054629793 609.5999627190741 7829.272 0.531 457.5357973301629 497109
stats: connect 8516 2.741587012682005 6.1789607054540205 295.577 0.317 5.650650765841788 77627
stats: 504 0 2
stats: 200 1493 60933
stats: size_rcv 41342290 1517892375
stats: newphase 0 6
stats: 502 47459 348751
stats: size_sent 12920618 184282069
stats: connected 72 2030
stats: 404 1302 18402
stats: 500 479 4543
# stats: dump at 1575369840
stats: users 2028 2074
stats: {freemem,"tsung_controller@ip-172-31-26-255"} 1 480.359375 0.0 790.3203125 224.45703125 566.8732123940678 59
stats: {load,"tsung_controller@ip-172-31-26-255"} 1 0.94140625 0.0 0.94140625 0.0 0.3600370762711865 59
stats: {recvpackets,"tsung_controller@ip-172-31-26-255"} 1 112965.0 0.0 112965 0 32107.98275862069 58
stats: {sentpackets,"tsung_controller@ip-172-31-26-255"} 1 123343.0 0.0 123427 0 21853.310344827594 58
stats: {cpu,"tsung_controller@ip-172-31-26-255"} 1 83.01097752221641 0.0 83.95778364116096 0.0 20.26825049614383 59
stats: session 8590 2344.080652852151 1978.3541936668917 24378.397 7.105 3813.394916968538 84197
stats: users_count 8545 94815
stats: finish_users_count 8590 92787
stats: request 55279 208.4706679028222 622.6220376115344 7829.272 0.531 432.3405924203561 552427
stats: connect 8573 2.6733996267350717 6.239095516759096 295.577 0.317 5.363063998235497 86143
stats: 302 4593 124390
stats: page 25698 448.43016939061425 1027.7360240528521 17392.767 0.561 932.0886039739405 255867
stats: tr_create_post_comment 4233 1173.9683349870102 1506.1672357368122 17392.853 3.793 2425.5389435218326 41910
stats: 504 0 2
stats: 200 1419 62352
stats: size_rcv 38917565 1556809940
stats: newphase 0 6
stats: 502 47603 396354
stats: size_sent 12847964 197130033
stats: connected -35 1995
stats: 404 1212 19614
stats: 500 452 4995
# stats: dump at 1575369850
stats: users 1960 2185
stats: {freemem,"tsung_controller@ip-172-31-26-255"} 1 483.41015625 0.0 790.3203125 224.45703125 565.4313151041666 60
stats: {load,"tsung_controller@ip-172-31-26-255"} 1 1.109375 0.0 1.109375 0.0 0.3697265625000001 60
stats: {recvpackets,"tsung_controller@ip-172-31-26-255"} 1 1.117e5 0.0 112965 0 33478.4406779661 59
stats: {sentpackets,"tsung_controller@ip-172-31-26-255"} 1 122977.0 0.0 123427 0 23573.474576271194 59
stats: {cpu,"tsung_controller@ip-172-31-26-255"} 1 83.53562005277045 0.0 83.95778364116096 0.0 21.31396261324504 60
stats: session 8342 2473.6014540877404 2005.330454327503 24378.397 7.105 3677.369293457057 92787
stats: users_count 8274 103089
stats: finish_users_count 8342 101129
stats: request 54109 219.98896259402412 585.1612184030803 7829.272 0.531 411.9766243874508 607706
stats: connect 8302 28.534546856179176 61.66682353959789 295.577 0.317 5.119615239241524 94716
stats: page 24965 477.84816242739544 1012.5372880853361 17392.767 0.561 887.945850251275 281565
stats: tr_create_post_comment 4147 1304.1102939474335 1469.7158806798816 17392.853 3.793 2310.7241636868002 46143
stats: 302 5568 129958
stats: 504 0 2
stats: 200 1500 63852
stats: size_rcv 44150495 1600960435
stats: newphase 0 6
stats: 502 45067 441421
stats: size_sent 12567192 209697225
stats: connected -28 1967
stats: 404 1549 21163
stats: 500 424 5419
# stats: dump at 1575369860
stats: users 56 2185
stats: {freemem,"tsung_controller@ip-172-31-26-255"} 1 461.46875 0.0 790.3203125 224.45703125 564.086705942623 61
stats: {load,"tsung_controller@ip-172-31-26-255"} 1 1.171875 0.0 1.171875 0.0 0.3818519467213115 61
stats: {recvpackets,"tsung_controller@ip-172-31-26-255"} 1 113087.0 0.0 113087 0 34782.13333333333 60
stats: {sentpackets,"tsung_controller@ip-172-31-26-255"} 1 119669.0 0.0 123427 0 25230.200000000008 60
stats: {cpu,"tsung_controller@ip-172-31-26-255"} 1 80.9095716552089 0.0 83.95778364116096 0.0 22.333989784384798 61
stats: session 7056 2719.7111617063497 2028.43155877879 24378.397 7.105 3578.0720462181953 101129
stats: users_count 5152 108241
stats: finish_users_count 7056 108185
stats: tr_create_post_comment 3814 1368.4556887781907 1546.7668254202533 17392.853 3.793 2227.7170505865984 50290
stats: request 41612 252.83979880803523 652.39377558453 7829.272 0.531 396.2800016273433 661815
stats: connect 5223 3.2825776373731532 7.373783124668601 295.577 0.317 7.0065744335941265 103018
stats: page 18133 601.4434039596327 1159.3914772018638 17392.767 0.561 854.5458933905334 306530
stats: 302 7115 137073
stats: 504 0 2
stats: 200 1317 65169
stats: size_rcv 46071930 1647032365
stats: newphase 0 6
stats: 502 30562 471983
stats: size_sent 10087146 219784371
stats: connected -1907 60
stats: 404 2262 23425
stats: 500 356 5775
# stats: dump at 1575369870
stats: users 0 2185
stats: {freemem,"tsung_controller@ip-172-31-26-255"} 1 535.28125 0.0 790.3203125 224.45703125 562.4315776209677 62
stats: {load,"tsung_controller@ip-172-31-26-255"} 1 1.21875 0.0 1.21875 0.0 0.3945942540322581 62
stats: {recvpackets,"tsung_controller@ip-172-31-26-255"} 1 78671.0 0.0 113087 0 36065.81967213115 61
stats: {sentpackets,"tsung_controller@ip-172-31-26-255"} 1 73512.0 0.0 123427 0 26778.377049180337 61
stats: {cpu,"tsung_controller@ip-172-31-26-255"} 1 54.21377183967112 0.0 83.95778364116096 0.0 23.27875723391422 62
stats: session 56 5846.489732142857 1469.7374611391417 24378.397 7.105 3522.088366400147 108185
stats: users_count 0 108241
stats: finish_users_count 56 108241
stats: request 207 6.9192463768115955 4.0796501664188405 7829.272 0.531 387.79463822827415 703427
stats: connect 0 0 0 295.577 0.317 6.826878798237264 108241
stats: page 60 24.42361666666667 22.034172758158835 17392.767 0.561 840.4096738618205 324663
stats: 302 158 137231
stats: tr_create_post_comment 30 42.11803333333334 18.53537007540508 17392.853 3.793 2167.144397290405 54104
stats: 504 0 2
stats: 200 11 65180
stats: size_rcv 256469 1647288834
stats: newphase 0 6
stats: 502 0 471983
stats: size_sent 87381 219871752
stats: connected -60 0
stats: 404 38 23463
stats: 500 0 5775
# stats: dump at 1575369880
stats: users 0 2185
stats: {freemem,"tsung_controller@ip-172-31-26-255"} 1 556.48046875 0.0 790.3203125 224.45703125 562.0006200396825 63
stats: {load,"tsung_controller@ip-172-31-26-255"} 1 1.03125 0.0 1.21875 0.0 0.40767609126984133 63
stats: {recvpackets,"tsung_controller@ip-172-31-26-255"} 1 42.0 0.0 113087 0 36753.0 62
stats: {sentpackets,"tsung_controller@ip-172-31-26-255"} 1 45.0 0.0 123427 0 27532.14516129033 62
stats: {cpu,"tsung_controller@ip-172-31-26-255"} 1 0.1 0.0 83.95778364116096 0.0 23.769789211783376 63
stats: session 0 0 0 24378.397 7.105 3523.290928058683 108241
stats: users_count 0 108241
stats: finish_users_count 0 108241
stats: request 0 0 0 7829.272 0.531 387.6825896261411 703634
stats: page 0 0 0 17392.767 0.561 840.2589017778237 324723
stats: connect 0 0 0 295.577 0.317 6.826878798237264 108241
stats: tr_create_post_comment 0 0 0 17392.853 3.793 2165.966749399639 54134
stats: 302 0 137231
stats: 504 0 2
stats: 200 0 65180
stats: size_rcv 0 1647288834
stats: newphase 0 6
stats: 502 0 471983
stats: size_sent 0 219871752
stats: connected 0 0
stats: 404 0 23463
stats: 500 0 5775
# stats: dump at 1575369890
stats: users 0 2185
stats: {freemem,"tsung_controller@ip-172-31-26-255"} 1 556.72265625 0.0 790.3203125 224.45703125 561.9143676757813 64
stats: {load,"tsung_controller@ip-172-31-26-255"} 1 0.87109375 0.0 1.21875 0.0 0.41741943359375006 64
stats: {recvpackets,"tsung_controller@ip-172-31-26-255"} 1 0.0 0.0 113087 0 36170.28571428572 63
stats: {sentpackets,"tsung_controller@ip-172-31-26-255"} 1 0.0 0.0 123427 0 27095.841269841276 63
stats: {cpu,"tsung_controller@ip-172-31-26-255"} 1 0.0 0.0 83.95778364116096 0.0 23.39994875534926 64
stats: session 0 0 0 24378.397 7.105 3523.290928058683 108241
stats: users_count 0 108241
stats: finish_users_count 0 108241
stats: connect 0 0 0 295.577 0.317 6.826878798237264 108241
stats: request 0 0 0 7829.272 0.531 387.6825896261411 703634
stats: page 0 0 0 17392.767 0.561 840.2589017778237 324723
stats: tr_create_post_comment 0 0 0 17392.853 3.793 2165.966749399639 54134
stats: 302 0 137231
stats: 504 0 2
stats: 200 0 65180
stats: size_rcv 0 1647288834
stats: newphase 0 6
stats: 502 0 471983
stats: size_sent 0 219871752
stats: connected 0 0
stats: 404 0 23463
stats: 500 0 5775
# stats: dump at 1575369900
stats: users 0 2185
stats: {freemem,"tsung_controller@ip-172-31-26-255"} 1 556.6328125 0.0 790.3203125 224.45703125 561.8344951923077 65
stats: {load,"tsung_controller@ip-172-31-26-255"} 1 0.73828125 0.0 1.21875 0.0 0.42439903846153854 65
stats: {recvpackets,"tsung_controller@ip-172-31-26-255"} 1 8.0 0.0 113087 0 35605.125 64
stats: {sentpackets,"tsung_controller@ip-172-31-26-255"} 1 14.0 0.0 123427 0 26672.468750000007 64
stats: {cpu,"tsung_controller@ip-172-31-26-255"} 1 0.7496251874062968 0.0 83.95778364116096 0.0 23.039949543728504 65
stats: session 0 0 0 24378.397 7.105 3523.290928058683 108241
stats: users_count 0 108241
stats: finish_users_count 0 108241
stats: request 0 0 0 7829.272 0.531 387.6825896261411 703634
stats: connect 0 0 0 295.577 0.317 6.826878798237264 108241
stats: page 0 0 0 17392.767 0.561 840.2589017778237 324723
stats: tr_create_post_comment 0 0 0 17392.853 3.793 2165.966749399639 54134
stats: 302 0 137231
stats: 504 0 2
stats: 200 0 65180
stats: size_rcv 0 1647288834
stats: newphase 0 6
stats: 502 0 471983
stats: size_sent 0 219871752
stats: connected 0 0
stats: 404 0 23463
stats: 500 0 5775
# stats: dump at 1575369910
stats: users 0 2185
stats: {freemem,"tsung_controller@ip-172-31-26-255"} 1 567.3984375 0.0 790.3203125 224.45703125 561.7556818181819 66
stats: {load,"tsung_controller@ip-172-31-26-255"} 1 0.62109375 0.0 1.21875 0.0 0.4291548295454546 66
stats: {recvpackets,"tsung_controller@ip-172-31-26-255"} 1 124.0 0.0 113087 0 35057.47692307692 65
stats: {sentpackets,"tsung_controller@ip-172-31-26-255"} 1 329.0 0.0 123427 0 26262.338461538468 65
stats: {cpu,"tsung_controller@ip-172-31-26-255"} 1 0.3494757863205192 0.0 83.95778364116096 0.0 22.7022173565115 66
stats: session 0 0 0 24378.397 7.105 3523.290928058683 108241
stats: users_count 0 108241
stats: finish_users_count 0 108241
stats: request 0 0 0 7829.272 0.531 387.6825896261411 703634
stats: connect 0 0 0 295.577 0.317 6.826878798237264 108241
stats: page 0 0 0 17392.767 0.561 840.2589017778237 324723
stats: tr_create_post_comment 0 0 0 17392.853 3.793 2165.966749399639 54134
stats: 302 0 137231
stats: 504 0 2
stats: 200 0 65180
stats: size_rcv 0 1647288834
stats: newphase 0 6
stats: 502 0 471983
stats: size_sent 0 219871752
stats: connected 0 0
stats: 404 0 23463
stats: 500 0 5775
# stats: dump at 1575369916
stats: users 0 2185
stats: {freemem,"tsung_controller@ip-172-31-26-255"} 1 567.484375 0.0 790.3203125 224.45703125 561.8399020522388 67
stats: {load,"tsung_controller@ip-172-31-26-255"} 1 0.53125 0.0 1.21875 0.0 0.43201958955223885 67
stats: {recvpackets,"tsung_controller@ip-172-31-26-255"} 1 5.0 0.0 113087 0 34528.181818181816 66
stats: {sentpackets,"tsung_controller@ip-172-31-26-255"} 1 16.0 0.0 123427 0 25869.4090909091 66
stats: {cpu,"tsung_controller@ip-172-31-26-255"} 1 0.05002501250625312 0.0 83.95778364116096 0.0 22.368594348001185 67
stats: session 0 0 0 24378.397 7.105 3523.290928058683 108241
stats: users_count 0 108241
stats: finish_users_count 0 108241
stats: request 0 0 0 7829.272 0.531 387.6825896261411 703634
stats: connect 0 0 0 295.577 0.317 6.826878798237264 108241
stats: page 0 0 0 17392.767 0.561 840.2589017778237 324723
stats: tr_create_post_comment 0 0 0 17392.853 3.793 2165.966749399639 54134
stats: 302 0 137231
stats: 504 0 2
stats: 200 0 65180
stats: size_rcv 0 1647288834
stats: newphase 0 6
stats: 502 0 471983
stats: size_sent 0 219871752
stats: connected 0 0
stats: 404 0 23463
stats: 500 0 5775
EndMonitor:{1575,369916,885287}